[2022-10-02T17:41:28.221Z] Log level: Info
[2022-10-02T17:41:28.256Z] [info] Validating found git in: git
[2022-10-02T17:41:28.436Z] [info] Using git 1.8.3.1 from git
[2022-10-02T17:41:28.649Z] > git rev-parse --show-toplevel [125ms]
[2022-10-02T17:41:28.740Z] > git rev-parse --git-dir --git-common-dir [3ms]
[2022-10-02T17:41:28.764Z] [info] Open repository: /root
[2022-10-02T17:41:28.973Z] > git status -z -uall [115ms]
[2022-10-02T17:41:29.063Z] > git symbolic-ref --short HEAD [2ms]
[2022-10-02T17:41:29.105Z] > git for-each-ref --format=%(refname)%00%(upstream:short)%00%(objectname) refs/heads/master refs/remotes/master [1ms]
[2022-10-02T17:41:29.151Z] > git rev-list --left-right --count master...origin/master [1ms]
[2022-10-02T17:41:29.255Z] > git remote --verbose [3ms]
[2022-10-02T17:41:29.256Z] > git for-each-ref --sort -committerdate --format %(refname) %(objectname) %(*objectname) [54ms]
[2022-10-02T17:41:29.573Z] > git config --get commit.template [193ms]
[2022-10-02T17:41:29.771Z] > git status -z -uall [58ms]
[2022-10-02T17:41:29.939Z] > git symbolic-ref --short HEAD [75ms]
[2022-10-02T17:41:30.076Z] > git for-each-ref --format=%(refname)%00%(upstream:short)%00%(objectname) refs/heads/master refs/remotes/master [2ms]
[2022-10-02T17:41:30.163Z] > git rev-list --left-right --count master...origin/master [1ms]
[2022-10-02T17:41:30.329Z] > git remote --verbose [3ms]
[2022-10-02T17:41:30.329Z] > git for-each-ref --sort -committerdate --format %(refname) %(objectname) %(*objectname) [74ms]
[2022-10-02T17:41:30.811Z] > git config --get commit.template [2ms]
[2022-10-02T17:41:31.654Z] > git show --textconv :server/server.js [72ms]
[2022-10-02T17:41:31.654Z] > git ls-files --stage -- /root/server/server.js [1ms]
[2022-10-02T17:41:31.768Z] > git cat-file -s a2f904dae0d51db43e5b62356777a9de709e5179 [40ms]
[2022-10-02T17:41:31.789Z] > git check-ignore -v -z --stdin [22ms]
[2022-10-02T17:41:32.492Z] > git ls-files --stage -- /root/server/server.js [1ms]
[2022-10-02T17:41:32.535Z] > git cat-file -s a2f904dae0d51db43e5b62356777a9de709e5179 [0ms]
[2022-10-02T17:41:32.637Z] > git show --textconv :server/server.js [1ms]
[2022-10-02T17:41:38.334Z] > git status -z -uall [15ms]
[2022-10-02T17:41:38.341Z] > git symbolic-ref --short HEAD [1ms]
[2022-10-02T17:41:38.350Z] > git for-each-ref --format=%(refname)%00%(upstream:short)%00%(objectname) refs/heads/master refs/remotes/master [2ms]
[2022-10-02T17:41:38.358Z] > git rev-list --left-right --count master...origin/master [2ms]
[2022-10-02T17:41:38.373Z] > git remote --verbose [0ms]
[2022-10-02T17:41:38.374Z] > git for-each-ref --sort -committerdate --format %(refname) %(objectname) %(*objectname) [8ms]
[2022-10-02T17:41:38.384Z] > git config --get commit.template [0ms]
[2022-10-02T17:41:43.401Z] > git status -z -uall [9ms]
[2022-10-02T17:41:43.409Z] > git symbolic-ref --short HEAD [0ms]
[2022-10-02T17:41:43.416Z] > git for-each-ref --format=%(refname)%00%(upstream:short)%00%(objectname) refs/heads/master refs/remotes/master [1ms]
[2022-10-02T17:41:43.423Z] > git rev-list --left-right --count master...origin/master [0ms]
[2022-10-02T17:41:43.436Z] > git remote --verbose [1ms]
[2022-10-02T17:41:43.436Z] > git for-each-ref --sort -committerdate --format %(refname) %(objectname) %(*objectname) [6ms]
[2022-10-02T17:41:43.447Z] > git config --get commit.template [1ms]
[2022-10-02T17:41:48.460Z] > git status -z -uall [1ms]
[2022-10-02T17:41:48.467Z] > git symbolic-ref --short HEAD [1ms]
[2022-10-02T17:41:48.474Z] > git for-each-ref --format=%(refname)%00%(upstream:short)%00%(objectname) refs/heads/master refs/remotes/master [0ms]
[2022-10-02T17:41:48.480Z] > git rev-list --left-right --count master...origin/master [1ms]
[2022-10-02T17:41:48.491Z] > git remote --verbose [0ms]
[2022-10-02T17:41:48.492Z] > git for-each-ref --sort -committerdate --format %(refname) %(objectname) %(*objectname) [6ms]
[2022-10-02T17:41:48.502Z] > git config --get commit.template [1ms]
[2022-10-02T17:41:53.570Z] > git status -z -uall [2ms]
[2022-10-02T17:41:53.599Z] > git symbolic-ref --short HEAD [1ms]
[2022-10-02T17:41:53.667Z] > git for-each-ref --format=%(refname)%00%(upstream:short)%00%(objectname) refs/heads/master refs/remotes/master [1ms]
[2022-10-02T17:41:53.677Z] > git rev-list --left-right --count master...origin/master [1ms]
[2022-10-02T17:41:53.695Z] > git remote --verbose [1ms]
[2022-10-02T17:41:53.695Z] > git for-each-ref --sort -committerdate --format %(refname) %(objectname) %(*objectname) [9ms]
[2022-10-02T17:41:53.712Z] > git config --get commit.template [1ms]
[2022-10-02T17:41:58.727Z] > git status -z -uall [1ms]
[2022-10-02T17:41:58.734Z] > git symbolic-ref --short HEAD [1ms]
[2022-10-02T17:41:58.740Z] > git for-each-ref --format=%(refname)%00%(upstream:short)%00%(objectname) refs/heads/master refs/remotes/master [0ms]
[2022-10-02T17:41:58.747Z] > git rev-list --left-right --count master...origin/master [1ms]
[2022-10-02T17:41:58.759Z] > git remote --verbose [0ms]
[2022-10-02T17:41:58.760Z] > git for-each-ref --sort -committerdate --format %(refname) %(objectname) %(*objectname) [7ms]
[2022-10-02T17:41:58.774Z] > git config --get commit.template [1ms]
[2022-10-02T17:42:03.788Z] > git status -z -uall [1ms]
[2022-10-02T17:42:03.795Z] > git symbolic-ref --short HEAD [0ms]
[2022-10-02T17:42:03.802Z] > git for-each-ref --format=%(refname)%00%(upstream:short)%00%(objectname) refs/heads/master refs/remotes/master [0ms]
[2022-10-02T17:42:03.811Z] > git rev-list --left-right --count master...origin/master [1ms]
[2022-10-02T17:42:03.826Z] > git remote --verbose [3ms]
[2022-10-02T17:42:03.826Z] > git for-each-ref --sort -committerdate --format %(refname) %(objectname) %(*objectname) [8ms]
[2022-10-02T17:42:03.871Z] > git config --get commit.template [21ms]
[2022-10-02T17:42:08.885Z] > git status -z -uall [0ms]
[2022-10-02T17:42:08.893Z] > git symbolic-ref --short HEAD [1ms]
[2022-10-02T17:42:08.901Z] > git for-each-ref --format=%(refname)%00%(upstream:short)%00%(objectname) refs/heads/master refs/remotes/master [1ms]
[2022-10-02T17:42:08.908Z] > git rev-list --left-right --count master...origin/master [1ms]
[2022-10-02T17:42:08.921Z] > git remote --verbose [1ms]
[2022-10-02T17:42:08.921Z] > git for-each-ref --sort -committerdate --format %(refname) %(objectname) %(*objectname) [7ms]
[2022-10-02T17:42:08.937Z] > git config --get commit.template [0ms]
[2022-10-02T17:42:13.953Z] > git status -z -uall [0ms]
[2022-10-02T17:42:13.961Z] > git symbolic-ref --short HEAD [1ms]
[2022-10-02T17:42:13.970Z] > git for-each-ref --format=%(refname)%00%(upstream:short)%00%(objectname) refs/heads/master refs/remotes/master [1ms]
[2022-10-02T17:42:13.978Z] > git rev-list --left-right --count master...origin/master [1ms]
[2022-10-02T17:42:13.992Z] > git remote --verbose [1ms]
[2022-10-02T17:42:13.993Z] > git for-each-ref --sort -committerdate --format %(refname) %(objectname) %(*objectname) [8ms]
[2022-10-02T17:42:14.004Z] > git config --get commit.template [1ms]
[2022-10-02T17:42:19.018Z] > git status -z -uall [0ms]
[2022-10-02T17:42:19.026Z] > git symbolic-ref --short HEAD [1ms]
[2022-10-02T17:42:19.033Z] > git for-each-ref --format=%(refname)%00%(upstream:short)%00%(objectname) refs/heads/master refs/remotes/master [1ms]
[2022-10-02T17:42:19.041Z] > git rev-list --left-right --count master...origin/master [1ms]
[2022-10-02T17:42:19.054Z] > git remote --verbose [1ms]
[2022-10-02T17:42:19.054Z] > git for-each-ref --sort -committerdate --format %(refname) %(objectname) %(*objectname) [7ms]
[2022-10-02T17:42:19.066Z] > git config --get commit.template [1ms]
[2022-10-02T17:42:24.080Z] > git status -z -uall [0ms]
[2022-10-02T17:42:24.088Z] > git symbolic-ref --short HEAD [1ms]
[2022-10-02T17:42:24.095Z] > git for-each-ref --format=%(refname)%00%(upstream:short)%00%(objectname) refs/heads/master refs/remotes/master [1ms]
[2022-10-02T17:42:24.102Z] > git rev-list --left-right --count master...origin/master [1ms]
[2022-10-02T17:42:24.116Z] > git remote --verbose [2ms]
[2022-10-02T17:42:24.116Z] > git for-each-ref --sort -committerdate --format %(refname) %(objectname) %(*objectname) [8ms]
[2022-10-02T17:42:24.133Z] > git config --get commit.template [0ms]
[2022-10-02T17:42:29.149Z] > git status -z -uall [0ms]
[2022-10-02T17:42:29.156Z] > git symbolic-ref --short HEAD [1ms]
[2022-10-02T17:42:29.164Z] > git for-each-ref --format=%(refname)%00%(upstream:short)%00%(objectname) refs/heads/master refs/remotes/master [0ms]
[2022-10-02T17:42:29.172Z] > git rev-list --left-right --count master...origin/master [1ms]
[2022-10-02T17:42:29.183Z] > git remote --verbose [0ms]
[2022-10-02T17:42:29.184Z] > git for-each-ref --sort -committerdate --format %(refname) %(objectname) %(*objectname) [7ms]
[2022-10-02T17:42:29.194Z] > git config --get commit.template [0ms]
[2022-10-02T17:42:34.210Z] > git status -z -uall [2ms]
[2022-10-02T17:42:34.219Z] > git symbolic-ref --short HEAD [0ms]
[2022-10-02T17:42:34.227Z] > git for-each-ref --format=%(refname)%00%(upstream:short)%00%(objectname) refs/heads/master refs/remotes/master [1ms]
[2022-10-02T17:42:34.234Z] > git rev-list --left-right --count master...origin/master [1ms]
[2022-10-02T17:42:34.247Z] > git remote --verbose [1ms]
[2022-10-02T17:42:34.247Z] > git for-each-ref --sort -committerdate --format %(refname) %(objectname) %(*objectname) [6ms]
[2022-10-02T17:42:34.257Z] > git config --get commit.template [0ms]
[2022-10-02T17:42:39.275Z] > git status -z -uall [3ms]
[2022-10-02T17:42:39.286Z] > git symbolic-ref --short HEAD [3ms]
[2022-10-02T17:42:39.295Z] > git for-each-ref --format=%(refname)%00%(upstream:short)%00%(objectname) refs/heads/master refs/remotes/master [0ms]
[2022-10-02T17:42:39.304Z] > git rev-list --left-right --count master...origin/master [1ms]
[2022-10-02T17:42:39.321Z] > git remote --verbose [1ms]
[2022-10-02T17:42:39.321Z] > git for-each-ref --sort -committerdate --format %(refname) %(objectname) %(*objectname) [9ms]
[2022-10-02T17:42:39.333Z] > git config --get commit.template [0ms]
[2022-10-02T17:43:24.444Z] > git status -z -uall [5ms]
[2022-10-02T17:43:24.452Z] > git symbolic-ref --short HEAD [0ms]
[2022-10-02T17:43:24.460Z] > git for-each-ref --format=%(refname)%00%(upstream:short)%00%(objectname) refs/heads/master refs/remotes/master [1ms]
[2022-10-02T17:43:24.469Z] > git rev-list --left-right --count master...origin/master [1ms]
[2022-10-02T17:43:24.486Z] > git remote --verbose [3ms]
[2022-10-02T17:43:24.486Z] > git for-each-ref --sort -committerdate --format %(refname) %(objectname) %(*objectname) [9ms]
[2022-10-02T17:43:24.502Z] > git config --get commit.template [1ms]
[2022-10-02T17:43:29.516Z] > git status -z -uall [1ms]
[2022-10-02T17:43:29.524Z] > git symbolic-ref --short HEAD [1ms]
[2022-10-02T17:43:29.532Z] > git for-each-ref --format=%(refname)%00%(upstream:short)%00%(objectname) refs/heads/master refs/remotes/master [0ms]
[2022-10-02T17:43:29.539Z] > git rev-list --left-right --count master...origin/master [1ms]
[2022-10-02T17:43:29.553Z] > git remote --verbose [1ms]
[2022-10-02T17:43:29.554Z] > git for-each-ref --sort -committerdate --format %(refname) %(objectname) %(*objectname) [8ms]
[2022-10-02T17:43:29.566Z] > git config --get commit.template [1ms]
[2022-10-02T17:44:22.934Z] > git status -z -uall [11ms]
[2022-10-02T17:44:22.941Z] > git symbolic-ref --short HEAD [1ms]
[2022-10-02T17:44:22.948Z] > git for-each-ref --format=%(refname)%00%(upstream:short)%00%(objectname) refs/heads/master refs/remotes/master [0ms]
[2022-10-02T17:44:22.956Z] > git rev-list --left-right --count master...origin/master [1ms]
[2022-10-02T17:44:22.972Z] > git remote --verbose [2ms]
[2022-10-02T17:44:22.972Z] > git for-each-ref --sort -committerdate --format %(refname) %(objectname) %(*objectname) [8ms]
[2022-10-02T17:44:22.982Z] > git config --get commit.template [0ms]
[2022-10-02T17:44:58.593Z] > git status -z -uall [1ms]
[2022-10-02T17:44:58.600Z] > git symbolic-ref --short HEAD [1ms]
[2022-10-02T17:44:58.607Z] > git for-each-ref --format=%(refname)%00%(upstream:short)%00%(objectname) refs/heads/master refs/remotes/master [1ms]
[2022-10-02T17:44:58.614Z] > git rev-list --left-right --count master...origin/master [1ms]
[2022-10-02T17:44:58.630Z] > git remote --verbose [2ms]
[2022-10-02T17:44:58.630Z] > git for-each-ref --sort -committerdate --format %(refname) %(objectname) %(*objectname) [8ms]
[2022-10-02T17:44:58.647Z] > git config --get commit.template [1ms]
[2022-10-02T17:45:03.662Z] > git status -z -uall [1ms]
[2022-10-02T17:45:03.671Z] > git symbolic-ref --short HEAD [1ms]
[2022-10-02T17:45:03.679Z] > git for-each-ref --format=%(refname)%00%(upstream:short)%00%(objectname) refs/heads/master refs/remotes/master [1ms]
[2022-10-02T17:45:03.687Z] > git rev-list --left-right --count master...origin/master [1ms]
[2022-10-02T17:45:03.700Z] > git remote --verbose [1ms]
[2022-10-02T17:45:03.701Z] > git for-each-ref --sort -committerdate --format %(refname) %(objectname) %(*objectname) [8ms]
[2022-10-02T17:45:03.718Z] > git config --get commit.template [1ms]
[2022-10-02T17:45:22.706Z] > git status -z -uall [1ms]
[2022-10-02T17:45:22.714Z] > git symbolic-ref --short HEAD [0ms]
[2022-10-02T17:45:22.723Z] > git for-each-ref --format=%(refname)%00%(upstream:short)%00%(objectname) refs/heads/master refs/remotes/master [1ms]
[2022-10-02T17:45:22.732Z] > git rev-list --left-right --count master...origin/master [1ms]
[2022-10-02T17:45:22.747Z] > git remote --verbose [1ms]
[2022-10-02T17:45:22.747Z] > git for-each-ref --sort -committerdate --format %(refname) %(objectname) %(*objectname) [7ms]
[2022-10-02T17:45:22.758Z] > git config --get commit.template [1ms]
[2022-10-02T17:45:27.774Z] > git status -z -uall [1ms]
[2022-10-02T17:45:27.782Z] > git symbolic-ref --short HEAD [1ms]
[2022-10-02T17:45:27.789Z] > git for-each-ref --format=%(refname)%00%(upstream:short)%00%(objectname) refs/heads/master refs/remotes/master [0ms]
[2022-10-02T17:45:27.797Z] > git rev-list --left-right --count master...origin/master [1ms]
[2022-10-02T17:45:27.809Z] > git remote --verbose [1ms]
[2022-10-02T17:45:27.810Z] > git for-each-ref --sort -committerdate --format %(refname) %(objectname) %(*objectname) [7ms]
[2022-10-02T17:45:27.819Z] > git config --get commit.template [1ms]
[2022-10-02T18:10:54.695Z] > git status -z -uall [1ms]
[2022-10-02T18:10:54.702Z] > git symbolic-ref --short HEAD [0ms]
[2022-10-02T18:10:54.710Z] > git for-each-ref --format=%(refname)%00%(upstream:short)%00%(objectname) refs/heads/master refs/remotes/master [1ms]
[2022-10-02T18:10:54.716Z] > git rev-list --left-right --count master...origin/master [1ms]
[2022-10-02T18:10:54.730Z] > git remote --verbose [2ms]
[2022-10-02T18:10:54.730Z] > git for-each-ref --sort -committerdate --format %(refname) %(objectname) %(*objectname) [9ms]
[2022-10-02T18:10:54.742Z] > git config --get commit.template [0ms]
[2022-10-02T18:10:59.756Z] > git status -z -uall [0ms]
[2022-10-02T18:10:59.770Z] > git symbolic-ref --short HEAD [1ms]
[2022-10-02T18:10:59.777Z] > git for-each-ref --format=%(refname)%00%(upstream:short)%00%(objectname) refs/heads/master refs/remotes/master [1ms]
[2022-10-02T18:10:59.784Z] > git rev-list --left-right --count master...origin/master [1ms]
[2022-10-02T18:10:59.796Z] > git remote --verbose [1ms]
[2022-10-02T18:10:59.796Z] > git for-each-ref --sort -committerdate --format %(refname) %(objectname) %(*objectname) [6ms]
[2022-10-02T18:10:59.815Z] > git config --get commit.template [0ms]
