[2022-10-02T01:20:45.972Z] Log level: Info
[2022-10-02T01:20:46.012Z] [info] Validating found git in: git
[2022-10-02T01:20:46.151Z] [info] Using git 1.8.3.1 from git
[2022-10-02T01:20:46.305Z] > git rev-parse --show-toplevel [92ms]
[2022-10-02T01:20:46.370Z] > git rev-parse --git-dir --git-common-dir [4ms]
[2022-10-02T01:20:46.419Z] [info] Open repository: /root
[2022-10-02T01:20:46.484Z] > git status -z -uall [9ms]
[2022-10-02T01:20:46.573Z] > git symbolic-ref --short HEAD [1ms]
[2022-10-02T01:20:46.637Z] > git for-each-ref --format=%(refname)%00%(upstream:short)%00%(objectname) refs/heads/master refs/remotes/master [1ms]
[2022-10-02T01:20:46.714Z] > git rev-list --left-right --count master...origin/master [1ms]
[2022-10-02T01:20:46.856Z] > git remote --verbose [2ms]
[2022-10-02T01:20:46.857Z] > git for-each-ref --sort -committerdate --format %(refname) %(objectname) %(*objectname) [70ms]
[2022-10-02T01:20:47.146Z] > git config --get commit.template [144ms]
[2022-10-02T01:20:47.378Z] > git status -z -uall [83ms]
[2022-10-02T01:20:47.542Z] > git symbolic-ref --short HEAD [87ms]
[2022-10-02T01:20:47.617Z] > git for-each-ref --format=%(refname)%00%(upstream:short)%00%(objectname) refs/heads/master refs/remotes/master [2ms]
[2022-10-02T01:20:47.691Z] > git rev-list --left-right --count master...origin/master [1ms]
[2022-10-02T01:20:47.777Z] > git remote --verbose [2ms]
[2022-10-02T01:20:47.777Z] > git for-each-ref --sort -committerdate --format %(refname) %(objectname) %(*objectname) [46ms]
[2022-10-02T01:20:48.249Z] > git config --get commit.template [354ms]
[2022-10-02T01:20:49.454Z] > git show --textconv :server/server.js [153ms]
[2022-10-02T01:20:49.454Z] > git ls-files --stage -- /root/server/server.js [71ms]
[2022-10-02T01:20:49.540Z] > git check-ignore -v -z --stdin [88ms]
[2022-10-02T01:20:49.542Z] > git cat-file -s a2f904dae0d51db43e5b62356777a9de709e5179 [6ms]
[2022-10-02T01:21:06.235Z] > git status -z -uall [29ms]
[2022-10-02T01:21:06.245Z] > git symbolic-ref --short HEAD [1ms]
[2022-10-02T01:21:06.263Z] > git for-each-ref --format=%(refname)%00%(upstream:short)%00%(objectname) refs/heads/master refs/remotes/master [10ms]
[2022-10-02T01:21:06.285Z] > git ls-files --stage -- /root/server/server.js [1ms]
[2022-10-02T01:21:06.295Z] > git rev-list --left-right --count master...origin/master [22ms]
[2022-10-02T01:21:06.313Z] > git remote --verbose [2ms]
[2022-10-02T01:21:06.313Z] > git for-each-ref --sort -committerdate --format %(refname) %(objectname) %(*objectname) [10ms]
[2022-10-02T01:21:06.314Z] > git cat-file -s a2f904dae0d51db43e5b62356777a9de709e5179 [20ms]
[2022-10-02T01:21:06.336Z] > git config --get commit.template [1ms]
[2022-10-02T01:21:06.389Z] > git show --textconv :server/server.js [1ms]
[2022-10-02T01:21:11.363Z] > git status -z -uall [9ms]
[2022-10-02T01:21:11.374Z] > git symbolic-ref --short HEAD [1ms]
[2022-10-02T01:21:11.384Z] > git for-each-ref --format=%(refname)%00%(upstream:short)%00%(objectname) refs/heads/master refs/remotes/master [1ms]
[2022-10-02T01:21:11.396Z] > git rev-list --left-right --count master...origin/master [2ms]
[2022-10-02T01:21:11.419Z] > git remote --verbose [2ms]
[2022-10-02T01:21:11.419Z] > git for-each-ref --sort -committerdate --format %(refname) %(objectname) %(*objectname) [11ms]
[2022-10-02T01:21:11.437Z] > git config --get commit.template [1ms]
[2022-10-02T01:21:16.452Z] > git status -z -uall [0ms]
[2022-10-02T01:21:16.474Z] > git symbolic-ref --short HEAD [1ms]
[2022-10-02T01:21:16.482Z] > git for-each-ref --format=%(refname)%00%(upstream:short)%00%(objectname) refs/heads/master refs/remotes/master [1ms]
[2022-10-02T01:21:16.489Z] > git rev-list --left-right --count master...origin/master [0ms]
[2022-10-02T01:21:16.506Z] > git remote --verbose [2ms]
[2022-10-02T01:21:16.506Z] > git for-each-ref --sort -committerdate --format %(refname) %(objectname) %(*objectname) [9ms]
[2022-10-02T01:21:16.520Z] > git config --get commit.template [1ms]
[2022-10-02T01:21:21.535Z] > git status -z -uall [1ms]
[2022-10-02T01:21:21.542Z] > git symbolic-ref --short HEAD [0ms]
[2022-10-02T01:21:21.550Z] > git for-each-ref --format=%(refname)%00%(upstream:short)%00%(objectname) refs/heads/master refs/remotes/master [1ms]
[2022-10-02T01:21:21.558Z] > git rev-list --left-right --count master...origin/master [1ms]
[2022-10-02T01:21:21.582Z] > git remote --verbose [0ms]
[2022-10-02T01:21:21.582Z] > git for-each-ref --sort -committerdate --format %(refname) %(objectname) %(*objectname) [13ms]
[2022-10-02T01:21:21.598Z] > git config --get commit.template [2ms]
[2022-10-02T01:21:26.612Z] > git status -z -uall [1ms]
[2022-10-02T01:21:26.619Z] > git symbolic-ref --short HEAD [1ms]
[2022-10-02T01:21:26.626Z] > git for-each-ref --format=%(refname)%00%(upstream:short)%00%(objectname) refs/heads/master refs/remotes/master [1ms]
[2022-10-02T01:21:26.633Z] > git rev-list --left-right --count master...origin/master [1ms]
[2022-10-02T01:21:26.646Z] > git remote --verbose [1ms]
[2022-10-02T01:21:26.647Z] > git for-each-ref --sort -committerdate --format %(refname) %(objectname) %(*objectname) [8ms]
[2022-10-02T01:21:26.659Z] > git config --get commit.template [0ms]
[2022-10-02T01:21:31.676Z] > git status -z -uall [1ms]
[2022-10-02T01:21:31.683Z] > git symbolic-ref --short HEAD [1ms]
[2022-10-02T01:21:31.690Z] > git for-each-ref --format=%(refname)%00%(upstream:short)%00%(objectname) refs/heads/master refs/remotes/master [1ms]
[2022-10-02T01:21:31.697Z] > git rev-list --left-right --count master...origin/master [1ms]
[2022-10-02T01:21:31.738Z] > git remote --verbose [1ms]
[2022-10-02T01:21:31.739Z] > git for-each-ref --sort -committerdate --format %(refname) %(objectname) %(*objectname) [36ms]
[2022-10-02T01:21:31.753Z] > git config --get commit.template [1ms]
[2022-10-02T01:21:36.775Z] > git status -z -uall [3ms]
[2022-10-02T01:21:36.785Z] > git symbolic-ref --short HEAD [1ms]
[2022-10-02T01:21:36.795Z] > git for-each-ref --format=%(refname)%00%(upstream:short)%00%(objectname) refs/heads/master refs/remotes/master [1ms]
[2022-10-02T01:21:36.807Z] > git rev-list --left-right --count master...origin/master [1ms]
[2022-10-02T01:21:36.825Z] > git remote --verbose [1ms]
[2022-10-02T01:21:36.826Z] > git for-each-ref --sort -committerdate --format %(refname) %(objectname) %(*objectname) [10ms]
[2022-10-02T01:21:36.843Z] > git config --get commit.template [1ms]
[2022-10-02T01:21:41.865Z] > git status -z -uall [4ms]
[2022-10-02T01:21:41.874Z] > git symbolic-ref --short HEAD [1ms]
[2022-10-02T01:21:41.884Z] > git for-each-ref --format=%(refname)%00%(upstream:short)%00%(objectname) refs/heads/master refs/remotes/master [1ms]
[2022-10-02T01:21:41.891Z] > git rev-list --left-right --count master...origin/master [0ms]
[2022-10-02T01:21:41.906Z] > git remote --verbose [2ms]
[2022-10-02T01:21:41.906Z] > git for-each-ref --sort -committerdate --format %(refname) %(objectname) %(*objectname) [9ms]
[2022-10-02T01:21:41.918Z] > git config --get commit.template [0ms]
[2022-10-02T01:21:46.934Z] > git status -z -uall [1ms]
[2022-10-02T01:21:46.941Z] > git symbolic-ref --short HEAD [1ms]
[2022-10-02T01:21:46.949Z] > git for-each-ref --format=%(refname)%00%(upstream:short)%00%(objectname) refs/heads/master refs/remotes/master [0ms]
[2022-10-02T01:21:46.957Z] > git rev-list --left-right --count master...origin/master [1ms]
[2022-10-02T01:21:46.971Z] > git remote --verbose [1ms]
[2022-10-02T01:21:46.971Z] > git for-each-ref --sort -committerdate --format %(refname) %(objectname) %(*objectname) [7ms]
[2022-10-02T01:21:46.984Z] > git config --get commit.template [0ms]
[2022-10-02T01:21:52.005Z] > git status -z -uall [5ms]
[2022-10-02T01:21:52.015Z] > git symbolic-ref --short HEAD [1ms]
[2022-10-02T01:21:52.025Z] > git for-each-ref --format=%(refname)%00%(upstream:short)%00%(objectname) refs/heads/master refs/remotes/master [2ms]
[2022-10-02T01:21:52.035Z] > git rev-list --left-right --count master...origin/master [1ms]
[2022-10-02T01:21:52.054Z] > git remote --verbose [2ms]
[2022-10-02T01:21:52.054Z] > git for-each-ref --sort -committerdate --format %(refname) %(objectname) %(*objectname) [11ms]
[2022-10-02T01:21:52.070Z] > git config --get commit.template [1ms]
[2022-10-02T01:21:57.093Z] > git status -z -uall [5ms]
[2022-10-02T01:21:57.105Z] > git symbolic-ref --short HEAD [1ms]
[2022-10-02T01:21:57.116Z] > git for-each-ref --format=%(refname)%00%(upstream:short)%00%(objectname) refs/heads/master refs/remotes/master [1ms]
[2022-10-02T01:21:57.128Z] > git rev-list --left-right --count master...origin/master [2ms]
[2022-10-02T01:21:57.152Z] > git remote --verbose [2ms]
[2022-10-02T01:21:57.152Z] > git for-each-ref --sort -committerdate --format %(refname) %(objectname) %(*objectname) [12ms]
[2022-10-02T01:21:57.175Z] > git config --get commit.template [2ms]
[2022-10-02T01:22:02.189Z] > git status -z -uall [0ms]
[2022-10-02T01:22:02.197Z] > git symbolic-ref --short HEAD [0ms]
[2022-10-02T01:22:02.205Z] > git for-each-ref --format=%(refname)%00%(upstream:short)%00%(objectname) refs/heads/master refs/remotes/master [0ms]
[2022-10-02T01:22:02.214Z] > git rev-list --left-right --count master...origin/master [1ms]
[2022-10-02T01:22:02.231Z] > git remote --verbose [1ms]
[2022-10-02T01:22:02.232Z] > git for-each-ref --sort -committerdate --format %(refname) %(objectname) %(*objectname) [9ms]
[2022-10-02T01:22:02.243Z] > git config --get commit.template [1ms]
[2022-10-02T01:22:07.296Z] > git status -z -uall [1ms]
[2022-10-02T01:22:07.334Z] > git symbolic-ref --short HEAD [0ms]
[2022-10-02T01:22:07.362Z] > git for-each-ref --format=%(refname)%00%(upstream:short)%00%(objectname) refs/heads/master refs/remotes/master [1ms]
[2022-10-02T01:22:07.405Z] > git rev-list --left-right --count master...origin/master [3ms]
[2022-10-02T01:22:07.465Z] > git remote --verbose [2ms]
[2022-10-02T01:22:07.465Z] > git for-each-ref --sort -committerdate --format %(refname) %(objectname) %(*objectname) [32ms]
[2022-10-02T01:22:07.508Z] > git config --get commit.template [1ms]
[2022-10-02T01:22:12.522Z] > git status -z -uall [1ms]
[2022-10-02T01:22:12.530Z] > git symbolic-ref --short HEAD [1ms]
[2022-10-02T01:22:12.537Z] > git for-each-ref --format=%(refname)%00%(upstream:short)%00%(objectname) refs/heads/master refs/remotes/master [0ms]
[2022-10-02T01:22:12.545Z] > git rev-list --left-right --count master...origin/master [1ms]
[2022-10-02T01:22:12.558Z] > git remote --verbose [1ms]
[2022-10-02T01:22:12.558Z] > git for-each-ref --sort -committerdate --format %(refname) %(objectname) %(*objectname) [6ms]
[2022-10-02T01:22:12.579Z] > git config --get commit.template [0ms]
[2022-10-02T01:22:17.593Z] > git status -z -uall [1ms]
[2022-10-02T01:22:17.601Z] > git symbolic-ref --short HEAD [1ms]
[2022-10-02T01:22:17.608Z] > git for-each-ref --format=%(refname)%00%(upstream:short)%00%(objectname) refs/heads/master refs/remotes/master [0ms]
[2022-10-02T01:22:17.616Z] > git rev-list --left-right --count master...origin/master [1ms]
[2022-10-02T01:22:17.628Z] > git remote --verbose [0ms]
[2022-10-02T01:22:17.629Z] > git for-each-ref --sort -committerdate --format %(refname) %(objectname) %(*objectname) [7ms]
[2022-10-02T01:22:17.638Z] > git config --get commit.template [0ms]
[2022-10-02T01:22:22.657Z] > git status -z -uall [3ms]
[2022-10-02T01:22:22.668Z] > git symbolic-ref --short HEAD [1ms]
[2022-10-02T01:22:22.677Z] > git for-each-ref --format=%(refname)%00%(upstream:short)%00%(objectname) refs/heads/master refs/remotes/master [0ms]
[2022-10-02T01:22:22.686Z] > git rev-list --left-right --count master...origin/master [1ms]
[2022-10-02T01:22:22.704Z] > git remote --verbose [1ms]
[2022-10-02T01:22:22.704Z] > git for-each-ref --sort -committerdate --format %(refname) %(objectname) %(*objectname) [9ms]
[2022-10-02T01:22:22.717Z] > git config --get commit.template [1ms]
[2022-10-02T01:22:27.740Z] > git status -z -uall [4ms]
[2022-10-02T01:22:27.755Z] > git symbolic-ref --short HEAD [1ms]
[2022-10-02T01:22:27.766Z] > git for-each-ref --format=%(refname)%00%(upstream:short)%00%(objectname) refs/heads/master refs/remotes/master [1ms]
[2022-10-02T01:22:27.775Z] > git rev-list --left-right --count master...origin/master [1ms]
[2022-10-02T01:22:27.793Z] > git remote --verbose [1ms]
[2022-10-02T01:22:27.794Z] > git for-each-ref --sort -committerdate --format %(refname) %(objectname) %(*objectname) [9ms]
[2022-10-02T01:22:27.808Z] > git config --get commit.template [0ms]
[2022-10-02T01:24:02.037Z] > git status -z -uall [0ms]
[2022-10-02T01:24:02.045Z] > git symbolic-ref --short HEAD [0ms]
[2022-10-02T01:24:02.054Z] > git for-each-ref --format=%(refname)%00%(upstream:short)%00%(objectname) refs/heads/master refs/remotes/master [1ms]
[2022-10-02T01:24:02.062Z] > git rev-list --left-right --count master...origin/master [0ms]
[2022-10-02T01:24:02.076Z] > git remote --verbose [1ms]
[2022-10-02T01:24:02.076Z] > git for-each-ref --sort -committerdate --format %(refname) %(objectname) %(*objectname) [7ms]
[2022-10-02T01:24:02.092Z] > git config --get commit.template [1ms]
[2022-10-02T01:24:07.113Z] > git status -z -uall [4ms]
[2022-10-02T01:24:07.122Z] > git symbolic-ref --short HEAD [1ms]
[2022-10-02T01:24:07.130Z] > git for-each-ref --format=%(refname)%00%(upstream:short)%00%(objectname) refs/heads/master refs/remotes/master [0ms]
[2022-10-02T01:24:07.141Z] > git rev-list --left-right --count master...origin/master [1ms]
[2022-10-02T01:24:07.158Z] > git remote --verbose [1ms]
[2022-10-02T01:24:07.158Z] > git for-each-ref --sort -committerdate --format %(refname) %(objectname) %(*objectname) [9ms]
[2022-10-02T01:24:07.168Z] > git config --get commit.template [0ms]
[2022-10-02T01:25:23.773Z] > git status -z -uall [2ms]
[2022-10-02T01:25:23.780Z] > git symbolic-ref --short HEAD [1ms]
[2022-10-02T01:25:23.787Z] > git for-each-ref --format=%(refname)%00%(upstream:short)%00%(objectname) refs/heads/master refs/remotes/master [1ms]
[2022-10-02T01:25:23.794Z] > git rev-list --left-right --count master...origin/master [1ms]
[2022-10-02T01:25:23.809Z] > git remote --verbose [1ms]
[2022-10-02T01:25:23.809Z] > git for-each-ref --sort -committerdate --format %(refname) %(objectname) %(*objectname) [7ms]
[2022-10-02T01:25:23.827Z] > git config --get commit.template [1ms]
[2022-10-02T01:30:51.503Z] > git status -z -uall [5ms]
[2022-10-02T01:30:51.512Z] > git symbolic-ref --short HEAD [1ms]
[2022-10-02T01:30:51.520Z] > git for-each-ref --format=%(refname)%00%(upstream:short)%00%(objectname) refs/heads/master refs/remotes/master [1ms]
[2022-10-02T01:30:51.530Z] > git rev-list --left-right --count master...origin/master [0ms]
[2022-10-02T01:30:51.548Z] > git remote --verbose [1ms]
[2022-10-02T01:30:51.548Z] > git for-each-ref --sort -committerdate --format %(refname) %(objectname) %(*objectname) [9ms]
[2022-10-02T01:30:51.561Z] > git config --get commit.template [1ms]
[2022-10-02T01:30:56.579Z] > git status -z -uall [2ms]
[2022-10-02T01:30:56.590Z] > git symbolic-ref --short HEAD [1ms]
[2022-10-02T01:30:56.598Z] > git for-each-ref --format=%(refname)%00%(upstream:short)%00%(objectname) refs/heads/master refs/remotes/master [0ms]
[2022-10-02T01:30:56.607Z] > git rev-list --left-right --count master...origin/master [0ms]
[2022-10-02T01:30:56.621Z] > git remote --verbose [1ms]
[2022-10-02T01:30:56.621Z] > git for-each-ref --sort -committerdate --format %(refname) %(objectname) %(*objectname) [7ms]
[2022-10-02T01:30:56.636Z] > git config --get commit.template [1ms]
[2022-10-02T01:31:01.654Z] > git status -z -uall [2ms]
[2022-10-02T01:31:01.662Z] > git symbolic-ref --short HEAD [1ms]
[2022-10-02T01:31:01.670Z] > git for-each-ref --format=%(refname)%00%(upstream:short)%00%(objectname) refs/heads/master refs/remotes/master [0ms]
[2022-10-02T01:31:01.678Z] > git rev-list --left-right --count master...origin/master [0ms]
[2022-10-02T01:31:01.692Z] > git remote --verbose [1ms]
[2022-10-02T01:31:01.692Z] > git for-each-ref --sort -committerdate --format %(refname) %(objectname) %(*objectname) [7ms]
[2022-10-02T01:31:01.702Z] > git config --get commit.template [1ms]
[2022-10-02T01:31:55.165Z] > git status -z -uall [6ms]
[2022-10-02T01:31:55.174Z] > git symbolic-ref --short HEAD [0ms]
[2022-10-02T01:31:55.184Z] > git for-each-ref --format=%(refname)%00%(upstream:short)%00%(objectname) refs/heads/master refs/remotes/master [1ms]
[2022-10-02T01:31:55.196Z] > git rev-list --left-right --count master...origin/master [1ms]
[2022-10-02T01:31:55.213Z] > git remote --verbose [1ms]
[2022-10-02T01:31:55.213Z] > git for-each-ref --sort -committerdate --format %(refname) %(objectname) %(*objectname) [8ms]
[2022-10-02T01:31:55.225Z] > git config --get commit.template [1ms]
[2022-10-02T01:32:00.265Z] > git status -z -uall [1ms]
[2022-10-02T01:32:00.294Z] > git symbolic-ref --short HEAD [1ms]
[2022-10-02T01:32:00.324Z] > git for-each-ref --format=%(refname)%00%(upstream:short)%00%(objectname) refs/heads/master refs/remotes/master [5ms]
[2022-10-02T01:32:00.349Z] > git rev-list --left-right --count master...origin/master [2ms]
[2022-10-02T01:32:00.420Z] > git remote --verbose [1ms]
[2022-10-02T01:32:00.421Z] > git for-each-ref --sort -committerdate --format %(refname) %(objectname) %(*objectname) [38ms]
[2022-10-02T01:32:00.461Z] > git config --get commit.template [1ms]
[2022-10-02T01:33:00.530Z] > git status -z -uall [3ms]
[2022-10-02T01:33:00.536Z] > git symbolic-ref --short HEAD [0ms]
[2022-10-02T01:33:00.544Z] > git for-each-ref --format=%(refname)%00%(upstream:short)%00%(objectname) refs/heads/master refs/remotes/master [1ms]
[2022-10-02T01:33:00.551Z] > git rev-list --left-right --count master...origin/master [1ms]
[2022-10-02T01:33:00.566Z] > git remote --verbose [1ms]
[2022-10-02T01:33:00.567Z] > git for-each-ref --sort -committerdate --format %(refname) %(objectname) %(*objectname) [8ms]
[2022-10-02T01:33:00.576Z] > git config --get commit.template [0ms]
[2022-10-02T01:33:05.599Z] > git status -z -uall [7ms]
[2022-10-02T01:33:05.612Z] > git symbolic-ref --short HEAD [1ms]
[2022-10-02T01:33:05.621Z] > git for-each-ref --format=%(refname)%00%(upstream:short)%00%(objectname) refs/heads/master refs/remotes/master [0ms]
[2022-10-02T01:33:05.632Z] > git rev-list --left-right --count master...origin/master [2ms]
[2022-10-02T01:33:05.655Z] > git remote --verbose [2ms]
[2022-10-02T01:33:05.655Z] > git for-each-ref --sort -committerdate --format %(refname) %(objectname) %(*objectname) [14ms]
[2022-10-02T01:33:05.678Z] > git config --get commit.template [1ms]
[2022-10-02T01:33:10.700Z] > git status -z -uall [6ms]
[2022-10-02T01:33:10.712Z] > git symbolic-ref --short HEAD [1ms]
[2022-10-02T01:33:10.721Z] > git for-each-ref --format=%(refname)%00%(upstream:short)%00%(objectname) refs/heads/master refs/remotes/master [0ms]
[2022-10-02T01:33:10.731Z] > git rev-list --left-right --count master...origin/master [1ms]
[2022-10-02T01:33:10.748Z] > git remote --verbose [1ms]
[2022-10-02T01:33:10.748Z] > git for-each-ref --sort -committerdate --format %(refname) %(objectname) %(*objectname) [8ms]
[2022-10-02T01:33:10.764Z] > git config --get commit.template [4ms]
[2022-10-02T01:33:15.778Z] > git status -z -uall [0ms]
[2022-10-02T01:33:15.786Z] > git symbolic-ref --short HEAD [1ms]
[2022-10-02T01:33:15.793Z] > git for-each-ref --format=%(refname)%00%(upstream:short)%00%(objectname) refs/heads/master refs/remotes/master [1ms]
[2022-10-02T01:33:15.800Z] > git rev-list --left-right --count master...origin/master [0ms]
[2022-10-02T01:33:15.812Z] > git remote --verbose [1ms]
[2022-10-02T01:33:15.812Z] > git for-each-ref --sort -committerdate --format %(refname) %(objectname) %(*objectname) [6ms]
[2022-10-02T01:33:15.834Z] > git config --get commit.template [1ms]
[2022-10-02T01:33:31.847Z] > git status -z -uall [1ms]
[2022-10-02T01:33:31.859Z] > git symbolic-ref --short HEAD [0ms]
[2022-10-02T01:33:31.867Z] > git for-each-ref --format=%(refname)%00%(upstream:short)%00%(objectname) refs/heads/master refs/remotes/master [1ms]
[2022-10-02T01:33:31.875Z] > git rev-list --left-right --count master...origin/master [1ms]
[2022-10-02T01:33:31.891Z] > git remote --verbose [1ms]
[2022-10-02T01:33:31.891Z] > git for-each-ref --sort -committerdate --format %(refname) %(objectname) %(*objectname) [7ms]
[2022-10-02T01:33:31.903Z] > git config --get commit.template [0ms]
[2022-10-02T01:35:05.324Z] > git status -z -uall [0ms]
[2022-10-02T01:35:05.334Z] > git symbolic-ref --short HEAD [1ms]
[2022-10-02T01:35:05.341Z] > git for-each-ref --format=%(refname)%00%(upstream:short)%00%(objectname) refs/heads/master refs/remotes/master [1ms]
[2022-10-02T01:35:05.347Z] > git rev-list --left-right --count master...origin/master [0ms]
[2022-10-02T01:35:05.360Z] > git remote --verbose [1ms]
[2022-10-02T01:35:05.361Z] > git for-each-ref --sort -committerdate --format %(refname) %(objectname) %(*objectname) [7ms]
[2022-10-02T01:35:05.371Z] > git config --get commit.template [0ms]
[2022-10-02T01:35:21.319Z] > git status -z -uall [3ms]
[2022-10-02T01:35:21.327Z] > git symbolic-ref --short HEAD [1ms]
[2022-10-02T01:35:21.335Z] > git for-each-ref --format=%(refname)%00%(upstream:short)%00%(objectname) refs/heads/master refs/remotes/master [1ms]
[2022-10-02T01:35:21.344Z] > git rev-list --left-right --count master...origin/master [1ms]
[2022-10-02T01:35:21.359Z] > git remote --verbose [1ms]
[2022-10-02T01:35:21.360Z] > git for-each-ref --sort -committerdate --format %(refname) %(objectname) %(*objectname) [9ms]
[2022-10-02T01:35:21.374Z] > git config --get commit.template [0ms]
[2022-10-02T01:35:26.387Z] > git status -z -uall [0ms]
[2022-10-02T01:35:26.395Z] > git symbolic-ref --short HEAD [1ms]
[2022-10-02T01:35:26.402Z] > git for-each-ref --format=%(refname)%00%(upstream:short)%00%(objectname) refs/heads/master refs/remotes/master [1ms]
[2022-10-02T01:35:26.408Z] > git rev-list --left-right --count master...origin/master [1ms]
[2022-10-02T01:35:26.422Z] > git remote --verbose [1ms]
[2022-10-02T01:35:26.422Z] > git for-each-ref --sort -committerdate --format %(refname) %(objectname) %(*objectname) [6ms]
[2022-10-02T01:35:26.431Z] > git config --get commit.template [0ms]
[2022-10-02T01:36:08.404Z] > git status -z -uall [3ms]
[2022-10-02T01:36:08.413Z] > git symbolic-ref --short HEAD [1ms]
[2022-10-02T01:36:08.423Z] > git for-each-ref --format=%(refname)%00%(upstream:short)%00%(objectname) refs/heads/master refs/remotes/master [1ms]
[2022-10-02T01:36:08.435Z] > git rev-list --left-right --count master...origin/master [1ms]
[2022-10-02T01:36:08.454Z] > git remote --verbose [1ms]
[2022-10-02T01:36:08.454Z] > git for-each-ref --sort -committerdate --format %(refname) %(objectname) %(*objectname) [10ms]
[2022-10-02T01:36:08.468Z] > git config --get commit.template [1ms]
