[2022-10-14T01:32:22.262Z] Log level: Info
[2022-10-14T01:32:22.301Z] [info] Validating found git in: git
[2022-10-14T01:32:22.506Z] [info] Using git 1.8.3.1 from git
[2022-10-14T01:32:22.993Z] > git rev-parse --show-toplevel [375ms]
[2022-10-14T01:32:23.038Z] > git rev-parse --git-dir --git-common-dir [2ms]
[2022-10-14T01:32:23.051Z] [info] Open repository: /root
[2022-10-14T01:32:23.346Z] > git status -z -uall [238ms]
[2022-10-14T01:32:23.386Z] > git symbolic-ref --short HEAD [1ms]
[2022-10-14T01:32:23.473Z] > git for-each-ref --format=%(refname)%00%(upstream:short)%00%(objectname) refs/heads/master refs/remotes/master [45ms]
[2022-10-14T01:32:23.648Z] > git rev-list --left-right --count master...origin/master [57ms]
[2022-10-14T01:32:23.718Z] > git remote --verbose [3ms]
[2022-10-14T01:32:23.719Z] > git for-each-ref --sort -committerdate --format %(refname) %(objectname) %(*objectname) [24ms]
[2022-10-14T01:32:23.814Z] > git config --get commit.template [17ms]
[2022-10-14T01:32:23.945Z] > git status -z -uall [110ms]
[2022-10-14T01:32:23.966Z] > git symbolic-ref --short HEAD [2ms]
[2022-10-14T01:32:24.023Z] > git for-each-ref --format=%(refname)%00%(upstream:short)%00%(objectname) refs/heads/master refs/remotes/master [46ms]
[2022-10-14T01:32:24.036Z] > git rev-list --left-right --count master...origin/master [3ms]
[2022-10-14T01:32:24.065Z] > git remote --verbose [1ms]
[2022-10-14T01:32:24.066Z] > git for-each-ref --sort -committerdate --format %(refname) %(objectname) %(*objectname) [15ms]
[2022-10-14T01:32:24.093Z] > git config --get commit.template [1ms]
[2022-10-14T01:32:24.284Z] > git show --textconv :.gitignore [113ms]
[2022-10-14T01:32:24.284Z] > git ls-files --stage -- /root/.gitignore [103ms]
[2022-10-14T01:32:24.297Z] > git cat-file -s c1d65d54eb1bdffa7b0dfa221f542878aef7c9c0 [4ms]
[2022-10-14T01:32:24.610Z] > git check-ignore -v -z --stdin [12ms]
[2022-10-14T01:32:27.399Z] > git status -z -uall [1ms]
[2022-10-14T01:32:27.406Z] > git symbolic-ref --short HEAD [1ms]
[2022-10-14T01:32:27.414Z] > git for-each-ref --format=%(refname)%00%(upstream:short)%00%(objectname) refs/heads/master refs/remotes/master [1ms]
[2022-10-14T01:32:27.422Z] > git rev-list --left-right --count master...origin/master [2ms]
[2022-10-14T01:32:27.435Z] > git remote --verbose [1ms]
[2022-10-14T01:32:27.436Z] > git for-each-ref --sort -committerdate --format %(refname) %(objectname) %(*objectname) [7ms]
[2022-10-14T01:32:27.451Z] > git config --get commit.template [1ms]
[2022-10-14T01:32:28.380Z] > git check-ignore -v -z --stdin [4ms]
[2022-10-14T01:32:32.466Z] > git status -z -uall [0ms]
[2022-10-14T01:32:32.473Z] > git symbolic-ref --short HEAD [1ms]
[2022-10-14T01:32:32.479Z] > git for-each-ref --format=%(refname)%00%(upstream:short)%00%(objectname) refs/heads/master refs/remotes/master [0ms]
[2022-10-14T01:32:32.486Z] > git rev-list --left-right --count master...origin/master [1ms]
[2022-10-14T01:32:32.497Z] > git remote --verbose [1ms]
[2022-10-14T01:32:32.497Z] > git for-each-ref --sort -committerdate --format %(refname) %(objectname) %(*objectname) [5ms]
[2022-10-14T01:32:32.517Z] > git config --get commit.template [0ms]
[2022-10-14T01:32:37.568Z] > git status -z -uall [0ms]
[2022-10-14T01:32:37.578Z] > git symbolic-ref --short HEAD [0ms]
[2022-10-14T01:32:37.596Z] > git for-each-ref --format=%(refname)%00%(upstream:short)%00%(objectname) refs/heads/master refs/remotes/master [1ms]
[2022-10-14T01:32:37.617Z] > git rev-list --left-right --count master...origin/master [1ms]
[2022-10-14T01:32:37.650Z] > git remote --verbose [1ms]
[2022-10-14T01:32:37.651Z] > git for-each-ref --sort -committerdate --format %(refname) %(objectname) %(*objectname) [12ms]
[2022-10-14T01:32:37.687Z] > git config --get commit.template [1ms]
[2022-10-14T01:33:56.416Z] > git status -z -uall [6ms]
[2022-10-14T01:33:56.423Z] > git symbolic-ref --short HEAD [0ms]
[2022-10-14T01:33:56.433Z] > git for-each-ref --format=%(refname)%00%(upstream:short)%00%(objectname) refs/heads/master refs/remotes/master [2ms]
[2022-10-14T01:33:56.441Z] > git rev-list --left-right --count master...origin/master [0ms]
[2022-10-14T01:33:56.457Z] > git remote --verbose [2ms]
[2022-10-14T01:33:56.458Z] > git for-each-ref --sort -committerdate --format %(refname) %(objectname) %(*objectname) [9ms]
[2022-10-14T01:33:56.472Z] > git config --get commit.template [1ms]
