[2022-09-27T17:26:19.618Z] Log level: Info
[2022-09-27T17:26:19.670Z] [info] Validating found git in: git
[2022-09-27T17:26:19.851Z] [info] Using git 1.8.3.1 from git
[2022-09-27T17:26:20.084Z] > git rev-parse --show-toplevel [156ms]
[2022-09-27T17:26:20.084Z] fatal: Not a git repository (or any of the parent directories): .git
[2022-09-27T17:26:20.130Z] > git rev-parse --show-toplevel [3ms]
[2022-09-27T17:26:20.130Z] fatal: Not a git repository (or any of the parent directories): .git
[2022-09-27T17:26:20.157Z] > git rev-parse --show-toplevel [2ms]
[2022-09-27T17:26:20.157Z] fatal: Not a git repository (or any of the parent directories): .git
[2022-09-27T17:26:20.201Z] > git rev-parse --show-toplevel [9ms]
[2022-09-27T17:26:20.201Z] fatal: Not a git repository (or any of the parent directories): .git
[2022-09-27T17:26:20.255Z] > git rev-parse --show-toplevel [2ms]
[2022-09-27T17:26:20.255Z] fatal: Not a git repository (or any of the parent directories): .git
[2022-09-27T17:26:20.297Z] > git rev-parse --show-toplevel [0ms]
[2022-09-27T17:26:20.297Z] fatal: Not a git repository (or any of the parent directories): .git
[2022-09-27T17:26:20.340Z] > git rev-parse --show-toplevel [3ms]
[2022-09-27T17:26:20.340Z] fatal: Not a git repository (or any of the parent directories): .git
[2022-09-27T17:26:20.383Z] > git rev-parse --show-toplevel [1ms]
[2022-09-27T17:26:20.383Z] fatal: Not a git repository (or any of the parent directories): .git
[2022-09-27T17:26:20.441Z] > git rev-parse --show-toplevel [1ms]
[2022-09-27T17:26:20.441Z] fatal: Not a git repository (or any of the parent directories): .git
[2022-09-27T17:26:20.491Z] > git rev-parse --show-toplevel [1ms]
[2022-09-27T17:26:20.491Z] fatal: Not a git repository (or any of the parent directories): .git
[2022-09-27T17:30:35.281Z] > git rev-parse --show-toplevel [2ms]
[2022-09-27T17:30:35.281Z] fatal: Not a git repository (or any of the parent directories): .git
[2022-09-27T17:30:46.938Z] > git rev-parse --show-toplevel [3ms]
[2022-09-27T17:30:46.938Z] fatal: Not a git repository (or any of the parent directories): .git
[2022-09-27T17:30:58.516Z] > git rev-parse --show-toplevel [8ms]
[2022-09-27T17:30:58.516Z] fatal: Not a git repository (or any of the parent directories): .git
[2022-09-27T17:31:14.531Z] > git rev-parse --show-toplevel [2ms]
[2022-09-27T17:31:14.531Z] fatal: Not a git repository (or any of the parent directories): .git
[2022-09-27T17:32:11.042Z] > git rev-parse --show-toplevel [1ms]
[2022-09-27T17:32:11.042Z] fatal: Not a git repository (or any of the parent directories): .git
[2022-09-27T17:32:17.265Z] > git rev-parse --show-toplevel [3ms]
[2022-09-27T17:32:17.265Z] fatal: Not a git repository (or any of the parent directories): .git
[2022-09-27T17:32:21.906Z] > git rev-parse --show-toplevel [1ms]
[2022-09-27T17:32:21.906Z] fatal: Not a git repository (or any of the parent directories): .git
[2022-09-27T17:32:34.598Z] > git rev-parse --show-toplevel [3ms]
[2022-09-27T17:32:34.598Z] fatal: Not a git repository (or any of the parent directories): .git
[2022-09-27T17:32:37.281Z] > git rev-parse --show-toplevel [1ms]
[2022-09-27T17:32:37.281Z] fatal: Not a git repository (or any of the parent directories): .git
[2022-09-27T17:32:40.277Z] > git rev-parse --show-toplevel [3ms]
[2022-09-27T17:32:40.277Z] fatal: Not a git repository (or any of the parent directories): .git
[2022-09-27T17:32:42.562Z] > git rev-parse --show-toplevel [1ms]
[2022-09-27T17:32:42.562Z] fatal: Not a git repository (or any of the parent directories): .git
[2022-09-27T17:32:46.959Z] > git rev-parse --show-toplevel [3ms]
[2022-09-27T17:32:46.959Z] fatal: Not a git repository (or any of the parent directories): .git
[2022-09-27T17:36:18.306Z] > git rev-parse --show-toplevel [2ms]
[2022-09-27T17:36:18.306Z] fatal: Not a git repository (or any of the parent directories): .git
[2022-09-27T17:36:22.972Z] > git rev-parse --show-toplevel [2ms]
[2022-09-27T17:36:22.972Z] fatal: Not a git repository (or any of the parent directories): .git
[2022-09-27T17:36:28.744Z] > git rev-parse --show-toplevel [3ms]
[2022-09-27T17:36:28.744Z] fatal: Not a git repository (or any of the parent directories): .git
[2022-09-27T17:36:31.953Z] > git rev-parse --show-toplevel [3ms]
[2022-09-27T17:36:31.953Z] fatal: Not a git repository (or any of the parent directories): .git
[2022-09-27T17:36:39.696Z] > git rev-parse --show-toplevel [1ms]
[2022-09-27T17:36:39.696Z] fatal: Not a git repository (or any of the parent directories): .git
[2022-09-27T17:36:46.519Z] > git rev-parse --show-toplevel [5ms]
[2022-09-27T17:36:46.519Z] fatal: Not a git repository (or any of the parent directories): .git
[2022-09-27T17:38:44.750Z] > git rev-parse --show-toplevel [2ms]
[2022-09-27T17:38:44.750Z] fatal: Not a git repository (or any of the parent directories): .git
[2022-09-27T17:39:28.190Z] > git rev-parse --show-toplevel [3ms]
[2022-09-27T17:39:28.190Z] fatal: Not a git repository (or any of the parent directories): .git
[2022-09-27T18:47:19.605Z] > git init [18ms]
[2022-09-27T18:47:20.222Z] > git rev-parse --show-toplevel [1ms]
[2022-09-27T18:47:20.232Z] > git rev-parse --git-dir --git-common-dir [1ms]
[2022-09-27T18:47:20.245Z] [info] Open repository: /root
[2022-09-27T18:47:20.530Z] > git status -z -uall [271ms]
[2022-09-27T18:47:20.546Z] > git symbolic-ref --short HEAD [1ms]
[2022-09-27T18:47:20.555Z] > git for-each-ref --format=%(refname)%00%(upstream:short)%00%(objectname) refs/heads/master refs/remotes/master [1ms]
[2022-09-27T18:47:20.585Z] > git remote --verbose [15ms]
[2022-09-27T18:47:20.586Z] > git for-each-ref --sort -committerdate --format %(refname) %(objectname) %(*objectname) [23ms]
[2022-09-27T18:47:22.611Z] > git check-ignore -v -z --stdin [1618ms]
[2022-09-27T18:47:22.613Z] > git config --get commit.template [79ms]
[2022-09-27T18:47:23.049Z] > git status -z -uall [336ms]
[2022-09-27T18:47:23.062Z] > git symbolic-ref --short HEAD [1ms]
[2022-09-27T18:47:23.074Z] > git for-each-ref --format=%(refname)%00%(upstream:short)%00%(objectname) refs/heads/master refs/remotes/master [0ms]
[2022-09-27T18:47:23.099Z] > git remote --verbose [1ms]
[2022-09-27T18:47:23.099Z] > git for-each-ref --sort -committerdate --format %(refname) %(objectname) %(*objectname) [13ms]
[2022-09-27T18:47:24.969Z] > git config --get commit.template [130ms]
[2022-09-27T18:47:25.061Z] > git show --textconv :server/server.js [14ms]
[2022-09-27T18:47:25.062Z] > git ls-files --stage -- /root/server/server.js [2ms]
[2022-09-27T18:47:25.619Z] > git check-ignore -v -z --stdin [8ms]
[2022-09-27T18:47:27.833Z] > git check-ignore -v -z --stdin [13ms]
[2022-09-27T18:47:29.298Z] > git status -z -uall [330ms]
[2022-09-27T18:47:29.316Z] > git symbolic-ref --short HEAD [1ms]
[2022-09-27T18:47:29.331Z] > git for-each-ref --format=%(refname)%00%(upstream:short)%00%(objectname) refs/heads/master refs/remotes/master [0ms]
[2022-09-27T18:47:29.358Z] > git remote --verbose [1ms]
[2022-09-27T18:47:29.358Z] > git for-each-ref --sort -committerdate --format %(refname) %(objectname) %(*objectname) [14ms]
[2022-09-27T18:47:31.993Z] > git config --get commit.template [115ms]
[2022-09-27T18:47:32.065Z] > git check-ignore -v -z --stdin [82ms]
[2022-09-27T18:47:32.848Z] > git check-ignore -v -z --stdin [94ms]
[2022-09-27T18:47:37.185Z] > git status -z -uall [151ms]
[2022-09-27T18:47:37.198Z] > git symbolic-ref --short HEAD [0ms]
[2022-09-27T18:47:37.210Z] > git for-each-ref --format=%(refname)%00%(upstream:short)%00%(objectname) refs/heads/master refs/remotes/master [1ms]
[2022-09-27T18:47:37.232Z] > git remote --verbose [1ms]
[2022-09-27T18:47:37.232Z] > git for-each-ref --sort -committerdate --format %(refname) %(objectname) %(*objectname) [11ms]
[2022-09-27T18:47:38.920Z] > git config --get commit.template [56ms]
[2022-09-27T18:47:44.100Z] > git status -z -uall [160ms]
[2022-09-27T18:47:44.114Z] > git symbolic-ref --short HEAD [1ms]
[2022-09-27T18:47:44.125Z] > git for-each-ref --format=%(refname)%00%(upstream:short)%00%(objectname) refs/heads/master refs/remotes/master [0ms]
[2022-09-27T18:47:44.147Z] > git remote --verbose [1ms]
[2022-09-27T18:47:44.147Z] > git for-each-ref --sort -committerdate --format %(refname) %(objectname) %(*objectname) [11ms]
[2022-09-27T18:47:45.698Z] > git config --get commit.template [66ms]
[2022-09-27T18:47:50.981Z] > git status -z -uall [267ms]
[2022-09-27T18:47:51.006Z] > git symbolic-ref --short HEAD [1ms]
[2022-09-27T18:47:51.023Z] > git for-each-ref --format=%(refname)%00%(upstream:short)%00%(objectname) refs/heads/master refs/remotes/master [1ms]
[2022-09-27T18:47:51.054Z] > git remote --verbose [1ms]
[2022-09-27T18:47:51.054Z] > git for-each-ref --sort -committerdate --format %(refname) %(objectname) %(*objectname) [17ms]
[2022-09-27T18:47:53.637Z] > git config --get commit.template [9ms]
[2022-09-27T18:47:54.481Z] > git check-ignore -v -z --stdin [38ms]
[2022-09-27T18:48:01.639Z] > git status -z -uall [186ms]
[2022-09-27T18:48:01.653Z] > git symbolic-ref --short HEAD [1ms]
[2022-09-27T18:48:01.667Z] > git for-each-ref --format=%(refname)%00%(upstream:short)%00%(objectname) refs/heads/master refs/remotes/master [1ms]
[2022-09-27T18:48:01.692Z] > git remote --verbose [1ms]
[2022-09-27T18:48:01.693Z] > git for-each-ref --sort -committerdate --format %(refname) %(objectname) %(*objectname) [14ms]
[2022-09-27T18:48:03.461Z] > git config --get commit.template [125ms]
[2022-09-27T18:48:08.676Z] > git status -z -uall [196ms]
[2022-09-27T18:48:08.687Z] > git symbolic-ref --short HEAD [0ms]
[2022-09-27T18:48:08.698Z] > git for-each-ref --format=%(refname)%00%(upstream:short)%00%(objectname) refs/heads/master refs/remotes/master [1ms]
[2022-09-27T18:48:08.721Z] > git remote --verbose [1ms]
[2022-09-27T18:48:08.722Z] > git for-each-ref --sort -committerdate --format %(refname) %(objectname) %(*objectname) [12ms]
[2022-09-27T18:48:10.168Z] > git check-ignore -v -z --stdin [1665ms]
[2022-09-27T18:48:10.225Z] > git config --get commit.template [59ms]
[2022-09-27T18:48:15.450Z] > git status -z -uall [196ms]
[2022-09-27T18:48:15.465Z] > git symbolic-ref --short HEAD [1ms]
[2022-09-27T18:48:15.480Z] > git for-each-ref --format=%(refname)%00%(upstream:short)%00%(objectname) refs/heads/master refs/remotes/master [1ms]
[2022-09-27T18:48:15.507Z] > git remote --verbose [2ms]
[2022-09-27T18:48:15.507Z] > git for-each-ref --sort -committerdate --format %(refname) %(objectname) %(*objectname) [14ms]
[2022-09-27T18:48:17.304Z] > git config --get commit.template [10ms]
[2022-09-27T18:48:18.018Z] > git check-ignore -v -z --stdin [4ms]
[2022-09-27T18:48:22.505Z] > git status -z -uall [137ms]
[2022-09-27T18:48:22.517Z] > git symbolic-ref --short HEAD [1ms]
[2022-09-27T18:48:22.528Z] > git for-each-ref --format=%(refname)%00%(upstream:short)%00%(objectname) refs/heads/master refs/remotes/master [1ms]
[2022-09-27T18:48:22.555Z] > git remote --verbose [4ms]
[2022-09-27T18:48:22.555Z] > git for-each-ref --sort -committerdate --format %(refname) %(objectname) %(*objectname) [15ms]
[2022-09-27T18:48:23.916Z] > git config --get commit.template [10ms]
[2022-09-27T18:48:29.084Z] > git status -z -uall [148ms]
[2022-09-27T18:48:29.095Z] > git symbolic-ref --short HEAD [0ms]
[2022-09-27T18:48:29.107Z] > git for-each-ref --format=%(refname)%00%(upstream:short)%00%(objectname) refs/heads/master refs/remotes/master [1ms]
[2022-09-27T18:48:29.130Z] > git remote --verbose [1ms]
[2022-09-27T18:48:29.130Z] > git for-each-ref --sort -committerdate --format %(refname) %(objectname) %(*objectname) [13ms]
[2022-09-27T18:48:30.638Z] > git config --get commit.template [59ms]
[2022-09-27T18:48:35.897Z] > git status -z -uall [234ms]
[2022-09-27T18:48:35.913Z] > git symbolic-ref --short HEAD [2ms]
[2022-09-27T18:48:35.927Z] > git for-each-ref --format=%(refname)%00%(upstream:short)%00%(objectname) refs/heads/master refs/remotes/master [1ms]
[2022-09-27T18:48:35.958Z] > git remote --verbose [6ms]
[2022-09-27T18:48:35.958Z] > git for-each-ref --sort -committerdate --format %(refname) %(objectname) %(*objectname) [17ms]
[2022-09-27T18:48:37.830Z] > git config --get commit.template [108ms]
[2022-09-27T18:49:19.537Z] > git status -z -uall [236ms]
[2022-09-27T18:49:19.557Z] > git symbolic-ref --short HEAD [1ms]
[2022-09-27T18:49:19.569Z] > git for-each-ref --format=%(refname)%00%(upstream:short)%00%(objectname) refs/heads/master refs/remotes/master [1ms]
[2022-09-27T18:49:19.591Z] > git remote --verbose [2ms]
[2022-09-27T18:49:19.591Z] > git for-each-ref --sort -committerdate --format %(refname) %(objectname) %(*objectname) [11ms]
[2022-09-27T18:49:21.585Z] > git config --get commit.template [58ms]
[2022-09-27T18:49:26.769Z] > git status -z -uall [166ms]
[2022-09-27T18:49:26.779Z] > git symbolic-ref --short HEAD [1ms]
[2022-09-27T18:49:26.789Z] > git for-each-ref --format=%(refname)%00%(upstream:short)%00%(objectname) refs/heads/master refs/remotes/master [1ms]
[2022-09-27T18:49:26.811Z] > git remote --verbose [2ms]
[2022-09-27T18:49:26.811Z] > git for-each-ref --sort -committerdate --format %(refname) %(objectname) %(*objectname) [12ms]
[2022-09-27T18:49:28.424Z] > git config --get commit.template [70ms]
[2022-09-27T18:49:33.615Z] > git status -z -uall [175ms]
[2022-09-27T18:49:33.626Z] > git symbolic-ref --short HEAD [0ms]
[2022-09-27T18:49:33.638Z] > git for-each-ref --format=%(refname)%00%(upstream:short)%00%(objectname) refs/heads/master refs/remotes/master [1ms]
[2022-09-27T18:49:33.660Z] > git remote --verbose [1ms]
[2022-09-27T18:49:33.661Z] > git for-each-ref --sort -committerdate --format %(refname) %(objectname) %(*objectname) [11ms]
[2022-09-27T18:49:35.120Z] > git config --get commit.template [66ms]
[2022-09-27T18:49:40.313Z] > git status -z -uall [173ms]
[2022-09-27T18:49:40.327Z] > git symbolic-ref --short HEAD [1ms]
[2022-09-27T18:49:40.340Z] > git for-each-ref --format=%(refname)%00%(upstream:short)%00%(objectname) refs/heads/master refs/remotes/master [0ms]
[2022-09-27T18:49:40.366Z] > git remote --verbose [1ms]
[2022-09-27T18:49:40.366Z] > git for-each-ref --sort -committerdate --format %(refname) %(objectname) %(*objectname) [13ms]
[2022-09-27T18:49:41.964Z] > git config --get commit.template [65ms]
[2022-09-27T18:49:47.191Z] > git status -z -uall [195ms]
[2022-09-27T18:49:47.204Z] > git symbolic-ref --short HEAD [1ms]
[2022-09-27T18:49:47.231Z] > git for-each-ref --format=%(refname)%00%(upstream:short)%00%(objectname) refs/heads/master refs/remotes/master [14ms]
[2022-09-27T18:49:47.256Z] > git check-ignore -v -z --stdin [26ms]
[2022-09-27T18:49:47.257Z] > git remote --verbose [3ms]
[2022-09-27T18:49:47.257Z] > git for-each-ref --sort -committerdate --format %(refname) %(objectname) %(*objectname) [14ms]
[2022-09-27T18:49:48.915Z] > git config --get commit.template [96ms]
[2022-09-27T18:49:49.624Z] > git check-ignore -v -z --stdin [2ms]
[2022-09-27T18:49:54.097Z] > git status -z -uall [156ms]
[2022-09-27T18:49:54.110Z] > git symbolic-ref --short HEAD [0ms]
[2022-09-27T18:49:54.124Z] > git for-each-ref --format=%(refname)%00%(upstream:short)%00%(objectname) refs/heads/master refs/remotes/master [1ms]
[2022-09-27T18:49:54.147Z] > git remote --verbose [1ms]
[2022-09-27T18:49:54.148Z] > git for-each-ref --sort -committerdate --format %(refname) %(objectname) %(*objectname) [13ms]
[2022-09-27T18:49:55.723Z] > git config --get commit.template [76ms]
[2022-09-27T18:50:00.896Z] > git status -z -uall [154ms]
[2022-09-27T18:50:00.909Z] > git symbolic-ref --short HEAD [1ms]
[2022-09-27T18:50:00.921Z] > git for-each-ref --format=%(refname)%00%(upstream:short)%00%(objectname) refs/heads/master refs/remotes/master [1ms]
[2022-09-27T18:50:00.946Z] > git remote --verbose [1ms]
[2022-09-27T18:50:00.947Z] > git for-each-ref --sort -committerdate --format %(refname) %(objectname) %(*objectname) [14ms]
[2022-09-27T18:50:02.857Z] > git config --get commit.template [11ms]
[2022-09-27T18:50:08.219Z] > git status -z -uall [249ms]
[2022-09-27T18:50:08.233Z] > git symbolic-ref --short HEAD [1ms]
[2022-09-27T18:50:08.248Z] > git for-each-ref --format=%(refname)%00%(upstream:short)%00%(objectname) refs/heads/master refs/remotes/master [1ms]
[2022-09-27T18:50:08.279Z] > git remote --verbose [1ms]
[2022-09-27T18:50:08.280Z] > git for-each-ref --sort -committerdate --format %(refname) %(objectname) %(*objectname) [15ms]
[2022-09-27T18:50:10.005Z] > git config --get commit.template [9ms]
[2022-09-27T18:50:14.622Z] > git show --textconv :.gitignore [18ms]
[2022-09-27T18:50:14.623Z] > git ls-files --stage -- /root/.gitignore [2ms]
[2022-09-27T18:50:14.701Z] > git check-ignore -v -z --stdin [2ms]
[2022-09-27T18:50:15.202Z] > git status -z -uall [178ms]
[2022-09-27T18:50:15.216Z] > git symbolic-ref --short HEAD [1ms]
[2022-09-27T18:50:15.235Z] > git for-each-ref --format=%(refname)%00%(upstream:short)%00%(objectname) refs/heads/master refs/remotes/master [1ms]
[2022-09-27T18:50:15.278Z] > git remote --verbose [2ms]
[2022-09-27T18:50:15.278Z] > git for-each-ref --sort -committerdate --format %(refname) %(objectname) %(*objectname) [23ms]
[2022-09-27T18:50:16.955Z] > git config --get commit.template [77ms]
[2022-09-27T18:50:22.152Z] > git status -z -uall [178ms]
[2022-09-27T18:50:22.163Z] > git symbolic-ref --short HEAD [1ms]
[2022-09-27T18:50:22.176Z] > git for-each-ref --format=%(refname)%00%(upstream:short)%00%(objectname) refs/heads/master refs/remotes/master [1ms]
[2022-09-27T18:50:22.202Z] > git remote --verbose [2ms]
[2022-09-27T18:50:22.202Z] > git for-each-ref --sort -committerdate --format %(refname) %(objectname) %(*objectname) [14ms]
[2022-09-27T18:50:23.740Z] > git config --get commit.template [16ms]
[2022-09-27T18:50:25.406Z] > git check-ignore -v -z --stdin [4ms]
[2022-09-27T18:50:26.802Z] > git check-ignore -v -z --stdin [5ms]
[2022-09-27T18:50:28.903Z] > git status -z -uall [134ms]
[2022-09-27T18:50:28.921Z] > git symbolic-ref --short HEAD [5ms]
[2022-09-27T18:50:28.937Z] > git for-each-ref --format=%(refname)%00%(upstream:short)%00%(objectname) refs/heads/master refs/remotes/master [1ms]
[2022-09-27T18:50:28.966Z] > git remote --verbose [2ms]
[2022-09-27T18:50:28.966Z] > git for-each-ref --sort -committerdate --format %(refname) %(objectname) %(*objectname) [16ms]
[2022-09-27T18:50:29.850Z] > git config --get commit.template [752ms]
[2022-09-27T18:50:33.248Z] > git check-ignore -v -z --stdin [7ms]
[2022-09-27T18:50:34.980Z] > git status -z -uall [109ms]
[2022-09-27T18:50:34.994Z] > git symbolic-ref --short HEAD [1ms]
[2022-09-27T18:50:35.007Z] > git for-each-ref --format=%(refname)%00%(upstream:short)%00%(objectname) refs/heads/master refs/remotes/master [1ms]
[2022-09-27T18:50:35.035Z] > git remote --verbose [1ms]
[2022-09-27T18:50:35.036Z] > git for-each-ref --sort -committerdate --format %(refname) %(objectname) %(*objectname) [17ms]
[2022-09-27T18:50:35.110Z] > git config --get commit.template [1ms]
[2022-09-27T18:50:40.239Z] > git status -z -uall [111ms]
[2022-09-27T18:50:40.251Z] > git symbolic-ref --short HEAD [1ms]
[2022-09-27T18:50:40.263Z] > git for-each-ref --format=%(refname)%00%(upstream:short)%00%(objectname) refs/heads/master refs/remotes/master [1ms]
[2022-09-27T18:50:40.288Z] > git remote --verbose [2ms]
[2022-09-27T18:50:40.288Z] > git for-each-ref --sort -committerdate --format %(refname) %(objectname) %(*objectname) [13ms]
[2022-09-27T18:50:40.349Z] > git config --get commit.template [1ms]
[2022-09-27T18:50:45.465Z] > git status -z -uall [98ms]
[2022-09-27T18:50:45.477Z] > git symbolic-ref --short HEAD [1ms]
[2022-09-27T18:50:45.487Z] > git for-each-ref --format=%(refname)%00%(upstream:short)%00%(objectname) refs/heads/master refs/remotes/master [1ms]
[2022-09-27T18:50:45.509Z] > git remote --verbose [2ms]
[2022-09-27T18:50:45.509Z] > git for-each-ref --sort -committerdate --format %(refname) %(objectname) %(*objectname) [11ms]
[2022-09-27T18:50:45.574Z] > git config --get commit.template [1ms]
[2022-09-27T18:50:50.804Z] > git status -z -uall [208ms]
[2022-09-27T18:50:50.846Z] > git symbolic-ref --short HEAD [8ms]
[2022-09-27T18:50:50.893Z] > git for-each-ref --format=%(refname)%00%(upstream:short)%00%(objectname) refs/heads/master refs/remotes/master [1ms]
[2022-09-27T18:50:50.915Z] > git remote --verbose [1ms]
[2022-09-27T18:50:50.916Z] > git for-each-ref --sort -committerdate --format %(refname) %(objectname) %(*objectname) [13ms]
[2022-09-27T18:50:50.984Z] > git config --get commit.template [1ms]
[2022-09-27T18:50:56.111Z] > git status -z -uall [109ms]
[2022-09-27T18:50:56.123Z] > git symbolic-ref --short HEAD [1ms]
[2022-09-27T18:50:56.135Z] > git for-each-ref --format=%(refname)%00%(upstream:short)%00%(objectname) refs/heads/master refs/remotes/master [0ms]
[2022-09-27T18:50:56.159Z] > git remote --verbose [1ms]
[2022-09-27T18:50:56.159Z] > git for-each-ref --sort -committerdate --format %(refname) %(objectname) %(*objectname) [13ms]
[2022-09-27T18:50:56.233Z] > git config --get commit.template [0ms]
[2022-09-27T18:50:56.757Z] > git check-ignore -v -z --stdin [5ms]
[2022-09-27T18:51:00.763Z] > git check-ignore -v -z --stdin [4ms]
[2022-09-27T18:51:01.367Z] > git status -z -uall [109ms]
[2022-09-27T18:51:01.400Z] > git symbolic-ref --short HEAD [1ms]
[2022-09-27T18:51:01.412Z] > git for-each-ref --format=%(refname)%00%(upstream:short)%00%(objectname) refs/heads/master refs/remotes/master [1ms]
[2022-09-27T18:51:01.436Z] > git remote --verbose [1ms]
[2022-09-27T18:51:01.437Z] > git for-each-ref --sort -committerdate --format %(refname) %(objectname) %(*objectname) [13ms]
[2022-09-27T18:51:01.520Z] > git config --get commit.template [1ms]
[2022-09-27T18:51:06.629Z] > git status -z -uall [92ms]
[2022-09-27T18:51:06.641Z] > git symbolic-ref --short HEAD [1ms]
[2022-09-27T18:51:06.653Z] > git for-each-ref --format=%(refname)%00%(upstream:short)%00%(objectname) refs/heads/master refs/remotes/master [1ms]
[2022-09-27T18:51:06.673Z] > git remote --verbose [1ms]
[2022-09-27T18:51:06.674Z] > git for-each-ref --sort -committerdate --format %(refname) %(objectname) %(*objectname) [11ms]
[2022-09-27T18:51:06.762Z] > git config --get commit.template [1ms]
[2022-09-27T18:51:45.433Z] > git status -z -uall [106ms]
[2022-09-27T18:51:45.449Z] > git symbolic-ref --short HEAD [1ms]
[2022-09-27T18:51:45.460Z] > git for-each-ref --format=%(refname)%00%(upstream:short)%00%(objectname) refs/heads/master refs/remotes/master [1ms]
[2022-09-27T18:51:45.482Z] > git remote --verbose [1ms]
[2022-09-27T18:51:45.482Z] > git for-each-ref --sort -committerdate --format %(refname) %(objectname) %(*objectname) [11ms]
[2022-09-27T18:51:45.561Z] > git config --get commit.template [0ms]
[2022-09-27T18:51:50.732Z] > git status -z -uall [153ms]
[2022-09-27T18:51:50.776Z] > git symbolic-ref --short HEAD [14ms]
[2022-09-27T18:51:50.822Z] > git for-each-ref --format=%(refname)%00%(upstream:short)%00%(objectname) refs/heads/master refs/remotes/master [1ms]
[2022-09-27T18:51:50.844Z] > git remote --verbose [2ms]
[2022-09-27T18:51:50.844Z] > git for-each-ref --sort -committerdate --format %(refname) %(objectname) %(*objectname) [11ms]
[2022-09-27T18:51:50.928Z] > git config --get commit.template [1ms]
[2022-09-27T18:51:55.943Z] > git status -z -uall [89ms]
[2022-09-27T18:51:55.954Z] > git symbolic-ref --short HEAD [0ms]
[2022-09-27T18:51:55.965Z] > git for-each-ref --format=%(refname)%00%(upstream:short)%00%(objectname) refs/heads/master refs/remotes/master [1ms]
[2022-09-27T18:51:55.987Z] > git remote --verbose [1ms]
[2022-09-27T18:51:55.987Z] > git for-each-ref --sort -committerdate --format %(refname) %(objectname) %(*objectname) [12ms]
[2022-09-27T18:51:56.048Z] > git config --get commit.template [1ms]
[2022-09-27T18:51:56.618Z] > git status -z -uall [553ms]
[2022-09-27T18:51:56.661Z] > git symbolic-ref --short HEAD [1ms]
[2022-09-27T18:51:56.674Z] > git for-each-ref --format=%(refname)%00%(upstream:short)%00%(objectname) refs/heads/master refs/remotes/master [1ms]
[2022-09-27T18:51:56.695Z] > git remote --verbose [2ms]
[2022-09-27T18:51:56.695Z] > git for-each-ref --sort -committerdate --format %(refname) %(objectname) %(*objectname) [10ms]
[2022-09-27T18:51:56.764Z] > git config --get commit.template [1ms]
[2022-09-27T18:52:01.917Z] > git status -z -uall [126ms]
[2022-09-27T18:52:01.929Z] > git symbolic-ref --short HEAD [1ms]
[2022-09-27T18:52:01.942Z] > git for-each-ref --format=%(refname)%00%(upstream:short)%00%(objectname) refs/heads/master refs/remotes/master [1ms]
[2022-09-27T18:52:01.965Z] > git remote --verbose [1ms]
[2022-09-27T18:52:01.966Z] > git for-each-ref --sort -committerdate --format %(refname) %(objectname) %(*objectname) [13ms]
[2022-09-27T18:52:02.039Z] > git config --get commit.template [1ms]
[2022-09-27T18:52:07.153Z] > git status -z -uall [97ms]
[2022-09-27T18:52:07.164Z] > git symbolic-ref --short HEAD [1ms]
[2022-09-27T18:52:07.173Z] > git for-each-ref --format=%(refname)%00%(upstream:short)%00%(objectname) refs/heads/master refs/remotes/master [1ms]
[2022-09-27T18:52:07.191Z] > git remote --verbose [1ms]
[2022-09-27T18:52:07.191Z] > git for-each-ref --sort -committerdate --format %(refname) %(objectname) %(*objectname) [9ms]
[2022-09-27T18:52:07.257Z] > git config --get commit.template [1ms]
[2022-09-27T18:52:09.531Z] > git check-ignore -v -z --stdin [3ms]
[2022-09-27T18:52:11.641Z] > git check-ignore -v -z --stdin [4ms]
[2022-09-27T18:52:12.369Z] > git status -z -uall [95ms]
[2022-09-27T18:52:12.379Z] > git symbolic-ref --short HEAD [1ms]
[2022-09-27T18:52:12.390Z] > git for-each-ref --format=%(refname)%00%(upstream:short)%00%(objectname) refs/heads/master refs/remotes/master [1ms]
[2022-09-27T18:52:12.409Z] > git remote --verbose [1ms]
[2022-09-27T18:52:12.409Z] > git for-each-ref --sort -committerdate --format %(refname) %(objectname) %(*objectname) [10ms]
[2022-09-27T18:52:12.464Z] > git config --get commit.template [0ms]
[2022-09-27T18:52:13.020Z] > git status -z -uall [540ms]
[2022-09-27T18:52:13.067Z] > git symbolic-ref --short HEAD [1ms]
[2022-09-27T18:52:13.080Z] > git for-each-ref --format=%(refname)%00%(upstream:short)%00%(objectname) refs/heads/master refs/remotes/master [1ms]
[2022-09-27T18:52:13.103Z] > git remote --verbose [2ms]
[2022-09-27T18:52:13.103Z] > git for-each-ref --sort -committerdate --format %(refname) %(objectname) %(*objectname) [11ms]
[2022-09-27T18:52:13.179Z] > git config --get commit.template [1ms]
[2022-09-27T18:52:15.473Z] > git status -z -uall [101ms]
[2022-09-27T18:52:15.486Z] > git symbolic-ref --short HEAD [1ms]
[2022-09-27T18:52:15.498Z] > git for-each-ref --format=%(refname)%00%(upstream:short)%00%(objectname) refs/heads/master refs/remotes/master [1ms]
[2022-09-27T18:52:15.520Z] > git remote --verbose [1ms]
[2022-09-27T18:52:15.521Z] > git for-each-ref --sort -committerdate --format %(refname) %(objectname) %(*objectname) [12ms]
[2022-09-27T18:52:15.588Z] > git config --get commit.template [1ms]
[2022-09-27T18:52:17.587Z] > git status -z -uall [104ms]
[2022-09-27T18:52:17.596Z] > git symbolic-ref --short HEAD [0ms]
[2022-09-27T18:52:17.606Z] > git for-each-ref --format=%(refname)%00%(upstream:short)%00%(objectname) refs/heads/master refs/remotes/master [0ms]
[2022-09-27T18:52:17.627Z] > git remote --verbose [1ms]
[2022-09-27T18:52:17.627Z] > git for-each-ref --sort -committerdate --format %(refname) %(objectname) %(*objectname) [11ms]
[2022-09-27T18:52:17.688Z] > git config --get commit.template [1ms]
[2022-09-27T18:52:22.897Z] > git status -z -uall [190ms]
[2022-09-27T18:52:22.946Z] > git symbolic-ref --short HEAD [1ms]
[2022-09-27T18:52:22.958Z] > git for-each-ref --format=%(refname)%00%(upstream:short)%00%(objectname) refs/heads/master refs/remotes/master [1ms]
[2022-09-27T18:52:22.979Z] > git remote --verbose [2ms]
[2022-09-27T18:52:22.979Z] > git for-each-ref --sort -committerdate --format %(refname) %(objectname) %(*objectname) [11ms]
[2022-09-27T18:52:23.045Z] > git config --get commit.template [0ms]
[2022-09-27T18:52:25.854Z] > git status -z -uall [102ms]
[2022-09-27T18:52:25.865Z] > git symbolic-ref --short HEAD [1ms]
[2022-09-27T18:52:25.876Z] > git for-each-ref --format=%(refname)%00%(upstream:short)%00%(objectname) refs/heads/master refs/remotes/master [1ms]
[2022-09-27T18:52:25.897Z] > git remote --verbose [2ms]
[2022-09-27T18:52:25.897Z] > git for-each-ref --sort -committerdate --format %(refname) %(objectname) %(*objectname) [11ms]
[2022-09-27T18:52:25.964Z] > git config --get commit.template [1ms]
[2022-09-27T18:52:28.241Z] > git status -z -uall [178ms]
[2022-09-27T18:52:28.251Z] > git symbolic-ref --short HEAD [1ms]
[2022-09-27T18:52:28.261Z] > git for-each-ref --format=%(refname)%00%(upstream:short)%00%(objectname) refs/heads/master refs/remotes/master [1ms]
[2022-09-27T18:52:28.281Z] > git remote --verbose [1ms]
[2022-09-27T18:52:28.281Z] > git for-each-ref --sort -committerdate --format %(refname) %(objectname) %(*objectname) [11ms]
[2022-09-27T18:52:28.336Z] > git config --get commit.template [0ms]
[2022-09-27T18:52:32.867Z] > git check-ignore -v -z --stdin [3ms]
[2022-09-27T18:52:33.402Z] > git show --textconv :.ssh/authorized_keys [23ms]
[2022-09-27T18:52:33.402Z] > git ls-files --stage -- /root/.ssh/authorized_keys [2ms]
[2022-09-27T18:52:33.488Z] > git status -z -uall [135ms]
[2022-09-27T18:52:33.498Z] > git symbolic-ref --short HEAD [1ms]
[2022-09-27T18:52:33.511Z] > git for-each-ref --format=%(refname)%00%(upstream:short)%00%(objectname) refs/heads/master refs/remotes/master [1ms]
[2022-09-27T18:52:33.533Z] > git remote --verbose [2ms]
[2022-09-27T18:52:33.533Z] > git for-each-ref --sort -committerdate --format %(refname) %(objectname) %(*objectname) [11ms]
[2022-09-27T18:52:33.601Z] > git config --get commit.template [2ms]
[2022-09-27T18:52:38.298Z] > git show --textconv :.gitignore [17ms]
[2022-09-27T18:52:38.299Z] > git ls-files --stage -- /root/.gitignore [4ms]
[2022-09-27T18:52:38.717Z] > git status -z -uall [90ms]
[2022-09-27T18:52:38.728Z] > git symbolic-ref --short HEAD [1ms]
[2022-09-27T18:52:38.739Z] > git for-each-ref --format=%(refname)%00%(upstream:short)%00%(objectname) refs/heads/master refs/remotes/master [1ms]
[2022-09-27T18:52:38.760Z] > git remote --verbose [1ms]
[2022-09-27T18:52:38.761Z] > git for-each-ref --sort -committerdate --format %(refname) %(objectname) %(*objectname) [11ms]
[2022-09-27T18:52:38.822Z] > git config --get commit.template [1ms]
[2022-09-27T18:52:44.091Z] > git status -z -uall [246ms]
[2022-09-27T18:52:44.103Z] > git symbolic-ref --short HEAD [0ms]
[2022-09-27T18:52:44.115Z] > git for-each-ref --format=%(refname)%00%(upstream:short)%00%(objectname) refs/heads/master refs/remotes/master [1ms]
[2022-09-27T18:52:44.141Z] > git remote --verbose [1ms]
[2022-09-27T18:52:44.141Z] > git for-each-ref --sort -committerdate --format %(refname) %(objectname) %(*objectname) [14ms]
[2022-09-27T18:52:44.211Z] > git config --get commit.template [0ms]
[2022-09-27T18:52:49.328Z] > git status -z -uall [100ms]
[2022-09-27T18:52:49.340Z] > git symbolic-ref --short HEAD [1ms]
[2022-09-27T18:52:49.351Z] > git for-each-ref --format=%(refname)%00%(upstream:short)%00%(objectname) refs/heads/master refs/remotes/master [1ms]
[2022-09-27T18:52:49.372Z] > git remote --verbose [1ms]
[2022-09-27T18:52:49.373Z] > git for-each-ref --sort -committerdate --format %(refname) %(objectname) %(*objectname) [11ms]
[2022-09-27T18:52:49.429Z] > git config --get commit.template [1ms]
[2022-09-27T18:52:52.772Z] > git show --textconv :.ssh/authorized_keys [13ms]
[2022-09-27T18:52:52.772Z] > git ls-files --stage -- /root/.ssh/authorized_keys [1ms]
[2022-09-27T18:52:54.549Z] > git status -z -uall [101ms]
[2022-09-27T18:52:54.560Z] > git symbolic-ref --short HEAD [1ms]
[2022-09-27T18:52:54.571Z] > git for-each-ref --format=%(refname)%00%(upstream:short)%00%(objectname) refs/heads/master refs/remotes/master [1ms]
[2022-09-27T18:52:54.591Z] > git remote --verbose [1ms]
[2022-09-27T18:52:54.591Z] > git for-each-ref --sort -committerdate --format %(refname) %(objectname) %(*objectname) [10ms]
[2022-09-27T18:52:54.660Z] > git config --get commit.template [1ms]
[2022-09-27T18:52:57.985Z] > git show --textconv :.gitignore [11ms]
[2022-09-27T18:52:57.985Z] > git ls-files --stage -- /root/.gitignore [1ms]
[2022-09-27T18:52:59.773Z] > git status -z -uall [95ms]
[2022-09-27T18:52:59.782Z] > git symbolic-ref --short HEAD [1ms]
[2022-09-27T18:52:59.791Z] > git for-each-ref --format=%(refname)%00%(upstream:short)%00%(objectname) refs/heads/master refs/remotes/master [1ms]
[2022-09-27T18:52:59.809Z] > git remote --verbose [1ms]
[2022-09-27T18:52:59.809Z] > git for-each-ref --sort -committerdate --format %(refname) %(objectname) %(*objectname) [10ms]
[2022-09-27T18:52:59.867Z] > git config --get commit.template [1ms]
[2022-09-27T18:53:25.304Z] > git status -z -uall [105ms]
[2022-09-27T18:53:25.315Z] > git symbolic-ref --short HEAD [1ms]
[2022-09-27T18:53:25.326Z] > git for-each-ref --format=%(refname)%00%(upstream:short)%00%(objectname) refs/heads/master refs/remotes/master [1ms]
[2022-09-27T18:53:25.346Z] > git remote --verbose [1ms]
[2022-09-27T18:53:25.346Z] > git for-each-ref --sort -committerdate --format %(refname) %(objectname) %(*objectname) [10ms]
[2022-09-27T18:53:25.429Z] > git config --get commit.template [1ms]
[2022-09-27T18:53:26.160Z] > git show --textconv :.ssh/authorized_keys [11ms]
[2022-09-27T18:53:26.160Z] > git ls-files --stage -- /root/.ssh/authorized_keys [1ms]
[2022-09-27T18:53:27.135Z] > git show --textconv :.gitignore [10ms]
[2022-09-27T18:53:27.135Z] > git ls-files --stage -- /root/.gitignore [1ms]
[2022-09-27T18:53:30.585Z] > git status -z -uall [127ms]
[2022-09-27T18:53:30.596Z] > git symbolic-ref --short HEAD [1ms]
[2022-09-27T18:53:30.610Z] > git for-each-ref --format=%(refname)%00%(upstream:short)%00%(objectname) refs/heads/master refs/remotes/master [1ms]
[2022-09-27T18:53:30.640Z] > git remote --verbose [1ms]
[2022-09-27T18:53:30.641Z] > git for-each-ref --sort -committerdate --format %(refname) %(objectname) %(*objectname) [12ms]
[2022-09-27T18:53:30.708Z] > git config --get commit.template [1ms]
[2022-09-27T18:53:35.833Z] > git status -z -uall [104ms]
[2022-09-27T18:53:35.845Z] > git symbolic-ref --short HEAD [1ms]
[2022-09-27T18:53:35.857Z] > git for-each-ref --format=%(refname)%00%(upstream:short)%00%(objectname) refs/heads/master refs/remotes/master [1ms]
[2022-09-27T18:53:35.877Z] > git remote --verbose [1ms]
[2022-09-27T18:53:35.878Z] > git for-each-ref --sort -committerdate --format %(refname) %(objectname) %(*objectname) [11ms]
[2022-09-27T18:53:35.943Z] > git config --get commit.template [0ms]
[2022-09-27T18:53:41.048Z] > git status -z -uall [87ms]
[2022-09-27T18:53:41.057Z] > git symbolic-ref --short HEAD [1ms]
[2022-09-27T18:53:41.068Z] > git for-each-ref --format=%(refname)%00%(upstream:short)%00%(objectname) refs/heads/master refs/remotes/master [1ms]
[2022-09-27T18:53:41.087Z] > git remote --verbose [1ms]
[2022-09-27T18:53:41.087Z] > git for-each-ref --sort -committerdate --format %(refname) %(objectname) %(*objectname) [9ms]
[2022-09-27T18:53:41.136Z] > git config --get commit.template [0ms]
[2022-09-27T18:53:46.302Z] > git status -z -uall [149ms]
[2022-09-27T18:53:46.316Z] > git symbolic-ref --short HEAD [1ms]
[2022-09-27T18:53:46.333Z] > git for-each-ref --format=%(refname)%00%(upstream:short)%00%(objectname) refs/heads/master refs/remotes/master [8ms]
[2022-09-27T18:53:46.387Z] > git remote --verbose [1ms]
[2022-09-27T18:53:46.388Z] > git for-each-ref --sort -committerdate --format %(refname) %(objectname) %(*objectname) [9ms]
[2022-09-27T18:53:46.444Z] > git config --get commit.template [1ms]
[2022-09-27T18:53:51.571Z] > git status -z -uall [111ms]
[2022-09-27T18:53:51.582Z] > git symbolic-ref --short HEAD [1ms]
[2022-09-27T18:53:51.594Z] > git for-each-ref --format=%(refname)%00%(upstream:short)%00%(objectname) refs/heads/master refs/remotes/master [0ms]
[2022-09-27T18:53:51.616Z] > git remote --verbose [1ms]
[2022-09-27T18:53:51.617Z] > git for-each-ref --sort -committerdate --format %(refname) %(objectname) %(*objectname) [12ms]
[2022-09-27T18:53:51.679Z] > git config --get commit.template [1ms]
[2022-09-27T18:53:53.147Z] > git check-ignore -v -z --stdin [13ms]
[2022-09-27T18:53:56.851Z] > git status -z -uall [155ms]
[2022-09-27T18:53:56.882Z] > git symbolic-ref --short HEAD [1ms]
[2022-09-27T18:53:56.902Z] > git for-each-ref --format=%(refname)%00%(upstream:short)%00%(objectname) refs/heads/master refs/remotes/master [9ms]
[2022-09-27T18:53:56.987Z] > git for-each-ref --sort -committerdate --format %(refname) %(objectname) %(*objectname) [29ms]
[2022-09-27T18:53:56.990Z] > git remote --verbose [8ms]
[2022-09-27T18:53:57.063Z] > git config --get commit.template [1ms]
[2022-09-27T18:53:58.211Z] > git check-ignore -v -z --stdin [3ms]
[2022-09-27T18:54:02.199Z] > git status -z -uall [118ms]
[2022-09-27T18:54:02.210Z] > git symbolic-ref --short HEAD [1ms]
[2022-09-27T18:54:02.222Z] > git for-each-ref --format=%(refname)%00%(upstream:short)%00%(objectname) refs/heads/master refs/remotes/master [1ms]
[2022-09-27T18:54:02.244Z] > git remote --verbose [2ms]
[2022-09-27T18:54:02.244Z] > git for-each-ref --sort -committerdate --format %(refname) %(objectname) %(*objectname) [12ms]
[2022-09-27T18:54:02.318Z] > git config --get commit.template [1ms]
[2022-09-27T18:54:06.017Z] > git check-ignore -v -z --stdin [3ms]
[2022-09-27T18:54:07.425Z] > git status -z -uall [91ms]
[2022-09-27T18:54:07.435Z] > git symbolic-ref --short HEAD [0ms]
[2022-09-27T18:54:07.446Z] > git for-each-ref --format=%(refname)%00%(upstream:short)%00%(objectname) refs/heads/master refs/remotes/master [1ms]
[2022-09-27T18:54:07.465Z] > git remote --verbose [1ms]
[2022-09-27T18:54:07.465Z] > git for-each-ref --sort -committerdate --format %(refname) %(objectname) %(*objectname) [10ms]
[2022-09-27T18:54:07.523Z] > git config --get commit.template [1ms]
[2022-09-27T18:54:08.503Z] > git check-ignore -v -z --stdin [2ms]
[2022-09-27T18:54:12.638Z] > git status -z -uall [98ms]
[2022-09-27T18:54:12.648Z] > git symbolic-ref --short HEAD [0ms]
[2022-09-27T18:54:12.659Z] > git for-each-ref --format=%(refname)%00%(upstream:short)%00%(objectname) refs/heads/master refs/remotes/master [1ms]
[2022-09-27T18:54:12.679Z] > git remote --verbose [1ms]
[2022-09-27T18:54:12.679Z] > git for-each-ref --sort -committerdate --format %(refname) %(objectname) %(*objectname) [10ms]
[2022-09-27T18:54:12.742Z] > git config --get commit.template [1ms]
[2022-09-27T18:54:17.990Z] > git status -z -uall [226ms]
[2022-09-27T18:54:18.036Z] > git symbolic-ref --short HEAD [0ms]
[2022-09-27T18:54:18.048Z] > git for-each-ref --format=%(refname)%00%(upstream:short)%00%(objectname) refs/heads/master refs/remotes/master [0ms]
[2022-09-27T18:54:18.072Z] > git remote --verbose [1ms]
[2022-09-27T18:54:18.073Z] > git for-each-ref --sort -committerdate --format %(refname) %(objectname) %(*objectname) [13ms]
[2022-09-27T18:54:18.149Z] > git config --get commit.template [2ms]
[2022-09-27T18:54:23.266Z] > git status -z -uall [100ms]
[2022-09-27T18:54:23.278Z] > git symbolic-ref --short HEAD [1ms]
[2022-09-27T18:54:23.289Z] > git for-each-ref --format=%(refname)%00%(upstream:short)%00%(objectname) refs/heads/master refs/remotes/master [0ms]
[2022-09-27T18:54:23.312Z] > git remote --verbose [1ms]
[2022-09-27T18:54:23.312Z] > git for-each-ref --sort -committerdate --format %(refname) %(objectname) %(*objectname) [12ms]
[2022-09-27T18:54:23.371Z] > git config --get commit.template [1ms]
[2022-09-27T18:54:24.740Z] > git check-ignore -v -z --stdin [3ms]
[2022-09-27T18:54:28.499Z] > git status -z -uall [111ms]
[2022-09-27T18:54:28.510Z] > git symbolic-ref --short HEAD [1ms]
[2022-09-27T18:54:28.521Z] > git for-each-ref --format=%(refname)%00%(upstream:short)%00%(objectname) refs/heads/master refs/remotes/master [1ms]
[2022-09-27T18:54:28.542Z] > git remote --verbose [1ms]
[2022-09-27T18:54:28.542Z] > git for-each-ref --sort -committerdate --format %(refname) %(objectname) %(*objectname) [11ms]
[2022-09-27T18:54:28.602Z] > git config --get commit.template [1ms]
[2022-09-27T18:54:32.303Z] > git check-ignore -v -z --stdin [2ms]
[2022-09-27T18:54:33.623Z] > git status -z -uall [4ms]
[2022-09-27T18:54:33.633Z] > git symbolic-ref --short HEAD [1ms]
[2022-09-27T18:54:33.643Z] > git for-each-ref --format=%(refname)%00%(upstream:short)%00%(objectname) refs/heads/master refs/remotes/master [1ms]
[2022-09-27T18:54:33.664Z] > git remote --verbose [1ms]
[2022-09-27T18:54:33.665Z] > git for-each-ref --sort -committerdate --format %(refname) %(objectname) %(*objectname) [12ms]
[2022-09-27T18:54:33.694Z] > git config --get commit.template [1ms]
[2022-09-27T18:54:38.719Z] > git status -z -uall [9ms]
[2022-09-27T18:54:38.745Z] > git symbolic-ref --short HEAD [1ms]
[2022-09-27T18:54:38.757Z] > git for-each-ref --format=%(refname)%00%(upstream:short)%00%(objectname) refs/heads/master refs/remotes/master [0ms]
[2022-09-27T18:54:38.788Z] > git remote --verbose [5ms]
[2022-09-27T18:54:38.788Z] > git for-each-ref --sort -committerdate --format %(refname) %(objectname) %(*objectname) [16ms]
[2022-09-27T18:54:38.818Z] > git config --get commit.template [1ms]
[2022-09-27T18:54:43.842Z] > git status -z -uall [7ms]
[2022-09-27T18:54:43.855Z] > git symbolic-ref --short HEAD [0ms]
[2022-09-27T18:54:43.867Z] > git for-each-ref --format=%(refname)%00%(upstream:short)%00%(objectname) refs/heads/master refs/remotes/master [1ms]
[2022-09-27T18:54:43.896Z] > git remote --verbose [2ms]
[2022-09-27T18:54:43.896Z] > git for-each-ref --sort -committerdate --format %(refname) %(objectname) %(*objectname) [17ms]
[2022-09-27T18:54:43.932Z] > git config --get commit.template [1ms]
[2022-09-27T18:54:44.209Z] > git check-ignore -v -z --stdin [4ms]
[2022-09-27T18:54:48.959Z] > git status -z -uall [5ms]
[2022-09-27T18:54:48.971Z] > git symbolic-ref --short HEAD [1ms]
[2022-09-27T18:54:48.982Z] > git for-each-ref --format=%(refname)%00%(upstream:short)%00%(objectname) refs/heads/master refs/remotes/master [0ms]
[2022-09-27T18:54:49.004Z] > git remote --verbose [1ms]
[2022-09-27T18:54:49.004Z] > git for-each-ref --sort -committerdate --format %(refname) %(objectname) %(*objectname) [12ms]
[2022-09-27T18:54:49.026Z] > git config --get commit.template [1ms]
[2022-09-27T18:54:54.048Z] > git status -z -uall [4ms]
[2022-09-27T18:54:54.060Z] > git symbolic-ref --short HEAD [1ms]
[2022-09-27T18:54:54.070Z] > git for-each-ref --format=%(refname)%00%(upstream:short)%00%(objectname) refs/heads/master refs/remotes/master [0ms]
[2022-09-27T18:54:54.093Z] > git remote --verbose [4ms]
[2022-09-27T18:54:54.093Z] > git for-each-ref --sort -committerdate --format %(refname) %(objectname) %(*objectname) [13ms]
[2022-09-27T18:54:54.114Z] > git config --get commit.template [1ms]
[2022-09-27T18:54:59.135Z] > git status -z -uall [5ms]
[2022-09-27T18:54:59.144Z] > git symbolic-ref --short HEAD [0ms]
[2022-09-27T18:54:59.155Z] > git for-each-ref --format=%(refname)%00%(upstream:short)%00%(objectname) refs/heads/master refs/remotes/master [1ms]
[2022-09-27T18:54:59.173Z] > git remote --verbose [1ms]
[2022-09-27T18:54:59.173Z] > git for-each-ref --sort -committerdate --format %(refname) %(objectname) %(*objectname) [9ms]
[2022-09-27T18:54:59.194Z] > git config --get commit.template [0ms]
[2022-09-27T18:55:04.253Z] > git status -z -uall [27ms]
[2022-09-27T18:55:04.275Z] > git symbolic-ref --short HEAD [1ms]
[2022-09-27T18:55:04.291Z] > git for-each-ref --format=%(refname)%00%(upstream:short)%00%(objectname) refs/heads/master refs/remotes/master [1ms]
[2022-09-27T18:55:04.322Z] > git remote --verbose [2ms]
[2022-09-27T18:55:04.322Z] > git for-each-ref --sort -committerdate --format %(refname) %(objectname) %(*objectname) [14ms]
[2022-09-27T18:55:04.430Z] > git config --get commit.template [1ms]
[2022-09-27T18:55:05.961Z] > git check-ignore -v -z --stdin [5ms]
[2022-09-27T18:55:09.447Z] > git status -z -uall [1ms]
[2022-09-27T18:55:09.460Z] > git symbolic-ref --short HEAD [0ms]
[2022-09-27T18:55:09.469Z] > git for-each-ref --format=%(refname)%00%(upstream:short)%00%(objectname) refs/heads/master refs/remotes/master [0ms]
[2022-09-27T18:55:09.488Z] > git remote --verbose [1ms]
[2022-09-27T18:55:09.489Z] > git for-each-ref --sort -committerdate --format %(refname) %(objectname) %(*objectname) [11ms]
[2022-09-27T18:55:09.512Z] > git config --get commit.template [1ms]
[2022-09-27T18:55:14.533Z] > git status -z -uall [5ms]
[2022-09-27T18:55:14.543Z] > git symbolic-ref --short HEAD [1ms]
[2022-09-27T18:55:14.553Z] > git for-each-ref --format=%(refname)%00%(upstream:short)%00%(objectname) refs/heads/master refs/remotes/master [1ms]
[2022-09-27T18:55:14.574Z] > git remote --verbose [1ms]
[2022-09-27T18:55:14.574Z] > git for-each-ref --sort -committerdate --format %(refname) %(objectname) %(*objectname) [12ms]
[2022-09-27T18:55:14.666Z] > git config --get commit.template [9ms]
[2022-09-27T18:55:19.697Z] > git status -z -uall [1ms]
[2022-09-27T18:55:19.707Z] > git symbolic-ref --short HEAD [0ms]
[2022-09-27T18:55:19.717Z] > git for-each-ref --format=%(refname)%00%(upstream:short)%00%(objectname) refs/heads/master refs/remotes/master [1ms]
[2022-09-27T18:55:19.735Z] > git remote --verbose [1ms]
[2022-09-27T18:55:19.736Z] > git for-each-ref --sort -committerdate --format %(refname) %(objectname) %(*objectname) [11ms]
[2022-09-27T18:55:19.760Z] > git config --get commit.template [1ms]
[2022-09-27T18:55:24.802Z] > git status -z -uall [6ms]
[2022-09-27T18:55:24.831Z] > git symbolic-ref --short HEAD [1ms]
[2022-09-27T18:55:24.851Z] > git for-each-ref --format=%(refname)%00%(upstream:short)%00%(objectname) refs/heads/master refs/remotes/master [1ms]
[2022-09-27T18:55:24.887Z] > git remote --verbose [1ms]
[2022-09-27T18:55:24.888Z] > git for-each-ref --sort -committerdate --format %(refname) %(objectname) %(*objectname) [17ms]
[2022-09-27T18:55:24.923Z] > git config --get commit.template [1ms]
[2022-09-27T18:55:46.051Z] > git status -z -uall [5ms]
[2022-09-27T18:55:46.062Z] > git symbolic-ref --short HEAD [1ms]
[2022-09-27T18:55:46.077Z] > git for-each-ref --format=%(refname)%00%(upstream:short)%00%(objectname) refs/heads/master refs/remotes/master [0ms]
[2022-09-27T18:55:46.102Z] > git remote --verbose [2ms]
[2022-09-27T18:55:46.102Z] > git for-each-ref --sort -committerdate --format %(refname) %(objectname) %(*objectname) [13ms]
[2022-09-27T18:55:46.136Z] > git config --get commit.template [0ms]
[2022-09-27T18:55:50.983Z] > git check-ignore -v -z --stdin [6ms]
[2022-09-27T18:55:51.201Z] > git status -z -uall [33ms]
[2022-09-27T18:55:51.212Z] > git symbolic-ref --short HEAD [1ms]
[2022-09-27T18:55:51.223Z] > git for-each-ref --format=%(refname)%00%(upstream:short)%00%(objectname) refs/heads/master refs/remotes/master [1ms]
[2022-09-27T18:55:51.250Z] > git remote --verbose [7ms]
[2022-09-27T18:55:51.251Z] > git for-each-ref --sort -committerdate --format %(refname) %(objectname) %(*objectname) [18ms]
[2022-09-27T18:55:51.279Z] > git config --get commit.template [0ms]
[2022-09-27T18:55:56.303Z] > git status -z -uall [5ms]
[2022-09-27T18:55:56.319Z] > git symbolic-ref --short HEAD [1ms]
[2022-09-27T18:55:56.332Z] > git for-each-ref --format=%(refname)%00%(upstream:short)%00%(objectname) refs/heads/master refs/remotes/master [1ms]
[2022-09-27T18:55:56.355Z] > git remote --verbose [1ms]
[2022-09-27T18:55:56.356Z] > git for-each-ref --sort -committerdate --format %(refname) %(objectname) %(*objectname) [13ms]
[2022-09-27T18:55:56.382Z] > git config --get commit.template [1ms]
[2022-09-27T18:56:01.410Z] > git status -z -uall [8ms]
[2022-09-27T18:56:01.495Z] > git symbolic-ref --short HEAD [1ms]
[2022-09-27T18:56:01.516Z] > git for-each-ref --format=%(refname)%00%(upstream:short)%00%(objectname) refs/heads/master refs/remotes/master [9ms]
[2022-09-27T18:56:01.568Z] > git remote --verbose [1ms]
[2022-09-27T18:56:01.569Z] > git for-each-ref --sort -committerdate --format %(refname) %(objectname) %(*objectname) [12ms]
[2022-09-27T18:56:01.595Z] > git config --get commit.template [1ms]
[2022-09-27T18:56:06.620Z] > git status -z -uall [7ms]
[2022-09-27T18:56:06.630Z] > git symbolic-ref --short HEAD [0ms]
[2022-09-27T18:56:06.643Z] > git for-each-ref --format=%(refname)%00%(upstream:short)%00%(objectname) refs/heads/master refs/remotes/master [3ms]
[2022-09-27T18:56:06.675Z] > git remote --verbose [1ms]
[2022-09-27T18:56:06.675Z] > git for-each-ref --sort -committerdate --format %(refname) %(objectname) %(*objectname) [12ms]
[2022-09-27T18:56:06.707Z] > git config --get commit.template [1ms]
[2022-09-27T18:56:11.743Z] > git status -z -uall [7ms]
[2022-09-27T18:56:11.755Z] > git symbolic-ref --short HEAD [1ms]
[2022-09-27T18:56:11.766Z] > git for-each-ref --format=%(refname)%00%(upstream:short)%00%(objectname) refs/heads/master refs/remotes/master [0ms]
[2022-09-27T18:56:11.790Z] > git remote --verbose [1ms]
[2022-09-27T18:56:11.790Z] > git for-each-ref --sort -committerdate --format %(refname) %(objectname) %(*objectname) [12ms]
[2022-09-27T18:56:11.825Z] > git config --get commit.template [1ms]
[2022-09-27T18:56:16.852Z] > git status -z -uall [7ms]
[2022-09-27T18:56:16.863Z] > git symbolic-ref --short HEAD [0ms]
[2022-09-27T18:56:16.873Z] > git for-each-ref --format=%(refname)%00%(upstream:short)%00%(objectname) refs/heads/master refs/remotes/master [0ms]
[2022-09-27T18:56:16.894Z] > git remote --verbose [1ms]
[2022-09-27T18:56:16.894Z] > git for-each-ref --sort -committerdate --format %(refname) %(objectname) %(*objectname) [9ms]
[2022-09-27T18:56:16.941Z] > git config --get commit.template [1ms]
[2022-09-27T18:56:21.965Z] > git status -z -uall [7ms]
[2022-09-27T18:56:21.976Z] > git symbolic-ref --short HEAD [1ms]
[2022-09-27T18:56:21.985Z] > git for-each-ref --format=%(refname)%00%(upstream:short)%00%(objectname) refs/heads/master refs/remotes/master [0ms]
[2022-09-27T18:56:22.003Z] > git remote --verbose [0ms]
[2022-09-27T18:56:22.003Z] > git for-each-ref --sort -committerdate --format %(refname) %(objectname) %(*objectname) [10ms]
[2022-09-27T18:56:22.028Z] > git config --get commit.template [0ms]
[2022-09-27T18:56:27.048Z] > git status -z -uall [4ms]
[2022-09-27T18:56:27.059Z] > git symbolic-ref --short HEAD [1ms]
[2022-09-27T18:56:27.068Z] > git for-each-ref --format=%(refname)%00%(upstream:short)%00%(objectname) refs/heads/master refs/remotes/master [0ms]
[2022-09-27T18:56:27.086Z] > git remote --verbose [1ms]
[2022-09-27T18:56:27.087Z] > git for-each-ref --sort -committerdate --format %(refname) %(objectname) %(*objectname) [10ms]
[2022-09-27T18:56:27.109Z] > git config --get commit.template [0ms]
[2022-09-27T18:56:32.139Z] > git status -z -uall [9ms]
[2022-09-27T18:56:32.264Z] > git symbolic-ref --short HEAD [1ms]
[2022-09-27T18:56:32.298Z] > git for-each-ref --format=%(refname)%00%(upstream:short)%00%(objectname) refs/heads/master refs/remotes/master [9ms]
[2022-09-27T18:56:32.356Z] > git remote --verbose [2ms]
[2022-09-27T18:56:32.356Z] > git for-each-ref --sort -committerdate --format %(refname) %(objectname) %(*objectname) [11ms]
[2022-09-27T18:56:32.393Z] > git config --get commit.template [1ms]
[2022-09-27T18:56:37.417Z] > git status -z -uall [5ms]
[2022-09-27T18:56:37.438Z] > git symbolic-ref --short HEAD [1ms]
[2022-09-27T18:56:37.451Z] > git for-each-ref --format=%(refname)%00%(upstream:short)%00%(objectname) refs/heads/master refs/remotes/master [0ms]
[2022-09-27T18:56:37.474Z] > git remote --verbose [1ms]
[2022-09-27T18:56:37.474Z] > git for-each-ref --sort -committerdate --format %(refname) %(objectname) %(*objectname) [12ms]
[2022-09-27T18:56:37.502Z] > git config --get commit.template [1ms]
[2022-09-27T18:56:47.860Z] > git status -z -uall [0ms]
[2022-09-27T18:56:47.871Z] > git symbolic-ref --short HEAD [1ms]
[2022-09-27T18:56:47.880Z] > git for-each-ref --format=%(refname)%00%(upstream:short)%00%(objectname) refs/heads/master refs/remotes/master [2ms]
[2022-09-27T18:56:47.896Z] > git remote --verbose [0ms]
[2022-09-27T18:56:47.896Z] > git for-each-ref --sort -committerdate --format %(refname) %(objectname) %(*objectname) [9ms]
[2022-09-27T18:56:47.921Z] > git config --get commit.template [0ms]
[2022-09-27T18:56:52.937Z] > git status -z -uall [1ms]
[2022-09-27T18:56:52.948Z] > git symbolic-ref --short HEAD [1ms]
[2022-09-27T18:56:52.957Z] > git for-each-ref --format=%(refname)%00%(upstream:short)%00%(objectname) refs/heads/master refs/remotes/master [1ms]
[2022-09-27T18:56:52.975Z] > git remote --verbose [1ms]
[2022-09-27T18:56:52.975Z] > git for-each-ref --sort -committerdate --format %(refname) %(objectname) %(*objectname) [9ms]
[2022-09-27T18:56:53.001Z] > git config --get commit.template [1ms]
[2022-09-27T18:57:33.942Z] > git status -z -uall [7ms]
[2022-09-27T18:57:33.954Z] > git symbolic-ref --short HEAD [1ms]
[2022-09-27T18:57:33.964Z] > git for-each-ref --format=%(refname)%00%(upstream:short)%00%(objectname) refs/heads/master refs/remotes/master [1ms]
[2022-09-27T18:57:33.984Z] > git remote --verbose [1ms]
[2022-09-27T18:57:33.984Z] > git for-each-ref --sort -committerdate --format %(refname) %(objectname) %(*objectname) [10ms]
[2022-09-27T18:57:34.027Z] > git config --get commit.template [0ms]
[2022-09-27T18:57:39.049Z] > git status -z -uall [5ms]
[2022-09-27T18:57:39.058Z] > git symbolic-ref --short HEAD [1ms]
[2022-09-27T18:57:39.068Z] > git for-each-ref --format=%(refname)%00%(upstream:short)%00%(objectname) refs/heads/master refs/remotes/master [1ms]
[2022-09-27T18:57:39.087Z] > git remote --verbose [1ms]
[2022-09-27T18:57:39.088Z] > git for-each-ref --sort -committerdate --format %(refname) %(objectname) %(*objectname) [10ms]
[2022-09-27T18:57:39.109Z] > git config --get commit.template [1ms]
[2022-09-27T18:57:44.133Z] > git status -z -uall [7ms]
[2022-09-27T18:57:44.144Z] > git symbolic-ref --short HEAD [1ms]
[2022-09-27T18:57:44.153Z] > git for-each-ref --format=%(refname)%00%(upstream:short)%00%(objectname) refs/heads/master refs/remotes/master [0ms]
[2022-09-27T18:57:44.172Z] > git remote --verbose [1ms]
[2022-09-27T18:57:44.172Z] > git for-each-ref --sort -committerdate --format %(refname) %(objectname) %(*objectname) [9ms]
[2022-09-27T18:57:44.269Z] > git config --get commit.template [10ms]
[2022-09-27T18:57:49.302Z] > git status -z -uall [2ms]
[2022-09-27T18:57:49.313Z] > git symbolic-ref --short HEAD [1ms]
[2022-09-27T18:57:49.322Z] > git for-each-ref --format=%(refname)%00%(upstream:short)%00%(objectname) refs/heads/master refs/remotes/master [1ms]
[2022-09-27T18:57:49.345Z] > git remote --verbose [4ms]
[2022-09-27T18:57:49.346Z] > git for-each-ref --sort -committerdate --format %(refname) %(objectname) %(*objectname) [14ms]
[2022-09-27T18:57:49.379Z] > git config --get commit.template [1ms]
[2022-09-27T18:57:54.424Z] > git status -z -uall [23ms]
[2022-09-27T18:57:54.443Z] > git symbolic-ref --short HEAD [1ms]
[2022-09-27T18:57:54.476Z] > git for-each-ref --format=%(refname)%00%(upstream:short)%00%(objectname) refs/heads/master refs/remotes/master [1ms]
[2022-09-27T18:57:54.499Z] > git remote --verbose [2ms]
[2022-09-27T18:57:54.499Z] > git for-each-ref --sort -committerdate --format %(refname) %(objectname) %(*objectname) [12ms]
[2022-09-27T18:57:54.524Z] > git config --get commit.template [0ms]
[2022-09-27T18:57:59.549Z] > git status -z -uall [7ms]
[2022-09-27T18:57:59.564Z] > git symbolic-ref --short HEAD [0ms]
[2022-09-27T18:57:59.575Z] > git for-each-ref --format=%(refname)%00%(upstream:short)%00%(objectname) refs/heads/master refs/remotes/master [1ms]
[2022-09-27T18:57:59.595Z] > git remote --verbose [1ms]
[2022-09-27T18:57:59.595Z] > git for-each-ref --sort -committerdate --format %(refname) %(objectname) %(*objectname) [11ms]
[2022-09-27T18:57:59.620Z] > git config --get commit.template [1ms]
[2022-09-27T18:58:04.645Z] > git status -z -uall [7ms]
[2022-09-27T18:58:04.656Z] > git symbolic-ref --short HEAD [1ms]
[2022-09-27T18:58:04.667Z] > git for-each-ref --format=%(refname)%00%(upstream:short)%00%(objectname) refs/heads/master refs/remotes/master [1ms]
[2022-09-27T18:58:04.688Z] > git remote --verbose [1ms]
[2022-09-27T18:58:04.689Z] > git for-each-ref --sort -committerdate --format %(refname) %(objectname) %(*objectname) [12ms]
[2022-09-27T18:58:04.712Z] > git config --get commit.template [1ms]
[2022-09-27T18:58:09.733Z] > git status -z -uall [6ms]
[2022-09-27T18:58:09.744Z] > git symbolic-ref --short HEAD [1ms]
[2022-09-27T18:58:09.753Z] > git for-each-ref --format=%(refname)%00%(upstream:short)%00%(objectname) refs/heads/master refs/remotes/master [0ms]
[2022-09-27T18:58:09.772Z] > git remote --verbose [1ms]
[2022-09-27T18:58:09.772Z] > git for-each-ref --sort -committerdate --format %(refname) %(objectname) %(*objectname) [9ms]
[2022-09-27T18:58:09.798Z] > git config --get commit.template [0ms]
[2022-09-27T18:58:14.829Z] > git status -z -uall [10ms]
[2022-09-27T18:58:14.847Z] > git symbolic-ref --short HEAD [1ms]
[2022-09-27T18:58:14.859Z] > git for-each-ref --format=%(refname)%00%(upstream:short)%00%(objectname) refs/heads/master refs/remotes/master [0ms]
[2022-09-27T18:58:14.890Z] > git remote --verbose [1ms]
[2022-09-27T18:58:14.890Z] > git for-each-ref --sort -committerdate --format %(refname) %(objectname) %(*objectname) [15ms]
[2022-09-27T18:58:14.947Z] > git config --get commit.template [1ms]
[2022-09-27T18:58:19.978Z] > git status -z -uall [11ms]
[2022-09-27T18:58:19.989Z] > git symbolic-ref --short HEAD [1ms]
[2022-09-27T18:58:19.999Z] > git for-each-ref --format=%(refname)%00%(upstream:short)%00%(objectname) refs/heads/master refs/remotes/master [1ms]
[2022-09-27T18:58:20.024Z] > git remote --verbose [2ms]
[2022-09-27T18:58:20.025Z] > git for-each-ref --sort -committerdate --format %(refname) %(objectname) %(*objectname) [12ms]
[2022-09-27T18:58:20.348Z] > git config --get commit.template [125ms]
[2022-09-27T18:59:00.064Z] > git status -z -uall [18ms]
[2022-09-27T18:59:00.082Z] > git symbolic-ref --short HEAD [1ms]
[2022-09-27T18:59:00.098Z] > git for-each-ref --format=%(refname)%00%(upstream:short)%00%(objectname) refs/heads/master refs/remotes/master [0ms]
[2022-09-27T18:59:00.128Z] > git remote --verbose [1ms]
[2022-09-27T18:59:00.129Z] > git for-each-ref --sort -committerdate --format %(refname) %(objectname) %(*objectname) [12ms]
[2022-09-27T18:59:00.159Z] > git config --get commit.template [1ms]
[2022-09-27T18:59:03.946Z] > git check-ignore -v -z --stdin [8ms]
[2022-09-27T18:59:05.189Z] > git status -z -uall [10ms]
[2022-09-27T18:59:05.202Z] > git symbolic-ref --short HEAD [1ms]
[2022-09-27T18:59:05.213Z] > git for-each-ref --format=%(refname)%00%(upstream:short)%00%(objectname) refs/heads/master refs/remotes/master [1ms]
[2022-09-27T18:59:05.236Z] > git remote --verbose [3ms]
[2022-09-27T18:59:05.236Z] > git for-each-ref --sort -committerdate --format %(refname) %(objectname) %(*objectname) [13ms]
[2022-09-27T18:59:05.272Z] > git config --get commit.template [1ms]
[2022-09-27T18:59:09.632Z] > git ls-files --stage -- /root/.gitignore [1ms]
[2022-09-27T18:59:09.684Z] > git show --textconv :.gitignore [1ms]
[2022-09-27T18:59:10.309Z] > git status -z -uall [17ms]
[2022-09-27T18:59:10.320Z] > git symbolic-ref --short HEAD [1ms]
[2022-09-27T18:59:10.330Z] > git for-each-ref --format=%(refname)%00%(upstream:short)%00%(objectname) refs/heads/master refs/remotes/master [1ms]
[2022-09-27T18:59:10.352Z] > git remote --verbose [4ms]
[2022-09-27T18:59:10.353Z] > git for-each-ref --sort -committerdate --format %(refname) %(objectname) %(*objectname) [14ms]
[2022-09-27T18:59:10.383Z] > git config --get commit.template [1ms]
[2022-09-27T18:59:16.544Z] > git status -z -uall [6ms]
[2022-09-27T18:59:16.556Z] > git symbolic-ref --short HEAD [0ms]
[2022-09-27T18:59:16.567Z] > git for-each-ref --format=%(refname)%00%(upstream:short)%00%(objectname) refs/heads/master refs/remotes/master [0ms]
[2022-09-27T18:59:16.589Z] > git remote --verbose [2ms]
[2022-09-27T18:59:16.589Z] > git for-each-ref --sort -committerdate --format %(refname) %(objectname) %(*objectname) [11ms]
[2022-09-27T18:59:16.615Z] > git config --get commit.template [1ms]
[2022-09-27T18:59:21.638Z] > git status -z -uall [5ms]
[2022-09-27T18:59:21.649Z] > git symbolic-ref --short HEAD [1ms]
[2022-09-27T18:59:21.662Z] > git for-each-ref --format=%(refname)%00%(upstream:short)%00%(objectname) refs/heads/master refs/remotes/master [0ms]
[2022-09-27T18:59:21.686Z] > git remote --verbose [1ms]
[2022-09-27T18:59:21.687Z] > git for-each-ref --sort -committerdate --format %(refname) %(objectname) %(*objectname) [13ms]
[2022-09-27T18:59:21.718Z] > git config --get commit.template [0ms]
