[2022-10-07T00:49:53.680Z] Log level: Info
[2022-10-07T00:49:53.733Z] [info] Validating found git in: git
[2022-10-07T00:49:53.963Z] [info] Using git 1.8.3.1 from git
[2022-10-07T00:49:54.345Z] > git rev-parse --show-toplevel [277ms]
[2022-10-07T00:49:54.419Z] > git rev-parse --git-dir --git-common-dir [3ms]
[2022-10-07T00:49:54.468Z] [info] Open repository: /root
[2022-10-07T00:49:54.600Z] > git status -z -uall [72ms]
[2022-10-07T00:49:54.647Z] > git symbolic-ref --short HEAD [10ms]
[2022-10-07T00:49:54.757Z] > git for-each-ref --format=%(refname)%00%(upstream:short)%00%(objectname) refs/heads/master refs/remotes/master [1ms]
[2022-10-07T00:49:54.802Z] > git rev-list --left-right --count master...origin/master [1ms]
[2022-10-07T00:49:54.966Z] > git remote --verbose [2ms]
[2022-10-07T00:49:54.967Z] > git for-each-ref --sort -committerdate --format %(refname) %(objectname) %(*objectname) [85ms]
[2022-10-07T00:49:55.658Z] > git config --get commit.template [523ms]
[2022-10-07T00:49:55.875Z] > git status -z -uall [85ms]
[2022-10-07T00:49:56.020Z] > git symbolic-ref --short HEAD [80ms]
[2022-10-07T00:49:56.085Z] > git for-each-ref --format=%(refname)%00%(upstream:short)%00%(objectname) refs/heads/master refs/remotes/master [2ms]
[2022-10-07T00:49:56.148Z] > git rev-list --left-right --count master...origin/master [5ms]
[2022-10-07T00:49:56.345Z] > git remote --verbose [97ms]
[2022-10-07T00:49:56.346Z] > git for-each-ref --sort -committerdate --format %(refname) %(objectname) %(*objectname) [151ms]
[2022-10-07T00:49:56.804Z] > git config --get commit.template [322ms]
[2022-10-07T00:49:56.822Z] > git check-ignore -v -z --stdin [285ms]
[2022-10-07T00:49:57.585Z] > git check-ignore -v -z --stdin [133ms]
[2022-10-07T00:49:57.586Z] > git show --textconv :server/server.js [66ms]
[2022-10-07T00:49:57.586Z] > git ls-files --stage -- /root/server/server.js [3ms]
[2022-10-07T00:49:57.647Z] > git cat-file -s a2f904dae0d51db43e5b62356777a9de709e5179 [2ms]
[2022-10-07T00:49:58.635Z] > git ls-files --stage -- /root/server/server.js [11ms]
[2022-10-07T00:49:58.683Z] > git cat-file -s a2f904dae0d51db43e5b62356777a9de709e5179 [1ms]
[2022-10-07T00:49:58.836Z] > git show --textconv :server/server.js [9ms]
[2022-10-07T00:50:01.377Z] > git status -z -uall [43ms]
[2022-10-07T00:50:01.391Z] > git symbolic-ref --short HEAD [1ms]
[2022-10-07T00:50:01.449Z] > git for-each-ref --format=%(refname)%00%(upstream:short)%00%(objectname) refs/heads/master refs/remotes/master [17ms]
[2022-10-07T00:50:01.517Z] > git rev-list --left-right --count master...origin/master [32ms]
[2022-10-07T00:50:01.575Z] > git remote --verbose [1ms]
[2022-10-07T00:50:01.576Z] > git for-each-ref --sort -committerdate --format %(refname) %(objectname) %(*objectname) [49ms]
[2022-10-07T00:50:01.633Z] > git config --get commit.template [1ms]
[2022-10-07T00:50:06.661Z] > git status -z -uall [15ms]
[2022-10-07T00:50:06.680Z] > git symbolic-ref --short HEAD [2ms]
[2022-10-07T00:50:06.694Z] > git for-each-ref --format=%(refname)%00%(upstream:short)%00%(objectname) refs/heads/master refs/remotes/master [1ms]
[2022-10-07T00:50:06.706Z] > git rev-list --left-right --count master...origin/master [1ms]
[2022-10-07T00:50:06.738Z] > git remote --verbose [8ms]
[2022-10-07T00:50:06.739Z] > git for-each-ref --sort -committerdate --format %(refname) %(objectname) %(*objectname) [21ms]
[2022-10-07T00:50:06.765Z] > git config --get commit.template [1ms]
[2022-10-07T00:50:11.795Z] > git status -z -uall [14ms]
[2022-10-07T00:50:11.804Z] > git symbolic-ref --short HEAD [1ms]
[2022-10-07T00:50:11.814Z] > git for-each-ref --format=%(refname)%00%(upstream:short)%00%(objectname) refs/heads/master refs/remotes/master [1ms]
[2022-10-07T00:50:11.823Z] > git rev-list --left-right --count master...origin/master [1ms]
[2022-10-07T00:50:11.839Z] > git remote --verbose [1ms]
[2022-10-07T00:50:11.840Z] > git for-each-ref --sort -committerdate --format %(refname) %(objectname) %(*objectname) [9ms]
[2022-10-07T00:50:11.869Z] > git config --get commit.template [1ms]
[2022-10-07T00:50:16.894Z] > git status -z -uall [7ms]
[2022-10-07T00:50:16.906Z] > git symbolic-ref --short HEAD [1ms]
[2022-10-07T00:50:16.919Z] > git for-each-ref --format=%(refname)%00%(upstream:short)%00%(objectname) refs/heads/master refs/remotes/master [1ms]
[2022-10-07T00:50:16.932Z] > git rev-list --left-right --count master...origin/master [1ms]
[2022-10-07T00:50:16.955Z] > git remote --verbose [2ms]
[2022-10-07T00:50:16.956Z] > git for-each-ref --sort -committerdate --format %(refname) %(objectname) %(*objectname) [13ms]
[2022-10-07T00:50:16.976Z] > git config --get commit.template [2ms]
[2022-10-07T00:50:22.088Z] > git status -z -uall [24ms]
[2022-10-07T00:50:22.112Z] > git symbolic-ref --short HEAD [1ms]
[2022-10-07T00:50:22.133Z] > git for-each-ref --format=%(refname)%00%(upstream:short)%00%(objectname) refs/heads/master refs/remotes/master [1ms]
[2022-10-07T00:50:22.162Z] > git rev-list --left-right --count master...origin/master [0ms]
[2022-10-07T00:50:22.215Z] > git remote --verbose [1ms]
[2022-10-07T00:50:22.216Z] > git for-each-ref --sort -committerdate --format %(refname) %(objectname) %(*objectname) [32ms]
[2022-10-07T00:50:22.285Z] > git config --get commit.template [2ms]
[2022-10-07T00:50:27.319Z] > git status -z -uall [9ms]
[2022-10-07T00:50:27.331Z] > git symbolic-ref --short HEAD [2ms]
[2022-10-07T00:50:27.350Z] > git for-each-ref --format=%(refname)%00%(upstream:short)%00%(objectname) refs/heads/master refs/remotes/master [1ms]
[2022-10-07T00:50:27.363Z] > git rev-list --left-right --count master...origin/master [2ms]
[2022-10-07T00:50:27.394Z] > git remote --verbose [2ms]
[2022-10-07T00:50:27.395Z] > git for-each-ref --sort -committerdate --format %(refname) %(objectname) %(*objectname) [19ms]
[2022-10-07T00:50:27.417Z] > git config --get commit.template [1ms]
[2022-10-07T00:50:32.440Z] > git status -z -uall [4ms]
[2022-10-07T00:50:32.450Z] > git symbolic-ref --short HEAD [1ms]
[2022-10-07T00:50:32.460Z] > git for-each-ref --format=%(refname)%00%(upstream:short)%00%(objectname) refs/heads/master refs/remotes/master [1ms]
[2022-10-07T00:50:32.471Z] > git rev-list --left-right --count master...origin/master [0ms]
[2022-10-07T00:50:32.491Z] > git remote --verbose [1ms]
[2022-10-07T00:50:32.492Z] > git for-each-ref --sort -committerdate --format %(refname) %(objectname) %(*objectname) [11ms]
[2022-10-07T00:50:32.509Z] > git config --get commit.template [1ms]
[2022-10-07T00:50:37.526Z] > git status -z -uall [1ms]
[2022-10-07T00:50:37.535Z] > git symbolic-ref --short HEAD [0ms]
[2022-10-07T00:50:37.545Z] > git for-each-ref --format=%(refname)%00%(upstream:short)%00%(objectname) refs/heads/master refs/remotes/master [1ms]
[2022-10-07T00:50:37.554Z] > git rev-list --left-right --count master...origin/master [1ms]
[2022-10-07T00:50:37.572Z] > git remote --verbose [2ms]
[2022-10-07T00:50:37.572Z] > git for-each-ref --sort -committerdate --format %(refname) %(objectname) %(*objectname) [10ms]
[2022-10-07T00:50:37.586Z] > git config --get commit.template [1ms]
[2022-10-07T00:50:42.605Z] > git status -z -uall [2ms]
[2022-10-07T00:50:42.614Z] > git symbolic-ref --short HEAD [1ms]
[2022-10-07T00:50:42.624Z] > git for-each-ref --format=%(refname)%00%(upstream:short)%00%(objectname) refs/heads/master refs/remotes/master [1ms]
[2022-10-07T00:50:42.635Z] > git rev-list --left-right --count master...origin/master [1ms]
[2022-10-07T00:50:42.653Z] > git remote --verbose [1ms]
[2022-10-07T00:50:42.654Z] > git for-each-ref --sort -committerdate --format %(refname) %(objectname) %(*objectname) [10ms]
[2022-10-07T00:50:42.677Z] > git config --get commit.template [0ms]
[2022-10-07T00:50:47.698Z] > git status -z -uall [3ms]
[2022-10-07T00:50:47.708Z] > git symbolic-ref --short HEAD [0ms]
[2022-10-07T00:50:47.718Z] > git for-each-ref --format=%(refname)%00%(upstream:short)%00%(objectname) refs/heads/master refs/remotes/master [1ms]
[2022-10-07T00:50:47.732Z] > git rev-list --left-right --count master...origin/master [1ms]
[2022-10-07T00:50:47.759Z] > git remote --verbose [2ms]
[2022-10-07T00:50:47.759Z] > git for-each-ref --sort -committerdate --format %(refname) %(objectname) %(*objectname) [14ms]
[2022-10-07T00:50:47.783Z] > git config --get commit.template [1ms]
[2022-10-07T00:50:52.863Z] > git status -z -uall [60ms]
[2022-10-07T00:50:52.875Z] > git symbolic-ref --short HEAD [1ms]
[2022-10-07T00:50:52.886Z] > git for-each-ref --format=%(refname)%00%(upstream:short)%00%(objectname) refs/heads/master refs/remotes/master [2ms]
[2022-10-07T00:50:52.899Z] > git rev-list --left-right --count master...origin/master [3ms]
[2022-10-07T00:50:52.920Z] > git remote --verbose [1ms]
[2022-10-07T00:50:52.986Z] > git for-each-ref --sort -committerdate --format %(refname) %(objectname) %(*objectname) [76ms]
[2022-10-07T00:50:53.347Z] > git config --get commit.template [230ms]
[2022-10-07T00:53:06.467Z] > git status -z -uall [12ms]
[2022-10-07T00:53:06.477Z] > git symbolic-ref --short HEAD [1ms]
[2022-10-07T00:53:06.489Z] > git for-each-ref --format=%(refname)%00%(upstream:short)%00%(objectname) refs/heads/master refs/remotes/master [3ms]
[2022-10-07T00:53:06.498Z] > git rev-list --left-right --count master...origin/master [1ms]
[2022-10-07T00:53:06.515Z] > git remote --verbose [1ms]
[2022-10-07T00:53:06.516Z] > git for-each-ref --sort -committerdate --format %(refname) %(objectname) %(*objectname) [10ms]
[2022-10-07T00:53:06.539Z] > git config --get commit.template [1ms]
[2022-10-07T00:53:11.558Z] > git status -z -uall [5ms]
[2022-10-07T00:53:11.571Z] > git symbolic-ref --short HEAD [1ms]
[2022-10-07T00:53:11.581Z] > git for-each-ref --format=%(refname)%00%(upstream:short)%00%(objectname) refs/heads/master refs/remotes/master [1ms]
[2022-10-07T00:53:11.592Z] > git rev-list --left-right --count master...origin/master [1ms]
[2022-10-07T00:53:11.611Z] > git remote --verbose [1ms]
[2022-10-07T00:53:11.612Z] > git for-each-ref --sort -committerdate --format %(refname) %(objectname) %(*objectname) [10ms]
[2022-10-07T00:53:11.640Z] > git config --get commit.template [1ms]
[2022-10-07T00:53:16.663Z] > git status -z -uall [3ms]
[2022-10-07T00:53:16.671Z] > git symbolic-ref --short HEAD [1ms]
[2022-10-07T00:53:16.679Z] > git for-each-ref --format=%(refname)%00%(upstream:short)%00%(objectname) refs/heads/master refs/remotes/master [1ms]
[2022-10-07T00:53:16.690Z] > git rev-list --left-right --count master...origin/master [0ms]
[2022-10-07T00:53:16.706Z] > git remote --verbose [1ms]
[2022-10-07T00:53:16.706Z] > git for-each-ref --sort -committerdate --format %(refname) %(objectname) %(*objectname) [8ms]
[2022-10-07T00:53:16.729Z] > git config --get commit.template [1ms]
[2022-10-07T00:53:21.807Z] > git status -z -uall [1ms]
[2022-10-07T00:53:21.848Z] > git symbolic-ref --short HEAD [2ms]
[2022-10-07T00:53:21.889Z] > git for-each-ref --format=%(refname)%00%(upstream:short)%00%(objectname) refs/heads/master refs/remotes/master [1ms]
[2022-10-07T00:53:21.922Z] > git rev-list --left-right --count master...origin/master [2ms]
[2022-10-07T00:53:21.987Z] > git remote --verbose [2ms]
[2022-10-07T00:53:21.987Z] > git for-each-ref --sort -committerdate --format %(refname) %(objectname) %(*objectname) [42ms]
[2022-10-07T00:53:22.089Z] > git config --get commit.template [2ms]
[2022-10-07T00:53:27.141Z] > git status -z -uall [15ms]
[2022-10-07T00:53:27.163Z] > git symbolic-ref --short HEAD [2ms]
[2022-10-07T00:53:27.189Z] > git for-each-ref --format=%(refname)%00%(upstream:short)%00%(objectname) refs/heads/master refs/remotes/master [1ms]
[2022-10-07T00:53:27.210Z] > git rev-list --left-right --count master...origin/master [2ms]
[2022-10-07T00:53:27.257Z] > git remote --verbose [1ms]
[2022-10-07T00:53:27.257Z] > git for-each-ref --sort -committerdate --format %(refname) %(objectname) %(*objectname) [21ms]
[2022-10-07T00:53:27.314Z] > git config --get commit.template [3ms]
[2022-10-07T00:53:32.335Z] > git status -z -uall [5ms]
[2022-10-07T00:53:32.346Z] > git symbolic-ref --short HEAD [1ms]
[2022-10-07T00:53:32.357Z] > git for-each-ref --format=%(refname)%00%(upstream:short)%00%(objectname) refs/heads/master refs/remotes/master [1ms]
[2022-10-07T00:53:32.369Z] > git rev-list --left-right --count master...origin/master [1ms]
[2022-10-07T00:53:32.387Z] > git remote --verbose [1ms]
[2022-10-07T00:53:32.388Z] > git for-each-ref --sort -committerdate --format %(refname) %(objectname) %(*objectname) [10ms]
[2022-10-07T00:53:32.411Z] > git config --get commit.template [2ms]
[2022-10-07T00:53:37.430Z] > git status -z -uall [3ms]
[2022-10-07T00:53:37.438Z] > git symbolic-ref --short HEAD [1ms]
[2022-10-07T00:53:37.447Z] > git for-each-ref --format=%(refname)%00%(upstream:short)%00%(objectname) refs/heads/master refs/remotes/master [1ms]
[2022-10-07T00:53:37.456Z] > git rev-list --left-right --count master...origin/master [1ms]
[2022-10-07T00:53:37.473Z] > git remote --verbose [1ms]
[2022-10-07T00:53:37.473Z] > git for-each-ref --sort -committerdate --format %(refname) %(objectname) %(*objectname) [10ms]
[2022-10-07T00:53:37.488Z] > git config --get commit.template [1ms]
[2022-10-07T00:53:42.503Z] > git status -z -uall [1ms]
[2022-10-07T00:53:42.512Z] > git symbolic-ref --short HEAD [1ms]
[2022-10-07T00:53:42.521Z] > git for-each-ref --format=%(refname)%00%(upstream:short)%00%(objectname) refs/heads/master refs/remotes/master [2ms]
[2022-10-07T00:53:42.531Z] > git rev-list --left-right --count master...origin/master [1ms]
[2022-10-07T00:53:42.547Z] > git remote --verbose [1ms]
[2022-10-07T00:53:42.547Z] > git for-each-ref --sort -committerdate --format %(refname) %(objectname) %(*objectname) [7ms]
[2022-10-07T00:53:42.560Z] > git config --get commit.template [1ms]
[2022-10-07T00:53:47.576Z] > git status -z -uall [1ms]
[2022-10-07T00:53:47.585Z] > git symbolic-ref --short HEAD [1ms]
[2022-10-07T00:53:47.594Z] > git for-each-ref --format=%(refname)%00%(upstream:short)%00%(objectname) refs/heads/master refs/remotes/master [1ms]
[2022-10-07T00:53:47.603Z] > git rev-list --left-right --count master...origin/master [2ms]
[2022-10-07T00:53:47.620Z] > git remote --verbose [1ms]
[2022-10-07T00:53:47.620Z] > git for-each-ref --sort -committerdate --format %(refname) %(objectname) %(*objectname) [9ms]
[2022-10-07T00:53:47.640Z] > git config --get commit.template [1ms]
[2022-10-07T00:53:52.666Z] > git status -z -uall [7ms]
[2022-10-07T00:53:52.678Z] > git symbolic-ref --short HEAD [1ms]
[2022-10-07T00:53:52.707Z] > git for-each-ref --format=%(refname)%00%(upstream:short)%00%(objectname) refs/heads/master refs/remotes/master [8ms]
[2022-10-07T00:53:52.721Z] > git rev-list --left-right --count master...origin/master [1ms]
[2022-10-07T00:53:52.749Z] > git remote --verbose [2ms]
[2022-10-07T00:53:52.749Z] > git for-each-ref --sort -committerdate --format %(refname) %(objectname) %(*objectname) [15ms]
[2022-10-07T00:53:52.774Z] > git config --get commit.template [1ms]
[2022-10-07T00:54:04.442Z] > git status -z -uall [2251ms]
[2022-10-07T00:54:24.528Z] > git symbolic-ref --short HEAD [18315ms]
[2022-10-07T00:54:24.665Z] > git for-each-ref --format=%(refname)%00%(upstream:short)%00%(objectname) refs/heads/master refs/remotes/master [32ms]
[2022-10-07T00:54:24.742Z] > git rev-list --left-right --count master...origin/master [41ms]
[2022-10-07T00:54:24.789Z] > git remote --verbose [3ms]
[2022-10-07T00:54:24.827Z] > git for-each-ref --sort -committerdate --format %(refname) %(objectname) %(*objectname) [49ms]
[2022-10-07T00:54:25.096Z] > git config --get commit.template [168ms]
[2022-10-07T00:54:30.162Z] > git status -z -uall [53ms]
[2022-10-07T00:54:30.174Z] > git symbolic-ref --short HEAD [2ms]
[2022-10-07T00:54:30.183Z] > git for-each-ref --format=%(refname)%00%(upstream:short)%00%(objectname) refs/heads/master refs/remotes/master [2ms]
[2022-10-07T00:54:30.191Z] > git rev-list --left-right --count master...origin/master [2ms]
[2022-10-07T00:54:30.205Z] > git remote --verbose [0ms]
[2022-10-07T00:54:30.210Z] > git for-each-ref --sort -committerdate --format %(refname) %(objectname) %(*objectname) [12ms]
[2022-10-07T00:54:30.247Z] > git config --get commit.template [1ms]
[2022-10-07T00:56:39.312Z] > git status -z -uall [20ms]
[2022-10-07T00:56:39.321Z] > git symbolic-ref --short HEAD [1ms]
[2022-10-07T00:56:39.330Z] > git for-each-ref --format=%(refname)%00%(upstream:short)%00%(objectname) refs/heads/master refs/remotes/master [1ms]
[2022-10-07T00:56:39.343Z] > git rev-list --left-right --count master...origin/master [3ms]
[2022-10-07T00:56:39.360Z] > git remote --verbose [1ms]
[2022-10-07T00:56:39.361Z] > git for-each-ref --sort -committerdate --format %(refname) %(objectname) %(*objectname) [10ms]
[2022-10-07T00:56:39.379Z] > git config --get commit.template [1ms]
[2022-10-07T00:56:44.429Z] > git status -z -uall [34ms]
[2022-10-07T00:56:44.438Z] > git symbolic-ref --short HEAD [1ms]
[2022-10-07T00:56:44.446Z] > git for-each-ref --format=%(refname)%00%(upstream:short)%00%(objectname) refs/heads/master refs/remotes/master [1ms]
[2022-10-07T00:56:44.454Z] > git rev-list --left-right --count master...origin/master [1ms]
[2022-10-07T00:56:44.470Z] > git remote --verbose [1ms]
[2022-10-07T00:56:44.471Z] > git for-each-ref --sort -committerdate --format %(refname) %(objectname) %(*objectname) [9ms]
[2022-10-07T00:56:44.486Z] > git config --get commit.template [2ms]
[2022-10-07T00:56:49.512Z] > git status -z -uall [9ms]
[2022-10-07T00:56:49.524Z] > git symbolic-ref --short HEAD [1ms]
[2022-10-07T00:56:49.536Z] > git for-each-ref --format=%(refname)%00%(upstream:short)%00%(objectname) refs/heads/master refs/remotes/master [1ms]
[2022-10-07T00:56:49.548Z] > git rev-list --left-right --count master...origin/master [1ms]
[2022-10-07T00:56:49.572Z] > git remote --verbose [2ms]
[2022-10-07T00:56:49.572Z] > git for-each-ref --sort -committerdate --format %(refname) %(objectname) %(*objectname) [12ms]
[2022-10-07T00:56:49.605Z] > git config --get commit.template [1ms]
[2022-10-07T00:56:54.631Z] > git status -z -uall [7ms]
[2022-10-07T00:56:54.639Z] > git symbolic-ref --short HEAD [1ms]
[2022-10-07T00:56:54.647Z] > git for-each-ref --format=%(refname)%00%(upstream:short)%00%(objectname) refs/heads/master refs/remotes/master [1ms]
[2022-10-07T00:56:54.655Z] > git rev-list --left-right --count master...origin/master [1ms]
[2022-10-07T00:56:54.675Z] > git remote --verbose [1ms]
[2022-10-07T00:56:54.675Z] > git for-each-ref --sort -committerdate --format %(refname) %(objectname) %(*objectname) [8ms]
[2022-10-07T00:56:54.689Z] > git config --get commit.template [1ms]
[2022-10-07T00:56:59.713Z] > git status -z -uall [5ms]
[2022-10-07T00:56:59.726Z] > git symbolic-ref --short HEAD [1ms]
[2022-10-07T00:56:59.738Z] > git for-each-ref --format=%(refname)%00%(upstream:short)%00%(objectname) refs/heads/master refs/remotes/master [1ms]
[2022-10-07T00:56:59.752Z] > git rev-list --left-right --count master...origin/master [1ms]
[2022-10-07T00:56:59.777Z] > git remote --verbose [1ms]
[2022-10-07T00:56:59.778Z] > git for-each-ref --sort -committerdate --format %(refname) %(objectname) %(*objectname) [13ms]
[2022-10-07T00:56:59.797Z] > git config --get commit.template [0ms]
[2022-10-07T00:57:08.916Z] > git status -z -uall [4ms]
[2022-10-07T00:57:08.924Z] > git symbolic-ref --short HEAD [1ms]
[2022-10-07T00:57:08.934Z] > git for-each-ref --format=%(refname)%00%(upstream:short)%00%(objectname) refs/heads/master refs/remotes/master [1ms]
[2022-10-07T00:57:08.945Z] > git rev-list --left-right --count master...origin/master [1ms]
[2022-10-07T00:57:08.962Z] > git remote --verbose [1ms]
[2022-10-07T00:57:08.963Z] > git for-each-ref --sort -committerdate --format %(refname) %(objectname) %(*objectname) [9ms]
[2022-10-07T00:57:08.983Z] > git config --get commit.template [0ms]
[2022-10-07T00:57:14.000Z] > git status -z -uall [0ms]
[2022-10-07T00:57:14.008Z] > git symbolic-ref --short HEAD [0ms]
[2022-10-07T00:57:14.016Z] > git for-each-ref --format=%(refname)%00%(upstream:short)%00%(objectname) refs/heads/master refs/remotes/master [0ms]
[2022-10-07T00:57:14.025Z] > git rev-list --left-right --count master...origin/master [1ms]
[2022-10-07T00:57:14.041Z] > git remote --verbose [0ms]
[2022-10-07T00:57:14.042Z] > git for-each-ref --sort -committerdate --format %(refname) %(objectname) %(*objectname) [9ms]
[2022-10-07T00:57:14.057Z] > git config --get commit.template [0ms]
[2022-10-07T00:57:17.652Z] > git check-ignore -v -z --stdin [13ms]
[2022-10-07T00:57:18.790Z] > git check-ignore -v -z --stdin [5ms]
[2022-10-07T00:57:19.074Z] > git status -z -uall [1ms]
[2022-10-07T00:57:19.084Z] > git symbolic-ref --short HEAD [1ms]
[2022-10-07T00:57:19.092Z] > git for-each-ref --format=%(refname)%00%(upstream:short)%00%(objectname) refs/heads/master refs/remotes/master [1ms]
[2022-10-07T00:57:19.102Z] > git rev-list --left-right --count master...origin/master [2ms]
[2022-10-07T00:57:19.120Z] > git remote --verbose [1ms]
[2022-10-07T00:57:19.120Z] > git for-each-ref --sort -committerdate --format %(refname) %(objectname) %(*objectname) [9ms]
[2022-10-07T00:57:19.133Z] > git config --get commit.template [1ms]
[2022-10-07T00:57:20.733Z] > git check-ignore -v -z --stdin [7ms]
[2022-10-07T00:57:24.158Z] > git status -z -uall [9ms]
[2022-10-07T00:57:24.172Z] > git symbolic-ref --short HEAD [2ms]
[2022-10-07T00:57:24.184Z] > git for-each-ref --format=%(refname)%00%(upstream:short)%00%(objectname) refs/heads/master refs/remotes/master [0ms]
[2022-10-07T00:57:24.197Z] > git rev-list --left-right --count master...origin/master [1ms]
[2022-10-07T00:57:24.220Z] > git remote --verbose [2ms]
[2022-10-07T00:57:24.220Z] > git for-each-ref --sort -committerdate --format %(refname) %(objectname) %(*objectname) [12ms]
[2022-10-07T00:57:24.242Z] > git config --get commit.template [1ms]
[2022-10-07T00:58:51.533Z] > git status -z -uall [9ms]
[2022-10-07T00:58:51.545Z] > git symbolic-ref --short HEAD [1ms]
[2022-10-07T00:58:51.557Z] > git for-each-ref --format=%(refname)%00%(upstream:short)%00%(objectname) refs/heads/master refs/remotes/master [1ms]
[2022-10-07T00:58:51.571Z] > git rev-list --left-right --count master...origin/master [1ms]
[2022-10-07T00:58:51.594Z] > git remote --verbose [2ms]
[2022-10-07T00:58:51.594Z] > git for-each-ref --sort -committerdate --format %(refname) %(objectname) %(*objectname) [12ms]
[2022-10-07T00:58:51.615Z] > git config --get commit.template [1ms]
[2022-10-07T00:58:56.635Z] > git status -z -uall [3ms]
[2022-10-07T00:58:56.643Z] > git symbolic-ref --short HEAD [1ms]
[2022-10-07T00:58:56.652Z] > git for-each-ref --format=%(refname)%00%(upstream:short)%00%(objectname) refs/heads/master refs/remotes/master [1ms]
[2022-10-07T00:58:56.660Z] > git rev-list --left-right --count master...origin/master [0ms]
[2022-10-07T00:58:56.677Z] > git remote --verbose [1ms]
[2022-10-07T00:58:56.678Z] > git for-each-ref --sort -committerdate --format %(refname) %(objectname) %(*objectname) [10ms]
[2022-10-07T00:58:56.696Z] > git config --get commit.template [1ms]
[2022-10-07T00:59:01.721Z] > git status -z -uall [7ms]
[2022-10-07T00:59:01.733Z] > git symbolic-ref --short HEAD [1ms]
[2022-10-07T00:59:01.744Z] > git for-each-ref --format=%(refname)%00%(upstream:short)%00%(objectname) refs/heads/master refs/remotes/master [1ms]
[2022-10-07T00:59:01.756Z] > git rev-list --left-right --count master...origin/master [1ms]
[2022-10-07T00:59:01.774Z] > git remote --verbose [1ms]
[2022-10-07T00:59:01.775Z] > git for-each-ref --sort -committerdate --format %(refname) %(objectname) %(*objectname) [9ms]
[2022-10-07T00:59:01.789Z] > git config --get commit.template [1ms]
[2022-10-07T00:59:06.807Z] > git status -z -uall [2ms]
[2022-10-07T00:59:06.814Z] > git symbolic-ref --short HEAD [0ms]
[2022-10-07T00:59:06.823Z] > git for-each-ref --format=%(refname)%00%(upstream:short)%00%(objectname) refs/heads/master refs/remotes/master [1ms]
[2022-10-07T00:59:06.832Z] > git rev-list --left-right --count master...origin/master [1ms]
[2022-10-07T00:59:06.848Z] > git remote --verbose [1ms]
[2022-10-07T00:59:06.848Z] > git for-each-ref --sort -committerdate --format %(refname) %(objectname) %(*objectname) [9ms]
[2022-10-07T00:59:06.863Z] > git config --get commit.template [0ms]
[2022-10-07T00:59:11.885Z] > git status -z -uall [4ms]
[2022-10-07T00:59:11.895Z] > git symbolic-ref --short HEAD [2ms]
[2022-10-07T00:59:11.904Z] > git for-each-ref --format=%(refname)%00%(upstream:short)%00%(objectname) refs/heads/master refs/remotes/master [1ms]
[2022-10-07T00:59:11.912Z] > git rev-list --left-right --count master...origin/master [1ms]
[2022-10-07T00:59:11.928Z] > git remote --verbose [1ms]
[2022-10-07T00:59:11.928Z] > git for-each-ref --sort -committerdate --format %(refname) %(objectname) %(*objectname) [8ms]
[2022-10-07T00:59:11.941Z] > git config --get commit.template [2ms]
[2022-10-07T00:59:16.956Z] > git status -z -uall [0ms]
[2022-10-07T00:59:16.965Z] > git symbolic-ref --short HEAD [1ms]
[2022-10-07T00:59:16.973Z] > git for-each-ref --format=%(refname)%00%(upstream:short)%00%(objectname) refs/heads/master refs/remotes/master [0ms]
[2022-10-07T00:59:16.982Z] > git rev-list --left-right --count master...origin/master [1ms]
[2022-10-07T00:59:16.997Z] > git remote --verbose [1ms]
[2022-10-07T00:59:16.998Z] > git for-each-ref --sort -committerdate --format %(refname) %(objectname) %(*objectname) [9ms]
[2022-10-07T00:59:17.012Z] > git config --get commit.template [1ms]
[2022-10-07T00:59:22.033Z] > git status -z -uall [5ms]
[2022-10-07T00:59:22.042Z] > git symbolic-ref --short HEAD [1ms]
[2022-10-07T00:59:22.053Z] > git for-each-ref --format=%(refname)%00%(upstream:short)%00%(objectname) refs/heads/master refs/remotes/master [1ms]
[2022-10-07T00:59:22.067Z] > git rev-list --left-right --count master...origin/master [1ms]
[2022-10-07T00:59:22.091Z] > git remote --verbose [2ms]
[2022-10-07T00:59:22.091Z] > git for-each-ref --sort -committerdate --format %(refname) %(objectname) %(*objectname) [14ms]
[2022-10-07T00:59:22.112Z] > git config --get commit.template [1ms]
[2022-10-07T00:59:27.134Z] > git status -z -uall [5ms]
[2022-10-07T00:59:27.143Z] > git symbolic-ref --short HEAD [1ms]
[2022-10-07T00:59:27.151Z] > git for-each-ref --format=%(refname)%00%(upstream:short)%00%(objectname) refs/heads/master refs/remotes/master [0ms]
[2022-10-07T00:59:27.160Z] > git rev-list --left-right --count master...origin/master [0ms]
[2022-10-07T00:59:27.179Z] > git remote --verbose [1ms]
[2022-10-07T00:59:27.180Z] > git for-each-ref --sort -committerdate --format %(refname) %(objectname) %(*objectname) [11ms]
[2022-10-07T00:59:27.194Z] > git config --get commit.template [0ms]
[2022-10-07T00:59:32.210Z] > git status -z -uall [0ms]
[2022-10-07T00:59:32.220Z] > git symbolic-ref --short HEAD [1ms]
[2022-10-07T00:59:32.228Z] > git for-each-ref --format=%(refname)%00%(upstream:short)%00%(objectname) refs/heads/master refs/remotes/master [1ms]
[2022-10-07T00:59:32.236Z] > git rev-list --left-right --count master...origin/master [0ms]
[2022-10-07T00:59:32.252Z] > git remote --verbose [1ms]
[2022-10-07T00:59:32.252Z] > git for-each-ref --sort -committerdate --format %(refname) %(objectname) %(*objectname) [8ms]
[2022-10-07T00:59:32.266Z] > git config --get commit.template [1ms]
[2022-10-07T00:59:37.284Z] > git status -z -uall [3ms]
[2022-10-07T00:59:37.292Z] > git symbolic-ref --short HEAD [1ms]
[2022-10-07T00:59:37.300Z] > git for-each-ref --format=%(refname)%00%(upstream:short)%00%(objectname) refs/heads/master refs/remotes/master [0ms]
[2022-10-07T00:59:37.309Z] > git rev-list --left-right --count master...origin/master [1ms]
[2022-10-07T00:59:37.325Z] > git remote --verbose [2ms]
[2022-10-07T00:59:37.325Z] > git for-each-ref --sort -committerdate --format %(refname) %(objectname) %(*objectname) [9ms]
[2022-10-07T00:59:37.338Z] > git config --get commit.template [0ms]
[2022-10-07T01:00:01.925Z] > git status -z -uall [9ms]
[2022-10-07T01:00:01.938Z] > git symbolic-ref --short HEAD [1ms]
[2022-10-07T01:00:01.950Z] > git for-each-ref --format=%(refname)%00%(upstream:short)%00%(objectname) refs/heads/master refs/remotes/master [1ms]
[2022-10-07T01:00:01.964Z] > git rev-list --left-right --count master...origin/master [1ms]
[2022-10-07T01:00:01.988Z] > git remote --verbose [2ms]
[2022-10-07T01:00:01.988Z] > git for-each-ref --sort -committerdate --format %(refname) %(objectname) %(*objectname) [13ms]
[2022-10-07T01:00:02.022Z] > git config --get commit.template [1ms]
[2022-10-07T01:00:07.046Z] > git status -z -uall [7ms]
[2022-10-07T01:00:07.057Z] > git symbolic-ref --short HEAD [0ms]
[2022-10-07T01:00:07.069Z] > git for-each-ref --format=%(refname)%00%(upstream:short)%00%(objectname) refs/heads/master refs/remotes/master [1ms]
[2022-10-07T01:00:07.080Z] > git rev-list --left-right --count master...origin/master [2ms]
[2022-10-07T01:00:07.105Z] > git remote --verbose [1ms]
[2022-10-07T01:00:07.106Z] > git for-each-ref --sort -committerdate --format %(refname) %(objectname) %(*objectname) [14ms]
[2022-10-07T01:00:07.124Z] > git config --get commit.template [1ms]
[2022-10-07T01:00:12.417Z] > git status -z -uall [8ms]
[2022-10-07T01:00:12.429Z] > git symbolic-ref --short HEAD [1ms]
[2022-10-07T01:00:12.440Z] > git for-each-ref --format=%(refname)%00%(upstream:short)%00%(objectname) refs/heads/master refs/remotes/master [1ms]
[2022-10-07T01:00:12.453Z] > git rev-list --left-right --count master...origin/master [1ms]
[2022-10-07T01:00:12.475Z] > git remote --verbose [2ms]
[2022-10-07T01:00:12.475Z] > git for-each-ref --sort -committerdate --format %(refname) %(objectname) %(*objectname) [12ms]
[2022-10-07T01:00:12.494Z] > git config --get commit.template [1ms]
[2022-10-07T01:00:17.510Z] > git status -z -uall [0ms]
[2022-10-07T01:00:17.520Z] > git symbolic-ref --short HEAD [1ms]
[2022-10-07T01:00:17.530Z] > git for-each-ref --format=%(refname)%00%(upstream:short)%00%(objectname) refs/heads/master refs/remotes/master [1ms]
[2022-10-07T01:00:17.540Z] > git rev-list --left-right --count master...origin/master [1ms]
[2022-10-07T01:00:17.560Z] > git remote --verbose [0ms]
[2022-10-07T01:00:17.560Z] > git for-each-ref --sort -committerdate --format %(refname) %(objectname) %(*objectname) [10ms]
[2022-10-07T01:00:17.575Z] > git config --get commit.template [0ms]
[2022-10-07T01:00:22.591Z] > git status -z -uall [1ms]
[2022-10-07T01:00:22.599Z] > git symbolic-ref --short HEAD [1ms]
[2022-10-07T01:00:22.608Z] > git for-each-ref --format=%(refname)%00%(upstream:short)%00%(objectname) refs/heads/master refs/remotes/master [0ms]
[2022-10-07T01:00:22.616Z] > git rev-list --left-right --count master...origin/master [1ms]
[2022-10-07T01:00:22.632Z] > git remote --verbose [1ms]
[2022-10-07T01:00:22.633Z] > git for-each-ref --sort -committerdate --format %(refname) %(objectname) %(*objectname) [9ms]
[2022-10-07T01:00:22.648Z] > git config --get commit.template [1ms]
[2022-10-07T01:00:27.665Z] > git status -z -uall [2ms]
[2022-10-07T01:00:27.680Z] > git symbolic-ref --short HEAD [3ms]
[2022-10-07T01:00:27.690Z] > git for-each-ref --format=%(refname)%00%(upstream:short)%00%(objectname) refs/heads/master refs/remotes/master [1ms]
[2022-10-07T01:00:27.699Z] > git rev-list --left-right --count master...origin/master [1ms]
[2022-10-07T01:00:27.714Z] > git remote --verbose [1ms]
[2022-10-07T01:00:27.714Z] > git for-each-ref --sort -committerdate --format %(refname) %(objectname) %(*objectname) [7ms]
[2022-10-07T01:00:27.727Z] > git config --get commit.template [0ms]
[2022-10-07T01:00:58.432Z] > git status -z -uall [2ms]
[2022-10-07T01:00:58.441Z] > git symbolic-ref --short HEAD [1ms]
[2022-10-07T01:00:58.449Z] > git for-each-ref --format=%(refname)%00%(upstream:short)%00%(objectname) refs/heads/master refs/remotes/master [1ms]
[2022-10-07T01:00:58.458Z] > git rev-list --left-right --count master...origin/master [1ms]
[2022-10-07T01:00:58.473Z] > git remote --verbose [1ms]
[2022-10-07T01:00:58.474Z] > git for-each-ref --sort -committerdate --format %(refname) %(objectname) %(*objectname) [9ms]
[2022-10-07T01:00:58.487Z] > git config --get commit.template [0ms]
[2022-10-07T01:01:00.614Z] > git ls-files --stage -- /root/server/server.js [1ms]
[2022-10-07T01:01:00.622Z] > git cat-file -s d5b6c39405e11e3db18970cfb707ac1a64b27b82 [0ms]
[2022-10-07T01:01:00.676Z] > git show --textconv :server/server.js [1ms]
[2022-10-07T01:01:03.522Z] > git status -z -uall [19ms]
[2022-10-07T01:01:03.534Z] > git symbolic-ref --short HEAD [5ms]
[2022-10-07T01:01:03.542Z] > git for-each-ref --format=%(refname)%00%(upstream:short)%00%(objectname) refs/heads/master refs/remotes/master [1ms]
[2022-10-07T01:01:03.550Z] > git rev-list --left-right --count master...origin/master [1ms]
[2022-10-07T01:01:03.565Z] > git remote --verbose [1ms]
[2022-10-07T01:01:03.566Z] > git for-each-ref --sort -committerdate --format %(refname) %(objectname) %(*objectname) [9ms]
[2022-10-07T01:01:03.582Z] > git config --get commit.template [1ms]
[2022-10-07T01:01:04.773Z] > git ls-files --stage -- /root/server/server.js [1ms]
[2022-10-07T01:01:04.781Z] > git cat-file -s d5b6c39405e11e3db18970cfb707ac1a64b27b82 [1ms]
[2022-10-07T01:01:04.855Z] > git show --textconv :server/server.js [0ms]
[2022-10-07T01:01:08.615Z] > git status -z -uall [17ms]
[2022-10-07T01:01:08.623Z] > git symbolic-ref --short HEAD [1ms]
[2022-10-07T01:01:08.632Z] > git for-each-ref --format=%(refname)%00%(upstream:short)%00%(objectname) refs/heads/master refs/remotes/master [1ms]
[2022-10-07T01:01:08.641Z] > git rev-list --left-right --count master...origin/master [1ms]
[2022-10-07T01:01:08.660Z] > git remote --verbose [1ms]
[2022-10-07T01:01:08.661Z] > git for-each-ref --sort -committerdate --format %(refname) %(objectname) %(*objectname) [11ms]
[2022-10-07T01:01:08.674Z] > git config --get commit.template [0ms]
[2022-10-07T01:01:09.844Z] > git ls-files --stage -- /root/server/server.js [0ms]
[2022-10-07T01:01:09.854Z] > git cat-file -s d5b6c39405e11e3db18970cfb707ac1a64b27b82 [1ms]
[2022-10-07T01:01:09.897Z] > git show --textconv :server/server.js [1ms]
[2022-10-07T01:01:13.035Z] > git ls-files --stage -- /root/server/server.js [1ms]
[2022-10-07T01:01:13.043Z] > git cat-file -s d5b6c39405e11e3db18970cfb707ac1a64b27b82 [1ms]
[2022-10-07T01:01:13.094Z] > git show --textconv :server/server.js [1ms]
[2022-10-07T01:01:13.710Z] > git status -z -uall [20ms]
[2022-10-07T01:01:13.719Z] > git symbolic-ref --short HEAD [1ms]
[2022-10-07T01:01:13.727Z] > git for-each-ref --format=%(refname)%00%(upstream:short)%00%(objectname) refs/heads/master refs/remotes/master [1ms]
[2022-10-07T01:01:13.737Z] > git rev-list --left-right --count master...origin/master [1ms]
[2022-10-07T01:01:13.754Z] > git remote --verbose [1ms]
[2022-10-07T01:01:13.755Z] > git for-each-ref --sort -committerdate --format %(refname) %(objectname) %(*objectname) [10ms]
[2022-10-07T01:01:13.769Z] > git config --get commit.template [1ms]
[2022-10-07T01:01:14.948Z] > git ls-files --stage -- /root/server/server.js [1ms]
[2022-10-07T01:01:14.975Z] > git cat-file -s d5b6c39405e11e3db18970cfb707ac1a64b27b82 [1ms]
[2022-10-07T01:01:15.036Z] > git show --textconv :server/server.js [1ms]
[2022-10-07T01:01:18.829Z] > git status -z -uall [37ms]
[2022-10-07T01:01:18.846Z] > git symbolic-ref --short HEAD [1ms]
[2022-10-07T01:01:18.860Z] > git for-each-ref --format=%(refname)%00%(upstream:short)%00%(objectname) refs/heads/master refs/remotes/master [1ms]
[2022-10-07T01:01:18.876Z] > git rev-list --left-right --count master...origin/master [2ms]
[2022-10-07T01:01:18.902Z] > git remote --verbose [2ms]
[2022-10-07T01:01:18.902Z] > git for-each-ref --sort -committerdate --format %(refname) %(objectname) %(*objectname) [13ms]
[2022-10-07T01:01:18.921Z] > git config --get commit.template [0ms]
[2022-10-07T01:01:20.070Z] > git ls-files --stage -- /root/server/server.js [1ms]
[2022-10-07T01:01:20.082Z] > git cat-file -s d5b6c39405e11e3db18970cfb707ac1a64b27b82 [1ms]
[2022-10-07T01:01:20.135Z] > git show --textconv :server/server.js [0ms]
[2022-10-07T01:01:23.955Z] > git status -z -uall [18ms]
[2022-10-07T01:01:23.964Z] > git symbolic-ref --short HEAD [1ms]
[2022-10-07T01:01:23.973Z] > git for-each-ref --format=%(refname)%00%(upstream:short)%00%(objectname) refs/heads/master refs/remotes/master [1ms]
[2022-10-07T01:01:23.982Z] > git rev-list --left-right --count master...origin/master [1ms]
[2022-10-07T01:01:23.999Z] > git remote --verbose [2ms]
[2022-10-07T01:01:24.000Z] > git for-each-ref --sort -committerdate --format %(refname) %(objectname) %(*objectname) [11ms]
[2022-10-07T01:01:24.018Z] > git config --get commit.template [1ms]
[2022-10-07T01:01:26.163Z] > git ls-files --stage -- /root/server/server.js [1ms]
[2022-10-07T01:01:26.171Z] > git cat-file -s d5b6c39405e11e3db18970cfb707ac1a64b27b82 [0ms]
[2022-10-07T01:01:26.220Z] > git show --textconv :server/server.js [0ms]
[2022-10-07T01:01:29.051Z] > git status -z -uall [18ms]
[2022-10-07T01:01:29.059Z] > git symbolic-ref --short HEAD [1ms]
[2022-10-07T01:01:29.067Z] > git for-each-ref --format=%(refname)%00%(upstream:short)%00%(objectname) refs/heads/master refs/remotes/master [0ms]
[2022-10-07T01:01:29.076Z] > git rev-list --left-right --count master...origin/master [0ms]
[2022-10-07T01:01:29.093Z] > git remote --verbose [1ms]
[2022-10-07T01:01:29.093Z] > git for-each-ref --sort -committerdate --format %(refname) %(objectname) %(*objectname) [9ms]
[2022-10-07T01:01:29.107Z] > git config --get commit.template [1ms]
[2022-10-07T01:01:30.269Z] > git ls-files --stage -- /root/server/server.js [0ms]
[2022-10-07T01:01:30.277Z] > git cat-file -s d5b6c39405e11e3db18970cfb707ac1a64b27b82 [1ms]
[2022-10-07T01:01:30.330Z] > git show --textconv :server/server.js [0ms]
[2022-10-07T01:01:34.141Z] > git status -z -uall [19ms]
[2022-10-07T01:01:34.149Z] > git symbolic-ref --short HEAD [1ms]
[2022-10-07T01:01:34.158Z] > git for-each-ref --format=%(refname)%00%(upstream:short)%00%(objectname) refs/heads/master refs/remotes/master [1ms]
[2022-10-07T01:01:34.166Z] > git rev-list --left-right --count master...origin/master [0ms]
[2022-10-07T01:01:34.184Z] > git remote --verbose [1ms]
[2022-10-07T01:01:34.185Z] > git for-each-ref --sort -committerdate --format %(refname) %(objectname) %(*objectname) [10ms]
[2022-10-07T01:01:34.200Z] > git config --get commit.template [1ms]
[2022-10-07T01:01:35.381Z] > git ls-files --stage -- /root/server/server.js [0ms]
[2022-10-07T01:01:35.390Z] > git cat-file -s d5b6c39405e11e3db18970cfb707ac1a64b27b82 [0ms]
[2022-10-07T01:01:35.441Z] > git show --textconv :server/server.js [2ms]
[2022-10-07T01:01:39.240Z] > git status -z -uall [22ms]
[2022-10-07T01:01:39.251Z] > git symbolic-ref --short HEAD [1ms]
[2022-10-07T01:01:39.260Z] > git for-each-ref --format=%(refname)%00%(upstream:short)%00%(objectname) refs/heads/master refs/remotes/master [0ms]
[2022-10-07T01:01:39.270Z] > git rev-list --left-right --count master...origin/master [1ms]
[2022-10-07T01:01:39.290Z] > git remote --verbose [1ms]
[2022-10-07T01:01:39.290Z] > git for-each-ref --sort -committerdate --format %(refname) %(objectname) %(*objectname) [9ms]
[2022-10-07T01:01:39.308Z] > git config --get commit.template [1ms]
[2022-10-07T01:01:41.147Z] > git ls-files --stage -- /root/server/server.js [1ms]
[2022-10-07T01:01:41.159Z] > git cat-file -s d5b6c39405e11e3db18970cfb707ac1a64b27b82 [1ms]
[2022-10-07T01:01:41.211Z] > git show --textconv :server/server.js [1ms]
[2022-10-07T01:01:43.101Z] > git ls-files --stage -- /root/server/server.js [1ms]
[2022-10-07T01:01:43.114Z] > git cat-file -s d5b6c39405e11e3db18970cfb707ac1a64b27b82 [1ms]
[2022-10-07T01:01:43.192Z] > git show --textconv :server/server.js [1ms]
[2022-10-07T01:01:44.341Z] > git status -z -uall [18ms]
[2022-10-07T01:01:44.349Z] > git symbolic-ref --short HEAD [1ms]
[2022-10-07T01:01:44.359Z] > git for-each-ref --format=%(refname)%00%(upstream:short)%00%(objectname) refs/heads/master refs/remotes/master [1ms]
[2022-10-07T01:01:44.368Z] > git rev-list --left-right --count master...origin/master [1ms]
[2022-10-07T01:01:44.385Z] > git remote --verbose [1ms]
[2022-10-07T01:01:44.385Z] > git for-each-ref --sort -committerdate --format %(refname) %(objectname) %(*objectname) [9ms]
[2022-10-07T01:01:44.401Z] > git config --get commit.template [1ms]
[2022-10-07T01:01:45.575Z] > git ls-files --stage -- /root/server/server.js [1ms]
[2022-10-07T01:01:45.583Z] > git cat-file -s d5b6c39405e11e3db18970cfb707ac1a64b27b82 [1ms]
[2022-10-07T01:01:45.636Z] > git show --textconv :server/server.js [1ms]
[2022-10-07T01:01:49.434Z] > git status -z -uall [17ms]
[2022-10-07T01:01:49.442Z] > git symbolic-ref --short HEAD [0ms]
[2022-10-07T01:01:49.450Z] > git for-each-ref --format=%(refname)%00%(upstream:short)%00%(objectname) refs/heads/master refs/remotes/master [1ms]
[2022-10-07T01:01:49.459Z] > git rev-list --left-right --count master...origin/master [1ms]
[2022-10-07T01:01:49.475Z] > git remote --verbose [1ms]
[2022-10-07T01:01:49.476Z] > git for-each-ref --sort -committerdate --format %(refname) %(objectname) %(*objectname) [10ms]
[2022-10-07T01:01:49.489Z] > git config --get commit.template [1ms]
[2022-10-07T01:01:50.664Z] > git ls-files --stage -- /root/server/server.js [1ms]
[2022-10-07T01:01:50.672Z] > git cat-file -s d5b6c39405e11e3db18970cfb707ac1a64b27b82 [1ms]
[2022-10-07T01:01:50.735Z] > git show --textconv :server/server.js [1ms]
[2022-10-07T01:01:54.522Z] > git status -z -uall [18ms]
[2022-10-07T01:01:54.534Z] > git symbolic-ref --short HEAD [0ms]
[2022-10-07T01:01:54.542Z] > git for-each-ref --format=%(refname)%00%(upstream:short)%00%(objectname) refs/heads/master refs/remotes/master [0ms]
[2022-10-07T01:01:54.552Z] > git rev-list --left-right --count master...origin/master [0ms]
[2022-10-07T01:01:54.570Z] > git remote --verbose [1ms]
[2022-10-07T01:01:54.570Z] > git for-each-ref --sort -committerdate --format %(refname) %(objectname) %(*objectname) [9ms]
[2022-10-07T01:01:54.592Z] > git config --get commit.template [1ms]
[2022-10-07T01:01:55.744Z] > git ls-files --stage -- /root/server/server.js [1ms]
[2022-10-07T01:01:55.752Z] > git cat-file -s d5b6c39405e11e3db18970cfb707ac1a64b27b82 [1ms]
[2022-10-07T01:01:55.800Z] > git show --textconv :server/server.js [1ms]
[2022-10-07T01:01:57.143Z] > git ls-files --stage -- /root/server/server.js [1ms]
[2022-10-07T01:01:57.151Z] > git cat-file -s d5b6c39405e11e3db18970cfb707ac1a64b27b82 [1ms]
[2022-10-07T01:01:57.204Z] > git show --textconv :server/server.js [1ms]
[2022-10-07T01:01:59.623Z] > git status -z -uall [15ms]
[2022-10-07T01:01:59.633Z] > git symbolic-ref --short HEAD [1ms]
[2022-10-07T01:01:59.642Z] > git for-each-ref --format=%(refname)%00%(upstream:short)%00%(objectname) refs/heads/master refs/remotes/master [0ms]
[2022-10-07T01:01:59.652Z] > git rev-list --left-right --count master...origin/master [1ms]
[2022-10-07T01:01:59.669Z] > git remote --verbose [1ms]
[2022-10-07T01:01:59.669Z] > git for-each-ref --sort -committerdate --format %(refname) %(objectname) %(*objectname) [9ms]
[2022-10-07T01:01:59.684Z] > git config --get commit.template [1ms]
[2022-10-07T01:02:00.857Z] > git ls-files --stage -- /root/server/server.js [1ms]
[2022-10-07T01:02:00.869Z] > git cat-file -s d5b6c39405e11e3db18970cfb707ac1a64b27b82 [1ms]
[2022-10-07T01:02:00.925Z] > git show --textconv :server/server.js [1ms]
[2022-10-07T01:02:04.721Z] > git status -z -uall [22ms]
[2022-10-07T01:02:04.732Z] > git symbolic-ref --short HEAD [0ms]
[2022-10-07T01:02:04.746Z] > git for-each-ref --format=%(refname)%00%(upstream:short)%00%(objectname) refs/heads/master refs/remotes/master [3ms]
[2022-10-07T01:02:04.767Z] > git rev-list --left-right --count master...origin/master [1ms]
[2022-10-07T01:02:04.787Z] > git remote --verbose [1ms]
[2022-10-07T01:02:04.788Z] > git for-each-ref --sort -committerdate --format %(refname) %(objectname) %(*objectname) [10ms]
[2022-10-07T01:02:04.804Z] > git config --get commit.template [0ms]
[2022-10-07T01:02:05.971Z] > git ls-files --stage -- /root/server/server.js [0ms]
[2022-10-07T01:02:05.982Z] > git cat-file -s d5b6c39405e11e3db18970cfb707ac1a64b27b82 [1ms]
[2022-10-07T01:02:06.035Z] > git show --textconv :server/server.js [1ms]
[2022-10-07T01:02:09.836Z] > git status -z -uall [16ms]
[2022-10-07T01:02:09.845Z] > git symbolic-ref --short HEAD [1ms]
[2022-10-07T01:02:09.853Z] > git for-each-ref --format=%(refname)%00%(upstream:short)%00%(objectname) refs/heads/master refs/remotes/master [1ms]
[2022-10-07T01:02:09.861Z] > git rev-list --left-right --count master...origin/master [1ms]
[2022-10-07T01:02:09.884Z] > git remote --verbose [1ms]
[2022-10-07T01:02:09.884Z] > git for-each-ref --sort -committerdate --format %(refname) %(objectname) %(*objectname) [8ms]
[2022-10-07T01:02:09.897Z] > git config --get commit.template [1ms]
[2022-10-07T01:02:11.067Z] > git ls-files --stage -- /root/server/server.js [1ms]
[2022-10-07T01:02:11.077Z] > git cat-file -s d5b6c39405e11e3db18970cfb707ac1a64b27b82 [1ms]
[2022-10-07T01:02:11.123Z] > git show --textconv :server/server.js [0ms]
[2022-10-07T01:02:14.932Z] > git status -z -uall [19ms]
[2022-10-07T01:02:14.940Z] > git symbolic-ref --short HEAD [0ms]
[2022-10-07T01:02:14.948Z] > git for-each-ref --format=%(refname)%00%(upstream:short)%00%(objectname) refs/heads/master refs/remotes/master [1ms]
[2022-10-07T01:02:14.957Z] > git rev-list --left-right --count master...origin/master [1ms]
[2022-10-07T01:02:14.974Z] > git remote --verbose [1ms]
[2022-10-07T01:02:14.974Z] > git for-each-ref --sort -committerdate --format %(refname) %(objectname) %(*objectname) [9ms]
[2022-10-07T01:02:14.992Z] > git config --get commit.template [1ms]
[2022-10-07T01:02:16.167Z] > git ls-files --stage -- /root/server/server.js [1ms]
[2022-10-07T01:02:16.174Z] > git cat-file -s d5b6c39405e11e3db18970cfb707ac1a64b27b82 [0ms]
[2022-10-07T01:02:16.233Z] > git show --textconv :server/server.js [0ms]
[2022-10-07T01:02:20.026Z] > git status -z -uall [17ms]
[2022-10-07T01:02:20.035Z] > git symbolic-ref --short HEAD [1ms]
[2022-10-07T01:02:20.043Z] > git for-each-ref --format=%(refname)%00%(upstream:short)%00%(objectname) refs/heads/master refs/remotes/master [0ms]
[2022-10-07T01:02:20.052Z] > git rev-list --left-right --count master...origin/master [1ms]
[2022-10-07T01:02:20.068Z] > git remote --verbose [1ms]
[2022-10-07T01:02:20.068Z] > git for-each-ref --sort -committerdate --format %(refname) %(objectname) %(*objectname) [9ms]
[2022-10-07T01:02:20.147Z] > git config --get commit.template [8ms]
[2022-10-07T01:02:21.342Z] > git ls-files --stage -- /root/server/server.js [3ms]
[2022-10-07T01:02:21.350Z] > git cat-file -s d5b6c39405e11e3db18970cfb707ac1a64b27b82 [1ms]
[2022-10-07T01:02:21.394Z] > git show --textconv :server/server.js [0ms]
[2022-10-07T01:02:32.658Z] > git status -z -uall [17ms]
[2022-10-07T01:02:32.666Z] > git symbolic-ref --short HEAD [0ms]
[2022-10-07T01:02:32.675Z] > git for-each-ref --format=%(refname)%00%(upstream:short)%00%(objectname) refs/heads/master refs/remotes/master [0ms]
[2022-10-07T01:02:32.685Z] > git rev-list --left-right --count master...origin/master [1ms]
[2022-10-07T01:02:32.702Z] > git remote --verbose [1ms]
[2022-10-07T01:02:32.702Z] > git for-each-ref --sort -committerdate --format %(refname) %(objectname) %(*objectname) [9ms]
[2022-10-07T01:02:32.719Z] > git config --get commit.template [1ms]
[2022-10-07T01:02:33.878Z] > git ls-files --stage -- /root/server/server.js [1ms]
[2022-10-07T01:02:33.885Z] > git cat-file -s d5b6c39405e11e3db18970cfb707ac1a64b27b82 [0ms]
[2022-10-07T01:02:33.925Z] > git show --textconv :server/server.js [0ms]
[2022-10-07T01:02:37.762Z] > git status -z -uall [25ms]
[2022-10-07T01:02:37.773Z] > git symbolic-ref --short HEAD [1ms]
[2022-10-07T01:02:37.785Z] > git for-each-ref --format=%(refname)%00%(upstream:short)%00%(objectname) refs/heads/master refs/remotes/master [1ms]
[2022-10-07T01:02:37.798Z] > git rev-list --left-right --count master...origin/master [0ms]
[2022-10-07T01:02:37.822Z] > git remote --verbose [3ms]
[2022-10-07T01:02:37.823Z] > git for-each-ref --sort -committerdate --format %(refname) %(objectname) %(*objectname) [13ms]
[2022-10-07T01:02:37.840Z] > git config --get commit.template [0ms]
[2022-10-07T01:02:38.985Z] > git ls-files --stage -- /root/server/server.js [1ms]
[2022-10-07T01:02:38.993Z] > git cat-file -s d5b6c39405e11e3db18970cfb707ac1a64b27b82 [1ms]
[2022-10-07T01:02:39.040Z] > git show --textconv :server/server.js [1ms]
[2022-10-07T01:02:42.873Z] > git status -z -uall [16ms]
[2022-10-07T01:02:42.881Z] > git symbolic-ref --short HEAD [0ms]
[2022-10-07T01:02:42.892Z] > git for-each-ref --format=%(refname)%00%(upstream:short)%00%(objectname) refs/heads/master refs/remotes/master [2ms]
[2022-10-07T01:02:42.906Z] > git rev-list --left-right --count master...origin/master [0ms]
[2022-10-07T01:02:42.924Z] > git remote --verbose [1ms]
[2022-10-07T01:02:42.924Z] > git for-each-ref --sort -committerdate --format %(refname) %(objectname) %(*objectname) [9ms]
[2022-10-07T01:02:42.941Z] > git config --get commit.template [0ms]
[2022-10-07T01:02:44.095Z] > git ls-files --stage -- /root/server/server.js [1ms]
[2022-10-07T01:02:44.102Z] > git cat-file -s d5b6c39405e11e3db18970cfb707ac1a64b27b82 [0ms]
[2022-10-07T01:02:44.154Z] > git show --textconv :server/server.js [1ms]
[2022-10-07T01:02:47.549Z] > git ls-files --stage -- /root/server/server.js [1ms]
[2022-10-07T01:02:47.559Z] > git cat-file -s d5b6c39405e11e3db18970cfb707ac1a64b27b82 [1ms]
[2022-10-07T01:02:47.611Z] > git show --textconv :server/server.js [1ms]
[2022-10-07T01:02:47.981Z] > git status -z -uall [22ms]
[2022-10-07T01:02:47.991Z] > git symbolic-ref --short HEAD [1ms]
[2022-10-07T01:02:48.002Z] > git for-each-ref --format=%(refname)%00%(upstream:short)%00%(objectname) refs/heads/master refs/remotes/master [0ms]
[2022-10-07T01:02:48.015Z] > git rev-list --left-right --count master...origin/master [1ms]
[2022-10-07T01:02:48.037Z] > git remote --verbose [3ms]
[2022-10-07T01:02:48.037Z] > git for-each-ref --sort -committerdate --format %(refname) %(objectname) %(*objectname) [11ms]
[2022-10-07T01:02:48.055Z] > git config --get commit.template [0ms]
[2022-10-07T01:02:49.214Z] > git ls-files --stage -- /root/server/server.js [1ms]
[2022-10-07T01:02:49.227Z] > git cat-file -s d5b6c39405e11e3db18970cfb707ac1a64b27b82 [1ms]
[2022-10-07T01:02:49.276Z] > git show --textconv :server/server.js [1ms]
[2022-10-07T01:02:53.093Z] > git status -z -uall [20ms]
[2022-10-07T01:02:53.102Z] > git symbolic-ref --short HEAD [1ms]
[2022-10-07T01:02:53.111Z] > git for-each-ref --format=%(refname)%00%(upstream:short)%00%(objectname) refs/heads/master refs/remotes/master [1ms]
[2022-10-07T01:02:53.120Z] > git rev-list --left-right --count master...origin/master [1ms]
[2022-10-07T01:02:53.137Z] > git remote --verbose [0ms]
[2022-10-07T01:02:53.137Z] > git for-each-ref --sort -committerdate --format %(refname) %(objectname) %(*objectname) [9ms]
[2022-10-07T01:02:53.152Z] > git config --get commit.template [1ms]
[2022-10-07T01:02:54.340Z] > git ls-files --stage -- /root/server/server.js [0ms]
[2022-10-07T01:02:54.348Z] > git cat-file -s d5b6c39405e11e3db18970cfb707ac1a64b27b82 [1ms]
[2022-10-07T01:02:54.402Z] > git show --textconv :server/server.js [1ms]
[2022-10-07T01:02:58.187Z] > git status -z -uall [18ms]
[2022-10-07T01:02:58.196Z] > git symbolic-ref --short HEAD [1ms]
[2022-10-07T01:02:58.205Z] > git for-each-ref --format=%(refname)%00%(upstream:short)%00%(objectname) refs/heads/master refs/remotes/master [0ms]
[2022-10-07T01:02:58.215Z] > git rev-list --left-right --count master...origin/master [1ms]
[2022-10-07T01:02:58.233Z] > git remote --verbose [0ms]
[2022-10-07T01:02:58.233Z] > git for-each-ref --sort -committerdate --format %(refname) %(objectname) %(*objectname) [9ms]
[2022-10-07T01:02:58.245Z] > git config --get commit.template [1ms]
[2022-10-07T01:02:59.675Z] > git ls-files --stage -- /root/server/server.js [1ms]
[2022-10-07T01:02:59.683Z] > git cat-file -s d5b6c39405e11e3db18970cfb707ac1a64b27b82 [1ms]
[2022-10-07T01:02:59.730Z] > git show --textconv :server/server.js [0ms]
[2022-10-07T01:03:03.281Z] > git status -z -uall [19ms]
[2022-10-07T01:03:03.293Z] > git symbolic-ref --short HEAD [0ms]
[2022-10-07T01:03:03.301Z] > git for-each-ref --format=%(refname)%00%(upstream:short)%00%(objectname) refs/heads/master refs/remotes/master [1ms]
[2022-10-07T01:03:03.309Z] > git rev-list --left-right --count master...origin/master [1ms]
[2022-10-07T01:03:03.327Z] > git remote --verbose [1ms]
[2022-10-07T01:03:03.327Z] > git for-each-ref --sort -committerdate --format %(refname) %(objectname) %(*objectname) [10ms]
[2022-10-07T01:03:03.339Z] > git config --get commit.template [1ms]
[2022-10-07T01:03:04.505Z] > git ls-files --stage -- /root/server/server.js [1ms]
[2022-10-07T01:03:04.512Z] > git cat-file -s d5b6c39405e11e3db18970cfb707ac1a64b27b82 [0ms]
[2022-10-07T01:03:04.557Z] > git show --textconv :server/server.js [0ms]
[2022-10-07T01:03:08.372Z] > git status -z -uall [16ms]
[2022-10-07T01:03:08.379Z] > git symbolic-ref --short HEAD [1ms]
[2022-10-07T01:03:08.386Z] > git for-each-ref --format=%(refname)%00%(upstream:short)%00%(objectname) refs/heads/master refs/remotes/master [0ms]
[2022-10-07T01:03:08.394Z] > git rev-list --left-right --count master...origin/master [1ms]
[2022-10-07T01:03:08.411Z] > git remote --verbose [1ms]
[2022-10-07T01:03:08.412Z] > git for-each-ref --sort -committerdate --format %(refname) %(objectname) %(*objectname) [10ms]
[2022-10-07T01:03:08.426Z] > git config --get commit.template [0ms]
[2022-10-07T01:03:09.597Z] > git ls-files --stage -- /root/server/server.js [1ms]
[2022-10-07T01:03:09.606Z] > git cat-file -s d5b6c39405e11e3db18970cfb707ac1a64b27b82 [1ms]
[2022-10-07T01:03:09.670Z] > git show --textconv :server/server.js [1ms]
[2022-10-07T01:03:13.475Z] > git status -z -uall [28ms]
[2022-10-07T01:03:13.486Z] > git symbolic-ref --short HEAD [1ms]
[2022-10-07T01:03:13.498Z] > git for-each-ref --format=%(refname)%00%(upstream:short)%00%(objectname) refs/heads/master refs/remotes/master [1ms]
[2022-10-07T01:03:13.511Z] > git rev-list --left-right --count master...origin/master [1ms]
[2022-10-07T01:03:13.536Z] > git remote --verbose [2ms]
[2022-10-07T01:03:13.536Z] > git for-each-ref --sort -committerdate --format %(refname) %(objectname) %(*objectname) [14ms]
[2022-10-07T01:03:13.558Z] > git config --get commit.template [4ms]
[2022-10-07T01:03:14.780Z] > git ls-files --stage -- /root/server/server.js [1ms]
[2022-10-07T01:03:14.792Z] > git cat-file -s d5b6c39405e11e3db18970cfb707ac1a64b27b82 [1ms]
[2022-10-07T01:03:14.836Z] > git show --textconv :server/server.js [1ms]
