[2022-11-08T05:42:45.279Z] Log level: Info
[2022-11-08T05:42:45.328Z] [info] Validating found git in: git
[2022-11-08T05:42:45.509Z] [info] Using git 1.8.3.1 from git
[2022-11-08T05:42:45.880Z] > git rev-parse --show-toplevel [305ms]
[2022-11-08T05:42:45.947Z] > git rev-parse --git-dir --git-common-dir [1ms]
[2022-11-08T05:42:45.969Z] [info] Open repository: /root
[2022-11-08T05:42:46.225Z] > git status -z -uall [213ms]
[2022-11-08T05:42:46.272Z] > git symbolic-ref --short HEAD [1ms]
[2022-11-08T05:42:46.416Z] > git for-each-ref --format=%(refname)%00%(upstream:short)%00%(objectname) refs/heads/master refs/remotes/master [57ms]
[2022-11-08T05:42:46.587Z] > git rev-list --left-right --count master...origin/master [113ms]
[2022-11-08T05:42:46.833Z] > git remote --verbose [143ms]
[2022-11-08T05:42:46.833Z] > git for-each-ref --sort -committerdate --format %(refname) %(objectname) %(*objectname) [195ms]
[2022-11-08T05:42:47.564Z] > git config --get commit.template [5ms]
[2022-11-08T05:42:47.697Z] > git check-ignore -v -z --stdin [659ms]
[2022-11-08T05:42:47.761Z] > git status -z -uall [69ms]
[2022-11-08T05:42:47.821Z] > git symbolic-ref --short HEAD [9ms]
[2022-11-08T05:42:47.930Z] > git for-each-ref --format=%(refname)%00%(upstream:short)%00%(objectname) refs/heads/master refs/remotes/master [1ms]
[2022-11-08T05:42:47.975Z] > git rev-list --left-right --count master...origin/master [2ms]
[2022-11-08T05:42:48.125Z] > git remote --verbose [2ms]
[2022-11-08T05:42:48.126Z] > git for-each-ref --sort -committerdate --format %(refname) %(objectname) %(*objectname) [64ms]
[2022-11-08T05:42:48.781Z] > git config --get commit.template [516ms]
[2022-11-08T05:42:49.795Z] > git show --textconv :server/server.js [57ms]
[2022-11-08T05:42:49.795Z] > git ls-files --stage -- /root/server/server.js [2ms]
[2022-11-08T05:42:49.861Z] > git cat-file -s 45392b4b64a215dd3c335cc95ea799758bddb401 [2ms]
[2022-11-08T05:42:54.846Z] > git status -z -uall [15ms]
[2022-11-08T05:42:54.865Z] > git symbolic-ref --short HEAD [1ms]
[2022-11-08T05:42:54.875Z] > git for-each-ref --format=%(refname)%00%(upstream:short)%00%(objectname) refs/heads/master refs/remotes/master [1ms]
[2022-11-08T05:42:54.884Z] > git rev-list --left-right --count master...origin/master [1ms]
[2022-11-08T05:42:54.909Z] > git remote --verbose [1ms]
[2022-11-08T05:42:54.910Z] > git for-each-ref --sort -committerdate --format %(refname) %(objectname) %(*objectname) [19ms]
[2022-11-08T05:42:54.951Z] > git config --get commit.template [1ms]
[2022-11-08T05:43:00.032Z] > git status -z -uall [55ms]
[2022-11-08T05:43:00.081Z] > git symbolic-ref --short HEAD [1ms]
[2022-11-08T05:43:00.121Z] > git for-each-ref --format=%(refname)%00%(upstream:short)%00%(objectname) refs/heads/master refs/remotes/master [1ms]
[2022-11-08T05:43:00.138Z] > git rev-list --left-right --count master...origin/master [1ms]
[2022-11-08T05:43:00.215Z] > git remote --verbose [2ms]
[2022-11-08T05:43:00.215Z] > git for-each-ref --sort -committerdate --format %(refname) %(objectname) %(*objectname) [58ms]
[2022-11-08T05:43:00.314Z] > git config --get commit.template [0ms]
[2022-11-08T05:43:05.410Z] > git status -z -uall [39ms]
[2022-11-08T05:43:05.443Z] > git symbolic-ref --short HEAD [1ms]
[2022-11-08T05:43:05.479Z] > git for-each-ref --format=%(refname)%00%(upstream:short)%00%(objectname) refs/heads/master refs/remotes/master [1ms]
[2022-11-08T05:43:05.502Z] > git rev-list --left-right --count master...origin/master [1ms]
[2022-11-08T05:43:05.556Z] > git remote --verbose [2ms]
[2022-11-08T05:43:05.556Z] > git for-each-ref --sort -committerdate --format %(refname) %(objectname) %(*objectname) [29ms]
[2022-11-08T05:43:05.627Z] > git config --get commit.template [1ms]
[2022-11-08T05:43:10.645Z] > git status -z -uall [3ms]
[2022-11-08T05:43:10.653Z] > git symbolic-ref --short HEAD [1ms]
[2022-11-08T05:43:10.663Z] > git for-each-ref --format=%(refname)%00%(upstream:short)%00%(objectname) refs/heads/master refs/remotes/master [1ms]
[2022-11-08T05:43:10.670Z] > git rev-list --left-right --count master...origin/master [0ms]
[2022-11-08T05:43:10.684Z] > git remote --verbose [1ms]
[2022-11-08T05:43:10.684Z] > git for-each-ref --sort -committerdate --format %(refname) %(objectname) %(*objectname) [7ms]
[2022-11-08T05:43:10.700Z] > git config --get commit.template [0ms]
[2022-11-08T05:43:15.715Z] > git status -z -uall [1ms]
[2022-11-08T05:43:15.726Z] > git symbolic-ref --short HEAD [0ms]
[2022-11-08T05:43:15.733Z] > git for-each-ref --format=%(refname)%00%(upstream:short)%00%(objectname) refs/heads/master refs/remotes/master [0ms]
[2022-11-08T05:43:15.741Z] > git rev-list --left-right --count master...origin/master [0ms]
[2022-11-08T05:43:15.756Z] > git remote --verbose [1ms]
[2022-11-08T05:43:15.756Z] > git for-each-ref --sort -committerdate --format %(refname) %(objectname) %(*objectname) [7ms]
[2022-11-08T05:43:15.771Z] > git config --get commit.template [0ms]
[2022-11-08T05:43:20.787Z] > git status -z -uall [2ms]
[2022-11-08T05:43:20.800Z] > git symbolic-ref --short HEAD [1ms]
[2022-11-08T05:43:20.807Z] > git for-each-ref --format=%(refname)%00%(upstream:short)%00%(objectname) refs/heads/master refs/remotes/master [1ms]
[2022-11-08T05:43:20.814Z] > git rev-list --left-right --count master...origin/master [1ms]
[2022-11-08T05:43:20.826Z] > git remote --verbose [0ms]
[2022-11-08T05:43:20.827Z] > git for-each-ref --sort -committerdate --format %(refname) %(objectname) %(*objectname) [7ms]
[2022-11-08T05:43:20.852Z] > git config --get commit.template [1ms]
[2022-11-08T05:43:25.870Z] > git status -z -uall [3ms]
[2022-11-08T05:43:25.878Z] > git symbolic-ref --short HEAD [1ms]
[2022-11-08T05:43:25.885Z] > git for-each-ref --format=%(refname)%00%(upstream:short)%00%(objectname) refs/heads/master refs/remotes/master [0ms]
[2022-11-08T05:43:25.893Z] > git rev-list --left-right --count master...origin/master [0ms]
[2022-11-08T05:43:25.908Z] > git remote --verbose [1ms]
[2022-11-08T05:43:25.909Z] > git for-each-ref --sort -committerdate --format %(refname) %(objectname) %(*objectname) [9ms]
[2022-11-08T05:43:25.948Z] > git config --get commit.template [0ms]
[2022-11-08T05:43:30.963Z] > git status -z -uall [1ms]
[2022-11-08T05:43:30.971Z] > git symbolic-ref --short HEAD [2ms]
[2022-11-08T05:43:30.986Z] > git for-each-ref --format=%(refname)%00%(upstream:short)%00%(objectname) refs/heads/master refs/remotes/master [0ms]
[2022-11-08T05:43:30.994Z] > git rev-list --left-right --count master...origin/master [1ms]
[2022-11-08T05:43:31.005Z] > git remote --verbose [1ms]
[2022-11-08T05:43:31.005Z] > git for-each-ref --sort -committerdate --format %(refname) %(objectname) %(*objectname) [6ms]
[2022-11-08T05:43:31.023Z] > git config --get commit.template [0ms]
[2022-11-08T05:43:36.041Z] > git status -z -uall [3ms]
[2022-11-08T05:43:36.047Z] > git symbolic-ref --short HEAD [1ms]
[2022-11-08T05:43:36.054Z] > git for-each-ref --format=%(refname)%00%(upstream:short)%00%(objectname) refs/heads/master refs/remotes/master [1ms]
[2022-11-08T05:43:36.061Z] > git rev-list --left-right --count master...origin/master [1ms]
[2022-11-08T05:43:36.076Z] > git remote --verbose [1ms]
[2022-11-08T05:43:36.076Z] > git for-each-ref --sort -committerdate --format %(refname) %(objectname) %(*objectname) [8ms]
[2022-11-08T05:43:36.103Z] > git config --get commit.template [1ms]
[2022-11-08T05:43:41.116Z] > git status -z -uall [1ms]
[2022-11-08T05:43:41.124Z] > git symbolic-ref --short HEAD [1ms]
[2022-11-08T05:43:41.130Z] > git for-each-ref --format=%(refname)%00%(upstream:short)%00%(objectname) refs/heads/master refs/remotes/master [0ms]
[2022-11-08T05:43:41.138Z] > git rev-list --left-right --count master...origin/master [1ms]
[2022-11-08T05:43:41.162Z] > git remote --verbose [1ms]
[2022-11-08T05:43:41.162Z] > git for-each-ref --sort -committerdate --format %(refname) %(objectname) %(*objectname) [18ms]
[2022-11-08T05:43:41.205Z] > git config --get commit.template [0ms]
[2022-11-08T05:43:41.430Z] > git check-ignore -v -z --stdin [4ms]
[2022-11-08T05:43:46.223Z] > git status -z -uall [2ms]
[2022-11-08T05:43:46.230Z] > git symbolic-ref --short HEAD [0ms]
[2022-11-08T05:43:46.239Z] > git for-each-ref --format=%(refname)%00%(upstream:short)%00%(objectname) refs/heads/master refs/remotes/master [1ms]
[2022-11-08T05:43:46.247Z] > git rev-list --left-right --count master...origin/master [1ms]
[2022-11-08T05:43:46.263Z] > git remote --verbose [1ms]
[2022-11-08T05:43:46.263Z] > git for-each-ref --sort -committerdate --format %(refname) %(objectname) %(*objectname) [8ms]
[2022-11-08T05:43:46.281Z] > git config --get commit.template [1ms]
[2022-11-08T05:43:51.295Z] > git status -z -uall [1ms]
[2022-11-08T05:43:51.301Z] > git symbolic-ref --short HEAD [1ms]
[2022-11-08T05:43:51.310Z] > git for-each-ref --format=%(refname)%00%(upstream:short)%00%(objectname) refs/heads/master refs/remotes/master [3ms]
[2022-11-08T05:43:51.318Z] > git rev-list --left-right --count master...origin/master [1ms]
[2022-11-08T05:43:51.333Z] > git remote --verbose [1ms]
[2022-11-08T05:43:51.333Z] > git for-each-ref --sort -committerdate --format %(refname) %(objectname) %(*objectname) [8ms]
[2022-11-08T05:43:51.349Z] > git config --get commit.template [1ms]
[2022-11-08T05:43:56.362Z] > git status -z -uall [0ms]
[2022-11-08T05:43:56.368Z] > git symbolic-ref --short HEAD [0ms]
[2022-11-08T05:43:56.374Z] > git for-each-ref --format=%(refname)%00%(upstream:short)%00%(objectname) refs/heads/master refs/remotes/master [0ms]
[2022-11-08T05:43:56.380Z] > git rev-list --left-right --count master...origin/master [0ms]
[2022-11-08T05:43:56.397Z] > git remote --verbose [1ms]
[2022-11-08T05:43:56.397Z] > git for-each-ref --sort -committerdate --format %(refname) %(objectname) %(*objectname) [11ms]
[2022-11-08T05:43:56.422Z] > git config --get commit.template [1ms]
[2022-11-08T05:44:01.539Z] > git status -z -uall [87ms]
[2022-11-08T05:44:01.580Z] > git symbolic-ref --short HEAD [1ms]
[2022-11-08T05:44:01.645Z] > git for-each-ref --format=%(refname)%00%(upstream:short)%00%(objectname) refs/heads/master refs/remotes/master [0ms]
[2022-11-08T05:44:01.710Z] > git rev-list --left-right --count master...origin/master [1ms]
[2022-11-08T05:44:01.838Z] > git remote --verbose [3ms]
[2022-11-08T05:44:01.838Z] > git for-each-ref --sort -committerdate --format %(refname) %(objectname) %(*objectname) [64ms]
[2022-11-08T05:44:02.377Z] > git config --get commit.template [412ms]
[2022-11-08T05:44:07.420Z] > git status -z -uall [14ms]
[2022-11-08T05:44:07.440Z] > git symbolic-ref --short HEAD [1ms]
[2022-11-08T05:44:07.460Z] > git for-each-ref --format=%(refname)%00%(upstream:short)%00%(objectname) refs/heads/master refs/remotes/master [1ms]
[2022-11-08T05:44:07.481Z] > git rev-list --left-right --count master...origin/master [1ms]
[2022-11-08T05:44:07.502Z] > git remote --verbose [1ms]
[2022-11-08T05:44:07.503Z] > git for-each-ref --sort -committerdate --format %(refname) %(objectname) %(*objectname) [7ms]
[2022-11-08T05:44:07.524Z] > git config --get commit.template [1ms]
[2022-11-08T05:44:12.558Z] > git status -z -uall [12ms]
[2022-11-08T05:44:12.571Z] > git symbolic-ref --short HEAD [1ms]
[2022-11-08T05:44:12.581Z] > git for-each-ref --format=%(refname)%00%(upstream:short)%00%(objectname) refs/heads/master refs/remotes/master [0ms]
[2022-11-08T05:44:12.590Z] > git rev-list --left-right --count master...origin/master [1ms]
[2022-11-08T05:44:12.607Z] > git remote --verbose [1ms]
[2022-11-08T05:44:12.607Z] > git for-each-ref --sort -committerdate --format %(refname) %(objectname) %(*objectname) [8ms]
[2022-11-08T05:44:12.621Z] > git config --get commit.template [0ms]
[2022-11-08T05:44:17.635Z] > git status -z -uall [0ms]
[2022-11-08T05:44:17.642Z] > git symbolic-ref --short HEAD [0ms]
[2022-11-08T05:44:17.649Z] > git for-each-ref --format=%(refname)%00%(upstream:short)%00%(objectname) refs/heads/master refs/remotes/master [1ms]
[2022-11-08T05:44:17.657Z] > git rev-list --left-right --count master...origin/master [2ms]
[2022-11-08T05:44:17.670Z] > git remote --verbose [0ms]
[2022-11-08T05:44:17.671Z] > git for-each-ref --sort -committerdate --format %(refname) %(objectname) %(*objectname) [7ms]
[2022-11-08T05:44:17.684Z] > git config --get commit.template [0ms]
[2022-11-08T05:44:22.700Z] > git status -z -uall [0ms]
[2022-11-08T05:44:22.709Z] > git symbolic-ref --short HEAD [1ms]
[2022-11-08T05:44:22.717Z] > git for-each-ref --format=%(refname)%00%(upstream:short)%00%(objectname) refs/heads/master refs/remotes/master [1ms]
[2022-11-08T05:44:22.726Z] > git rev-list --left-right --count master...origin/master [1ms]
[2022-11-08T05:44:22.742Z] > git remote --verbose [0ms]
[2022-11-08T05:44:22.743Z] > git for-each-ref --sort -committerdate --format %(refname) %(objectname) %(*objectname) [9ms]
[2022-11-08T05:44:22.780Z] > git config --get commit.template [0ms]
[2022-11-08T05:44:27.799Z] > git status -z -uall [3ms]
[2022-11-08T05:44:27.807Z] > git symbolic-ref --short HEAD [1ms]
[2022-11-08T05:44:27.815Z] > git for-each-ref --format=%(refname)%00%(upstream:short)%00%(objectname) refs/heads/master refs/remotes/master [1ms]
[2022-11-08T05:44:27.823Z] > git rev-list --left-right --count master...origin/master [0ms]
[2022-11-08T05:44:27.837Z] > git remote --verbose [1ms]
[2022-11-08T05:44:27.837Z] > git for-each-ref --sort -committerdate --format %(refname) %(objectname) %(*objectname) [8ms]
[2022-11-08T05:44:27.852Z] > git config --get commit.template [0ms]
[2022-11-08T05:44:32.871Z] > git status -z -uall [3ms]
[2022-11-08T05:44:32.879Z] > git symbolic-ref --short HEAD [1ms]
[2022-11-08T05:44:32.887Z] > git for-each-ref --format=%(refname)%00%(upstream:short)%00%(objectname) refs/heads/master refs/remotes/master [1ms]
[2022-11-08T05:44:32.895Z] > git rev-list --left-right --count master...origin/master [0ms]
[2022-11-08T05:44:32.910Z] > git remote --verbose [1ms]
[2022-11-08T05:44:32.910Z] > git for-each-ref --sort -committerdate --format %(refname) %(objectname) %(*objectname) [7ms]
[2022-11-08T05:44:32.927Z] > git config --get commit.template [1ms]
[2022-11-08T05:44:37.941Z] > git status -z -uall [1ms]
[2022-11-08T05:44:37.948Z] > git symbolic-ref --short HEAD [1ms]
[2022-11-08T05:44:37.954Z] > git for-each-ref --format=%(refname)%00%(upstream:short)%00%(objectname) refs/heads/master refs/remotes/master [1ms]
[2022-11-08T05:44:37.961Z] > git rev-list --left-right --count master...origin/master [1ms]
[2022-11-08T05:44:37.973Z] > git remote --verbose [1ms]
[2022-11-08T05:44:37.973Z] > git for-each-ref --sort -committerdate --format %(refname) %(objectname) %(*objectname) [7ms]
[2022-11-08T05:44:37.985Z] > git config --get commit.template [1ms]
[2022-11-08T05:44:43.000Z] > git status -z -uall [1ms]
[2022-11-08T05:44:43.011Z] > git symbolic-ref --short HEAD [0ms]
[2022-11-08T05:44:43.018Z] > git for-each-ref --format=%(refname)%00%(upstream:short)%00%(objectname) refs/heads/master refs/remotes/master [0ms]
[2022-11-08T05:44:43.028Z] > git rev-list --left-right --count master...origin/master [1ms]
[2022-11-08T05:44:43.047Z] > git remote --verbose [1ms]
[2022-11-08T05:44:43.048Z] > git for-each-ref --sort -committerdate --format %(refname) %(objectname) %(*objectname) [13ms]
[2022-11-08T05:44:43.092Z] > git config --get commit.template [1ms]
[2022-11-08T05:44:48.112Z] > git status -z -uall [3ms]
[2022-11-08T05:44:48.120Z] > git symbolic-ref --short HEAD [1ms]
[2022-11-08T05:44:48.129Z] > git for-each-ref --format=%(refname)%00%(upstream:short)%00%(objectname) refs/heads/master refs/remotes/master [1ms]
[2022-11-08T05:44:48.138Z] > git rev-list --left-right --count master...origin/master [1ms]
[2022-11-08T05:44:48.155Z] > git remote --verbose [1ms]
[2022-11-08T05:44:48.155Z] > git for-each-ref --sort -committerdate --format %(refname) %(objectname) %(*objectname) [8ms]
[2022-11-08T05:44:48.175Z] > git config --get commit.template [1ms]
[2022-11-08T05:44:53.194Z] > git status -z -uall [3ms]
[2022-11-08T05:44:53.202Z] > git symbolic-ref --short HEAD [1ms]
[2022-11-08T05:44:53.210Z] > git for-each-ref --format=%(refname)%00%(upstream:short)%00%(objectname) refs/heads/master refs/remotes/master [0ms]
[2022-11-08T05:44:53.219Z] > git rev-list --left-right --count master...origin/master [1ms]
[2022-11-08T05:44:53.234Z] > git remote --verbose [1ms]
[2022-11-08T05:44:53.234Z] > git for-each-ref --sort -committerdate --format %(refname) %(objectname) %(*objectname) [8ms]
[2022-11-08T05:44:53.257Z] > git config --get commit.template [1ms]
[2022-11-08T05:44:58.271Z] > git status -z -uall [0ms]
[2022-11-08T05:44:58.278Z] > git symbolic-ref --short HEAD [0ms]
[2022-11-08T05:44:58.285Z] > git for-each-ref --format=%(refname)%00%(upstream:short)%00%(objectname) refs/heads/master refs/remotes/master [1ms]
[2022-11-08T05:44:58.291Z] > git rev-list --left-right --count master...origin/master [1ms]
[2022-11-08T05:44:58.303Z] > git remote --verbose [1ms]
[2022-11-08T05:44:58.303Z] > git for-each-ref --sort -committerdate --format %(refname) %(objectname) %(*objectname) [6ms]
[2022-11-08T05:44:58.317Z] > git config --get commit.template [2ms]
[2022-11-08T05:45:03.331Z] > git status -z -uall [0ms]
[2022-11-08T05:45:03.339Z] > git symbolic-ref --short HEAD [1ms]
[2022-11-08T05:45:03.346Z] > git for-each-ref --format=%(refname)%00%(upstream:short)%00%(objectname) refs/heads/master refs/remotes/master [0ms]
[2022-11-08T05:45:03.354Z] > git rev-list --left-right --count master...origin/master [0ms]
[2022-11-08T05:45:03.367Z] > git remote --verbose [0ms]
[2022-11-08T05:45:03.369Z] > git for-each-ref --sort -committerdate --format %(refname) %(objectname) %(*objectname) [8ms]
[2022-11-08T05:45:03.382Z] > git config --get commit.template [0ms]
[2022-11-08T05:45:08.575Z] > git status -z -uall [6ms]
[2022-11-08T05:45:08.584Z] > git symbolic-ref --short HEAD [1ms]
[2022-11-08T05:45:08.593Z] > git for-each-ref --format=%(refname)%00%(upstream:short)%00%(objectname) refs/heads/master refs/remotes/master [1ms]
[2022-11-08T05:45:08.604Z] > git rev-list --left-right --count master...origin/master [2ms]
[2022-11-08T05:45:08.622Z] > git remote --verbose [1ms]
[2022-11-08T05:45:08.622Z] > git for-each-ref --sort -committerdate --format %(refname) %(objectname) %(*objectname) [9ms]
[2022-11-08T05:45:08.640Z] > git config --get commit.template [1ms]
[2022-11-08T05:45:51.452Z] > git status -z -uall [0ms]
[2022-11-08T05:45:51.460Z] > git symbolic-ref --short HEAD [1ms]
[2022-11-08T05:45:51.466Z] > git for-each-ref --format=%(refname)%00%(upstream:short)%00%(objectname) refs/heads/master refs/remotes/master [0ms]
[2022-11-08T05:45:51.472Z] > git rev-list --left-right --count master...origin/master [0ms]
[2022-11-08T05:45:51.483Z] > git remote --verbose [1ms]
[2022-11-08T05:45:51.483Z] > git for-each-ref --sort -committerdate --format %(refname) %(objectname) %(*objectname) [5ms]
[2022-11-08T05:45:51.497Z] > git config --get commit.template [1ms]
[2022-11-08T05:45:56.517Z] > git status -z -uall [2ms]
[2022-11-08T05:45:56.528Z] > git symbolic-ref --short HEAD [1ms]
[2022-11-08T05:45:56.537Z] > git for-each-ref --format=%(refname)%00%(upstream:short)%00%(objectname) refs/heads/master refs/remotes/master [1ms]
[2022-11-08T05:45:56.545Z] > git rev-list --left-right --count master...origin/master [1ms]
[2022-11-08T05:45:56.559Z] > git remote --verbose [2ms]
[2022-11-08T05:45:56.559Z] > git for-each-ref --sort -committerdate --format %(refname) %(objectname) %(*objectname) [7ms]
[2022-11-08T05:45:56.578Z] > git config --get commit.template [4ms]
[2022-11-08T05:46:01.642Z] > git status -z -uall [8ms]
[2022-11-08T05:46:01.651Z] > git symbolic-ref --short HEAD [1ms]
[2022-11-08T05:46:01.659Z] > git for-each-ref --format=%(refname)%00%(upstream:short)%00%(objectname) refs/heads/master refs/remotes/master [1ms]
[2022-11-08T05:46:01.668Z] > git rev-list --left-right --count master...origin/master [1ms]
[2022-11-08T05:46:01.686Z] > git remote --verbose [1ms]
[2022-11-08T05:46:01.686Z] > git for-each-ref --sort -committerdate --format %(refname) %(objectname) %(*objectname) [8ms]
[2022-11-08T05:46:01.713Z] > git config --get commit.template [0ms]
[2022-11-08T05:46:06.731Z] > git status -z -uall [0ms]
[2022-11-08T05:46:06.741Z] > git symbolic-ref --short HEAD [2ms]
[2022-11-08T05:46:06.749Z] > git for-each-ref --format=%(refname)%00%(upstream:short)%00%(objectname) refs/heads/master refs/remotes/master [0ms]
[2022-11-08T05:46:06.758Z] > git rev-list --left-right --count master...origin/master [1ms]
[2022-11-08T05:46:06.771Z] > git remote --verbose [1ms]
[2022-11-08T05:46:06.771Z] > git for-each-ref --sort -committerdate --format %(refname) %(objectname) %(*objectname) [6ms]
[2022-11-08T05:46:06.784Z] > git config --get commit.template [0ms]
[2022-11-08T05:46:11.799Z] > git status -z -uall [1ms]
[2022-11-08T05:46:11.805Z] > git symbolic-ref --short HEAD [0ms]
[2022-11-08T05:46:11.812Z] > git for-each-ref --format=%(refname)%00%(upstream:short)%00%(objectname) refs/heads/master refs/remotes/master [1ms]
[2022-11-08T05:46:11.821Z] > git rev-list --left-right --count master...origin/master [1ms]
[2022-11-08T05:46:11.834Z] > git remote --verbose [1ms]
[2022-11-08T05:46:11.834Z] > git for-each-ref --sort -committerdate --format %(refname) %(objectname) %(*objectname) [6ms]
[2022-11-08T05:46:11.847Z] > git config --get commit.template [1ms]
[2022-11-08T05:46:20.278Z] > git status -z -uall [1ms]
[2022-11-08T05:46:20.285Z] > git symbolic-ref --short HEAD [1ms]
[2022-11-08T05:46:20.292Z] > git for-each-ref --format=%(refname)%00%(upstream:short)%00%(objectname) refs/heads/master refs/remotes/master [1ms]
[2022-11-08T05:46:20.298Z] > git rev-list --left-right --count master...origin/master [0ms]
[2022-11-08T05:46:20.313Z] > git remote --verbose [2ms]
[2022-11-08T05:46:20.313Z] > git for-each-ref --sort -committerdate --format %(refname) %(objectname) %(*objectname) [8ms]
[2022-11-08T05:46:20.331Z] > git config --get commit.template [0ms]
[2022-11-08T05:46:25.349Z] > git status -z -uall [3ms]
[2022-11-08T05:46:25.361Z] > git symbolic-ref --short HEAD [1ms]
[2022-11-08T05:46:25.367Z] > git for-each-ref --format=%(refname)%00%(upstream:short)%00%(objectname) refs/heads/master refs/remotes/master [1ms]
[2022-11-08T05:46:25.375Z] > git rev-list --left-right --count master...origin/master [2ms]
[2022-11-08T05:46:25.388Z] > git remote --verbose [1ms]
[2022-11-08T05:46:25.388Z] > git for-each-ref --sort -committerdate --format %(refname) %(objectname) %(*objectname) [7ms]
[2022-11-08T05:46:25.485Z] > git config --get commit.template [1ms]
[2022-11-08T05:46:59.019Z] > git status -z -uall [1ms]
[2022-11-08T05:46:59.027Z] > git symbolic-ref --short HEAD [1ms]
[2022-11-08T05:46:59.034Z] > git for-each-ref --format=%(refname)%00%(upstream:short)%00%(objectname) refs/heads/master refs/remotes/master [1ms]
[2022-11-08T05:46:59.040Z] > git rev-list --left-right --count master...origin/master [0ms]
[2022-11-08T05:46:59.054Z] > git remote --verbose [1ms]
[2022-11-08T05:46:59.054Z] > git for-each-ref --sort -committerdate --format %(refname) %(objectname) %(*objectname) [7ms]
[2022-11-08T05:46:59.071Z] > git config --get commit.template [1ms]
[2022-11-08T05:47:04.088Z] > git status -z -uall [2ms]
[2022-11-08T05:47:04.097Z] > git symbolic-ref --short HEAD [0ms]
[2022-11-08T05:47:04.106Z] > git for-each-ref --format=%(refname)%00%(upstream:short)%00%(objectname) refs/heads/master refs/remotes/master [0ms]
[2022-11-08T05:47:04.115Z] > git rev-list --left-right --count master...origin/master [1ms]
[2022-11-08T05:47:04.131Z] > git remote --verbose [1ms]
[2022-11-08T05:47:04.132Z] > git for-each-ref --sort -committerdate --format %(refname) %(objectname) %(*objectname) [10ms]
[2022-11-08T05:47:04.164Z] > git config --get commit.template [3ms]
[2022-11-08T05:47:09.214Z] > git status -z -uall [28ms]
[2022-11-08T05:47:09.233Z] > git symbolic-ref --short HEAD [1ms]
[2022-11-08T05:47:09.252Z] > git for-each-ref --format=%(refname)%00%(upstream:short)%00%(objectname) refs/heads/master refs/remotes/master [1ms]
[2022-11-08T05:47:09.266Z] > git rev-list --left-right --count master...origin/master [1ms]
[2022-11-08T05:47:09.288Z] > git remote --verbose [2ms]
[2022-11-08T05:47:09.288Z] > git for-each-ref --sort -committerdate --format %(refname) %(objectname) %(*objectname) [14ms]
[2022-11-08T05:47:09.323Z] > git config --get commit.template [1ms]
[2022-11-08T05:47:14.337Z] > git status -z -uall [0ms]
[2022-11-08T05:47:14.345Z] > git symbolic-ref --short HEAD [0ms]
[2022-11-08T05:47:14.353Z] > git for-each-ref --format=%(refname)%00%(upstream:short)%00%(objectname) refs/heads/master refs/remotes/master [1ms]
[2022-11-08T05:47:14.360Z] > git rev-list --left-right --count master...origin/master [1ms]
[2022-11-08T05:47:14.373Z] > git remote --verbose [1ms]
[2022-11-08T05:47:14.373Z] > git for-each-ref --sort -committerdate --format %(refname) %(objectname) %(*objectname) [7ms]
[2022-11-08T05:47:14.391Z] > git config --get commit.template [1ms]
[2022-11-08T05:47:19.405Z] > git status -z -uall [0ms]
[2022-11-08T05:47:19.413Z] > git symbolic-ref --short HEAD [1ms]
[2022-11-08T05:47:19.420Z] > git for-each-ref --format=%(refname)%00%(upstream:short)%00%(objectname) refs/heads/master refs/remotes/master [0ms]
[2022-11-08T05:47:19.427Z] > git rev-list --left-right --count master...origin/master [1ms]
[2022-11-08T05:47:19.440Z] > git remote --verbose [1ms]
[2022-11-08T05:47:19.441Z] > git for-each-ref --sort -committerdate --format %(refname) %(objectname) %(*objectname) [8ms]
[2022-11-08T05:47:19.455Z] > git config --get commit.template [0ms]
[2022-11-08T05:47:24.516Z] > git status -z -uall [12ms]
[2022-11-08T05:47:24.532Z] > git symbolic-ref --short HEAD [1ms]
[2022-11-08T05:47:24.557Z] > git for-each-ref --format=%(refname)%00%(upstream:short)%00%(objectname) refs/heads/master refs/remotes/master [0ms]
[2022-11-08T05:47:24.575Z] > git rev-list --left-right --count master...origin/master [1ms]
[2022-11-08T05:47:24.609Z] > git remote --verbose [1ms]
[2022-11-08T05:47:24.609Z] > git for-each-ref --sort -committerdate --format %(refname) %(objectname) %(*objectname) [16ms]
[2022-11-08T05:47:24.657Z] > git config --get commit.template [0ms]
[2022-11-08T05:47:29.673Z] > git status -z -uall [1ms]
[2022-11-08T05:47:29.681Z] > git symbolic-ref --short HEAD [0ms]
[2022-11-08T05:47:29.689Z] > git for-each-ref --format=%(refname)%00%(upstream:short)%00%(objectname) refs/heads/master refs/remotes/master [0ms]
[2022-11-08T05:47:29.696Z] > git rev-list --left-right --count master...origin/master [0ms]
[2022-11-08T05:47:29.711Z] > git remote --verbose [1ms]
[2022-11-08T05:47:29.712Z] > git for-each-ref --sort -committerdate --format %(refname) %(objectname) %(*objectname) [8ms]
[2022-11-08T05:47:29.742Z] > git config --get commit.template [1ms]
[2022-11-08T05:47:34.763Z] > git status -z -uall [5ms]
[2022-11-08T05:47:34.771Z] > git symbolic-ref --short HEAD [1ms]
[2022-11-08T05:47:34.778Z] > git for-each-ref --format=%(refname)%00%(upstream:short)%00%(objectname) refs/heads/master refs/remotes/master [0ms]
[2022-11-08T05:47:34.787Z] > git rev-list --left-right --count master...origin/master [1ms]
[2022-11-08T05:47:34.804Z] > git remote --verbose [1ms]
[2022-11-08T05:47:34.804Z] > git for-each-ref --sort -committerdate --format %(refname) %(objectname) %(*objectname) [8ms]
[2022-11-08T05:47:34.823Z] > git config --get commit.template [1ms]
[2022-11-08T05:47:41.253Z] > git status -z -uall [0ms]
[2022-11-08T05:47:41.261Z] > git symbolic-ref --short HEAD [0ms]
[2022-11-08T05:47:41.268Z] > git for-each-ref --format=%(refname)%00%(upstream:short)%00%(objectname) refs/heads/master refs/remotes/master [1ms]
[2022-11-08T05:47:41.274Z] > git rev-list --left-right --count master...origin/master [1ms]
[2022-11-08T05:47:41.285Z] > git remote --verbose [1ms]
[2022-11-08T05:47:41.285Z] > git for-each-ref --sort -committerdate --format %(refname) %(objectname) %(*objectname) [6ms]
[2022-11-08T05:47:41.298Z] > git config --get commit.template [0ms]
[2022-11-08T05:47:46.318Z] > git status -z -uall [4ms]
[2022-11-08T05:47:46.325Z] > git symbolic-ref --short HEAD [1ms]
[2022-11-08T05:47:46.333Z] > git for-each-ref --format=%(refname)%00%(upstream:short)%00%(objectname) refs/heads/master refs/remotes/master [1ms]
[2022-11-08T05:47:46.341Z] > git rev-list --left-right --count master...origin/master [0ms]
[2022-11-08T05:47:46.356Z] > git remote --verbose [1ms]
[2022-11-08T05:47:46.356Z] > git for-each-ref --sort -committerdate --format %(refname) %(objectname) %(*objectname) [7ms]
[2022-11-08T05:47:46.374Z] > git config --get commit.template [0ms]
[2022-11-08T05:47:51.391Z] > git status -z -uall [2ms]
[2022-11-08T05:47:51.397Z] > git symbolic-ref --short HEAD [0ms]
[2022-11-08T05:47:51.404Z] > git for-each-ref --format=%(refname)%00%(upstream:short)%00%(objectname) refs/heads/master refs/remotes/master [1ms]
[2022-11-08T05:47:51.412Z] > git rev-list --left-right --count master...origin/master [1ms]
[2022-11-08T05:47:51.424Z] > git remote --verbose [0ms]
[2022-11-08T05:47:51.424Z] > git for-each-ref --sort -committerdate --format %(refname) %(objectname) %(*objectname) [6ms]
[2022-11-08T05:47:51.435Z] > git config --get commit.template [0ms]
[2022-11-08T05:47:56.449Z] > git status -z -uall [0ms]
[2022-11-08T05:47:56.458Z] > git symbolic-ref --short HEAD [0ms]
[2022-11-08T05:47:56.465Z] > git for-each-ref --format=%(refname)%00%(upstream:short)%00%(objectname) refs/heads/master refs/remotes/master [1ms]
[2022-11-08T05:47:56.473Z] > git rev-list --left-right --count master...origin/master [1ms]
[2022-11-08T05:47:56.488Z] > git remote --verbose [1ms]
[2022-11-08T05:47:56.488Z] > git for-each-ref --sort -committerdate --format %(refname) %(objectname) %(*objectname) [8ms]
[2022-11-08T05:47:56.506Z] > git config --get commit.template [0ms]
[2022-11-08T05:48:01.527Z] > git status -z -uall [4ms]
[2022-11-08T05:48:01.536Z] > git symbolic-ref --short HEAD [1ms]
[2022-11-08T05:48:01.546Z] > git for-each-ref --format=%(refname)%00%(upstream:short)%00%(objectname) refs/heads/master refs/remotes/master [3ms]
[2022-11-08T05:48:01.555Z] > git rev-list --left-right --count master...origin/master [0ms]
[2022-11-08T05:48:01.572Z] > git remote --verbose [2ms]
[2022-11-08T05:48:01.572Z] > git for-each-ref --sort -committerdate --format %(refname) %(objectname) %(*objectname) [9ms]
[2022-11-08T05:48:01.587Z] > git config --get commit.template [1ms]
[2022-11-08T05:48:07.914Z] > git status -z -uall [1ms]
[2022-11-08T05:48:07.924Z] > git symbolic-ref --short HEAD [1ms]
[2022-11-08T05:48:07.932Z] > git for-each-ref --format=%(refname)%00%(upstream:short)%00%(objectname) refs/heads/master refs/remotes/master [1ms]
[2022-11-08T05:48:07.941Z] > git rev-list --left-right --count master...origin/master [0ms]
[2022-11-08T05:48:07.963Z] > git remote --verbose [1ms]
[2022-11-08T05:48:07.963Z] > git for-each-ref --sort -committerdate --format %(refname) %(objectname) %(*objectname) [8ms]
[2022-11-08T05:48:07.978Z] > git config --get commit.template [1ms]
[2022-11-08T05:48:12.995Z] > git status -z -uall [3ms]
[2022-11-08T05:48:13.008Z] > git symbolic-ref --short HEAD [1ms]
[2022-11-08T05:48:13.014Z] > git for-each-ref --format=%(refname)%00%(upstream:short)%00%(objectname) refs/heads/master refs/remotes/master [0ms]
[2022-11-08T05:48:13.021Z] > git rev-list --left-right --count master...origin/master [1ms]
[2022-11-08T05:48:13.033Z] > git remote --verbose [0ms]
[2022-11-08T05:48:13.034Z] > git for-each-ref --sort -committerdate --format %(refname) %(objectname) %(*objectname) [7ms]
[2022-11-08T05:48:13.054Z] > git config --get commit.template [1ms]
[2022-11-08T05:48:18.072Z] > git status -z -uall [3ms]
[2022-11-08T05:48:18.080Z] > git symbolic-ref --short HEAD [1ms]
[2022-11-08T05:48:18.088Z] > git for-each-ref --format=%(refname)%00%(upstream:short)%00%(objectname) refs/heads/master refs/remotes/master [1ms]
[2022-11-08T05:48:18.096Z] > git rev-list --left-right --count master...origin/master [0ms]
[2022-11-08T05:48:18.111Z] > git remote --verbose [1ms]
[2022-11-08T05:48:18.111Z] > git for-each-ref --sort -committerdate --format %(refname) %(objectname) %(*objectname) [8ms]
[2022-11-08T05:48:18.130Z] > git config --get commit.template [1ms]
[2022-11-08T05:48:24.080Z] > git status -z -uall [3ms]
[2022-11-08T05:48:24.088Z] > git symbolic-ref --short HEAD [1ms]
[2022-11-08T05:48:24.095Z] > git for-each-ref --format=%(refname)%00%(upstream:short)%00%(objectname) refs/heads/master refs/remotes/master [0ms]
[2022-11-08T05:48:24.103Z] > git rev-list --left-right --count master...origin/master [1ms]
[2022-11-08T05:48:24.114Z] > git remote --verbose [1ms]
[2022-11-08T05:48:24.115Z] > git for-each-ref --sort -committerdate --format %(refname) %(objectname) %(*objectname) [7ms]
[2022-11-08T05:48:24.133Z] > git config --get commit.template [1ms]
[2022-11-08T05:48:24.800Z] > git check-ignore -v -z --stdin [3ms]
[2022-11-08T05:48:29.149Z] > git status -z -uall [1ms]
[2022-11-08T05:48:29.156Z] > git symbolic-ref --short HEAD [1ms]
[2022-11-08T05:48:29.164Z] > git for-each-ref --format=%(refname)%00%(upstream:short)%00%(objectname) refs/heads/master refs/remotes/master [1ms]
[2022-11-08T05:48:29.171Z] > git rev-list --left-right --count master...origin/master [1ms]
[2022-11-08T05:48:29.184Z] > git remote --verbose [1ms]
[2022-11-08T05:48:29.184Z] > git for-each-ref --sort -committerdate --format %(refname) %(objectname) %(*objectname) [7ms]
[2022-11-08T05:48:29.198Z] > git config --get commit.template [0ms]
[2022-11-08T05:48:34.218Z] > git status -z -uall [3ms]
[2022-11-08T05:48:34.226Z] > git symbolic-ref --short HEAD [1ms]
[2022-11-08T05:48:34.238Z] > git for-each-ref --format=%(refname)%00%(upstream:short)%00%(objectname) refs/heads/master refs/remotes/master [0ms]
[2022-11-08T05:48:34.247Z] > git rev-list --left-right --count master...origin/master [1ms]
[2022-11-08T05:48:34.280Z] > git remote --verbose [1ms]
[2022-11-08T05:48:34.280Z] > git for-each-ref --sort -committerdate --format %(refname) %(objectname) %(*objectname) [9ms]
[2022-11-08T05:48:34.298Z] > git config --get commit.template [1ms]
[2022-11-08T05:48:39.317Z] > git status -z -uall [4ms]
[2022-11-08T05:48:39.325Z] > git symbolic-ref --short HEAD [1ms]
[2022-11-08T05:48:39.333Z] > git for-each-ref --format=%(refname)%00%(upstream:short)%00%(objectname) refs/heads/master refs/remotes/master [1ms]
[2022-11-08T05:48:39.341Z] > git rev-list --left-right --count master...origin/master [0ms]
[2022-11-08T05:48:39.357Z] > git remote --verbose [1ms]
[2022-11-08T05:48:39.357Z] > git for-each-ref --sort -committerdate --format %(refname) %(objectname) %(*objectname) [8ms]
[2022-11-08T05:48:39.374Z] > git config --get commit.template [1ms]
[2022-11-08T05:48:44.394Z] > git status -z -uall [4ms]
[2022-11-08T05:48:44.402Z] > git symbolic-ref --short HEAD [1ms]
[2022-11-08T05:48:44.410Z] > git for-each-ref --format=%(refname)%00%(upstream:short)%00%(objectname) refs/heads/master refs/remotes/master [0ms]
[2022-11-08T05:48:44.419Z] > git rev-list --left-right --count master...origin/master [0ms]
[2022-11-08T05:48:44.433Z] > git remote --verbose [1ms]
[2022-11-08T05:48:44.433Z] > git for-each-ref --sort -committerdate --format %(refname) %(objectname) %(*objectname) [8ms]
[2022-11-08T05:48:44.448Z] > git config --get commit.template [1ms]
[2022-11-08T05:48:49.463Z] > git status -z -uall [1ms]
[2022-11-08T05:48:49.470Z] > git symbolic-ref --short HEAD [0ms]
[2022-11-08T05:48:49.478Z] > git for-each-ref --format=%(refname)%00%(upstream:short)%00%(objectname) refs/heads/master refs/remotes/master [1ms]
[2022-11-08T05:48:49.485Z] > git rev-list --left-right --count master...origin/master [0ms]
[2022-11-08T05:48:49.499Z] > git remote --verbose [0ms]
[2022-11-08T05:48:49.500Z] > git for-each-ref --sort -committerdate --format %(refname) %(objectname) %(*objectname) [7ms]
[2022-11-08T05:48:49.516Z] > git config --get commit.template [0ms]
[2022-11-08T05:48:56.867Z] > git status -z -uall [1ms]
[2022-11-08T05:48:56.874Z] > git symbolic-ref --short HEAD [0ms]
[2022-11-08T05:48:56.880Z] > git for-each-ref --format=%(refname)%00%(upstream:short)%00%(objectname) refs/heads/master refs/remotes/master [0ms]
[2022-11-08T05:48:56.886Z] > git rev-list --left-right --count master...origin/master [1ms]
[2022-11-08T05:48:56.896Z] > git remote --verbose [1ms]
[2022-11-08T05:48:56.896Z] > git for-each-ref --sort -committerdate --format %(refname) %(objectname) %(*objectname) [5ms]
[2022-11-08T05:48:56.913Z] > git config --get commit.template [0ms]
[2022-11-08T05:49:01.946Z] > git status -z -uall [9ms]
[2022-11-08T05:49:01.970Z] > git symbolic-ref --short HEAD [1ms]
[2022-11-08T05:49:01.980Z] > git for-each-ref --format=%(refname)%00%(upstream:short)%00%(objectname) refs/heads/master refs/remotes/master [1ms]
[2022-11-08T05:49:01.990Z] > git rev-list --left-right --count master...origin/master [1ms]
[2022-11-08T05:49:02.012Z] > git remote --verbose [1ms]
[2022-11-08T05:49:02.013Z] > git for-each-ref --sort -committerdate --format %(refname) %(objectname) %(*objectname) [14ms]
[2022-11-08T05:49:02.043Z] > git config --get commit.template [1ms]
[2022-11-08T05:49:07.059Z] > git status -z -uall [1ms]
[2022-11-08T05:49:07.066Z] > git symbolic-ref --short HEAD [1ms]
[2022-11-08T05:49:07.073Z] > git for-each-ref --format=%(refname)%00%(upstream:short)%00%(objectname) refs/heads/master refs/remotes/master [1ms]
[2022-11-08T05:49:07.081Z] > git rev-list --left-right --count master...origin/master [1ms]
[2022-11-08T05:49:07.095Z] > git remote --verbose [1ms]
[2022-11-08T05:49:07.095Z] > git for-each-ref --sort -committerdate --format %(refname) %(objectname) %(*objectname) [7ms]
[2022-11-08T05:49:07.116Z] > git config --get commit.template [0ms]
[2022-11-08T05:49:44.112Z] > git status -z -uall [9ms]
[2022-11-08T05:49:44.119Z] > git symbolic-ref --short HEAD [0ms]
[2022-11-08T05:49:44.127Z] > git for-each-ref --format=%(refname)%00%(upstream:short)%00%(objectname) refs/heads/master refs/remotes/master [1ms]
[2022-11-08T05:49:44.149Z] > git rev-list --left-right --count master...origin/master [0ms]
[2022-11-08T05:49:44.168Z] > git remote --verbose [1ms]
[2022-11-08T05:49:44.168Z] > git for-each-ref --sort -committerdate --format %(refname) %(objectname) %(*objectname) [10ms]
[2022-11-08T05:49:44.182Z] > git config --get commit.template [1ms]
[2022-11-08T05:49:49.201Z] > git status -z -uall [1ms]
[2022-11-08T05:49:49.212Z] > git symbolic-ref --short HEAD [1ms]
[2022-11-08T05:49:49.225Z] > git for-each-ref --format=%(refname)%00%(upstream:short)%00%(objectname) refs/heads/master refs/remotes/master [3ms]
[2022-11-08T05:49:49.257Z] > git rev-list --left-right --count master...origin/master [1ms]
[2022-11-08T05:49:49.296Z] > git remote --verbose [1ms]
[2022-11-08T05:49:49.296Z] > git for-each-ref --sort -committerdate --format %(refname) %(objectname) %(*objectname) [10ms]
[2022-11-08T05:49:49.320Z] > git config --get commit.template [1ms]
[2022-11-08T05:49:54.336Z] > git status -z -uall [1ms]
[2022-11-08T05:49:54.343Z] > git symbolic-ref --short HEAD [1ms]
[2022-11-08T05:49:54.350Z] > git for-each-ref --format=%(refname)%00%(upstream:short)%00%(objectname) refs/heads/master refs/remotes/master [0ms]
[2022-11-08T05:49:54.358Z] > git rev-list --left-right --count master...origin/master [1ms]
[2022-11-08T05:49:54.372Z] > git remote --verbose [0ms]
[2022-11-08T05:49:54.372Z] > git for-each-ref --sort -committerdate --format %(refname) %(objectname) %(*objectname) [7ms]
[2022-11-08T05:49:54.384Z] > git config --get commit.template [0ms]
[2022-11-08T05:49:59.400Z] > git status -z -uall [0ms]
[2022-11-08T05:49:59.407Z] > git symbolic-ref --short HEAD [0ms]
[2022-11-08T05:49:59.414Z] > git for-each-ref --format=%(refname)%00%(upstream:short)%00%(objectname) refs/heads/master refs/remotes/master [0ms]
[2022-11-08T05:49:59.421Z] > git rev-list --left-right --count master...origin/master [1ms]
[2022-11-08T05:49:59.434Z] > git remote --verbose [1ms]
[2022-11-08T05:49:59.434Z] > git for-each-ref --sort -committerdate --format %(refname) %(objectname) %(*objectname) [7ms]
[2022-11-08T05:49:59.447Z] > git config --get commit.template [1ms]
[2022-11-08T05:50:04.480Z] > git status -z -uall [1ms]
[2022-11-08T05:50:04.497Z] > git symbolic-ref --short HEAD [0ms]
[2022-11-08T05:50:04.519Z] > git for-each-ref --format=%(refname)%00%(upstream:short)%00%(objectname) refs/heads/master refs/remotes/master [1ms]
[2022-11-08T05:50:04.541Z] > git rev-list --left-right --count master...origin/master [2ms]
[2022-11-08T05:50:04.600Z] > git remote --verbose [1ms]
[2022-11-08T05:50:04.600Z] > git for-each-ref --sort -committerdate --format %(refname) %(objectname) %(*objectname) [25ms]
[2022-11-08T05:50:04.639Z] > git config --get commit.template [1ms]
[2022-11-08T05:50:12.959Z] > git status -z -uall [1ms]
[2022-11-08T05:50:12.968Z] > git symbolic-ref --short HEAD [0ms]
[2022-11-08T05:50:12.974Z] > git for-each-ref --format=%(refname)%00%(upstream:short)%00%(objectname) refs/heads/master refs/remotes/master [0ms]
[2022-11-08T05:50:12.981Z] > git rev-list --left-right --count master...origin/master [1ms]
[2022-11-08T05:50:12.993Z] > git remote --verbose [1ms]
[2022-11-08T05:50:12.994Z] > git for-each-ref --sort -committerdate --format %(refname) %(objectname) %(*objectname) [7ms]
[2022-11-08T05:50:13.008Z] > git config --get commit.template [0ms]
[2022-11-08T05:50:18.023Z] > git status -z -uall [0ms]
[2022-11-08T05:50:18.034Z] > git symbolic-ref --short HEAD [0ms]
[2022-11-08T05:50:18.044Z] > git for-each-ref --format=%(refname)%00%(upstream:short)%00%(objectname) refs/heads/master refs/remotes/master [1ms]
[2022-11-08T05:50:18.052Z] > git rev-list --left-right --count master...origin/master [0ms]
[2022-11-08T05:50:18.068Z] > git remote --verbose [0ms]
[2022-11-08T05:50:18.069Z] > git for-each-ref --sort -committerdate --format %(refname) %(objectname) %(*objectname) [8ms]
[2022-11-08T05:50:18.085Z] > git config --get commit.template [1ms]
[2022-11-08T05:50:23.098Z] > git status -z -uall [0ms]
[2022-11-08T05:50:23.105Z] > git symbolic-ref --short HEAD [0ms]
[2022-11-08T05:50:23.111Z] > git for-each-ref --format=%(refname)%00%(upstream:short)%00%(objectname) refs/heads/master refs/remotes/master [0ms]
[2022-11-08T05:50:23.118Z] > git rev-list --left-right --count master...origin/master [1ms]
[2022-11-08T05:50:23.130Z] > git remote --verbose [1ms]
[2022-11-08T05:50:23.130Z] > git for-each-ref --sort -committerdate --format %(refname) %(objectname) %(*objectname) [6ms]
[2022-11-08T05:50:23.147Z] > git config --get commit.template [1ms]
[2022-11-08T05:50:28.164Z] > git status -z -uall [2ms]
[2022-11-08T05:50:28.170Z] > git symbolic-ref --short HEAD [0ms]
[2022-11-08T05:50:28.176Z] > git for-each-ref --format=%(refname)%00%(upstream:short)%00%(objectname) refs/heads/master refs/remotes/master [0ms]
[2022-11-08T05:50:28.183Z] > git rev-list --left-right --count master...origin/master [1ms]
[2022-11-08T05:50:28.195Z] > git remote --verbose [1ms]
[2022-11-08T05:50:28.195Z] > git for-each-ref --sort -committerdate --format %(refname) %(objectname) %(*objectname) [6ms]
[2022-11-08T05:50:28.207Z] > git config --get commit.template [0ms]
[2022-11-08T05:50:33.225Z] > git status -z -uall [3ms]
[2022-11-08T05:50:33.234Z] > git symbolic-ref --short HEAD [1ms]
[2022-11-08T05:50:33.242Z] > git for-each-ref --format=%(refname)%00%(upstream:short)%00%(objectname) refs/heads/master refs/remotes/master [1ms]
[2022-11-08T05:50:33.250Z] > git rev-list --left-right --count master...origin/master [0ms]
[2022-11-08T05:50:33.270Z] > git remote --verbose [1ms]
[2022-11-08T05:50:33.270Z] > git for-each-ref --sort -committerdate --format %(refname) %(objectname) %(*objectname) [12ms]
[2022-11-08T05:50:33.298Z] > git config --get commit.template [0ms]
[2022-11-08T05:50:38.317Z] > git status -z -uall [3ms]
[2022-11-08T05:50:38.323Z] > git symbolic-ref --short HEAD [0ms]
[2022-11-08T05:50:38.331Z] > git for-each-ref --format=%(refname)%00%(upstream:short)%00%(objectname) refs/heads/master refs/remotes/master [1ms]
[2022-11-08T05:50:38.338Z] > git rev-list --left-right --count master...origin/master [0ms]
[2022-11-08T05:50:38.354Z] > git remote --verbose [3ms]
[2022-11-08T05:50:38.354Z] > git for-each-ref --sort -committerdate --format %(refname) %(objectname) %(*objectname) [9ms]
[2022-11-08T05:50:38.379Z] > git config --get commit.template [0ms]
[2022-11-08T05:50:39.311Z] > git check-ignore -v -z --stdin [14ms]
[2022-11-08T05:50:43.461Z] > git status -z -uall [64ms]
[2022-11-08T05:50:43.506Z] > git symbolic-ref --short HEAD [1ms]
[2022-11-08T05:50:43.543Z] > git for-each-ref --format=%(refname)%00%(upstream:short)%00%(objectname) refs/heads/master refs/remotes/master [1ms]
[2022-11-08T05:50:43.570Z] > git rev-list --left-right --count master...origin/master [1ms]
[2022-11-08T05:50:43.673Z] > git remote --verbose [3ms]
[2022-11-08T05:50:43.673Z] > git for-each-ref --sort -committerdate --format %(refname) %(objectname) %(*objectname) [54ms]
[2022-11-08T05:50:43.745Z] > git config --get commit.template [1ms]
[2022-11-08T05:51:22.138Z] > git status -z -uall [573ms]
[2022-11-08T05:51:22.432Z] > git symbolic-ref --short HEAD [179ms]
[2022-11-08T05:51:22.875Z] > git for-each-ref --format=%(refname)%00%(upstream:short)%00%(objectname) refs/heads/master refs/remotes/master [202ms]
[2022-11-08T05:51:23.170Z] > git rev-list --left-right --count master...origin/master [124ms]
[2022-11-08T05:51:23.473Z] > git remote --verbose [212ms]
[2022-11-08T05:51:23.532Z] > git for-each-ref --sort -committerdate --format %(refname) %(objectname) %(*objectname) [318ms]
[2022-11-08T05:51:24.808Z] > git config --get commit.template [128ms]
[2022-11-08T05:51:30.302Z] > git status -z -uall [244ms]
[2022-11-08T05:51:30.481Z] > git symbolic-ref --short HEAD [24ms]
[2022-11-08T05:51:30.812Z] > git for-each-ref --format=%(refname)%00%(upstream:short)%00%(objectname) refs/heads/master refs/remotes/master [245ms]
[2022-11-08T05:51:31.460Z] > git rev-list --left-right --count master...origin/master [315ms]
[2022-11-08T05:51:32.310Z] > git remote --verbose [396ms]
[2022-11-08T05:51:32.378Z] > git for-each-ref --sort -committerdate --format %(refname) %(objectname) %(*objectname) [639ms]
[2022-11-08T05:51:35.222Z] > git config --get commit.template [103ms]
[2022-11-08T05:51:40.607Z] > git status -z -uall [141ms]
[2022-11-08T05:51:40.991Z] > git symbolic-ref --short HEAD [220ms]
[2022-11-08T05:51:41.305Z] > git for-each-ref --format=%(refname)%00%(upstream:short)%00%(objectname) refs/heads/master refs/remotes/master [78ms]
[2022-11-08T05:51:41.490Z] > git rev-list --left-right --count master...origin/master [67ms]
[2022-11-08T05:51:41.682Z] > git for-each-ref --sort -committerdate --format %(refname) %(objectname) %(*objectname) [106ms]
[2022-11-08T05:51:41.698Z] > git remote --verbose [52ms]
[2022-11-08T05:51:43.759Z] > git config --get commit.template [72ms]
[2022-11-08T05:51:49.486Z] > git status -z -uall [400ms]
[2022-11-08T05:51:49.759Z] > git symbolic-ref --short HEAD [112ms]
[2022-11-08T05:51:49.984Z] > git for-each-ref --format=%(refname)%00%(upstream:short)%00%(objectname) refs/heads/master refs/remotes/master [101ms]
[2022-11-08T05:51:50.301Z] > git rev-list --left-right --count master...origin/master [162ms]
[2022-11-08T05:51:50.626Z] > git for-each-ref --sort -committerdate --format %(refname) %(objectname) %(*objectname) [159ms]
[2022-11-08T05:51:50.690Z] > git remote --verbose [68ms]
[2022-11-08T05:51:52.096Z] > git config --get commit.template [101ms]
[2022-11-08T05:51:58.062Z] > git status -z -uall [567ms]
[2022-11-08T05:51:59.110Z] > git symbolic-ref --short HEAD [706ms]
[2022-11-08T05:52:00.029Z] > git for-each-ref --format=%(refname)%00%(upstream:short)%00%(objectname) refs/heads/master refs/remotes/master [682ms]
[2022-11-08T05:52:01.041Z] > git rev-list --left-right --count master...origin/master [582ms]
[2022-11-08T05:52:03.655Z] > git remote --verbose [1469ms]
[2022-11-08T05:52:03.711Z] > git for-each-ref --sort -committerdate --format %(refname) %(objectname) %(*objectname) [2178ms]
[2022-11-08T05:52:19.123Z] > git config --get commit.template [1516ms]
[2022-11-08T06:04:41.938Z] > git status -z -uall [48ms]
[2022-11-08T06:04:41.950Z] > git symbolic-ref --short HEAD [1ms]
[2022-11-08T06:04:41.962Z] > git for-each-ref --format=%(refname)%00%(upstream:short)%00%(objectname) refs/heads/master refs/remotes/master [3ms]
[2022-11-08T06:04:41.978Z] > git rev-list --left-right --count master...origin/master [7ms]
[2022-11-08T06:04:41.993Z] > git remote --verbose [1ms]
[2022-11-08T06:04:41.993Z] > git for-each-ref --sort -committerdate --format %(refname) %(objectname) %(*objectname) [8ms]
[2022-11-08T06:04:42.011Z] > git config --get commit.template [0ms]
[2022-11-08T06:04:47.032Z] > git status -z -uall [5ms]
[2022-11-08T06:04:47.041Z] > git symbolic-ref --short HEAD [0ms]
[2022-11-08T06:04:47.051Z] > git for-each-ref --format=%(refname)%00%(upstream:short)%00%(objectname) refs/heads/master refs/remotes/master [1ms]
[2022-11-08T06:04:47.060Z] > git rev-list --left-right --count master...origin/master [1ms]
[2022-11-08T06:04:47.080Z] > git remote --verbose [3ms]
[2022-11-08T06:04:47.080Z] > git for-each-ref --sort -committerdate --format %(refname) %(objectname) %(*objectname) [11ms]
[2022-11-08T06:04:47.097Z] > git config --get commit.template [1ms]
[2022-11-08T06:04:52.117Z] > git status -z -uall [5ms]
[2022-11-08T06:04:52.126Z] > git symbolic-ref --short HEAD [0ms]
[2022-11-08T06:04:52.136Z] > git for-each-ref --format=%(refname)%00%(upstream:short)%00%(objectname) refs/heads/master refs/remotes/master [1ms]
[2022-11-08T06:04:52.146Z] > git rev-list --left-right --count master...origin/master [1ms]
[2022-11-08T06:04:52.164Z] > git remote --verbose [1ms]
[2022-11-08T06:04:52.164Z] > git for-each-ref --sort -committerdate --format %(refname) %(objectname) %(*objectname) [10ms]
[2022-11-08T06:04:52.193Z] > git config --get commit.template [1ms]
[2022-11-08T06:04:57.213Z] > git status -z -uall [4ms]
[2022-11-08T06:04:57.223Z] > git symbolic-ref --short HEAD [1ms]
[2022-11-08T06:04:57.232Z] > git for-each-ref --format=%(refname)%00%(upstream:short)%00%(objectname) refs/heads/master refs/remotes/master [1ms]
[2022-11-08T06:04:57.242Z] > git rev-list --left-right --count master...origin/master [1ms]
[2022-11-08T06:04:57.260Z] > git remote --verbose [1ms]
[2022-11-08T06:04:57.260Z] > git for-each-ref --sort -committerdate --format %(refname) %(objectname) %(*objectname) [10ms]
[2022-11-08T06:04:57.341Z] > git config --get commit.template [7ms]
[2022-11-08T06:05:08.875Z] > git status -z -uall [4ms]
[2022-11-08T06:05:08.884Z] > git symbolic-ref --short HEAD [1ms]
[2022-11-08T06:05:08.893Z] > git for-each-ref --format=%(refname)%00%(upstream:short)%00%(objectname) refs/heads/master refs/remotes/master [1ms]
[2022-11-08T06:05:08.902Z] > git rev-list --left-right --count master...origin/master [1ms]
[2022-11-08T06:05:08.920Z] > git remote --verbose [1ms]
[2022-11-08T06:05:08.921Z] > git for-each-ref --sort -committerdate --format %(refname) %(objectname) %(*objectname) [11ms]
[2022-11-08T06:05:08.939Z] > git config --get commit.template [0ms]
[2022-11-08T06:05:14.025Z] > git status -z -uall [2ms]
[2022-11-08T06:05:14.032Z] > git symbolic-ref --short HEAD [1ms]
[2022-11-08T06:05:14.038Z] > git for-each-ref --format=%(refname)%00%(upstream:short)%00%(objectname) refs/heads/master refs/remotes/master [1ms]
[2022-11-08T06:05:14.045Z] > git rev-list --left-right --count master...origin/master [0ms]
[2022-11-08T06:05:14.063Z] > git remote --verbose [1ms]
[2022-11-08T06:05:14.063Z] > git for-each-ref --sort -committerdate --format %(refname) %(objectname) %(*objectname) [7ms]
[2022-11-08T06:05:14.077Z] > git config --get commit.template [1ms]
[2022-11-08T06:05:19.091Z] > git status -z -uall [0ms]
[2022-11-08T06:05:19.098Z] > git symbolic-ref --short HEAD [1ms]
[2022-11-08T06:05:19.104Z] > git for-each-ref --format=%(refname)%00%(upstream:short)%00%(objectname) refs/heads/master refs/remotes/master [1ms]
[2022-11-08T06:05:19.110Z] > git rev-list --left-right --count master...origin/master [1ms]
[2022-11-08T06:05:19.122Z] > git remote --verbose [1ms]
[2022-11-08T06:05:19.122Z] > git for-each-ref --sort -committerdate --format %(refname) %(objectname) %(*objectname) [6ms]
[2022-11-08T06:05:19.137Z] > git config --get commit.template [0ms]
[2022-11-08T06:05:24.156Z] > git status -z -uall [4ms]
[2022-11-08T06:05:24.164Z] > git symbolic-ref --short HEAD [1ms]
[2022-11-08T06:05:24.172Z] > git for-each-ref --format=%(refname)%00%(upstream:short)%00%(objectname) refs/heads/master refs/remotes/master [1ms]
[2022-11-08T06:05:24.180Z] > git rev-list --left-right --count master...origin/master [1ms]
[2022-11-08T06:05:24.196Z] > git remote --verbose [0ms]
[2022-11-08T06:05:24.196Z] > git for-each-ref --sort -committerdate --format %(refname) %(objectname) %(*objectname) [8ms]
[2022-11-08T06:05:24.212Z] > git config --get commit.template [1ms]
[2022-11-08T06:05:29.226Z] > git status -z -uall [1ms]
[2022-11-08T06:05:29.233Z] > git symbolic-ref --short HEAD [1ms]
[2022-11-08T06:05:29.240Z] > git for-each-ref --format=%(refname)%00%(upstream:short)%00%(objectname) refs/heads/master refs/remotes/master [1ms]
[2022-11-08T06:05:29.246Z] > git rev-list --left-right --count master...origin/master [0ms]
[2022-11-08T06:05:29.258Z] > git remote --verbose [1ms]
[2022-11-08T06:05:29.259Z] > git for-each-ref --sort -committerdate --format %(refname) %(objectname) %(*objectname) [7ms]
[2022-11-08T06:05:29.275Z] > git config --get commit.template [1ms]
[2022-11-08T06:05:34.291Z] > git status -z -uall [2ms]
[2022-11-08T06:05:34.301Z] > git symbolic-ref --short HEAD [0ms]
[2022-11-08T06:05:34.310Z] > git for-each-ref --format=%(refname)%00%(upstream:short)%00%(objectname) refs/heads/master refs/remotes/master [1ms]
[2022-11-08T06:05:34.318Z] > git rev-list --left-right --count master...origin/master [0ms]
[2022-11-08T06:05:34.337Z] > git remote --verbose [1ms]
[2022-11-08T06:05:34.337Z] > git for-each-ref --sort -committerdate --format %(refname) %(objectname) %(*objectname) [11ms]
[2022-11-08T06:05:34.352Z] > git config --get commit.template [0ms]
[2022-11-08T06:05:39.370Z] > git status -z -uall [3ms]
[2022-11-08T06:05:39.376Z] > git symbolic-ref --short HEAD [0ms]
[2022-11-08T06:05:39.383Z] > git for-each-ref --format=%(refname)%00%(upstream:short)%00%(objectname) refs/heads/master refs/remotes/master [0ms]
[2022-11-08T06:05:39.391Z] > git rev-list --left-right --count master...origin/master [1ms]
[2022-11-08T06:05:39.403Z] > git remote --verbose [1ms]
[2022-11-08T06:05:39.403Z] > git for-each-ref --sort -committerdate --format %(refname) %(objectname) %(*objectname) [7ms]
[2022-11-08T06:05:39.416Z] > git config --get commit.template [1ms]
[2022-11-08T06:05:44.431Z] > git status -z -uall [1ms]
[2022-11-08T06:05:44.437Z] > git symbolic-ref --short HEAD [0ms]
[2022-11-08T06:05:44.443Z] > git for-each-ref --format=%(refname)%00%(upstream:short)%00%(objectname) refs/heads/master refs/remotes/master [0ms]
[2022-11-08T06:05:44.449Z] > git rev-list --left-right --count master...origin/master [1ms]
[2022-11-08T06:05:44.460Z] > git remote --verbose [0ms]
[2022-11-08T06:05:44.461Z] > git for-each-ref --sort -committerdate --format %(refname) %(objectname) %(*objectname) [7ms]
[2022-11-08T06:05:44.481Z] > git config --get commit.template [1ms]
[2022-11-08T06:05:49.501Z] > git status -z -uall [4ms]
[2022-11-08T06:05:49.510Z] > git symbolic-ref --short HEAD [1ms]
[2022-11-08T06:05:49.518Z] > git for-each-ref --format=%(refname)%00%(upstream:short)%00%(objectname) refs/heads/master refs/remotes/master [0ms]
[2022-11-08T06:05:49.528Z] > git rev-list --left-right --count master...origin/master [1ms]
[2022-11-08T06:05:49.546Z] > git remote --verbose [3ms]
[2022-11-08T06:05:49.546Z] > git for-each-ref --sort -committerdate --format %(refname) %(objectname) %(*objectname) [11ms]
[2022-11-08T06:05:49.563Z] > git config --get commit.template [0ms]
[2022-11-08T06:05:54.577Z] > git status -z -uall [0ms]
[2022-11-08T06:05:54.584Z] > git symbolic-ref --short HEAD [1ms]
[2022-11-08T06:05:54.590Z] > git for-each-ref --format=%(refname)%00%(upstream:short)%00%(objectname) refs/heads/master refs/remotes/master [1ms]
[2022-11-08T06:05:54.596Z] > git rev-list --left-right --count master...origin/master [0ms]
[2022-11-08T06:05:54.607Z] > git remote --verbose [0ms]
[2022-11-08T06:05:54.608Z] > git for-each-ref --sort -committerdate --format %(refname) %(objectname) %(*objectname) [6ms]
[2022-11-08T06:05:54.623Z] > git config --get commit.template [1ms]
[2022-11-08T06:06:38.310Z] > git status -z -uall [5ms]
[2022-11-08T06:06:38.337Z] > git symbolic-ref --short HEAD [1ms]
[2022-11-08T06:06:38.362Z] > git for-each-ref --format=%(refname)%00%(upstream:short)%00%(objectname) refs/heads/master refs/remotes/master [0ms]
[2022-11-08T06:06:38.372Z] > git rev-list --left-right --count master...origin/master [0ms]
[2022-11-08T06:06:38.412Z] > git remote --verbose [2ms]
[2022-11-08T06:06:38.412Z] > git for-each-ref --sort -committerdate --format %(refname) %(objectname) %(*objectname) [10ms]
[2022-11-08T06:06:38.430Z] > git config --get commit.template [1ms]
[2022-11-08T06:06:38.740Z] > git show --textconv :db.sql [11ms]
[2022-11-08T06:06:38.740Z] > git ls-files --stage -- /root/db.sql [1ms]
[2022-11-08T06:06:38.777Z] > git cat-file -s 32056239f7bcf08209d4bfd1fb91b6f202ee062b [2ms]
[2022-11-08T06:06:43.446Z] > git status -z -uall [1ms]
[2022-11-08T06:06:43.459Z] > git symbolic-ref --short HEAD [1ms]
[2022-11-08T06:06:43.466Z] > git for-each-ref --format=%(refname)%00%(upstream:short)%00%(objectname) refs/heads/master refs/remotes/master [1ms]
[2022-11-08T06:06:43.477Z] > git rev-list --left-right --count master...origin/master [0ms]
[2022-11-08T06:06:43.495Z] > git remote --verbose [1ms]
[2022-11-08T06:06:43.495Z] > git for-each-ref --sort -committerdate --format %(refname) %(objectname) %(*objectname) [6ms]
[2022-11-08T06:06:43.547Z] > git config --get commit.template [1ms]
[2022-11-08T06:06:48.570Z] > git status -z -uall [5ms]
[2022-11-08T06:06:48.579Z] > git symbolic-ref --short HEAD [1ms]
[2022-11-08T06:06:48.588Z] > git for-each-ref --format=%(refname)%00%(upstream:short)%00%(objectname) refs/heads/master refs/remotes/master [1ms]
[2022-11-08T06:06:48.601Z] > git rev-list --left-right --count master...origin/master [4ms]
[2022-11-08T06:06:48.650Z] > git remote --verbose [1ms]
[2022-11-08T06:06:48.650Z] > git for-each-ref --sort -committerdate --format %(refname) %(objectname) %(*objectname) [20ms]
[2022-11-08T06:06:48.690Z] > git config --get commit.template [1ms]
[2022-11-08T06:06:53.705Z] > git status -z -uall [0ms]
[2022-11-08T06:06:53.714Z] > git symbolic-ref --short HEAD [1ms]
[2022-11-08T06:06:53.722Z] > git for-each-ref --format=%(refname)%00%(upstream:short)%00%(objectname) refs/heads/master refs/remotes/master [1ms]
[2022-11-08T06:06:53.730Z] > git rev-list --left-right --count master...origin/master [0ms]
[2022-11-08T06:06:53.747Z] > git remote --verbose [1ms]
[2022-11-08T06:06:53.747Z] > git for-each-ref --sort -committerdate --format %(refname) %(objectname) %(*objectname) [9ms]
[2022-11-08T06:06:53.765Z] > git config --get commit.template [0ms]
[2022-11-08T06:07:39.903Z] > git status -z -uall [4ms]
[2022-11-08T06:07:39.911Z] > git symbolic-ref --short HEAD [1ms]
[2022-11-08T06:07:39.919Z] > git for-each-ref --format=%(refname)%00%(upstream:short)%00%(objectname) refs/heads/master refs/remotes/master [0ms]
[2022-11-08T06:07:39.929Z] > git rev-list --left-right --count master...origin/master [1ms]
[2022-11-08T06:07:39.946Z] > git remote --verbose [1ms]
[2022-11-08T06:07:39.947Z] > git for-each-ref --sort -committerdate --format %(refname) %(objectname) %(*objectname) [10ms]
[2022-11-08T06:07:39.965Z] > git config --get commit.template [1ms]
[2022-11-08T06:07:45.018Z] > git status -z -uall [38ms]
[2022-11-08T06:07:45.042Z] > git symbolic-ref --short HEAD [1ms]
[2022-11-08T06:07:45.085Z] > git for-each-ref --format=%(refname)%00%(upstream:short)%00%(objectname) refs/heads/master refs/remotes/master [1ms]
[2022-11-08T06:07:45.125Z] > git rev-list --left-right --count master...origin/master [2ms]
[2022-11-08T06:07:45.198Z] > git remote --verbose [1ms]
[2022-11-08T06:07:45.198Z] > git for-each-ref --sort -committerdate --format %(refname) %(objectname) %(*objectname) [39ms]
[2022-11-08T06:07:45.265Z] > git config --get commit.template [0ms]
[2022-11-08T06:08:02.347Z] > git status -z -uall [17ms]
[2022-11-08T06:08:02.357Z] > git symbolic-ref --short HEAD [1ms]
[2022-11-08T06:08:02.366Z] > git for-each-ref --format=%(refname)%00%(upstream:short)%00%(objectname) refs/heads/master refs/remotes/master [1ms]
[2022-11-08T06:08:02.377Z] > git rev-list --left-right --count master...origin/master [1ms]
[2022-11-08T06:08:02.392Z] > git remote --verbose [1ms]
[2022-11-08T06:08:02.393Z] > git for-each-ref --sort -committerdate --format %(refname) %(objectname) %(*objectname) [8ms]
[2022-11-08T06:08:02.411Z] > git config --get commit.template [1ms]
[2022-11-08T06:08:30.556Z] > git status -z -uall [0ms]
[2022-11-08T06:08:30.563Z] > git symbolic-ref --short HEAD [1ms]
[2022-11-08T06:08:30.569Z] > git for-each-ref --format=%(refname)%00%(upstream:short)%00%(objectname) refs/heads/master refs/remotes/master [0ms]
[2022-11-08T06:08:30.575Z] > git rev-list --left-right --count master...origin/master [0ms]
[2022-11-08T06:08:30.587Z] > git remote --verbose [1ms]
[2022-11-08T06:08:30.587Z] > git for-each-ref --sort -committerdate --format %(refname) %(objectname) %(*objectname) [6ms]
[2022-11-08T06:08:30.602Z] > git config --get commit.template [0ms]
