[2022-10-07 03:28:43.088] [exthost] [info] Extension host with pid 6625 started
[2022-10-07 03:28:43.092] [exthost] [error] Error: EEXIST: file already exists, open '/root/.vscode-server/data/User/workspaceStorage/e97aa1ac7cb2a0bf95ed5220ee3cb280/vscode.lock'
[2022-10-07 03:28:43.104] [exthost] [info] Lock '/root/.vscode-server/data/User/workspaceStorage/e97aa1ac7cb2a0bf95ed5220ee3cb280/vscode.lock': Could not acquire lock, checking if the file is stale.
[2022-10-07 03:28:43.105] [exthost] [info] Lock '/root/.vscode-server/data/User/workspaceStorage/e97aa1ac7cb2a0bf95ed5220ee3cb280/vscode.lock': The pid 2772 appears to be gone.
[2022-10-07 03:28:43.105] [exthost] [info] Lock '/root/.vscode-server/data/User/workspaceStorage/e97aa1ac7cb2a0bf95ed5220ee3cb280/vscode.lock': Deleting a stale lock.
[2022-10-07 03:28:43.119] [exthost] [info] Lock '/root/.vscode-server/data/User/workspaceStorage/e97aa1ac7cb2a0bf95ed5220ee3cb280/vscode.lock': Lock acquired.
[2022-10-07 03:28:43.412] [exthost] [info] ExtensionService#_doActivateExtension vscode.typescript-language-features, startup: false, activationEvent: 'onLanguage:javascript'
[2022-10-07 03:28:43.749] [exthost] [info] ExtensionService#_doActivateExtension vscode.debug-auto-launch, startup: true, activationEvent: '*'
[2022-10-07 03:28:43.781] [exthost] [info] ExtensionService#_doActivateExtension vscode.git-base, startup: true, activationEvent: '*', root cause: vscode.git
[2022-10-07 03:28:43.799] [exthost] [info] ExtensionService#_doActivateExtension vscode.ipynb, startup: true, activationEvent: '*'
[2022-10-07 03:28:44.461] [exthost] [info] ExtensionService#_doActivateExtension vscode.git, startup: true, activationEvent: '*'
[2022-10-07 03:28:45.326] [exthost] [info] ExtensionService#_doActivateExtension vscode.github, startup: true, activationEvent: '*'
[2022-10-07 03:28:46.501] [exthost] [info] ExtensionService#_doActivateExtension vscode.emmet, startup: false, activationEvent: 'onStartupFinished'
[2022-10-07 03:28:46.632] [exthost] [info] ExtensionService#_doActivateExtension vscode.merge-conflict, startup: false, activationEvent: 'onStartupFinished'
[2022-10-07 03:28:46.656] [exthost] [info] ExtensionService#_doActivateExtension vscode.npm, startup: false, activationEvent: 'onStartupFinished', root cause: esbenp.prettier-vscode
[2022-10-07 03:28:46.875] [exthost] [info] Eager extensions activated
[2022-10-07 03:28:50.565] [exthost] [info] ExtensionService#_doActivateExtension esbenp.prettier-vscode, startup: false, activationEvent: 'onStartupFinished'
[2022-10-07 03:33:40.879] [exthost] [info] ExtensionService#_doActivateExtension vscode.debug-server-ready, startup: false, activationEvent: 'onDebugResolve'
[2022-10-07 03:33:40.887] [exthost] [info] ExtensionService#_doActivateExtension ms-vscode.js-debug, startup: false, activationEvent: 'onDebugResolve:pwa-node'
[2022-10-07 03:47:48.047] [exthost] [error] {"message":"Git error","stdout":"","stderr":"fatal: Could not switch to '/root/.vscode-server/data/logs/20220923T031257/': No such file or directory\n","exitCode":128}
[2022-10-07 03:47:48.047] [exthost] [error] {"message":"Git error","stdout":"","stderr":"fatal: Could not switch to '/root/.vscode-server/data/logs/20220923T031257/': No such file or directory\n","exitCode":128}
[2022-10-07 03:47:48.047] [exthost] [error] {"message":"Git error","stdout":"","stderr":"fatal: Could not switch to '/root/.vscode-server/data/logs/20220923T031257/': No such file or directory\n","exitCode":128}
[2022-10-07 03:47:48.047] [exthost] [error] {"message":"Git error","stdout":"","stderr":"fatal: Could not switch to '/root/.vscode-server/data/logs/20220923T031257/': No such file or directory\n","exitCode":128}
[2022-10-07 03:47:48.047] [exthost] [error] {"message":"Git error","stdout":"","stderr":"fatal: Could not switch to '/root/.vscode-server/data/logs/20220923T031257/': No such file or directory\n","exitCode":128}
[2022-10-07 03:47:48.047] [exthost] [error] {"message":"Git error","stdout":"","stderr":"fatal: Could not switch to '/root/.vscode-server/data/logs/20220923T031257/': No such file or directory\n","exitCode":128}
[2022-10-07 03:47:48.047] [exthost] [error] {"message":"Git error","stdout":"","stderr":"fatal: Could not switch to '/root/.vscode-server/data/logs/20220923T031257/': No such file or directory\n","exitCode":128}
[2022-10-07 03:47:48.047] [exthost] [error] {"message":"Git error","stdout":"","stderr":"fatal: Could not switch to '/root/.vscode-server/data/logs/20220923T031257/': No such file or directory\n","exitCode":128}
[2022-10-07 03:47:48.047] [exthost] [error] {"message":"Git error","stdout":"","stderr":"fatal: Could not switch to '/root/.vscode-server/data/logs/20220923T031257/': No such file or directory\n","exitCode":128}
[2022-10-07 03:47:48.047] [exthost] [error] {"message":"Git error","stdout":"","stderr":"fatal: Could not switch to '/root/.vscode-server/data/logs/20220923T031257/': No such file or directory\n","exitCode":128}
[2022-10-07 03:47:48.047] [exthost] [error] {"message":"Git error","stdout":"","stderr":"fatal: Could not switch to '/root/.vscode-server/data/logs/20220923T031257/': No such file or directory\n","exitCode":128}
[2022-10-07 03:47:48.047] [exthost] [error] {"message":"Git error","stdout":"","stderr":"fatal: Could not switch to '/root/.vscode-server/data/logs/20220923T031257/': No such file or directory\n","exitCode":128}
[2022-10-07 03:47:48.047] [exthost] [error] {"message":"Git error","stdout":"","stderr":"fatal: Could not switch to '/root/.vscode-server/data/logs/20220923T031257/': No such file or directory\n","exitCode":128}
[2022-10-07 03:47:48.047] [exthost] [error] {"message":"Git error","stdout":"","stderr":"fatal: Could not switch to '/root/.vscode-server/data/logs/20220923T031257/': No such file or directory\n","exitCode":128}
[2022-10-07 03:47:48.047] [exthost] [error] {"message":"Git error","stdout":"","stderr":"fatal: Could not switch to '/root/.vscode-server/data/logs/20220923T031257/': No such file or directory\n","exitCode":128}
[2022-10-07 03:47:48.047] [exthost] [error] {"message":"Git error","stdout":"","stderr":"fatal: Could not switch to '/root/.vscode-server/data/logs/20220923T031257/': No such file or directory\n","exitCode":128}
[2022-10-07 03:47:48.047] [exthost] [error] {"message":"Git error","stdout":"","stderr":"fatal: Could not switch to '/root/.vscode-server/data/logs/20220923T031257/': No such file or directory\n","exitCode":128}
[2022-10-07 03:47:48.047] [exthost] [error] {"message":"Git error","stdout":"","stderr":"fatal: Could not switch to '/root/.vscode-server/data/logs/20220923T031257/': No such file or directory\n","exitCode":128}
[2022-10-07 03:47:48.047] [exthost] [error] {"message":"Git error","stdout":"","stderr":"fatal: Could not switch to '/root/.vscode-server/data/logs/20220923T031257/': No such file or directory\n","exitCode":128}
[2022-10-07 03:47:48.047] [exthost] [error] {"message":"Git error","stdout":"","stderr":"fatal: Could not switch to '/root/.vscode-server/data/logs/20220923T031257/': No such file or directory\n","exitCode":128}
[2022-10-07 03:47:48.047] [exthost] [error] {"message":"Git error","stdout":"","stderr":"fatal: Could not switch to '/root/.vscode-server/data/logs/20220923T031257/': No such file or directory\n","exitCode":128}
[2022-10-07 03:47:48.047] [exthost] [error] {"message":"Git error","stdout":"","stderr":"fatal: Could not switch to '/root/.vscode-server/data/logs/20220923T031257/': No such file or directory\n","exitCode":128}
[2022-10-07 03:47:48.047] [exthost] [error] {"message":"Git error","stdout":"","stderr":"fatal: Could not switch to '/root/.vscode-server/data/logs/20220923T031257/': No such file or directory\n","exitCode":128}
[2022-10-07 03:47:48.047] [exthost] [error] {"message":"Git error","stdout":"","stderr":"fatal: Could not switch to '/root/.vscode-server/data/logs/20220923T031257/': No such file or directory\n","exitCode":128}
[2022-10-07 03:47:48.047] [exthost] [error] {"message":"Git error","stdout":"","stderr":"fatal: Could not switch to '/root/.vscode-server/data/logs/20220923T031257/': No such file or directory\n","exitCode":128}
[2022-10-07 03:47:48.047] [exthost] [error] {"message":"Git error","stdout":"","stderr":"fatal: Could not switch to '/root/.vscode-server/data/logs/20220923T031257/': No such file or directory\n","exitCode":128}
[2022-10-07 03:47:48.047] [exthost] [error] {"message":"Git error","stdout":"","stderr":"fatal: Could not switch to '/root/.vscode-server/data/logs/20220923T031257/': No such file or directory\n","exitCode":128}
[2022-10-07 03:47:48.047] [exthost] [error] {"message":"Git error","stdout":"","stderr":"fatal: Could not switch to '/root/.vscode-server/data/logs/20220923T031257/': No such file or directory\n","exitCode":128}
[2022-10-07 03:47:48.047] [exthost] [error] {"message":"Git error","stdout":"","stderr":"fatal: Could not switch to '/root/.vscode-server/data/logs/20220923T031257/': No such file or directory\n","exitCode":128}
[2022-10-07 03:47:48.047] [exthost] [error] {"message":"Git error","stdout":"","stderr":"fatal: Could not switch to '/root/.vscode-server/data/logs/20220923T031257/': No such file or directory\n","exitCode":128}
[2022-10-07 03:47:48.047] [exthost] [error] {"message":"Git error","stdout":"","stderr":"fatal: Could not switch to '/root/.vscode-server/data/logs/20220923T031257/': No such file or directory\n","exitCode":128}
[2022-10-07 03:47:48.048] [exthost] [error] {"message":"Git error","stdout":"","stderr":"fatal: Could not switch to '/root/.vscode-server/data/logs/20220923T031257/': No such file or directory\n","exitCode":128}
[2022-10-07 03:47:48.048] [exthost] [error] {"message":"Git error","stdout":"","stderr":"fatal: Could not switch to '/root/.vscode-server/data/logs/20220923T031257/': No such file or directory\n","exitCode":128}
[2022-10-07 03:47:48.048] [exthost] [error] {"message":"Git error","stdout":"","stderr":"fatal: Could not switch to '/root/.vscode-server/data/logs/20220923T031257/': No such file or directory\n","exitCode":128}
[2022-10-07 03:47:48.048] [exthost] [error] {"message":"Git error","stdout":"","stderr":"fatal: Could not switch to '/root/.vscode-server/data/logs/20220923T031257/': No such file or directory\n","exitCode":128}
[2022-10-07 03:47:48.048] [exthost] [error] {"message":"Git error","stdout":"","stderr":"fatal: Could not switch to '/root/.vscode-server/data/logs/20220923T031257/': No such file or directory\n","exitCode":128}
[2022-10-07 03:47:48.048] [exthost] [error] {"message":"Git error","stdout":"","stderr":"fatal: Could not switch to '/root/.vscode-server/data/logs/20220923T031257/': No such file or directory\n","exitCode":128}
[2022-10-07 03:47:48.048] [exthost] [error] {"message":"Git error","stdout":"","stderr":"fatal: Could not switch to '/root/.vscode-server/data/logs/20220923T031257/': No such file or directory\n","exitCode":128}
[2022-10-07 03:47:48.048] [exthost] [error] {"message":"Git error","stdout":"","stderr":"fatal: Could not switch to '/root/.vscode-server/data/logs/20220923T031257/': No such file or directory\n","exitCode":128}
[2022-10-07 03:47:48.048] [exthost] [error] {"message":"Git error","stdout":"","stderr":"fatal: Could not switch to '/root/.vscode-server/data/logs/20220923T031257/': No such file or directory\n","exitCode":128}
[2022-10-07 03:47:48.048] [exthost] [error] {"message":"Git error","stdout":"","stderr":"fatal: Could not switch to '/root/.vscode-server/data/logs/20220923T031257/': No such file or directory\n","exitCode":128}
[2022-10-07 03:47:48.048] [exthost] [error] {"message":"Git error","stdout":"","stderr":"fatal: Could not switch to '/root/.vscode-server/data/logs/20220923T031257/': No such file or directory\n","exitCode":128}
[2022-10-07 03:47:48.048] [exthost] [error] {"message":"Git error","stdout":"","stderr":"fatal: Could not switch to '/root/.vscode-server/data/logs/20220923T031257/': No such file or directory\n","exitCode":128}
[2022-10-07 03:47:48.048] [exthost] [error] {"message":"Git error","stdout":"","stderr":"fatal: Could not switch to '/root/.vscode-server/data/logs/20220923T031257/': No such file or directory\n","exitCode":128}
[2022-10-07 03:47:48.048] [exthost] [error] {"message":"Git error","stdout":"","stderr":"fatal: Could not switch to '/root/.vscode-server/data/logs/20220923T031257/': No such file or directory\n","exitCode":128}
[2022-10-07 03:47:48.048] [exthost] [error] {"message":"Git error","stdout":"","stderr":"fatal: Could not switch to '/root/.vscode-server/data/logs/20220923T031257/': No such file or directory\n","exitCode":128}
[2022-10-07 03:47:48.048] [exthost] [error] {"message":"Git error","stdout":"","stderr":"fatal: Could not switch to '/root/.vscode-server/data/logs/20220923T031257/': No such file or directory\n","exitCode":128}
[2022-10-07 03:47:48.048] [exthost] [error] {"message":"Git error","stdout":"","stderr":"fatal: Could not switch to '/root/.vscode-server/data/logs/20220923T031257/': No such file or directory\n","exitCode":128}
[2022-10-07 03:47:48.048] [exthost] [error] {"message":"Git error","stdout":"","stderr":"fatal: Could not switch to '/root/.vscode-server/data/logs/20220923T031257/': No such file or directory\n","exitCode":128}
[2022-10-07 03:47:48.048] [exthost] [error] {"message":"Git error","stdout":"","stderr":"fatal: Could not switch to '/root/.vscode-server/data/logs/20220923T031257/': No such file or directory\n","exitCode":128}
[2022-10-07 03:47:48.048] [exthost] [error] {"message":"Git error","stdout":"","stderr":"fatal: Could not switch to '/root/.vscode-server/data/logs/20220923T031257/': No such file or directory\n","exitCode":128}
[2022-10-07 03:47:48.048] [exthost] [error] {"message":"Git error","stdout":"","stderr":"fatal: Could not switch to '/root/.vscode-server/data/logs/20220923T031257/': No such file or directory\n","exitCode":128}
[2022-10-07 03:47:48.048] [exthost] [error] {"message":"Git error","stdout":"","stderr":"fatal: Could not switch to '/root/.vscode-server/data/logs/20220923T031257/': No such file or directory\n","exitCode":128}
[2022-10-07 03:47:48.048] [exthost] [error] {"message":"Git error","stdout":"","stderr":"fatal: Could not switch to '/root/.vscode-server/data/logs/20220923T031257/': No such file or directory\n","exitCode":128}
[2022-10-07 03:47:48.048] [exthost] [error] {"message":"Git error","stdout":"","stderr":"fatal: Could not switch to '/root/.vscode-server/data/logs/20220923T031257/': No such file or directory\n","exitCode":128}
[2022-10-07 03:47:48.048] [exthost] [error] {"message":"Git error","stdout":"","stderr":"fatal: Could not switch to '/root/.vscode-server/data/logs/20220923T031257/': No such file or directory\n","exitCode":128}
[2022-10-07 03:47:48.048] [exthost] [error] {"message":"Git error","stdout":"","stderr":"fatal: Could not switch to '/root/.vscode-server/data/logs/20220923T031257/': No such file or directory\n","exitCode":128}
[2022-10-07 03:47:48.048] [exthost] [error] {"message":"Git error","stdout":"","stderr":"fatal: Could not switch to '/root/.vscode-server/data/logs/20220923T031257/': No such file or directory\n","exitCode":128}
[2022-10-07 03:47:48.048] [exthost] [error] {"message":"Git error","stdout":"","stderr":"fatal: Could not switch to '/root/.vscode-server/data/logs/20220923T031257/': No such file or directory\n","exitCode":128}
[2022-10-07 03:47:48.048] [exthost] [error] {"message":"Git error","stdout":"","stderr":"fatal: Could not switch to '/root/.vscode-server/data/logs/20220923T031257/': No such file or directory\n","exitCode":128}
[2022-10-07 03:47:48.048] [exthost] [error] {"message":"Git error","stdout":"","stderr":"fatal: Could not switch to '/root/.vscode-server/data/logs/20220923T031257/': No such file or directory\n","exitCode":128}
[2022-10-07 03:47:48.048] [exthost] [error] {"message":"Git error","stdout":"","stderr":"fatal: Could not switch to '/root/.vscode-server/data/logs/20220923T031257/': No such file or directory\n","exitCode":128}
[2022-10-07 03:47:48.048] [exthost] [error] {"message":"Git error","stdout":"","stderr":"fatal: Could not switch to '/root/.vscode-server/data/logs/20220923T031257/': No such file or directory\n","exitCode":128}
[2022-10-07 03:47:48.048] [exthost] [error] {"message":"Git error","stdout":"","stderr":"fatal: Could not switch to '/root/.vscode-server/data/logs/20220923T031257/': No such file or directory\n","exitCode":128}
[2022-10-07 03:47:48.048] [exthost] [error] {"message":"Git error","stdout":"","stderr":"fatal: Could not switch to '/root/.vscode-server/data/logs/20220923T031257/': No such file or directory\n","exitCode":128}
[2022-10-07 03:47:48.048] [exthost] [error] {"message":"Git error","stdout":"","stderr":"fatal: Could not switch to '/root/.vscode-server/data/logs/20220923T031257/': No such file or directory\n","exitCode":128}
[2022-10-07 03:47:48.048] [exthost] [error] {"message":"Git error","stdout":"","stderr":"fatal: Could not switch to '/root/.vscode-server/data/logs/20220923T031257/': No such file or directory\n","exitCode":128}
[2022-10-07 03:47:48.048] [exthost] [error] {"message":"Git error","stdout":"","stderr":"fatal: Could not switch to '/root/.vscode-server/data/logs/20220923T031257/': No such file or directory\n","exitCode":128}
[2022-10-07 03:47:48.048] [exthost] [error] {"message":"Git error","stdout":"","stderr":"fatal: Could not switch to '/root/.vscode-server/data/logs/20220923T031257/': No such file or directory\n","exitCode":128}
[2022-10-07 03:47:48.048] [exthost] [error] {"message":"Git error","stdout":"","stderr":"fatal: Could not switch to '/root/.vscode-server/data/logs/20220923T031257/': No such file or directory\n","exitCode":128}
[2022-10-07 03:47:48.048] [exthost] [error] {"message":"Git error","stdout":"","stderr":"fatal: Could not switch to '/root/.vscode-server/data/logs/20220923T031257/': No such file or directory\n","exitCode":128}
[2022-10-07 03:47:48.048] [exthost] [error] {"message":"Git error","stdout":"","stderr":"fatal: Could not switch to '/root/.vscode-server/data/logs/20220923T031257/': No such file or directory\n","exitCode":128}
[2022-10-07 03:47:48.048] [exthost] [error] {"message":"Git error","stdout":"","stderr":"fatal: Could not switch to '/root/.vscode-server/data/logs/20220923T031257/': No such file or directory\n","exitCode":128}
[2022-10-07 03:47:48.048] [exthost] [error] {"message":"Git error","stdout":"","stderr":"fatal: Could not switch to '/root/.vscode-server/data/logs/20220923T031257/': No such file or directory\n","exitCode":128}
[2022-10-07 03:47:48.048] [exthost] [error] {"message":"Git error","stdout":"","stderr":"fatal: Could not switch to '/root/.vscode-server/data/logs/20220923T031257/': No such file or directory\n","exitCode":128}
[2022-10-07 03:47:48.048] [exthost] [error] {"message":"Git error","stdout":"","stderr":"fatal: Could not switch to '/root/.vscode-server/data/logs/20220923T031257/': No such file or directory\n","exitCode":128}
[2022-10-07 03:47:48.048] [exthost] [error] {"message":"Git error","stdout":"","stderr":"fatal: Could not switch to '/root/.vscode-server/data/logs/20220923T031257/': No such file or directory\n","exitCode":128}
[2022-10-07 03:47:53.249] [exthost] [error] {"message":"Git error","stdout":"","stderr":"fatal: Could not switch to '/root/.vscode-server/data/logs/20220928T011943/exthost1/output_logging_20220928T012316/': No such file or directory\n","exitCode":128}
[2022-10-07 03:47:53.249] [exthost] [error] {"message":"Git error","stdout":"","stderr":"fatal: Could not switch to '/root/.vscode-server/data/logs/20220928T011943/exthost1/output_logging_20220928T012316/': No such file or directory\n","exitCode":128}
[2022-10-07 03:47:53.249] [exthost] [error] {"message":"Git error","stdout":"","stderr":"fatal: Could not switch to '/root/.vscode-server/data/logs/20220928T011943/exthost1/output_logging_20220928T012316/': No such file or directory\n","exitCode":128}
[2022-10-07 03:47:53.249] [exthost] [error] {"message":"Git error","stdout":"","stderr":"fatal: Could not switch to '/root/.vscode-server/data/logs/20220928T011943/exthost1/output_logging_20220928T012316/': No such file or directory\n","exitCode":128}
[2022-10-07 03:47:53.249] [exthost] [error] {"message":"Git error","stdout":"","stderr":"fatal: Could not switch to '/root/.vscode-server/data/logs/20220928T011943/exthost1/output_logging_20220928T012316/': No such file or directory\n","exitCode":128}
[2022-10-07 03:47:53.250] [exthost] [error] {"message":"Git error","stdout":"","stderr":"fatal: Could not switch to '/root/.vscode-server/data/logs/20220928T011943/exthost1/output_logging_20220928T012316/': No such file or directory\n","exitCode":128}
[2022-10-07 03:47:53.250] [exthost] [error] {"message":"Git error","stdout":"","stderr":"fatal: Could not switch to '/root/.vscode-server/data/logs/20220928T011943/exthost1/output_logging_20220928T012316/': No such file or directory\n","exitCode":128}
[2022-10-07 03:47:53.250] [exthost] [error] {"message":"Git error","stdout":"","stderr":"fatal: Could not switch to '/root/.vscode-server/data/logs/20220928T011943/exthost1/output_logging_20220928T012316/': No such file or directory\n","exitCode":128}
[2022-10-07 03:47:53.250] [exthost] [error] {"message":"Git error","stdout":"","stderr":"fatal: Could not switch to '/root/.vscode-server/data/logs/20220928T011943/exthost1/output_logging_20220928T012316/': No such file or directory\n","exitCode":128}
[2022-10-07 03:47:53.250] [exthost] [error] {"message":"Git error","stdout":"","stderr":"fatal: Could not switch to '/root/.vscode-server/data/logs/20220928T011943/exthost1/output_logging_20220928T012316/': No such file or directory\n","exitCode":128}
[2022-10-07 03:47:53.250] [exthost] [error] {"message":"Git error","stdout":"","stderr":"fatal: Could not switch to '/root/.vscode-server/data/logs/20220928T011943/exthost1/output_logging_20220928T012316/': No such file or directory\n","exitCode":128}
[2022-10-07 03:47:53.250] [exthost] [error] {"message":"Git error","stdout":"","stderr":"fatal: Could not switch to '/root/.vscode-server/data/logs/20220928T011943/exthost1/output_logging_20220928T012316/': No such file or directory\n","exitCode":128}
[2022-10-07 03:47:53.250] [exthost] [error] {"message":"Git error","stdout":"","stderr":"fatal: Could not switch to '/root/.vscode-server/data/logs/20220928T011943/exthost1/output_logging_20220928T012316/': No such file or directory\n","exitCode":128}
[2022-10-07 03:47:53.250] [exthost] [error] {"message":"Git error","stdout":"","stderr":"fatal: Could not switch to '/root/.vscode-server/data/logs/20220928T011943/exthost1/output_logging_20220928T012316/': No such file or directory\n","exitCode":128}
[2022-10-07 03:47:53.250] [exthost] [error] {"message":"Git error","stdout":"","stderr":"fatal: Could not switch to '/root/.vscode-server/data/logs/20220928T011943/exthost1/output_logging_20220928T012316/': No such file or directory\n","exitCode":128}
[2022-10-07 03:47:53.250] [exthost] [error] {"message":"Git error","stdout":"","stderr":"fatal: Could not switch to '/root/.vscode-server/data/logs/20220928T011943/exthost1/output_logging_20220928T012316/': No such file or directory\n","exitCode":128}
[2022-10-07 03:47:53.250] [exthost] [error] {"message":"Git error","stdout":"","stderr":"fatal: Could not switch to '/root/.vscode-server/data/logs/20220928T011943/exthost1/output_logging_20220928T012316/': No such file or directory\n","exitCode":128}
[2022-10-07 03:47:53.250] [exthost] [error] {"message":"Git error","stdout":"","stderr":"fatal: Could not switch to '/root/.vscode-server/data/logs/20220928T011943/exthost1/output_logging_20220928T012316/': No such file or directory\n","exitCode":128}
[2022-10-07 03:47:53.250] [exthost] [error] {"message":"Git error","stdout":"","stderr":"fatal: Could not switch to '/root/.vscode-server/data/logs/20220928T011943/exthost1/output_logging_20220928T012316/': No such file or directory\n","exitCode":128}
[2022-10-07 03:47:53.250] [exthost] [error] {"message":"Git error","stdout":"","stderr":"fatal: Could not switch to '/root/.vscode-server/data/logs/20220928T011943/exthost1/output_logging_20220928T012316/': No such file or directory\n","exitCode":128}
[2022-10-07 03:47:53.250] [exthost] [error] {"message":"Git error","stdout":"","stderr":"fatal: Could not switch to '/root/.vscode-server/data/logs/20220928T011943/exthost1/output_logging_20220928T012316/': No such file or directory\n","exitCode":128}
[2022-10-07 03:47:53.250] [exthost] [error] {"message":"Git error","stdout":"","stderr":"fatal: Could not switch to '/root/.vscode-server/data/logs/20220928T011943/exthost1/output_logging_20220928T012316/': No such file or directory\n","exitCode":128}
[2022-10-07 03:47:53.250] [exthost] [error] {"message":"Git error","stdout":"","stderr":"fatal: Could not switch to '/root/.vscode-server/data/logs/20220928T011943/exthost1/output_logging_20220928T012316/': No such file or directory\n","exitCode":128}
[2022-10-07 03:47:53.250] [exthost] [error] {"message":"Git error","stdout":"","stderr":"fatal: Could not switch to '/root/.vscode-server/data/logs/20220928T011943/exthost1/output_logging_20220928T012316/': No such file or directory\n","exitCode":128}
[2022-10-07 03:47:53.250] [exthost] [error] {"message":"Git error","stdout":"","stderr":"fatal: Could not switch to '/root/.vscode-server/data/logs/20220928T011943/exthost1/output_logging_20220928T012316/': No such file or directory\n","exitCode":128}
[2022-10-07 03:47:53.250] [exthost] [error] {"message":"Git error","stdout":"","stderr":"fatal: Could not switch to '/root/.vscode-server/data/logs/20220928T011943/exthost1/output_logging_20220928T012316/': No such file or directory\n","exitCode":128}
[2022-10-07 03:47:53.250] [exthost] [error] {"message":"Git error","stdout":"","stderr":"fatal: Could not switch to '/root/.vscode-server/data/logs/20220928T011943/exthost1/output_logging_20220928T012316/': No such file or directory\n","exitCode":128}
[2022-10-07 03:47:53.250] [exthost] [error] {"message":"Git error","stdout":"","stderr":"fatal: Could not switch to '/root/.vscode-server/data/logs/20220928T011943/exthost1/output_logging_20220928T012316/': No such file or directory\n","exitCode":128}
[2022-10-07 03:47:53.250] [exthost] [error] {"message":"Git error","stdout":"","stderr":"fatal: Could not switch to '/root/.vscode-server/data/logs/20220928T011943/exthost1/output_logging_20220928T012316/': No such file or directory\n","exitCode":128}
[2022-10-07 03:47:53.250] [exthost] [error] {"message":"Git error","stdout":"","stderr":"fatal: Could not switch to '/root/.vscode-server/data/logs/20220928T011943/exthost1/output_logging_20220928T012316/': No such file or directory\n","exitCode":128}
[2022-10-07 03:47:53.250] [exthost] [error] {"message":"Git error","stdout":"","stderr":"fatal: Could not switch to '/root/.vscode-server/data/logs/20220928T011943/exthost1/output_logging_20220928T012316/': No such file or directory\n","exitCode":128}
[2022-10-07 03:47:53.250] [exthost] [error] {"message":"Git error","stdout":"","stderr":"fatal: Could not switch to '/root/.vscode-server/data/logs/20220928T011943/exthost1/output_logging_20220928T012316/': No such file or directory\n","exitCode":128}
[2022-10-07 03:47:53.250] [exthost] [error] {"message":"Git error","stdout":"","stderr":"fatal: Could not switch to '/root/.vscode-server/data/logs/20220928T011943/exthost1/output_logging_20220928T012316/': No such file or directory\n","exitCode":128}
[2022-10-07 03:47:53.250] [exthost] [error] {"message":"Git error","stdout":"","stderr":"fatal: Could not switch to '/root/.vscode-server/data/logs/20220928T011943/exthost1/output_logging_20220928T012316/': No such file or directory\n","exitCode":128}
[2022-10-07 03:47:53.250] [exthost] [error] {"message":"Git error","stdout":"","stderr":"fatal: Could not switch to '/root/.vscode-server/data/logs/20220928T011943/exthost1/output_logging_20220928T012316/': No such file or directory\n","exitCode":128}
[2022-10-07 03:47:53.250] [exthost] [error] {"message":"Git error","stdout":"","stderr":"fatal: Could not switch to '/root/.vscode-server/data/logs/20220928T011943/exthost1/output_logging_20220928T012316/': No such file or directory\n","exitCode":128}
[2022-10-07 03:47:53.250] [exthost] [error] {"message":"Git error","stdout":"","stderr":"fatal: Could not switch to '/root/.vscode-server/data/logs/20220928T011943/exthost1/output_logging_20220928T012316/': No such file or directory\n","exitCode":128}
[2022-10-07 03:47:53.250] [exthost] [error] {"message":"Git error","stdout":"","stderr":"fatal: Could not switch to '/root/.vscode-server/data/logs/20220928T011943/exthost1/output_logging_20220928T012316/': No such file or directory\n","exitCode":128}
[2022-10-07 03:47:53.250] [exthost] [error] {"message":"Git error","stdout":"","stderr":"fatal: Could not switch to '/root/.vscode-server/data/logs/20220928T011943/exthost1/output_logging_20220928T012316/': No such file or directory\n","exitCode":128}
[2022-10-07 03:47:53.250] [exthost] [error] {"message":"Git error","stdout":"","stderr":"fatal: Could not switch to '/root/.vscode-server/data/logs/20220928T011943/exthost1/output_logging_20220928T012316/': No such file or directory\n","exitCode":128}
[2022-10-07 03:47:53.250] [exthost] [error] {"message":"Git error","stdout":"","stderr":"fatal: Could not switch to '/root/.vscode-server/data/logs/20220928T011943/exthost1/output_logging_20220928T012316/': No such file or directory\n","exitCode":128}
[2022-10-07 03:47:53.250] [exthost] [error] {"message":"Git error","stdout":"","stderr":"fatal: Could not switch to '/root/.vscode-server/data/logs/20220928T011943/exthost1/output_logging_20220928T012316/': No such file or directory\n","exitCode":128}
[2022-10-07 03:47:53.250] [exthost] [error] {"message":"Git error","stdout":"","stderr":"fatal: Could not switch to '/root/.vscode-server/data/logs/20220928T011943/exthost1/output_logging_20220928T012316/': No such file or directory\n","exitCode":128}
[2022-10-07 03:47:53.250] [exthost] [error] {"message":"Git error","stdout":"","stderr":"fatal: Could not switch to '/root/.vscode-server/data/logs/20220928T011943/exthost1/output_logging_20220928T012316/': No such file or directory\n","exitCode":128}
[2022-10-07 03:47:53.250] [exthost] [error] {"message":"Git error","stdout":"","stderr":"fatal: Could not switch to '/root/.vscode-server/data/logs/20220928T011943/exthost1/output_logging_20220928T012316/': No such file or directory\n","exitCode":128}
[2022-10-07 03:47:53.250] [exthost] [error] {"message":"Git error","stdout":"","stderr":"fatal: Could not switch to '/root/.vscode-server/data/logs/20220928T011943/exthost1/output_logging_20220928T012316/': No such file or directory\n","exitCode":128}
[2022-10-07 03:47:53.250] [exthost] [error] {"message":"Git error","stdout":"","stderr":"fatal: Could not switch to '/root/.vscode-server/data/logs/20220928T011943/exthost1/output_logging_20220928T012316/': No such file or directory\n","exitCode":128}
[2022-10-07 03:47:53.250] [exthost] [error] {"message":"Git error","stdout":"","stderr":"fatal: Could not switch to '/root/.vscode-server/data/logs/20220928T011943/exthost1/output_logging_20220928T012316/': No such file or directory\n","exitCode":128}
[2022-10-07 03:47:53.250] [exthost] [error] {"message":"Git error","stdout":"","stderr":"fatal: Could not switch to '/root/.vscode-server/data/logs/20220928T011943/exthost1/output_logging_20220928T012316/': No such file or directory\n","exitCode":128}
[2022-10-07 03:47:53.250] [exthost] [error] {"message":"Git error","stdout":"","stderr":"fatal: Could not switch to '/root/.vscode-server/data/logs/20220928T011943/exthost1/output_logging_20220928T012316/': No such file or directory\n","exitCode":128}
[2022-10-07 03:47:53.250] [exthost] [error] {"message":"Git error","stdout":"","stderr":"fatal: Could not switch to '/root/.vscode-server/data/logs/20220928T011943/exthost1/output_logging_20220928T012316/': No such file or directory\n","exitCode":128}
[2022-10-07 03:47:53.250] [exthost] [error] {"message":"Git error","stdout":"","stderr":"fatal: Could not switch to '/root/.vscode-server/data/logs/20220928T011943/exthost1/output_logging_20220928T012316/': No such file or directory\n","exitCode":128}
[2022-10-07 03:47:53.250] [exthost] [error] {"message":"Git error","stdout":"","stderr":"fatal: Could not switch to '/root/.vscode-server/data/logs/20220928T011943/exthost1/output_logging_20220928T012316/': No such file or directory\n","exitCode":128}
[2022-10-07 03:47:53.250] [exthost] [error] {"message":"Git error","stdout":"","stderr":"fatal: Could not switch to '/root/.vscode-server/data/logs/20220928T011943/exthost1/output_logging_20220928T012316/': No such file or directory\n","exitCode":128}
[2022-10-07 03:47:53.250] [exthost] [error] {"message":"Git error","stdout":"","stderr":"fatal: Could not switch to '/root/.vscode-server/data/logs/20220928T011943/exthost1/output_logging_20220928T012316/': No such file or directory\n","exitCode":128}
[2022-10-07 03:47:53.250] [exthost] [error] {"message":"Git error","stdout":"","stderr":"fatal: Could not switch to '/root/.vscode-server/data/logs/20220928T011943/exthost1/output_logging_20220928T012316/': No such file or directory\n","exitCode":128}
[2022-10-07 03:47:53.250] [exthost] [error] {"message":"Git error","stdout":"","stderr":"fatal: Could not switch to '/root/.vscode-server/data/logs/20220928T011943/exthost1/output_logging_20220928T012316/': No such file or directory\n","exitCode":128}
[2022-10-07 03:47:53.250] [exthost] [error] {"message":"Git error","stdout":"","stderr":"fatal: Could not switch to '/root/.vscode-server/data/logs/20220928T011943/exthost1/output_logging_20220928T012316/': No such file or directory\n","exitCode":128}
[2022-10-07 03:47:53.250] [exthost] [error] {"message":"Git error","stdout":"","stderr":"fatal: Could not switch to '/root/.vscode-server/data/logs/20220928T011943/exthost1/output_logging_20220928T012316/': No such file or directory\n","exitCode":128}
[2022-10-07 03:47:53.250] [exthost] [error] {"message":"Git error","stdout":"","stderr":"fatal: Could not switch to '/root/.vscode-server/data/logs/20220928T011943/exthost1/output_logging_20220928T012316/': No such file or directory\n","exitCode":128}
[2022-10-07 03:47:53.250] [exthost] [error] {"message":"Git error","stdout":"","stderr":"fatal: Could not switch to '/root/.vscode-server/data/logs/20220928T011943/exthost1/output_logging_20220928T012316/': No such file or directory\n","exitCode":128}
[2022-10-07 03:47:53.250] [exthost] [error] {"message":"Git error","stdout":"","stderr":"fatal: Could not switch to '/root/.vscode-server/data/logs/20220928T011943/exthost1/output_logging_20220928T012316/': No such file or directory\n","exitCode":128}
[2022-10-07 03:47:53.250] [exthost] [error] {"message":"Git error","stdout":"","stderr":"fatal: Could not switch to '/root/.vscode-server/data/logs/20220928T011943/exthost1/output_logging_20220928T012316/': No such file or directory\n","exitCode":128}
[2022-10-07 03:47:53.250] [exthost] [error] {"message":"Git error","stdout":"","stderr":"fatal: Could not switch to '/root/.vscode-server/data/logs/20220928T011943/exthost1/output_logging_20220928T012316/': No such file or directory\n","exitCode":128}
[2022-10-07 03:47:53.250] [exthost] [error] {"message":"Git error","stdout":"","stderr":"fatal: Could not switch to '/root/.vscode-server/data/logs/20220928T011943/exthost1/output_logging_20220928T012316/': No such file or directory\n","exitCode":128}
[2022-10-07 03:47:53.250] [exthost] [error] {"message":"Git error","stdout":"","stderr":"fatal: Could not switch to '/root/.vscode-server/data/logs/20220928T011943/exthost1/output_logging_20220928T012316/': No such file or directory\n","exitCode":128}
[2022-10-07 03:47:53.250] [exthost] [error] {"message":"Git error","stdout":"","stderr":"fatal: Could not switch to '/root/.vscode-server/data/logs/20220928T011943/exthost1/output_logging_20220928T012316/': No such file or directory\n","exitCode":128}
[2022-10-07 03:47:53.250] [exthost] [error] {"message":"Git error","stdout":"","stderr":"fatal: Could not switch to '/root/.vscode-server/data/logs/20220928T011943/exthost1/output_logging_20220928T012316/': No such file or directory\n","exitCode":128}
[2022-10-07 03:47:53.250] [exthost] [error] {"message":"Git error","stdout":"","stderr":"fatal: Could not switch to '/root/.vscode-server/data/logs/20220928T011943/exthost1/output_logging_20220928T012316/': No such file or directory\n","exitCode":128}
[2022-10-07 03:47:53.250] [exthost] [error] {"message":"Git error","stdout":"","stderr":"fatal: Could not switch to '/root/.vscode-server/data/logs/20220928T011943/exthost1/output_logging_20220928T012316/': No such file or directory\n","exitCode":128}
[2022-10-07 03:47:53.250] [exthost] [error] {"message":"Git error","stdout":"","stderr":"fatal: Could not switch to '/root/.vscode-server/data/logs/20220928T011943/exthost1/output_logging_20220928T012316/': No such file or directory\n","exitCode":128}
[2022-10-07 03:47:53.250] [exthost] [error] {"message":"Git error","stdout":"","stderr":"fatal: Could not switch to '/root/.vscode-server/data/logs/20220928T011943/exthost1/output_logging_20220928T012316/': No such file or directory\n","exitCode":128}
[2022-10-07 03:47:53.250] [exthost] [error] {"message":"Git error","stdout":"","stderr":"fatal: Could not switch to '/root/.vscode-server/data/logs/20220928T011943/exthost1/output_logging_20220928T012316/': No such file or directory\n","exitCode":128}
[2022-10-07 03:47:53.250] [exthost] [error] {"message":"Git error","stdout":"","stderr":"fatal: Could not switch to '/root/.vscode-server/data/logs/20220928T011943/exthost1/output_logging_20220928T012316/': No such file or directory\n","exitCode":128}
[2022-10-07 03:47:53.250] [exthost] [error] {"message":"Git error","stdout":"","stderr":"fatal: Could not switch to '/root/.vscode-server/data/logs/20220928T011943/exthost1/output_logging_20220928T012316/': No such file or directory\n","exitCode":128}
[2022-10-07 03:47:53.250] [exthost] [error] {"message":"Git error","stdout":"","stderr":"fatal: Could not switch to '/root/.vscode-server/data/logs/20220928T011943/exthost1/output_logging_20220928T012316/': No such file or directory\n","exitCode":128}
[2022-10-07 03:47:53.250] [exthost] [error] {"message":"Git error","stdout":"","stderr":"fatal: Could not switch to '/root/.vscode-server/data/logs/20220928T011943/exthost1/output_logging_20220928T012316/': No such file or directory\n","exitCode":128}
[2022-10-07 03:47:53.250] [exthost] [error] {"message":"Git error","stdout":"","stderr":"fatal: Could not switch to '/root/.vscode-server/data/logs/20220928T011943/exthost1/output_logging_20220928T012316/': No such file or directory\n","exitCode":128}
[2022-10-07 03:47:53.250] [exthost] [error] {"message":"Git error","stdout":"","stderr":"fatal: Could not switch to '/root/.vscode-server/data/logs/20220928T011943/exthost1/output_logging_20220928T012316/': No such file or directory\n","exitCode":128}
[2022-10-07 03:47:53.250] [exthost] [error] {"message":"Git error","stdout":"","stderr":"fatal: Could not switch to '/root/.vscode-server/data/logs/20220928T011943/exthost1/output_logging_20220928T012316/': No such file or directory\n","exitCode":128}
[2022-10-07 03:47:53.250] [exthost] [error] {"message":"Git error","stdout":"","stderr":"fatal: Could not switch to '/root/.vscode-server/data/logs/20220928T011943/exthost1/output_logging_20220928T012316/': No such file or directory\n","exitCode":128}
[2022-10-07 03:47:53.250] [exthost] [error] {"message":"Git error","stdout":"","stderr":"fatal: Could not switch to '/root/.vscode-server/data/logs/20220928T011943/exthost1/output_logging_20220928T012316/': No such file or directory\n","exitCode":128}
[2022-10-07 03:47:53.250] [exthost] [error] {"message":"Git error","stdout":"","stderr":"fatal: Could not switch to '/root/.vscode-server/data/logs/20220928T011943/exthost1/output_logging_20220928T012316/': No such file or directory\n","exitCode":128}
[2022-10-07 03:47:53.250] [exthost] [error] {"message":"Git error","stdout":"","stderr":"fatal: Could not switch to '/root/.vscode-server/data/logs/20220928T011943/exthost1/output_logging_20220928T012316/': No such file or directory\n","exitCode":128}
[2022-10-07 03:47:53.250] [exthost] [error] {"message":"Git error","stdout":"","stderr":"fatal: Could not switch to '/root/.vscode-server/data/logs/20220928T011943/exthost1/output_logging_20220928T012316/': No such file or directory\n","exitCode":128}
[2022-10-07 03:47:53.250] [exthost] [error] {"message":"Git error","stdout":"","stderr":"fatal: Could not switch to '/root/.vscode-server/data/logs/20220928T011943/exthost1/output_logging_20220928T012316/': No such file or directory\n","exitCode":128}
[2022-10-07 03:47:53.250] [exthost] [error] {"message":"Git error","stdout":"","stderr":"fatal: Could not switch to '/root/.vscode-server/data/logs/20220928T011943/exthost1/output_logging_20220928T012316/': No such file or directory\n","exitCode":128}
[2022-10-07 03:47:53.250] [exthost] [error] {"message":"Git error","stdout":"","stderr":"fatal: Could not switch to '/root/.vscode-server/data/logs/20220928T011943/exthost1/output_logging_20220928T012316/': No such file or directory\n","exitCode":128}
[2022-10-07 03:47:53.250] [exthost] [error] {"message":"Git error","stdout":"","stderr":"fatal: Could not switch to '/root/.vscode-server/data/logs/20220928T011943/exthost1/output_logging_20220928T012316/': No such file or directory\n","exitCode":128}
[2022-10-07 03:47:53.250] [exthost] [error] {"message":"Git error","stdout":"","stderr":"fatal: Could not switch to '/root/.vscode-server/data/logs/20220928T011943/exthost1/output_logging_20220928T012316/': No such file or directory\n","exitCode":128}
[2022-10-07 03:47:53.250] [exthost] [error] {"message":"Git error","stdout":"","stderr":"fatal: Could not switch to '/root/.vscode-server/data/logs/20220928T011943/exthost1/output_logging_20220928T012316/': No such file or directory\n","exitCode":128}
[2022-10-07 03:47:53.250] [exthost] [error] {"message":"Git error","stdout":"","stderr":"fatal: Could not switch to '/root/.vscode-server/data/logs/20220928T011943/exthost1/output_logging_20220928T012316/': No such file or directory\n","exitCode":128}
[2022-10-07 03:47:53.250] [exthost] [error] {"message":"Git error","stdout":"","stderr":"fatal: Could not switch to '/root/.vscode-server/data/logs/20220928T011943/exthost1/output_logging_20220928T012316/': No such file or directory\n","exitCode":128}
[2022-10-07 03:47:53.250] [exthost] [error] {"message":"Git error","stdout":"","stderr":"fatal: Could not switch to '/root/.vscode-server/data/logs/20220928T011943/exthost1/output_logging_20220928T012316/': No such file or directory\n","exitCode":128}
[2022-10-07 03:47:53.250] [exthost] [error] {"message":"Git error","stdout":"","stderr":"fatal: Could not switch to '/root/.vscode-server/data/logs/20220928T011943/exthost1/output_logging_20220928T012316/': No such file or directory\n","exitCode":128}
[2022-10-07 03:47:53.250] [exthost] [error] {"message":"Git error","stdout":"","stderr":"fatal: Could not switch to '/root/.vscode-server/data/logs/20220928T011943/exthost1/output_logging_20220928T012316/': No such file or directory\n","exitCode":128}
[2022-10-07 03:47:53.250] [exthost] [error] {"message":"Git error","stdout":"","stderr":"fatal: Could not switch to '/root/.vscode-server/data/logs/20220928T011943/exthost1/output_logging_20220928T012316/': No such file or directory\n","exitCode":128}
[2022-10-07 03:47:53.250] [exthost] [error] {"message":"Git error","stdout":"","stderr":"fatal: Could not switch to '/root/.vscode-server/data/logs/20220928T011943/exthost1/output_logging_20220928T012316/': No such file or directory\n","exitCode":128}
[2022-10-07 03:47:53.250] [exthost] [error] {"message":"Git error","stdout":"","stderr":"fatal: Could not switch to '/root/.vscode-server/data/logs/20220928T011943/exthost1/output_logging_20220928T012316/': No such file or directory\n","exitCode":128}
[2022-10-07 03:47:53.250] [exthost] [error] {"message":"Git error","stdout":"","stderr":"fatal: Could not switch to '/root/.vscode-server/data/logs/20220928T011943/exthost1/output_logging_20220928T012316/': No such file or directory\n","exitCode":128}
[2022-10-07 03:47:53.250] [exthost] [error] {"message":"Git error","stdout":"","stderr":"fatal: Could not switch to '/root/.vscode-server/data/logs/20220928T011943/exthost1/output_logging_20220928T012316/': No such file or directory\n","exitCode":128}
[2022-10-07 03:47:53.250] [exthost] [error] {"message":"Git error","stdout":"","stderr":"fatal: Could not switch to '/root/.vscode-server/data/logs/20220928T011943/exthost1/output_logging_20220928T012316/': No such file or directory\n","exitCode":128}
[2022-10-07 03:47:53.251] [exthost] [error] {"message":"Git error","stdout":"","stderr":"fatal: Could not switch to '/root/.vscode-server/data/logs/20220928T011943/exthost1/output_logging_20220928T012316/': No such file or directory\n","exitCode":128}
[2022-10-07 03:47:53.251] [exthost] [error] {"message":"Git error","stdout":"","stderr":"fatal: Could not switch to '/root/.vscode-server/data/logs/20220928T011943/exthost1/output_logging_20220928T012316/': No such file or directory\n","exitCode":128}
[2022-10-07 03:47:53.251] [exthost] [error] {"message":"Git error","stdout":"","stderr":"fatal: Could not switch to '/root/.vscode-server/data/logs/20220928T011943/exthost1/output_logging_20220928T012316/': No such file or directory\n","exitCode":128}
[2022-10-07 03:47:53.251] [exthost] [error] {"message":"Git error","stdout":"","stderr":"fatal: Could not switch to '/root/.vscode-server/data/logs/20220928T011943/exthost1/output_logging_20220928T012316/': No such file or directory\n","exitCode":128}
[2022-10-07 03:47:53.251] [exthost] [error] {"message":"Git error","stdout":"","stderr":"fatal: Could not switch to '/root/.vscode-server/data/logs/20220928T011943/exthost1/output_logging_20220928T012316/': No such file or directory\n","exitCode":128}
[2022-10-07 03:47:53.251] [exthost] [error] {"message":"Git error","stdout":"","stderr":"fatal: Could not switch to '/root/.vscode-server/data/logs/20220928T011943/exthost1/output_logging_20220928T012316/': No such file or directory\n","exitCode":128}
[2022-10-07 03:47:53.251] [exthost] [error] {"message":"Git error","stdout":"","stderr":"fatal: Could not switch to '/root/.vscode-server/data/logs/20220928T011943/exthost1/output_logging_20220928T012316/': No such file or directory\n","exitCode":128}
[2022-10-07 03:47:53.251] [exthost] [error] {"message":"Git error","stdout":"","stderr":"fatal: Could not switch to '/root/.vscode-server/data/logs/20220928T011943/exthost1/output_logging_20220928T012316/': No such file or directory\n","exitCode":128}
[2022-10-07 03:47:53.251] [exthost] [error] {"message":"Git error","stdout":"","stderr":"fatal: Could not switch to '/root/.vscode-server/data/logs/20220928T011943/exthost1/output_logging_20220928T012316/': No such file or directory\n","exitCode":128}
[2022-10-07 04:37:46.491] [exthost] [error] {"message":"Git error","stdout":"","stderr":"fatal: Could not switch to '/root/.vscode-server/data/logs/20220923T031257/exthost1/output_logging_20220923T031259/': No such file or directory\n","exitCode":128}
[2022-10-07 04:37:46.493] [exthost] [error] {"message":"Git error","stdout":"","stderr":"fatal: Could not switch to '/root/.vscode-server/data/logs/20220923T031257/exthost1/output_logging_20220923T031259/': No such file or directory\n","exitCode":128}
[2022-10-07 04:37:46.493] [exthost] [error] {"message":"Git error","stdout":"","stderr":"fatal: Could not switch to '/root/.vscode-server/data/logs/20220923T031257/exthost1/output_logging_20220923T031259/': No such file or directory\n","exitCode":128}
[2022-10-07 04:37:46.493] [exthost] [error] {"message":"Git error","stdout":"","stderr":"fatal: Could not switch to '/root/.vscode-server/data/logs/20220923T031257/exthost1/output_logging_20220923T031259/': No such file or directory\n","exitCode":128}
[2022-10-07 04:37:46.493] [exthost] [error] {"message":"Git error","stdout":"","stderr":"fatal: Could not switch to '/root/.vscode-server/data/logs/20220923T031257/exthost1/output_logging_20220923T031259/': No such file or directory\n","exitCode":128}
[2022-10-07 04:37:46.493] [exthost] [error] {"message":"Git error","stdout":"","stderr":"fatal: Could not switch to '/root/.vscode-server/data/logs/20220923T031257/exthost1/output_logging_20220923T031259/': No such file or directory\n","exitCode":128}
[2022-10-07 04:37:46.493] [exthost] [error] {"message":"Git error","stdout":"","stderr":"fatal: Could not switch to '/root/.vscode-server/data/logs/20220923T031257/exthost1/output_logging_20220923T031259/': No such file or directory\n","exitCode":128}
[2022-10-07 04:37:46.493] [exthost] [error] {"message":"Git error","stdout":"","stderr":"fatal: Could not switch to '/root/.vscode-server/data/logs/20220923T031257/exthost1/output_logging_20220923T031259/': No such file or directory\n","exitCode":128}
[2022-10-07 04:37:46.493] [exthost] [error] {"message":"Git error","stdout":"","stderr":"fatal: Could not switch to '/root/.vscode-server/data/logs/20220923T031257/exthost1/output_logging_20220923T031259/': No such file or directory\n","exitCode":128}
[2022-10-07 04:37:46.493] [exthost] [error] {"message":"Git error","stdout":"","stderr":"fatal: Could not switch to '/root/.vscode-server/data/logs/20220923T031257/exthost1/output_logging_20220923T031259/': No such file or directory\n","exitCode":128}
[2022-10-07 04:37:46.493] [exthost] [error] {"message":"Git error","stdout":"","stderr":"fatal: Could not switch to '/root/.vscode-server/data/logs/20220923T031257/exthost1/output_logging_20220923T031259/': No such file or directory\n","exitCode":128}
[2022-10-07 04:37:46.493] [exthost] [error] {"message":"Git error","stdout":"","stderr":"fatal: Could not switch to '/root/.vscode-server/data/logs/20220923T031257/exthost1/output_logging_20220923T031259/': No such file or directory\n","exitCode":128}
[2022-10-07 04:37:46.493] [exthost] [error] {"message":"Git error","stdout":"","stderr":"fatal: Could not switch to '/root/.vscode-server/data/logs/20220923T031257/exthost1/output_logging_20220923T031259/': No such file or directory\n","exitCode":128}
[2022-10-07 04:37:46.493] [exthost] [error] {"message":"Git error","stdout":"","stderr":"fatal: Could not switch to '/root/.vscode-server/data/logs/20220923T031257/exthost1/output_logging_20220923T031259/': No such file or directory\n","exitCode":128}
[2022-10-07 04:37:46.493] [exthost] [error] {"message":"Git error","stdout":"","stderr":"fatal: Could not switch to '/root/.vscode-server/data/logs/20220923T031257/exthost1/output_logging_20220923T031259/': No such file or directory\n","exitCode":128}
[2022-10-07 04:37:46.493] [exthost] [error] {"message":"Git error","stdout":"","stderr":"fatal: Could not switch to '/root/.vscode-server/data/logs/20220923T031257/exthost1/output_logging_20220923T031259/': No such file or directory\n","exitCode":128}
[2022-10-07 04:37:46.493] [exthost] [error] {"message":"Git error","stdout":"","stderr":"fatal: Could not switch to '/root/.vscode-server/data/logs/20220923T031257/exthost1/output_logging_20220923T031259/': No such file or directory\n","exitCode":128}
[2022-10-07 04:37:46.493] [exthost] [error] {"message":"Git error","stdout":"","stderr":"fatal: Could not switch to '/root/.vscode-server/data/logs/20220923T031257/exthost1/output_logging_20220923T031259/': No such file or directory\n","exitCode":128}
[2022-10-07 04:37:46.493] [exthost] [error] {"message":"Git error","stdout":"","stderr":"fatal: Could not switch to '/root/.vscode-server/data/logs/20220923T031257/exthost1/output_logging_20220923T031259/': No such file or directory\n","exitCode":128}
[2022-10-07 04:37:46.493] [exthost] [error] {"message":"Git error","stdout":"","stderr":"fatal: Could not switch to '/root/.vscode-server/data/logs/20220923T031257/exthost1/output_logging_20220923T031259/': No such file or directory\n","exitCode":128}
[2022-10-07 04:37:46.493] [exthost] [error] {"message":"Git error","stdout":"","stderr":"fatal: Could not switch to '/root/.vscode-server/data/logs/20220923T031257/exthost1/output_logging_20220923T031259/': No such file or directory\n","exitCode":128}
[2022-10-07 04:37:46.493] [exthost] [error] {"message":"Git error","stdout":"","stderr":"fatal: Could not switch to '/root/.vscode-server/data/logs/20220923T031257/exthost1/output_logging_20220923T031259/': No such file or directory\n","exitCode":128}
[2022-10-07 04:37:46.493] [exthost] [error] {"message":"Git error","stdout":"","stderr":"fatal: Could not switch to '/root/.vscode-server/data/logs/20220923T031257/exthost1/output_logging_20220923T031259/': No such file or directory\n","exitCode":128}
[2022-10-07 04:37:46.493] [exthost] [error] {"message":"Git error","stdout":"","stderr":"fatal: Could not switch to '/root/.vscode-server/data/logs/20220923T031257/exthost1/output_logging_20220923T031259/': No such file or directory\n","exitCode":128}
[2022-10-07 04:37:46.494] [exthost] [error] {"message":"Git error","stdout":"","stderr":"fatal: Could not switch to '/root/.vscode-server/data/logs/20220923T031257/exthost1/output_logging_20220923T031259/': No such file or directory\n","exitCode":128}
[2022-10-07 04:37:46.494] [exthost] [error] {"message":"Git error","stdout":"","stderr":"fatal: Could not switch to '/root/.vscode-server/data/logs/20220923T031257/exthost1/output_logging_20220923T031259/': No such file or directory\n","exitCode":128}
[2022-10-07 04:37:46.494] [exthost] [error] {"message":"Git error","stdout":"","stderr":"fatal: Could not switch to '/root/.vscode-server/data/logs/20220923T031257/exthost1/output_logging_20220923T031259/': No such file or directory\n","exitCode":128}
[2022-10-07 04:37:46.494] [exthost] [error] {"message":"Git error","stdout":"","stderr":"fatal: Could not switch to '/root/.vscode-server/data/logs/20220923T031257/exthost1/output_logging_20220923T031259/': No such file or directory\n","exitCode":128}
[2022-10-07 04:37:46.494] [exthost] [error] {"message":"Git error","stdout":"","stderr":"fatal: Could not switch to '/root/.vscode-server/data/logs/20220923T031257/exthost1/output_logging_20220923T031259/': No such file or directory\n","exitCode":128}
[2022-10-07 04:37:46.494] [exthost] [error] {"message":"Git error","stdout":"","stderr":"fatal: Could not switch to '/root/.vscode-server/data/logs/20220923T031257/exthost1/output_logging_20220923T031259/': No such file or directory\n","exitCode":128}
[2022-10-07 04:37:46.494] [exthost] [error] {"message":"Git error","stdout":"","stderr":"fatal: Could not switch to '/root/.vscode-server/data/logs/20220923T031257/exthost1/output_logging_20220923T031259/': No such file or directory\n","exitCode":128}
[2022-10-07 04:37:46.494] [exthost] [error] {"message":"Git error","stdout":"","stderr":"fatal: Could not switch to '/root/.vscode-server/data/logs/20220923T031257/exthost1/output_logging_20220923T031259/': No such file or directory\n","exitCode":128}
[2022-10-07 04:37:46.494] [exthost] [error] {"message":"Git error","stdout":"","stderr":"fatal: Could not switch to '/root/.vscode-server/data/logs/20220923T031257/exthost1/output_logging_20220923T031259/': No such file or directory\n","exitCode":128}
[2022-10-07 04:37:46.494] [exthost] [error] {"message":"Git error","stdout":"","stderr":"fatal: Could not switch to '/root/.vscode-server/data/logs/20220923T031257/exthost1/output_logging_20220923T031259/': No such file or directory\n","exitCode":128}
[2022-10-07 04:37:46.494] [exthost] [error] {"message":"Git error","stdout":"","stderr":"fatal: Could not switch to '/root/.vscode-server/data/logs/20220923T031257/exthost1/output_logging_20220923T031259/': No such file or directory\n","exitCode":128}
[2022-10-07 04:37:46.494] [exthost] [error] {"message":"Git error","stdout":"","stderr":"fatal: Could not switch to '/root/.vscode-server/data/logs/20220923T031257/exthost1/output_logging_20220923T031259/': No such file or directory\n","exitCode":128}
[2022-10-07 04:37:46.494] [exthost] [error] {"message":"Git error","stdout":"","stderr":"fatal: Could not switch to '/root/.vscode-server/data/logs/20220923T031257/exthost1/output_logging_20220923T031259/': No such file or directory\n","exitCode":128}
[2022-10-07 04:37:46.494] [exthost] [error] {"message":"Git error","stdout":"","stderr":"fatal: Could not switch to '/root/.vscode-server/data/logs/20220923T031257/exthost1/output_logging_20220923T031259/': No such file or directory\n","exitCode":128}
[2022-10-07 04:37:46.494] [exthost] [error] {"message":"Git error","stdout":"","stderr":"fatal: Could not switch to '/root/.vscode-server/data/logs/20220923T031257/exthost1/output_logging_20220923T031259/': No such file or directory\n","exitCode":128}
[2022-10-07 04:37:46.494] [exthost] [error] {"message":"Git error","stdout":"","stderr":"fatal: Could not switch to '/root/.vscode-server/data/logs/20220923T031257/exthost1/output_logging_20220923T031259/': No such file or directory\n","exitCode":128}
[2022-10-07 04:37:46.494] [exthost] [error] {"message":"Git error","stdout":"","stderr":"fatal: Could not switch to '/root/.vscode-server/data/logs/20220923T031257/exthost1/output_logging_20220923T031259/': No such file or directory\n","exitCode":128}
[2022-10-07 04:37:46.494] [exthost] [error] {"message":"Git error","stdout":"","stderr":"fatal: Could not switch to '/root/.vscode-server/data/logs/20220923T031257/exthost1/output_logging_20220923T031259/': No such file or directory\n","exitCode":128}
[2022-10-07 04:37:46.494] [exthost] [error] {"message":"Git error","stdout":"","stderr":"fatal: Could not switch to '/root/.vscode-server/data/logs/20220923T031257/exthost1/output_logging_20220923T031259/': No such file or directory\n","exitCode":128}
[2022-10-07 04:37:46.494] [exthost] [error] {"message":"Git error","stdout":"","stderr":"fatal: Could not switch to '/root/.vscode-server/data/logs/20220923T031257/exthost1/output_logging_20220923T031259/': No such file or directory\n","exitCode":128}
[2022-10-07 04:37:46.494] [exthost] [error] {"message":"Git error","stdout":"","stderr":"fatal: Could not switch to '/root/.vscode-server/data/logs/20220923T031257/exthost1/output_logging_20220923T031259/': No such file or directory\n","exitCode":128}
[2022-10-07 04:37:46.494] [exthost] [error] {"message":"Git error","stdout":"","stderr":"fatal: Could not switch to '/root/.vscode-server/data/logs/20220923T031257/exthost1/output_logging_20220923T031259/': No such file or directory\n","exitCode":128}
[2022-10-07 04:37:46.494] [exthost] [error] {"message":"Git error","stdout":"","stderr":"fatal: Could not switch to '/root/.vscode-server/data/logs/20220923T031257/exthost1/output_logging_20220923T031259/': No such file or directory\n","exitCode":128}
[2022-10-07 04:37:46.494] [exthost] [error] {"message":"Git error","stdout":"","stderr":"fatal: Could not switch to '/root/.vscode-server/data/logs/20220923T031257/exthost1/output_logging_20220923T031259/': No such file or directory\n","exitCode":128}
[2022-10-07 04:37:46.494] [exthost] [error] {"message":"Git error","stdout":"","stderr":"fatal: Could not switch to '/root/.vscode-server/data/logs/20220923T031257/exthost1/output_logging_20220923T031259/': No such file or directory\n","exitCode":128}
[2022-10-07 04:37:50.014] [exthost] [error] {"message":"Git error","stdout":"","stderr":"fatal: Could not switch to '/root/.vscode-server/data/logs/20220927T190918/exthost2/': No such file or directory\n","exitCode":128}
[2022-10-07 04:37:50.015] [exthost] [error] {"message":"Git error","stdout":"","stderr":"fatal: Could not switch to '/root/.vscode-server/data/logs/20220927T190918/exthost2/': No such file or directory\n","exitCode":128}
[2022-10-07 04:37:50.015] [exthost] [error] {"message":"Git error","stdout":"","stderr":"fatal: Could not switch to '/root/.vscode-server/data/logs/20220927T190918/exthost2/': No such file or directory\n","exitCode":128}
[2022-10-07 04:37:50.015] [exthost] [error] {"message":"Git error","stdout":"","stderr":"fatal: Could not switch to '/root/.vscode-server/data/logs/20220927T190918/exthost2/': No such file or directory\n","exitCode":128}
[2022-10-07 04:37:50.015] [exthost] [error] {"message":"Git error","stdout":"","stderr":"fatal: Could not switch to '/root/.vscode-server/data/logs/20220927T190918/exthost2/': No such file or directory\n","exitCode":128}
[2022-10-07 04:37:50.015] [exthost] [error] {"message":"Git error","stdout":"","stderr":"fatal: Could not switch to '/root/.vscode-server/data/logs/20220927T190918/exthost2/': No such file or directory\n","exitCode":128}
[2022-10-07 04:37:50.015] [exthost] [error] {"message":"Git error","stdout":"","stderr":"fatal: Could not switch to '/root/.vscode-server/data/logs/20220927T190918/exthost2/': No such file or directory\n","exitCode":128}
[2022-10-07 04:37:50.015] [exthost] [error] {"message":"Git error","stdout":"","stderr":"fatal: Could not switch to '/root/.vscode-server/data/logs/20220927T190918/exthost2/': No such file or directory\n","exitCode":128}
[2022-10-07 04:37:50.015] [exthost] [error] {"message":"Git error","stdout":"","stderr":"fatal: Could not switch to '/root/.vscode-server/data/logs/20220927T190918/exthost2/': No such file or directory\n","exitCode":128}
[2022-10-07 04:37:50.015] [exthost] [error] {"message":"Git error","stdout":"","stderr":"fatal: Could not switch to '/root/.vscode-server/data/logs/20220927T190918/exthost2/': No such file or directory\n","exitCode":128}
[2022-10-07 04:37:50.015] [exthost] [error] {"message":"Git error","stdout":"","stderr":"fatal: Could not switch to '/root/.vscode-server/data/logs/20220927T190918/exthost2/': No such file or directory\n","exitCode":128}
[2022-10-07 04:37:50.015] [exthost] [error] {"message":"Git error","stdout":"","stderr":"fatal: Could not switch to '/root/.vscode-server/data/logs/20220927T190918/exthost2/': No such file or directory\n","exitCode":128}
[2022-10-07 04:37:50.015] [exthost] [error] {"message":"Git error","stdout":"","stderr":"fatal: Could not switch to '/root/.vscode-server/data/logs/20220927T190918/exthost2/': No such file or directory\n","exitCode":128}
[2022-10-07 04:37:50.015] [exthost] [error] {"message":"Git error","stdout":"","stderr":"fatal: Could not switch to '/root/.vscode-server/data/logs/20220927T190918/exthost2/': No such file or directory\n","exitCode":128}
[2022-10-07 04:37:50.015] [exthost] [error] {"message":"Git error","stdout":"","stderr":"fatal: Could not switch to '/root/.vscode-server/data/logs/20220927T190918/exthost2/': No such file or directory\n","exitCode":128}
[2022-10-07 04:37:50.015] [exthost] [error] {"message":"Git error","stdout":"","stderr":"fatal: Could not switch to '/root/.vscode-server/data/logs/20220927T190918/exthost2/': No such file or directory\n","exitCode":128}
[2022-10-07 04:37:50.015] [exthost] [error] {"message":"Git error","stdout":"","stderr":"fatal: Could not switch to '/root/.vscode-server/data/logs/20220927T190918/exthost2/': No such file or directory\n","exitCode":128}
[2022-10-07 04:37:50.015] [exthost] [error] {"message":"Git error","stdout":"","stderr":"fatal: Could not switch to '/root/.vscode-server/data/logs/20220927T190918/exthost2/': No such file or directory\n","exitCode":128}
[2022-10-07 04:37:50.015] [exthost] [error] {"message":"Git error","stdout":"","stderr":"fatal: Could not switch to '/root/.vscode-server/data/logs/20220927T190918/exthost2/': No such file or directory\n","exitCode":128}
[2022-10-07 04:37:50.015] [exthost] [error] {"message":"Git error","stdout":"","stderr":"fatal: Could not switch to '/root/.vscode-server/data/logs/20220927T190918/exthost2/': No such file or directory\n","exitCode":128}
[2022-10-07 04:37:50.015] [exthost] [error] {"message":"Git error","stdout":"","stderr":"fatal: Could not switch to '/root/.vscode-server/data/logs/20220927T190918/exthost2/': No such file or directory\n","exitCode":128}
[2022-10-07 04:37:50.015] [exthost] [error] {"message":"Git error","stdout":"","stderr":"fatal: Could not switch to '/root/.vscode-server/data/logs/20220927T190918/exthost2/': No such file or directory\n","exitCode":128}
[2022-10-07 04:37:50.015] [exthost] [error] {"message":"Git error","stdout":"","stderr":"fatal: Could not switch to '/root/.vscode-server/data/logs/20220927T190918/exthost2/': No such file or directory\n","exitCode":128}
[2022-10-07 04:37:50.015] [exthost] [error] {"message":"Git error","stdout":"","stderr":"fatal: Could not switch to '/root/.vscode-server/data/logs/20220927T190918/exthost2/': No such file or directory\n","exitCode":128}
[2022-10-07 04:37:50.015] [exthost] [error] {"message":"Git error","stdout":"","stderr":"fatal: Could not switch to '/root/.vscode-server/data/logs/20220927T190918/exthost2/': No such file or directory\n","exitCode":128}
[2022-10-07 04:37:50.015] [exthost] [error] {"message":"Git error","stdout":"","stderr":"fatal: Could not switch to '/root/.vscode-server/data/logs/20220927T190918/exthost2/': No such file or directory\n","exitCode":128}
[2022-10-07 04:37:50.015] [exthost] [error] {"message":"Git error","stdout":"","stderr":"fatal: Could not switch to '/root/.vscode-server/data/logs/20220927T190918/exthost2/': No such file or directory\n","exitCode":128}
[2022-10-07 04:37:50.015] [exthost] [error] {"message":"Git error","stdout":"","stderr":"fatal: Could not switch to '/root/.vscode-server/data/logs/20220927T190918/exthost2/': No such file or directory\n","exitCode":128}
[2022-10-07 04:37:50.015] [exthost] [error] {"message":"Git error","stdout":"","stderr":"fatal: Could not switch to '/root/.vscode-server/data/logs/20220927T190918/exthost2/': No such file or directory\n","exitCode":128}
[2022-10-07 04:37:50.015] [exthost] [error] {"message":"Git error","stdout":"","stderr":"fatal: Could not switch to '/root/.vscode-server/data/logs/20220927T190918/exthost2/': No such file or directory\n","exitCode":128}
[2022-10-07 04:37:50.015] [exthost] [error] {"message":"Git error","stdout":"","stderr":"fatal: Could not switch to '/root/.vscode-server/data/logs/20220927T190918/exthost2/': No such file or directory\n","exitCode":128}
[2022-10-07 04:37:50.015] [exthost] [error] {"message":"Git error","stdout":"","stderr":"fatal: Could not switch to '/root/.vscode-server/data/logs/20220927T190918/exthost2/': No such file or directory\n","exitCode":128}
[2022-10-07 04:37:50.015] [exthost] [error] {"message":"Git error","stdout":"","stderr":"fatal: Could not switch to '/root/.vscode-server/data/logs/20220927T190918/exthost2/': No such file or directory\n","exitCode":128}
[2022-10-07 04:37:50.015] [exthost] [error] {"message":"Git error","stdout":"","stderr":"fatal: Could not switch to '/root/.vscode-server/data/logs/20220927T190918/exthost2/': No such file or directory\n","exitCode":128}
[2022-10-07 04:37:50.015] [exthost] [error] {"message":"Git error","stdout":"","stderr":"fatal: Could not switch to '/root/.vscode-server/data/logs/20220927T190918/exthost2/': No such file or directory\n","exitCode":128}
[2022-10-07 04:37:50.015] [exthost] [error] {"message":"Git error","stdout":"","stderr":"fatal: Could not switch to '/root/.vscode-server/data/logs/20220927T190918/exthost2/': No such file or directory\n","exitCode":128}
[2022-10-07 04:37:50.015] [exthost] [error] {"message":"Git error","stdout":"","stderr":"fatal: Could not switch to '/root/.vscode-server/data/logs/20220927T190918/exthost2/': No such file or directory\n","exitCode":128}
[2022-10-07 04:37:50.015] [exthost] [error] {"message":"Git error","stdout":"","stderr":"fatal: Could not switch to '/root/.vscode-server/data/logs/20220927T190918/exthost2/': No such file or directory\n","exitCode":128}
[2022-10-07 04:37:50.015] [exthost] [error] {"message":"Git error","stdout":"","stderr":"fatal: Could not switch to '/root/.vscode-server/data/logs/20220927T190918/exthost2/': No such file or directory\n","exitCode":128}
[2022-10-07 04:37:50.015] [exthost] [error] {"message":"Git error","stdout":"","stderr":"fatal: Could not switch to '/root/.vscode-server/data/logs/20220927T190918/exthost2/': No such file or directory\n","exitCode":128}
[2022-10-07 04:37:50.015] [exthost] [error] {"message":"Git error","stdout":"","stderr":"fatal: Could not switch to '/root/.vscode-server/data/logs/20220927T190918/exthost2/': No such file or directory\n","exitCode":128}
[2022-10-07 04:37:50.015] [exthost] [error] {"message":"Git error","stdout":"","stderr":"fatal: Could not switch to '/root/.vscode-server/data/logs/20220927T190918/exthost2/': No such file or directory\n","exitCode":128}
[2022-10-07 04:37:50.015] [exthost] [error] {"message":"Git error","stdout":"","stderr":"fatal: Could not switch to '/root/.vscode-server/data/logs/20220927T190918/exthost2/': No such file or directory\n","exitCode":128}
[2022-10-07 04:37:50.015] [exthost] [error] {"message":"Git error","stdout":"","stderr":"fatal: Could not switch to '/root/.vscode-server/data/logs/20220927T190918/exthost2/': No such file or directory\n","exitCode":128}
[2022-10-07 04:37:50.015] [exthost] [error] {"message":"Git error","stdout":"","stderr":"fatal: Could not switch to '/root/.vscode-server/data/logs/20220927T190918/exthost2/': No such file or directory\n","exitCode":128}
[2022-10-07 04:37:50.015] [exthost] [error] {"message":"Git error","stdout":"","stderr":"fatal: Could not switch to '/root/.vscode-server/data/logs/20220927T190918/exthost2/': No such file or directory\n","exitCode":128}
[2022-10-07 04:37:50.015] [exthost] [error] {"message":"Git error","stdout":"","stderr":"fatal: Could not switch to '/root/.vscode-server/data/logs/20220927T190918/exthost2/': No such file or directory\n","exitCode":128}
[2022-10-07 04:37:50.015] [exthost] [error] {"message":"Git error","stdout":"","stderr":"fatal: Could not switch to '/root/.vscode-server/data/logs/20220927T190918/exthost2/': No such file or directory\n","exitCode":128}
[2022-10-07 04:37:50.015] [exthost] [error] {"message":"Git error","stdout":"","stderr":"fatal: Could not switch to '/root/.vscode-server/data/logs/20220927T190918/exthost2/': No such file or directory\n","exitCode":128}
[2022-10-07 04:37:50.015] [exthost] [error] {"message":"Git error","stdout":"","stderr":"fatal: Could not switch to '/root/.vscode-server/data/logs/20220927T190918/exthost2/': No such file or directory\n","exitCode":128}
[2022-10-07 04:37:50.015] [exthost] [error] {"message":"Git error","stdout":"","stderr":"fatal: Could not switch to '/root/.vscode-server/data/logs/20220927T190918/exthost2/': No such file or directory\n","exitCode":128}
[2022-10-07 04:37:50.015] [exthost] [error] {"message":"Git error","stdout":"","stderr":"fatal: Could not switch to '/root/.vscode-server/data/logs/20220927T190918/exthost2/': No such file or directory\n","exitCode":128}
[2022-10-07 04:37:50.015] [exthost] [error] {"message":"Git error","stdout":"","stderr":"fatal: Could not switch to '/root/.vscode-server/data/logs/20220927T190918/exthost2/': No such file or directory\n","exitCode":128}
[2022-10-07 04:37:50.015] [exthost] [error] {"message":"Git error","stdout":"","stderr":"fatal: Could not switch to '/root/.vscode-server/data/logs/20220927T190918/exthost2/': No such file or directory\n","exitCode":128}
[2022-10-07 04:37:50.015] [exthost] [error] {"message":"Git error","stdout":"","stderr":"fatal: Could not switch to '/root/.vscode-server/data/logs/20220927T190918/exthost2/': No such file or directory\n","exitCode":128}
[2022-10-07 04:37:50.015] [exthost] [error] {"message":"Git error","stdout":"","stderr":"fatal: Could not switch to '/root/.vscode-server/data/logs/20220927T190918/exthost2/': No such file or directory\n","exitCode":128}
[2022-10-07 04:37:50.015] [exthost] [error] {"message":"Git error","stdout":"","stderr":"fatal: Could not switch to '/root/.vscode-server/data/logs/20220927T190918/exthost2/': No such file or directory\n","exitCode":128}
[2022-10-07 04:37:50.015] [exthost] [error] {"message":"Git error","stdout":"","stderr":"fatal: Could not switch to '/root/.vscode-server/data/logs/20220927T190918/exthost2/': No such file or directory\n","exitCode":128}
[2022-10-07 04:37:50.015] [exthost] [error] {"message":"Git error","stdout":"","stderr":"fatal: Could not switch to '/root/.vscode-server/data/logs/20220927T190918/exthost2/': No such file or directory\n","exitCode":128}
[2022-10-07 04:37:50.015] [exthost] [error] {"message":"Git error","stdout":"","stderr":"fatal: Could not switch to '/root/.vscode-server/data/logs/20220927T190918/exthost2/': No such file or directory\n","exitCode":128}
[2022-10-07 04:37:50.015] [exthost] [error] {"message":"Git error","stdout":"","stderr":"fatal: Could not switch to '/root/.vscode-server/data/logs/20220927T190918/exthost2/': No such file or directory\n","exitCode":128}
[2022-10-07 04:37:50.015] [exthost] [error] {"message":"Git error","stdout":"","stderr":"fatal: Could not switch to '/root/.vscode-server/data/logs/20220927T190918/exthost2/': No such file or directory\n","exitCode":128}
[2022-10-07 04:37:50.015] [exthost] [error] {"message":"Git error","stdout":"","stderr":"fatal: Could not switch to '/root/.vscode-server/data/logs/20220927T190918/exthost2/': No such file or directory\n","exitCode":128}
[2022-10-07 04:37:50.015] [exthost] [error] {"message":"Git error","stdout":"","stderr":"fatal: Could not switch to '/root/.vscode-server/data/logs/20220927T190918/exthost2/': No such file or directory\n","exitCode":128}
[2022-10-07 04:37:50.015] [exthost] [error] {"message":"Git error","stdout":"","stderr":"fatal: Could not switch to '/root/.vscode-server/data/logs/20220927T190918/exthost2/': No such file or directory\n","exitCode":128}
[2022-10-07 04:37:50.015] [exthost] [error] {"message":"Git error","stdout":"","stderr":"fatal: Could not switch to '/root/.vscode-server/data/logs/20220927T190918/exthost2/': No such file or directory\n","exitCode":128}
[2022-10-07 04:37:50.015] [exthost] [error] {"message":"Git error","stdout":"","stderr":"fatal: Could not switch to '/root/.vscode-server/data/logs/20220927T190918/exthost2/': No such file or directory\n","exitCode":128}
[2022-10-07 04:37:50.015] [exthost] [error] {"message":"Git error","stdout":"","stderr":"fatal: Could not switch to '/root/.vscode-server/data/logs/20220927T190918/exthost2/': No such file or directory\n","exitCode":128}
[2022-10-07 04:37:50.015] [exthost] [error] {"message":"Git error","stdout":"","stderr":"fatal: Could not switch to '/root/.vscode-server/data/logs/20220927T190918/exthost2/': No such file or directory\n","exitCode":128}
[2022-10-07 04:37:50.015] [exthost] [error] {"message":"Git error","stdout":"","stderr":"fatal: Could not switch to '/root/.vscode-server/data/logs/20220927T190918/exthost2/': No such file or directory\n","exitCode":128}
[2022-10-07 04:37:50.015] [exthost] [error] {"message":"Git error","stdout":"","stderr":"fatal: Could not switch to '/root/.vscode-server/data/logs/20220927T190918/exthost2/': No such file or directory\n","exitCode":128}
[2022-10-07 04:37:50.015] [exthost] [error] {"message":"Git error","stdout":"","stderr":"fatal: Could not switch to '/root/.vscode-server/data/logs/20220927T190918/exthost2/': No such file or directory\n","exitCode":128}
[2022-10-07 04:37:50.015] [exthost] [error] {"message":"Git error","stdout":"","stderr":"fatal: Could not switch to '/root/.vscode-server/data/logs/20220927T190918/exthost2/': No such file or directory\n","exitCode":128}
[2022-10-07 04:37:50.015] [exthost] [error] {"message":"Git error","stdout":"","stderr":"fatal: Could not switch to '/root/.vscode-server/data/logs/20220927T190918/exthost2/': No such file or directory\n","exitCode":128}
[2022-10-07 04:37:50.015] [exthost] [error] {"message":"Git error","stdout":"","stderr":"fatal: Could not switch to '/root/.vscode-server/data/logs/20220927T190918/exthost2/': No such file or directory\n","exitCode":128}
[2022-10-07 04:37:50.015] [exthost] [error] {"message":"Git error","stdout":"","stderr":"fatal: Could not switch to '/root/.vscode-server/data/logs/20220927T190918/exthost2/': No such file or directory\n","exitCode":128}
[2022-10-07 04:37:50.015] [exthost] [error] {"message":"Git error","stdout":"","stderr":"fatal: Could not switch to '/root/.vscode-server/data/logs/20220927T190918/exthost2/': No such file or directory\n","exitCode":128}
[2022-10-07 04:37:50.015] [exthost] [error] {"message":"Git error","stdout":"","stderr":"fatal: Could not switch to '/root/.vscode-server/data/logs/20220927T190918/exthost2/': No such file or directory\n","exitCode":128}
[2022-10-07 04:37:50.016] [exthost] [error] {"message":"Git error","stdout":"","stderr":"fatal: Could not switch to '/root/.vscode-server/data/logs/20220927T190918/exthost2/': No such file or directory\n","exitCode":128}
[2022-10-07 04:37:50.016] [exthost] [error] {"message":"Git error","stdout":"","stderr":"fatal: Could not switch to '/root/.vscode-server/data/logs/20220927T190918/exthost2/': No such file or directory\n","exitCode":128}
[2022-10-07 04:42:54.784] [exthost] [info] Extension host terminating: received terminate message from renderer
[2022-10-07 04:42:54.786] [exthost] [info] Lock '/root/.vscode-server/data/User/workspaceStorage/e97aa1ac7cb2a0bf95ed5220ee3cb280/vscode.lock': Marking the lockfile as scheduled to be released in 6000 ms.
[2022-10-07 04:42:54.881] [exthost] [info] Extension host with pid 6625 exiting with code 0
