[2022-09-27T20:01:08.661Z] Log level: Info
[2022-09-27T20:01:08.704Z] [info] Validating found git in: git
[2022-09-27T20:01:08.855Z] [info] Using git 1.8.3.1 from git
[2022-09-27T20:01:09.063Z] > git rev-parse --show-toplevel [132ms]
[2022-09-27T20:01:09.100Z] > git rev-parse --git-dir --git-common-dir [2ms]
[2022-09-27T20:01:09.146Z] [info] Open repository: /root
[2022-09-27T20:01:09.289Z] > git status -z -uall [64ms]
[2022-09-27T20:01:09.341Z] > git symbolic-ref --short HEAD [2ms]
[2022-09-27T20:01:09.431Z] > git for-each-ref --format=%(refname)%00%(upstream:short)%00%(objectname) refs/heads/master refs/remotes/master [22ms]
[2022-09-27T20:01:09.733Z] > git rev-list --left-right --count master...origin/master [231ms]
[2022-09-27T20:01:09.957Z] > git remote --verbose [88ms]
[2022-09-27T20:01:09.958Z] > git for-each-ref --sort -committerdate --format %(refname) %(objectname) %(*objectname) [140ms]
[2022-09-27T20:01:10.333Z] > git config --get commit.template [8ms]
[2022-09-27T20:01:10.588Z] > git status -z -uall [146ms]
[2022-09-27T20:01:10.736Z] > git symbolic-ref --short HEAD [2ms]
[2022-09-27T20:01:10.797Z] > git for-each-ref --format=%(refname)%00%(upstream:short)%00%(objectname) refs/heads/master refs/remotes/master [6ms]
[2022-09-27T20:01:10.967Z] > git rev-list --left-right --count master...origin/master [96ms]
[2022-09-27T20:01:11.152Z] > git check-ignore -v -z --stdin [193ms]
[2022-09-27T20:01:11.201Z] > git remote --verbose [56ms]
[2022-09-27T20:01:11.201Z] > git for-each-ref --sort -committerdate --format %(refname) %(objectname) %(*objectname) [148ms]
[2022-09-27T20:01:11.292Z] > git config --get commit.template [7ms]
[2022-09-27T20:01:11.569Z] > git check-ignore -v -z --stdin [8ms]
[2022-09-27T20:01:11.812Z] > git show --textconv :server/server.js [37ms]
[2022-09-27T20:01:11.812Z] > git ls-files --stage -- /root/server/server.js [2ms]
[2022-09-27T20:01:11.892Z] > git cat-file -s 7854010b10952803bd743ecb5d4a735470684781 [2ms]
[2022-09-27T20:01:14.569Z] > git status -z -uall [306ms]
[2022-09-27T20:01:14.650Z] > git symbolic-ref --short HEAD [18ms]
[2022-09-27T20:01:14.735Z] > git for-each-ref --format=%(refname)%00%(upstream:short)%00%(objectname) refs/heads/master refs/remotes/master [29ms]
[2022-09-27T20:01:14.771Z] > git rev-list --left-right --count master...origin/master [2ms]
[2022-09-27T20:01:14.854Z] > git ls-files --stage -- /root/server/server.js [120ms]
[2022-09-27T20:01:14.906Z] > git cat-file -s 7854010b10952803bd743ecb5d4a735470684781 [14ms]
[2022-09-27T20:01:14.907Z] > git remote --verbose [54ms]
[2022-09-27T20:01:14.908Z] > git for-each-ref --sort -committerdate --format %(refname) %(objectname) %(*objectname) [97ms]
[2022-09-27T20:01:14.971Z] > git config --get commit.template [1ms]
[2022-09-27T20:01:15.267Z] > git show --textconv :server/server.js [1ms]
[2022-09-27T20:01:23.296Z] > git status -z -uall [179ms]
[2022-09-27T20:01:23.472Z] > git symbolic-ref --short HEAD [94ms]
[2022-09-27T20:01:23.559Z] > git for-each-ref --format=%(refname)%00%(upstream:short)%00%(objectname) refs/heads/master refs/remotes/master [53ms]
[2022-09-27T20:01:23.651Z] > git rev-list --left-right --count master...origin/master [59ms]
[2022-09-27T20:01:23.770Z] > git remote --verbose [10ms]
[2022-09-27T20:01:23.770Z] > git for-each-ref --sort -committerdate --format %(refname) %(objectname) %(*objectname) [53ms]
[2022-09-27T20:01:23.831Z] > git config --get commit.template [3ms]
[2022-09-27T20:01:28.871Z] > git status -z -uall [27ms]
[2022-09-27T20:01:28.885Z] > git symbolic-ref --short HEAD [1ms]
[2022-09-27T20:01:28.899Z] > git for-each-ref --format=%(refname)%00%(upstream:short)%00%(objectname) refs/heads/master refs/remotes/master [1ms]
[2022-09-27T20:01:28.914Z] > git rev-list --left-right --count master...origin/master [3ms]
[2022-09-27T20:01:28.938Z] > git remote --verbose [1ms]
[2022-09-27T20:01:28.939Z] > git for-each-ref --sort -committerdate --format %(refname) %(objectname) %(*objectname) [13ms]
[2022-09-27T20:01:28.964Z] > git config --get commit.template [7ms]
[2022-09-27T20:01:42.447Z] > git status -z -uall [151ms]
[2022-09-27T20:01:42.471Z] > git symbolic-ref --short HEAD [4ms]
[2022-09-27T20:01:42.496Z] > git for-each-ref --format=%(refname)%00%(upstream:short)%00%(objectname) refs/heads/master refs/remotes/master [2ms]
[2022-09-27T20:01:42.520Z] > git rev-list --left-right --count master...origin/master [8ms]
[2022-09-27T20:01:42.559Z] > git remote --verbose [7ms]
[2022-09-27T20:01:42.567Z] > git for-each-ref --sort -committerdate --format %(refname) %(objectname) %(*objectname) [28ms]
[2022-09-27T20:01:42.590Z] > git config --get commit.template [2ms]
[2022-09-27T20:01:47.619Z] > git status -z -uall [8ms]
[2022-09-27T20:01:47.632Z] > git symbolic-ref --short HEAD [1ms]
[2022-09-27T20:01:47.646Z] > git for-each-ref --format=%(refname)%00%(upstream:short)%00%(objectname) refs/heads/master refs/remotes/master [1ms]
[2022-09-27T20:01:47.660Z] > git rev-list --left-right --count master...origin/master [1ms]
[2022-09-27T20:01:47.686Z] > git remote --verbose [1ms]
[2022-09-27T20:01:47.686Z] > git for-each-ref --sort -committerdate --format %(refname) %(objectname) %(*objectname) [13ms]
[2022-09-27T20:01:47.707Z] > git config --get commit.template [1ms]
[2022-09-27T20:01:52.732Z] > git status -z -uall [7ms]
[2022-09-27T20:01:52.745Z] > git symbolic-ref --short HEAD [1ms]
[2022-09-27T20:01:52.765Z] > git for-each-ref --format=%(refname)%00%(upstream:short)%00%(objectname) refs/heads/master refs/remotes/master [1ms]
[2022-09-27T20:01:52.779Z] > git rev-list --left-right --count master...origin/master [1ms]
[2022-09-27T20:01:52.805Z] > git remote --verbose [1ms]
[2022-09-27T20:01:52.806Z] > git for-each-ref --sort -committerdate --format %(refname) %(objectname) %(*objectname) [15ms]
[2022-09-27T20:01:52.827Z] > git config --get commit.template [1ms]
[2022-09-27T20:01:57.852Z] > git status -z -uall [6ms]
[2022-09-27T20:01:57.870Z] > git symbolic-ref --short HEAD [1ms]
[2022-09-27T20:01:57.883Z] > git for-each-ref --format=%(refname)%00%(upstream:short)%00%(objectname) refs/heads/master refs/remotes/master [0ms]
[2022-09-27T20:01:57.897Z] > git rev-list --left-right --count master...origin/master [1ms]
[2022-09-27T20:01:57.924Z] > git remote --verbose [2ms]
[2022-09-27T20:01:57.924Z] > git for-each-ref --sort -committerdate --format %(refname) %(objectname) %(*objectname) [14ms]
[2022-09-27T20:01:57.943Z] > git config --get commit.template [1ms]
