[2022-11-01T00:31:10.162Z] Log level: Info
[2022-11-01T00:31:10.171Z] [info] Validating found git in: git
[2022-11-01T00:31:10.333Z] [info] Using git 1.8.3.1 from git
[2022-11-01T00:31:10.508Z] > git rev-parse --show-toplevel [130ms]
[2022-11-01T00:31:10.522Z] > git rev-parse --git-dir --git-common-dir [2ms]
[2022-11-01T00:31:10.541Z] [info] Open repository: /root
[2022-11-01T00:31:10.561Z] > git status -z -uall [3ms]
[2022-11-01T00:31:10.572Z] > git symbolic-ref --short HEAD [1ms]
[2022-11-01T00:31:10.583Z] > git for-each-ref --format=%(refname)%00%(upstream:short)%00%(objectname) refs/heads/master refs/remotes/master [2ms]
[2022-11-01T00:31:10.592Z] > git rev-list --left-right --count master...origin/master [1ms]
[2022-11-01T00:31:10.608Z] > git remote --verbose [3ms]
[2022-11-01T00:31:10.608Z] > git for-each-ref --sort -committerdate --format %(refname) %(objectname) %(*objectname) [9ms]
[2022-11-01T00:31:10.903Z] > git config --get commit.template [9ms]
[2022-11-01T00:31:11.000Z] > git status -z -uall [1ms]
[2022-11-01T00:31:11.024Z] > git symbolic-ref --short HEAD [3ms]
[2022-11-01T00:31:11.045Z] > git for-each-ref --format=%(refname)%00%(upstream:short)%00%(objectname) refs/heads/master refs/remotes/master [2ms]
[2022-11-01T00:31:11.059Z] > git rev-list --left-right --count master...origin/master [7ms]
[2022-11-01T00:31:11.107Z] > git remote --verbose [1ms]
[2022-11-01T00:31:11.108Z] > git for-each-ref --sort -committerdate --format %(refname) %(objectname) %(*objectname) [8ms]
[2022-11-01T00:31:11.124Z] > git config --get commit.template [1ms]
[2022-11-01T00:31:11.422Z] > git show --textconv :.gitignore [12ms]
[2022-11-01T00:31:11.422Z] > git ls-files --stage -- /root/.gitignore [1ms]
[2022-11-01T00:31:11.432Z] > git cat-file -s c1d65d54eb1bdffa7b0dfa221f542878aef7c9c0 [2ms]
[2022-11-01T00:31:11.854Z] > git check-ignore -v -z --stdin [6ms]
[2022-11-01T00:31:12.328Z] > git ls-files --stage -- /root/.gitignore [1ms]
[2022-11-01T00:31:12.335Z] > git cat-file -s c1d65d54eb1bdffa7b0dfa221f542878aef7c9c0 [1ms]
[2022-11-01T00:31:12.386Z] > git show --textconv :.gitignore [0ms]
[2022-11-01T00:31:14.242Z] > git status -z -uall [11ms]
[2022-11-01T00:31:14.253Z] > git symbolic-ref --short HEAD [2ms]
[2022-11-01T00:31:14.265Z] > git for-each-ref --format=%(refname)%00%(upstream:short)%00%(objectname) refs/heads/master refs/remotes/master [1ms]
[2022-11-01T00:31:14.278Z] > git rev-list --left-right --count master...origin/master [2ms]
[2022-11-01T00:31:14.300Z] > git remote --verbose [2ms]
[2022-11-01T00:31:14.301Z] > git for-each-ref --sort -committerdate --format %(refname) %(objectname) %(*objectname) [13ms]
[2022-11-01T00:31:14.339Z] > git config --get commit.template [2ms]
[2022-11-01T00:31:19.370Z] > git status -z -uall [7ms]
[2022-11-01T00:31:19.380Z] > git symbolic-ref --short HEAD [1ms]
[2022-11-01T00:31:19.391Z] > git for-each-ref --format=%(refname)%00%(upstream:short)%00%(objectname) refs/heads/master refs/remotes/master [1ms]
[2022-11-01T00:31:19.401Z] > git rev-list --left-right --count master...origin/master [1ms]
[2022-11-01T00:31:19.420Z] > git remote --verbose [2ms]
[2022-11-01T00:31:19.421Z] > git for-each-ref --sort -committerdate --format %(refname) %(objectname) %(*objectname) [11ms]
[2022-11-01T00:31:19.444Z] > git config --get commit.template [1ms]
[2022-11-01T00:31:21.193Z] > git check-ignore -v -z --stdin [7ms]
[2022-11-01T00:31:22.859Z] > git check-ignore -v -z --stdin [4ms]
[2022-11-01T00:31:24.464Z] > git status -z -uall [3ms]
[2022-11-01T00:31:24.471Z] > git symbolic-ref --short HEAD [0ms]
[2022-11-01T00:31:24.479Z] > git for-each-ref --format=%(refname)%00%(upstream:short)%00%(objectname) refs/heads/master refs/remotes/master [1ms]
[2022-11-01T00:31:24.488Z] > git rev-list --left-right --count master...origin/master [1ms]
[2022-11-01T00:31:24.506Z] > git remote --verbose [1ms]
[2022-11-01T00:31:24.507Z] > git for-each-ref --sort -committerdate --format %(refname) %(objectname) %(*objectname) [10ms]
[2022-11-01T00:31:24.533Z] > git config --get commit.template [1ms]
