[2022-11-01 00:31:09.048] [exthost] [info] Extension host with pid 24144 started
[2022-11-01 00:31:09.126] [exthost] [info] Lock '/root/.vscode-server/data/User/workspaceStorage/e97aa1ac7cb2a0bf95ed5220ee3cb280/vscode.lock': Lock acquired.
[2022-11-01 00:31:09.190] [exthost] [info] ExtensionService#_doActivateExtension vscode.debug-auto-launch, startup: true, activationEvent: '*'
[2022-11-01 00:31:09.223] [exthost] [info] ExtensionService#_doActivateExtension vscode.git-base, startup: true, activationEvent: '*', root cause: vscode.git
[2022-11-01 00:31:09.252] [exthost] [info] ExtensionService#_doActivateExtension vscode.ipynb, startup: true, activationEvent: '*'
[2022-11-01 00:31:09.676] [exthost] [info] ExtensionService#_doActivateExtension vscode.git, startup: true, activationEvent: '*'
[2022-11-01 00:31:10.076] [exthost] [info] ExtensionService#_doActivateExtension vscode.github, startup: true, activationEvent: '*'
[2022-11-01 00:31:10.383] [exthost] [info] ExtensionService#_doActivateExtension vscode.emmet, startup: false, activationEvent: 'onStartupFinished'
[2022-11-01 00:31:10.420] [exthost] [info] ExtensionService#_doActivateExtension vscode.merge-conflict, startup: false, activationEvent: 'onStartupFinished'
[2022-11-01 00:31:10.438] [exthost] [info] ExtensionService#_doActivateExtension vscode.npm, startup: false, activationEvent: 'onStartupFinished', root cause: esbenp.prettier-vscode
[2022-11-01 00:31:10.505] [exthost] [info] Eager extensions activated
[2022-11-01 00:31:11.525] [exthost] [info] ExtensionService#_doActivateExtension esbenp.prettier-vscode, startup: false, activationEvent: 'onStartupFinished'
[2022-11-01 00:31:21.197] [exthost] [error] {"message":"Git error","stdout":"","stderr":"fatal: Could not switch to '/root/.vscode-server/data/logs/20220923T031257/': No such file or directory\n","exitCode":128}
[2022-11-01 00:31:21.197] [exthost] [error] {"message":"Git error","stdout":"","stderr":"fatal: Could not switch to '/root/.vscode-server/data/logs/20220923T031257/': No such file or directory\n","exitCode":128}
[2022-11-01 00:31:21.197] [exthost] [error] {"message":"Git error","stdout":"","stderr":"fatal: Could not switch to '/root/.vscode-server/data/logs/20220923T031257/': No such file or directory\n","exitCode":128}
[2022-11-01 00:31:21.197] [exthost] [error] {"message":"Git error","stdout":"","stderr":"fatal: Could not switch to '/root/.vscode-server/data/logs/20220923T031257/': No such file or directory\n","exitCode":128}
[2022-11-01 00:31:21.197] [exthost] [error] {"message":"Git error","stdout":"","stderr":"fatal: Could not switch to '/root/.vscode-server/data/logs/20220923T031257/': No such file or directory\n","exitCode":128}
[2022-11-01 00:31:21.197] [exthost] [error] {"message":"Git error","stdout":"","stderr":"fatal: Could not switch to '/root/.vscode-server/data/logs/20220923T031257/': No such file or directory\n","exitCode":128}
[2022-11-01 00:31:21.197] [exthost] [error] {"message":"Git error","stdout":"","stderr":"fatal: Could not switch to '/root/.vscode-server/data/logs/20220923T031257/': No such file or directory\n","exitCode":128}
[2022-11-01 00:31:21.197] [exthost] [error] {"message":"Git error","stdout":"","stderr":"fatal: Could not switch to '/root/.vscode-server/data/logs/20220923T031257/': No such file or directory\n","exitCode":128}
[2022-11-01 00:31:21.197] [exthost] [error] {"message":"Git error","stdout":"","stderr":"fatal: Could not switch to '/root/.vscode-server/data/logs/20220923T031257/': No such file or directory\n","exitCode":128}
[2022-11-01 00:31:21.197] [exthost] [error] {"message":"Git error","stdout":"","stderr":"fatal: Could not switch to '/root/.vscode-server/data/logs/20220923T031257/': No such file or directory\n","exitCode":128}
[2022-11-01 00:31:21.197] [exthost] [error] {"message":"Git error","stdout":"","stderr":"fatal: Could not switch to '/root/.vscode-server/data/logs/20220923T031257/': No such file or directory\n","exitCode":128}
[2022-11-01 00:31:21.197] [exthost] [error] {"message":"Git error","stdout":"","stderr":"fatal: Could not switch to '/root/.vscode-server/data/logs/20220923T031257/': No such file or directory\n","exitCode":128}
[2022-11-01 00:31:21.197] [exthost] [error] {"message":"Git error","stdout":"","stderr":"fatal: Could not switch to '/root/.vscode-server/data/logs/20220923T031257/': No such file or directory\n","exitCode":128}
[2022-11-01 00:31:21.197] [exthost] [error] {"message":"Git error","stdout":"","stderr":"fatal: Could not switch to '/root/.vscode-server/data/logs/20220923T031257/': No such file or directory\n","exitCode":128}
[2022-11-01 00:31:21.197] [exthost] [error] {"message":"Git error","stdout":"","stderr":"fatal: Could not switch to '/root/.vscode-server/data/logs/20220923T031257/': No such file or directory\n","exitCode":128}
[2022-11-01 00:31:21.197] [exthost] [error] {"message":"Git error","stdout":"","stderr":"fatal: Could not switch to '/root/.vscode-server/data/logs/20220923T031257/': No such file or directory\n","exitCode":128}
[2022-11-01 00:31:21.197] [exthost] [error] {"message":"Git error","stdout":"","stderr":"fatal: Could not switch to '/root/.vscode-server/data/logs/20220923T031257/': No such file or directory\n","exitCode":128}
[2022-11-01 00:31:21.197] [exthost] [error] {"message":"Git error","stdout":"","stderr":"fatal: Could not switch to '/root/.vscode-server/data/logs/20220923T031257/': No such file or directory\n","exitCode":128}
[2022-11-01 00:31:21.197] [exthost] [error] {"message":"Git error","stdout":"","stderr":"fatal: Could not switch to '/root/.vscode-server/data/logs/20220923T031257/': No such file or directory\n","exitCode":128}
[2022-11-01 00:31:21.197] [exthost] [error] {"message":"Git error","stdout":"","stderr":"fatal: Could not switch to '/root/.vscode-server/data/logs/20220923T031257/': No such file or directory\n","exitCode":128}
[2022-11-01 00:31:21.197] [exthost] [error] {"message":"Git error","stdout":"","stderr":"fatal: Could not switch to '/root/.vscode-server/data/logs/20220923T031257/': No such file or directory\n","exitCode":128}
[2022-11-01 00:31:21.197] [exthost] [error] {"message":"Git error","stdout":"","stderr":"fatal: Could not switch to '/root/.vscode-server/data/logs/20220923T031257/': No such file or directory\n","exitCode":128}
[2022-11-01 00:31:21.197] [exthost] [error] {"message":"Git error","stdout":"","stderr":"fatal: Could not switch to '/root/.vscode-server/data/logs/20220923T031257/': No such file or directory\n","exitCode":128}
[2022-11-01 00:31:21.197] [exthost] [error] {"message":"Git error","stdout":"","stderr":"fatal: Could not switch to '/root/.vscode-server/data/logs/20220923T031257/': No such file or directory\n","exitCode":128}
[2022-11-01 00:31:21.197] [exthost] [error] {"message":"Git error","stdout":"","stderr":"fatal: Could not switch to '/root/.vscode-server/data/logs/20220923T031257/': No such file or directory\n","exitCode":128}
[2022-11-01 00:31:21.197] [exthost] [error] {"message":"Git error","stdout":"","stderr":"fatal: Could not switch to '/root/.vscode-server/data/logs/20220923T031257/': No such file or directory\n","exitCode":128}
[2022-11-01 00:31:21.197] [exthost] [error] {"message":"Git error","stdout":"","stderr":"fatal: Could not switch to '/root/.vscode-server/data/logs/20220923T031257/': No such file or directory\n","exitCode":128}
[2022-11-01 00:31:21.197] [exthost] [error] {"message":"Git error","stdout":"","stderr":"fatal: Could not switch to '/root/.vscode-server/data/logs/20220923T031257/': No such file or directory\n","exitCode":128}
[2022-11-01 00:31:21.197] [exthost] [error] {"message":"Git error","stdout":"","stderr":"fatal: Could not switch to '/root/.vscode-server/data/logs/20220923T031257/': No such file or directory\n","exitCode":128}
[2022-11-01 00:31:21.197] [exthost] [error] {"message":"Git error","stdout":"","stderr":"fatal: Could not switch to '/root/.vscode-server/data/logs/20220923T031257/': No such file or directory\n","exitCode":128}
[2022-11-01 00:31:21.197] [exthost] [error] {"message":"Git error","stdout":"","stderr":"fatal: Could not switch to '/root/.vscode-server/data/logs/20220923T031257/': No such file or directory\n","exitCode":128}
[2022-11-01 00:31:21.197] [exthost] [error] {"message":"Git error","stdout":"","stderr":"fatal: Could not switch to '/root/.vscode-server/data/logs/20220923T031257/': No such file or directory\n","exitCode":128}
[2022-11-01 00:31:21.197] [exthost] [error] {"message":"Git error","stdout":"","stderr":"fatal: Could not switch to '/root/.vscode-server/data/logs/20220923T031257/': No such file or directory\n","exitCode":128}
[2022-11-01 00:31:21.197] [exthost] [error] {"message":"Git error","stdout":"","stderr":"fatal: Could not switch to '/root/.vscode-server/data/logs/20220923T031257/': No such file or directory\n","exitCode":128}
[2022-11-01 00:31:21.197] [exthost] [error] {"message":"Git error","stdout":"","stderr":"fatal: Could not switch to '/root/.vscode-server/data/logs/20220923T031257/': No such file or directory\n","exitCode":128}
[2022-11-01 00:31:21.197] [exthost] [error] {"message":"Git error","stdout":"","stderr":"fatal: Could not switch to '/root/.vscode-server/data/logs/20220923T031257/': No such file or directory\n","exitCode":128}
[2022-11-01 00:31:28.525] [exthost] [info] Extension host terminating: received terminate message from renderer
[2022-11-01 00:31:28.525] [exthost] [info] Lock '/root/.vscode-server/data/User/workspaceStorage/e97aa1ac7cb2a0bf95ed5220ee3cb280/vscode.lock': Marking the lockfile as scheduled to be released in 6000 ms.
[2022-11-01 00:31:28.541] [exthost] [info] Extension host with pid 24144 exiting with code 0
