[2022-09-25T19:36:13.051Z] Log level: Info
[2022-09-25T19:36:13.096Z] [info] Validating found git in: git
[2022-09-25T19:36:13.274Z] [info] Using git 1.8.3.1 from git
[2022-09-25T19:36:13.451Z] > git rev-parse --show-toplevel [121ms]
[2022-09-25T19:36:13.451Z] fatal: Not a git repository (or any of the parent directories): .git
[2022-09-25T19:36:13.526Z] > git rev-parse --show-toplevel [8ms]
[2022-09-25T19:36:13.526Z] fatal: Not a git repository (or any of the parent directories): .git
[2022-09-25T19:36:13.594Z] > git rev-parse --show-toplevel [2ms]
[2022-09-25T19:36:13.594Z] fatal: Not a git repository (or any of the parent directories): .git
[2022-09-25T19:36:13.641Z] > git rev-parse --show-toplevel [1ms]
[2022-09-25T19:36:13.641Z] fatal: Not a git repository (or any of the parent directories): .git
[2022-09-25T19:36:13.689Z] > git rev-parse --show-toplevel [1ms]
[2022-09-25T19:36:13.689Z] fatal: Not a git repository (or any of the parent directories): .git
[2022-09-25T19:36:13.738Z] > git rev-parse --show-toplevel [1ms]
[2022-09-25T19:36:13.738Z] fatal: Not a git repository (or any of the parent directories): .git
[2022-09-25T19:36:13.780Z] > git rev-parse --show-toplevel [2ms]
[2022-09-25T19:36:13.780Z] fatal: Not a git repository (or any of the parent directories): .git
[2022-09-25T19:36:13.849Z] > git rev-parse --show-toplevel [3ms]
[2022-09-25T19:36:13.849Z] fatal: Not a git repository (or any of the parent directories): .git
[2022-09-25T19:36:13.927Z] > git rev-parse --show-toplevel [2ms]
[2022-09-25T19:36:13.927Z] fatal: Not a git repository (or any of the parent directories): .git
[2022-09-25T19:36:20.127Z] > git rev-parse --show-toplevel [14ms]
[2022-09-25T19:36:20.127Z] fatal: Not a git repository (or any of the parent directories): .git
[2022-09-25T20:07:02.929Z] > git rev-parse --show-toplevel [8ms]
[2022-09-25T20:07:02.929Z] fatal: Not a git repository (or any of the parent directories): .git
