[2022-09-27T20:03:10.743Z] Log level: Info
[2022-09-27T20:03:10.791Z] [info] Validating found git in: git
[2022-09-27T20:03:11.045Z] [info] Using git 1.8.3.1 from git
[2022-09-27T20:03:11.244Z] > git rev-parse --show-toplevel [134ms]
[2022-09-27T20:03:11.289Z] > git rev-parse --git-dir --git-common-dir [1ms]
[2022-09-27T20:03:11.326Z] [info] Open repository: /root
[2022-09-27T20:03:11.541Z] > git status -z -uall [152ms]
[2022-09-27T20:03:11.653Z] > git symbolic-ref --short HEAD [50ms]
[2022-09-27T20:03:11.965Z] > git for-each-ref --format=%(refname)%00%(upstream:short)%00%(objectname) refs/heads/master refs/remotes/master [278ms]
[2022-09-27T20:03:12.124Z] > git rev-list --left-right --count master...origin/master [80ms]
[2022-09-27T20:03:12.228Z] > git remote --verbose [4ms]
[2022-09-27T20:03:12.229Z] > git for-each-ref --sort -committerdate --format %(refname) %(objectname) %(*objectname) [47ms]
[2022-09-27T20:03:12.652Z] > git config --get commit.template [198ms]
[2022-09-27T20:03:12.905Z] > git status -z -uall [93ms]
[2022-09-27T20:03:12.988Z] > git symbolic-ref --short HEAD [3ms]
[2022-09-27T20:03:13.044Z] > git for-each-ref --format=%(refname)%00%(upstream:short)%00%(objectname) refs/heads/master refs/remotes/master [2ms]
[2022-09-27T20:03:13.120Z] > git rev-list --left-right --count master...origin/master [1ms]
[2022-09-27T20:03:13.225Z] > git remote --verbose [2ms]
[2022-09-27T20:03:13.226Z] > git for-each-ref --sort -committerdate --format %(refname) %(objectname) %(*objectname) [49ms]
[2022-09-27T20:03:13.527Z] > git config --get commit.template [184ms]
[2022-09-27T20:03:14.269Z] > git ls-files --stage -- /root/server/server.js [1ms]
[2022-09-27T20:03:14.396Z] > git show --textconv :server/server.js [183ms]
[2022-09-27T20:03:14.396Z] > git cat-file -s 7854010b10952803bd743ecb5d4a735470684781 [83ms]
[2022-09-27T20:03:14.411Z] > git check-ignore -v -z --stdin [17ms]
[2022-09-27T20:03:15.145Z] > git ls-files --stage -- /root/server/server.js [1ms]
[2022-09-27T20:03:15.193Z] > git cat-file -s 7854010b10952803bd743ecb5d4a735470684781 [1ms]
[2022-09-27T20:03:15.333Z] > git show --textconv :server/server.js [1ms]
[2022-09-27T20:03:17.024Z] > git status -z -uall [40ms]
[2022-09-27T20:03:17.096Z] > git symbolic-ref --short HEAD [1ms]
[2022-09-27T20:03:17.161Z] > git for-each-ref --format=%(refname)%00%(upstream:short)%00%(objectname) refs/heads/master refs/remotes/master [10ms]
[2022-09-27T20:03:17.226Z] > git rev-list --left-right --count master...origin/master [10ms]
[2022-09-27T20:03:17.292Z] > git remote --verbose [1ms]
[2022-09-27T20:03:17.293Z] > git for-each-ref --sort -committerdate --format %(refname) %(objectname) %(*objectname) [28ms]
[2022-09-27T20:03:17.332Z] > git config --get commit.template [1ms]
[2022-09-27T20:03:23.083Z] > git status -z -uall [18ms]
[2022-09-27T20:03:23.115Z] > git symbolic-ref --short HEAD [1ms]
[2022-09-27T20:03:23.155Z] > git for-each-ref --format=%(refname)%00%(upstream:short)%00%(objectname) refs/heads/master refs/remotes/master [2ms]
[2022-09-27T20:03:23.168Z] > git rev-list --left-right --count master...origin/master [1ms]
[2022-09-27T20:03:23.237Z] > git remote --verbose [2ms]
[2022-09-27T20:03:23.238Z] > git for-each-ref --sort -committerdate --format %(refname) %(objectname) %(*objectname) [34ms]
[2022-09-27T20:03:23.262Z] > git config --get commit.template [1ms]
[2022-09-27T20:03:28.355Z] > git status -z -uall [70ms]
[2022-09-27T20:03:28.377Z] > git symbolic-ref --short HEAD [2ms]
[2022-09-27T20:03:28.437Z] > git for-each-ref --format=%(refname)%00%(upstream:short)%00%(objectname) refs/heads/master refs/remotes/master [33ms]
[2022-09-27T20:03:28.467Z] > git rev-list --left-right --count master...origin/master [11ms]
[2022-09-27T20:03:28.501Z] > git remote --verbose [4ms]
[2022-09-27T20:03:28.514Z] > git for-each-ref --sort -committerdate --format %(refname) %(objectname) %(*objectname) [31ms]
[2022-09-27T20:03:28.571Z] > git config --get commit.template [3ms]
[2022-09-27T20:03:37.611Z] > git status -z -uall [32ms]
[2022-09-27T20:03:37.624Z] > git symbolic-ref --short HEAD [1ms]
[2022-09-27T20:03:37.637Z] > git for-each-ref --format=%(refname)%00%(upstream:short)%00%(objectname) refs/heads/master refs/remotes/master [1ms]
[2022-09-27T20:03:37.652Z] > git rev-list --left-right --count master...origin/master [1ms]
[2022-09-27T20:03:37.676Z] > git remote --verbose [1ms]
[2022-09-27T20:03:37.677Z] > git for-each-ref --sort -committerdate --format %(refname) %(objectname) %(*objectname) [13ms]
[2022-09-27T20:03:37.697Z] > git config --get commit.template [1ms]
[2022-09-27T20:03:42.721Z] > git status -z -uall [5ms]
[2022-09-27T20:03:42.731Z] > git symbolic-ref --short HEAD [1ms]
[2022-09-27T20:03:42.741Z] > git for-each-ref --format=%(refname)%00%(upstream:short)%00%(objectname) refs/heads/master refs/remotes/master [0ms]
[2022-09-27T20:03:42.752Z] > git rev-list --left-right --count master...origin/master [0ms]
[2022-09-27T20:03:42.775Z] > git remote --verbose [2ms]
[2022-09-27T20:03:42.776Z] > git for-each-ref --sort -committerdate --format %(refname) %(objectname) %(*objectname) [12ms]
[2022-09-27T20:03:42.803Z] > git config --get commit.template [1ms]
[2022-09-27T20:03:47.822Z] > git status -z -uall [3ms]
[2022-09-27T20:03:47.834Z] > git symbolic-ref --short HEAD [1ms]
[2022-09-27T20:03:47.844Z] > git for-each-ref --format=%(refname)%00%(upstream:short)%00%(objectname) refs/heads/master refs/remotes/master [1ms]
[2022-09-27T20:03:47.855Z] > git rev-list --left-right --count master...origin/master [1ms]
[2022-09-27T20:03:47.875Z] > git remote --verbose [1ms]
[2022-09-27T20:03:47.875Z] > git for-each-ref --sort -committerdate --format %(refname) %(objectname) %(*objectname) [10ms]
[2022-09-27T20:03:47.889Z] > git config --get commit.template [0ms]
[2022-09-27T20:03:52.917Z] > git status -z -uall [7ms]
[2022-09-27T20:03:52.930Z] > git symbolic-ref --short HEAD [1ms]
[2022-09-27T20:03:52.942Z] > git for-each-ref --format=%(refname)%00%(upstream:short)%00%(objectname) refs/heads/master refs/remotes/master [1ms]
[2022-09-27T20:03:52.958Z] > git rev-list --left-right --count master...origin/master [4ms]
[2022-09-27T20:03:52.990Z] > git remote --verbose [1ms]
[2022-09-27T20:03:52.990Z] > git for-each-ref --sort -committerdate --format %(refname) %(objectname) %(*objectname) [11ms]
[2022-09-27T20:03:53.006Z] > git config --get commit.template [1ms]
[2022-09-27T20:03:58.039Z] > git status -z -uall [9ms]
[2022-09-27T20:03:58.051Z] > git symbolic-ref --short HEAD [1ms]
[2022-09-27T20:03:58.064Z] > git for-each-ref --format=%(refname)%00%(upstream:short)%00%(objectname) refs/heads/master refs/remotes/master [1ms]
[2022-09-27T20:03:58.079Z] > git rev-list --left-right --count master...origin/master [1ms]
[2022-09-27T20:03:58.105Z] > git remote --verbose [2ms]
[2022-09-27T20:03:58.105Z] > git for-each-ref --sort -committerdate --format %(refname) %(objectname) %(*objectname) [13ms]
[2022-09-27T20:03:58.124Z] > git config --get commit.template [1ms]
[2022-09-27T20:04:03.158Z] > git status -z -uall [11ms]
[2022-09-27T20:04:03.171Z] > git symbolic-ref --short HEAD [1ms]
[2022-09-27T20:04:03.186Z] > git for-each-ref --format=%(refname)%00%(upstream:short)%00%(objectname) refs/heads/master refs/remotes/master [2ms]
[2022-09-27T20:04:03.199Z] > git rev-list --left-right --count master...origin/master [2ms]
[2022-09-27T20:04:03.227Z] > git remote --verbose [2ms]
[2022-09-27T20:04:03.227Z] > git for-each-ref --sort -committerdate --format %(refname) %(objectname) %(*objectname) [13ms]
[2022-09-27T20:04:03.244Z] > git config --get commit.template [1ms]
[2022-09-27T20:04:08.271Z] > git status -z -uall [9ms]
[2022-09-27T20:04:08.283Z] > git symbolic-ref --short HEAD [1ms]
[2022-09-27T20:04:08.346Z] > git for-each-ref --format=%(refname)%00%(upstream:short)%00%(objectname) refs/heads/master refs/remotes/master [1ms]
[2022-09-27T20:04:08.369Z] > git rev-list --left-right --count master...origin/master [1ms]
[2022-09-27T20:04:08.392Z] > git remote --verbose [1ms]
[2022-09-27T20:04:08.393Z] > git for-each-ref --sort -committerdate --format %(refname) %(objectname) %(*objectname) [12ms]
[2022-09-27T20:04:08.408Z] > git config --get commit.template [0ms]
[2022-09-27T20:04:13.441Z] > git status -z -uall [6ms]
[2022-09-27T20:04:13.455Z] > git symbolic-ref --short HEAD [1ms]
[2022-09-27T20:04:13.468Z] > git for-each-ref --format=%(refname)%00%(upstream:short)%00%(objectname) refs/heads/master refs/remotes/master [1ms]
[2022-09-27T20:04:13.481Z] > git rev-list --left-right --count master...origin/master [1ms]
[2022-09-27T20:04:13.504Z] > git remote --verbose [2ms]
[2022-09-27T20:04:13.505Z] > git for-each-ref --sort -committerdate --format %(refname) %(objectname) %(*objectname) [14ms]
[2022-09-27T20:04:13.534Z] > git config --get commit.template [1ms]
[2022-09-27T20:04:18.562Z] > git status -z -uall [10ms]
[2022-09-27T20:04:18.576Z] > git symbolic-ref --short HEAD [1ms]
[2022-09-27T20:04:18.591Z] > git for-each-ref --format=%(refname)%00%(upstream:short)%00%(objectname) refs/heads/master refs/remotes/master [1ms]
[2022-09-27T20:04:18.606Z] > git rev-list --left-right --count master...origin/master [1ms]
[2022-09-27T20:04:18.631Z] > git remote --verbose [1ms]
[2022-09-27T20:04:18.632Z] > git for-each-ref --sort -committerdate --format %(refname) %(objectname) %(*objectname) [13ms]
[2022-09-27T20:04:18.655Z] > git config --get commit.template [1ms]
[2022-09-27T20:04:23.681Z] > git status -z -uall [7ms]
[2022-09-27T20:04:23.694Z] > git symbolic-ref --short HEAD [0ms]
[2022-09-27T20:04:23.706Z] > git for-each-ref --format=%(refname)%00%(upstream:short)%00%(objectname) refs/heads/master refs/remotes/master [1ms]
[2022-09-27T20:04:23.720Z] > git rev-list --left-right --count master...origin/master [2ms]
[2022-09-27T20:04:23.746Z] > git remote --verbose [1ms]
[2022-09-27T20:04:23.747Z] > git for-each-ref --sort -committerdate --format %(refname) %(objectname) %(*objectname) [13ms]
[2022-09-27T20:04:23.763Z] > git config --get commit.template [1ms]
[2022-09-27T20:04:28.786Z] > git status -z -uall [6ms]
[2022-09-27T20:04:28.797Z] > git symbolic-ref --short HEAD [1ms]
[2022-09-27T20:04:28.807Z] > git for-each-ref --format=%(refname)%00%(upstream:short)%00%(objectname) refs/heads/master refs/remotes/master [1ms]
[2022-09-27T20:04:28.817Z] > git rev-list --left-right --count master...origin/master [0ms]
[2022-09-27T20:04:28.838Z] > git remote --verbose [2ms]
[2022-09-27T20:04:28.839Z] > git for-each-ref --sort -committerdate --format %(refname) %(objectname) %(*objectname) [11ms]
[2022-09-27T20:04:28.855Z] > git config --get commit.template [1ms]
[2022-09-27T20:04:33.883Z] > git status -z -uall [13ms]
[2022-09-27T20:04:33.896Z] > git symbolic-ref --short HEAD [2ms]
[2022-09-27T20:04:33.915Z] > git for-each-ref --format=%(refname)%00%(upstream:short)%00%(objectname) refs/heads/master refs/remotes/master [1ms]
[2022-09-27T20:04:33.929Z] > git rev-list --left-right --count master...origin/master [1ms]
[2022-09-27T20:04:33.951Z] > git remote --verbose [1ms]
[2022-09-27T20:04:33.952Z] > git for-each-ref --sort -committerdate --format %(refname) %(objectname) %(*objectname) [13ms]
[2022-09-27T20:04:33.971Z] > git config --get commit.template [1ms]
[2022-09-27T20:04:38.994Z] > git status -z -uall [5ms]
[2022-09-27T20:04:39.006Z] > git symbolic-ref --short HEAD [1ms]
[2022-09-27T20:04:39.018Z] > git for-each-ref --format=%(refname)%00%(upstream:short)%00%(objectname) refs/heads/master refs/remotes/master [2ms]
[2022-09-27T20:04:39.030Z] > git rev-list --left-right --count master...origin/master [1ms]
[2022-09-27T20:04:39.052Z] > git remote --verbose [1ms]
[2022-09-27T20:04:39.052Z] > git for-each-ref --sort -committerdate --format %(refname) %(objectname) %(*objectname) [11ms]
[2022-09-27T20:04:39.069Z] > git config --get commit.template [1ms]
[2022-09-27T20:04:44.096Z] > git status -z -uall [8ms]
[2022-09-27T20:04:44.109Z] > git symbolic-ref --short HEAD [1ms]
[2022-09-27T20:04:44.122Z] > git for-each-ref --format=%(refname)%00%(upstream:short)%00%(objectname) refs/heads/master refs/remotes/master [1ms]
[2022-09-27T20:04:44.136Z] > git rev-list --left-right --count master...origin/master [1ms]
[2022-09-27T20:04:44.162Z] > git remote --verbose [1ms]
[2022-09-27T20:04:44.163Z] > git for-each-ref --sort -committerdate --format %(refname) %(objectname) %(*objectname) [15ms]
[2022-09-27T20:04:44.181Z] > git config --get commit.template [1ms]
[2022-09-27T20:04:49.202Z] > git status -z -uall [5ms]
[2022-09-27T20:04:49.214Z] > git symbolic-ref --short HEAD [1ms]
[2022-09-27T20:04:49.226Z] > git for-each-ref --format=%(refname)%00%(upstream:short)%00%(objectname) refs/heads/master refs/remotes/master [0ms]
[2022-09-27T20:04:49.271Z] > git rev-list --left-right --count master...origin/master [1ms]
[2022-09-27T20:04:49.299Z] > git remote --verbose [1ms]
[2022-09-27T20:04:49.299Z] > git for-each-ref --sort -committerdate --format %(refname) %(objectname) %(*objectname) [13ms]
[2022-09-27T20:04:49.340Z] > git config --get commit.template [1ms]
[2022-09-27T20:05:37.352Z] > git status -z -uall [10ms]
[2022-09-27T20:05:37.379Z] > git symbolic-ref --short HEAD [2ms]
[2022-09-27T20:05:37.393Z] > git for-each-ref --format=%(refname)%00%(upstream:short)%00%(objectname) refs/heads/master refs/remotes/master [1ms]
[2022-09-27T20:05:37.412Z] > git rev-list --left-right --count master...origin/master [2ms]
[2022-09-27T20:05:37.439Z] > git remote --verbose [2ms]
[2022-09-27T20:05:37.439Z] > git for-each-ref --sort -committerdate --format %(refname) %(objectname) %(*objectname) [16ms]
[2022-09-27T20:05:37.458Z] > git config --get commit.template [1ms]
[2022-09-27T20:05:42.490Z] > git status -z -uall [7ms]
[2022-09-27T20:05:42.500Z] > git symbolic-ref --short HEAD [1ms]
[2022-09-27T20:05:42.511Z] > git for-each-ref --format=%(refname)%00%(upstream:short)%00%(objectname) refs/heads/master refs/remotes/master [1ms]
[2022-09-27T20:05:42.522Z] > git rev-list --left-right --count master...origin/master [1ms]
[2022-09-27T20:05:42.544Z] > git remote --verbose [3ms]
[2022-09-27T20:05:42.544Z] > git for-each-ref --sort -committerdate --format %(refname) %(objectname) %(*objectname) [12ms]
[2022-09-27T20:05:42.559Z] > git config --get commit.template [1ms]
[2022-09-27T20:06:58.106Z] > git status -z -uall [10ms]
[2022-09-27T20:06:58.122Z] > git symbolic-ref --short HEAD [1ms]
[2022-09-27T20:06:58.136Z] > git for-each-ref --format=%(refname)%00%(upstream:short)%00%(objectname) refs/heads/master refs/remotes/master [1ms]
[2022-09-27T20:06:58.151Z] > git rev-list --left-right --count master...origin/master [2ms]
[2022-09-27T20:06:58.179Z] > git remote --verbose [1ms]
[2022-09-27T20:06:58.180Z] > git for-each-ref --sort -committerdate --format %(refname) %(objectname) %(*objectname) [14ms]
[2022-09-27T20:06:58.203Z] > git config --get commit.template [1ms]
[2022-09-27T20:07:03.224Z] > git status -z -uall [4ms]
[2022-09-27T20:07:03.237Z] > git symbolic-ref --short HEAD [1ms]
[2022-09-27T20:07:03.248Z] > git for-each-ref --format=%(refname)%00%(upstream:short)%00%(objectname) refs/heads/master refs/remotes/master [1ms]
[2022-09-27T20:07:03.258Z] > git rev-list --left-right --count master...origin/master [1ms]
[2022-09-27T20:07:03.279Z] > git remote --verbose [1ms]
[2022-09-27T20:07:03.280Z] > git for-each-ref --sort -committerdate --format %(refname) %(objectname) %(*objectname) [12ms]
[2022-09-27T20:07:03.306Z] > git config --get commit.template [1ms]
[2022-09-27T20:07:10.598Z] > git status -z -uall [19ms]
[2022-09-27T20:07:10.617Z] > git symbolic-ref --short HEAD [3ms]
[2022-09-27T20:07:10.642Z] > git for-each-ref --format=%(refname)%00%(upstream:short)%00%(objectname) refs/heads/master refs/remotes/master [6ms]
[2022-09-27T20:07:10.659Z] > git rev-list --left-right --count master...origin/master [1ms]
[2022-09-27T20:07:10.694Z] > git remote --verbose [7ms]
[2022-09-27T20:07:10.708Z] > git for-each-ref --sort -committerdate --format %(refname) %(objectname) %(*objectname) [33ms]
[2022-09-27T20:07:10.755Z] > git config --get commit.template [0ms]
