[2022-11-01T00:58:41.654Z] Log level: Info
[2022-11-01T00:58:41.669Z] [info] Validating found git in: git
[2022-11-01T00:58:41.781Z] [info] Using git 1.8.3.1 from git
[2022-11-01T00:58:41.910Z] > git rev-parse --show-toplevel [108ms]
[2022-11-01T00:58:41.926Z] > git rev-parse --git-dir --git-common-dir [2ms]
[2022-11-01T00:58:41.936Z] [info] Open repository: /root
[2022-11-01T00:58:41.956Z] > git status -z -uall [4ms]
[2022-11-01T00:58:41.963Z] > git symbolic-ref --short HEAD [1ms]
[2022-11-01T00:58:41.972Z] > git for-each-ref --format=%(refname)%00%(upstream:short)%00%(objectname) refs/heads/master refs/remotes/master [2ms]
[2022-11-01T00:58:41.979Z] > git rev-list --left-right --count master...origin/master [0ms]
[2022-11-01T00:58:41.995Z] > git remote --verbose [2ms]
[2022-11-01T00:58:41.996Z] > git for-each-ref --sort -committerdate --format %(refname) %(objectname) %(*objectname) [10ms]
[2022-11-01T00:58:42.238Z] > git config --get commit.template [201ms]
[2022-11-01T00:58:42.259Z] > git status -z -uall [2ms]
[2022-11-01T00:58:42.272Z] > git symbolic-ref --short HEAD [1ms]
[2022-11-01T00:58:42.279Z] > git for-each-ref --format=%(refname)%00%(upstream:short)%00%(objectname) refs/heads/master refs/remotes/master [1ms]
[2022-11-01T00:58:42.288Z] > git rev-list --left-right --count master...origin/master [1ms]
[2022-11-01T00:58:42.302Z] > git remote --verbose [2ms]
[2022-11-01T00:58:42.303Z] > git for-each-ref --sort -committerdate --format %(refname) %(objectname) %(*objectname) [8ms]
[2022-11-01T00:58:42.324Z] > git config --get commit.template [1ms]
[2022-11-01T00:58:42.606Z] > git show --textconv :.gitignore [8ms]
[2022-11-01T00:58:42.606Z] > git ls-files --stage -- /root/.gitignore [1ms]
[2022-11-01T00:58:42.617Z] > git cat-file -s c1d65d54eb1bdffa7b0dfa221f542878aef7c9c0 [5ms]
[2022-11-01T00:58:43.048Z] > git check-ignore -v -z --stdin [8ms]
[2022-11-01T00:58:43.668Z] > git ls-files --stage -- /root/.gitignore [1ms]
[2022-11-01T00:58:43.675Z] > git cat-file -s c1d65d54eb1bdffa7b0dfa221f542878aef7c9c0 [1ms]
[2022-11-01T00:58:43.723Z] > git show --textconv :.gitignore [0ms]
[2022-11-01T00:58:44.972Z] > git status -z -uall [6ms]
[2022-11-01T00:58:44.981Z] > git symbolic-ref --short HEAD [0ms]
[2022-11-01T00:58:44.990Z] > git for-each-ref --format=%(refname)%00%(upstream:short)%00%(objectname) refs/heads/master refs/remotes/master [1ms]
[2022-11-01T00:58:44.999Z] > git rev-list --left-right --count master...origin/master [1ms]
[2022-11-01T00:58:45.015Z] > git remote --verbose [2ms]
[2022-11-01T00:58:45.015Z] > git for-each-ref --sort -committerdate --format %(refname) %(objectname) %(*objectname) [9ms]
[2022-11-01T00:58:45.036Z] > git config --get commit.template [0ms]
