[2022-10-01 23:32:14.334] [exthost] [info] Extension host with pid 1658 started
[2022-10-01 23:32:14.344] [exthost] [error] Error: EEXIST: file already exists, open '/root/.vscode-server/data/User/workspaceStorage/e97aa1ac7cb2a0bf95ed5220ee3cb280/vscode.lock'
[2022-10-01 23:32:14.366] [exthost] [info] Lock '/root/.vscode-server/data/User/workspaceStorage/e97aa1ac7cb2a0bf95ed5220ee3cb280/vscode.lock': Could not acquire lock, checking if the file is stale.
[2022-10-01 23:32:14.369] [exthost] [info] Lock '/root/.vscode-server/data/User/workspaceStorage/e97aa1ac7cb2a0bf95ed5220ee3cb280/vscode.lock': The pid 18085 appears to be gone.
[2022-10-01 23:32:14.369] [exthost] [info] Lock '/root/.vscode-server/data/User/workspaceStorage/e97aa1ac7cb2a0bf95ed5220ee3cb280/vscode.lock': Deleting a stale lock.
[2022-10-01 23:32:14.474] [exthost] [info] ExtensionService#_doActivateExtension vscode.typescript-language-features, startup: false, activationEvent: 'onLanguage:javascript'
[2022-10-01 23:32:14.580] [exthost] [info] ExtensionService#_doActivateExtension vscode.debug-auto-launch, startup: true, activationEvent: '*'
[2022-10-01 23:32:14.586] [exthost] [info] ExtensionService#_doActivateExtension vscode.git-base, startup: true, activationEvent: '*', root cause: vscode.git
[2022-10-01 23:32:14.592] [exthost] [info] ExtensionService#_doActivateExtension vscode.ipynb, startup: true, activationEvent: '*'
[2022-10-01 23:32:14.624] [exthost] [info] Lock '/root/.vscode-server/data/User/workspaceStorage/e97aa1ac7cb2a0bf95ed5220ee3cb280/vscode.lock': Lock acquired.
[2022-10-01 23:32:15.368] [exthost] [info] ExtensionService#_doActivateExtension vscode.git, startup: true, activationEvent: '*'
[2022-10-01 23:32:15.758] [exthost] [info] ExtensionService#_doActivateExtension vscode.github, startup: true, activationEvent: '*'
[2022-10-01 23:32:16.276] [exthost] [info] ExtensionService#_doActivateExtension vscode.emmet, startup: false, activationEvent: 'onStartupFinished'
[2022-10-01 23:32:16.334] [exthost] [info] ExtensionService#_doActivateExtension vscode.merge-conflict, startup: false, activationEvent: 'onStartupFinished'
[2022-10-01 23:32:16.363] [exthost] [info] Eager extensions activated
[2022-10-01 23:35:35.036] [exthost] [error] {"message":"Git error","stdout":"","stderr":"fatal: Could not switch to '/root/.vscode-server/data/logs/20220923T031257/': No such file or directory\n","exitCode":128}
[2022-10-01 23:35:35.036] [exthost] [error] {"message":"Git error","stdout":"","stderr":"fatal: Could not switch to '/root/.vscode-server/data/logs/20220923T031257/': No such file or directory\n","exitCode":128}
[2022-10-01 23:35:35.037] [exthost] [error] {"message":"Git error","stdout":"","stderr":"fatal: Could not switch to '/root/.vscode-server/data/logs/20220923T031257/': No such file or directory\n","exitCode":128}
[2022-10-01 23:35:35.037] [exthost] [error] {"message":"Git error","stdout":"","stderr":"fatal: Could not switch to '/root/.vscode-server/data/logs/20220923T031257/': No such file or directory\n","exitCode":128}
[2022-10-01 23:35:35.037] [exthost] [error] {"message":"Git error","stdout":"","stderr":"fatal: Could not switch to '/root/.vscode-server/data/logs/20220923T031257/': No such file or directory\n","exitCode":128}
[2022-10-01 23:35:35.037] [exthost] [error] {"message":"Git error","stdout":"","stderr":"fatal: Could not switch to '/root/.vscode-server/data/logs/20220923T031257/': No such file or directory\n","exitCode":128}
[2022-10-01 23:35:35.037] [exthost] [error] {"message":"Git error","stdout":"","stderr":"fatal: Could not switch to '/root/.vscode-server/data/logs/20220923T031257/': No such file or directory\n","exitCode":128}
[2022-10-01 23:35:35.037] [exthost] [error] {"message":"Git error","stdout":"","stderr":"fatal: Could not switch to '/root/.vscode-server/data/logs/20220923T031257/': No such file or directory\n","exitCode":128}
[2022-10-01 23:35:35.037] [exthost] [error] {"message":"Git error","stdout":"","stderr":"fatal: Could not switch to '/root/.vscode-server/data/logs/20220923T031257/': No such file or directory\n","exitCode":128}
[2022-10-01 23:35:35.037] [exthost] [error] {"message":"Git error","stdout":"","stderr":"fatal: Could not switch to '/root/.vscode-server/data/logs/20220923T031257/': No such file or directory\n","exitCode":128}
[2022-10-01 23:35:35.037] [exthost] [error] {"message":"Git error","stdout":"","stderr":"fatal: Could not switch to '/root/.vscode-server/data/logs/20220923T031257/': No such file or directory\n","exitCode":128}
[2022-10-01 23:35:35.037] [exthost] [error] {"message":"Git error","stdout":"","stderr":"fatal: Could not switch to '/root/.vscode-server/data/logs/20220923T031257/': No such file or directory\n","exitCode":128}
[2022-10-01 23:35:35.037] [exthost] [error] {"message":"Git error","stdout":"","stderr":"fatal: Could not switch to '/root/.vscode-server/data/logs/20220923T031257/': No such file or directory\n","exitCode":128}
[2022-10-01 23:35:35.037] [exthost] [error] {"message":"Git error","stdout":"","stderr":"fatal: Could not switch to '/root/.vscode-server/data/logs/20220923T031257/': No such file or directory\n","exitCode":128}
[2022-10-01 23:35:35.037] [exthost] [error] {"message":"Git error","stdout":"","stderr":"fatal: Could not switch to '/root/.vscode-server/data/logs/20220923T031257/': No such file or directory\n","exitCode":128}
[2022-10-01 23:35:35.037] [exthost] [error] {"message":"Git error","stdout":"","stderr":"fatal: Could not switch to '/root/.vscode-server/data/logs/20220923T031257/': No such file or directory\n","exitCode":128}
[2022-10-01 23:35:35.037] [exthost] [error] {"message":"Git error","stdout":"","stderr":"fatal: Could not switch to '/root/.vscode-server/data/logs/20220923T031257/': No such file or directory\n","exitCode":128}
[2022-10-01 23:35:35.037] [exthost] [error] {"message":"Git error","stdout":"","stderr":"fatal: Could not switch to '/root/.vscode-server/data/logs/20220923T031257/': No such file or directory\n","exitCode":128}
[2022-10-01 23:35:35.037] [exthost] [error] {"message":"Git error","stdout":"","stderr":"fatal: Could not switch to '/root/.vscode-server/data/logs/20220923T031257/': No such file or directory\n","exitCode":128}
[2022-10-01 23:35:35.037] [exthost] [error] {"message":"Git error","stdout":"","stderr":"fatal: Could not switch to '/root/.vscode-server/data/logs/20220923T031257/': No such file or directory\n","exitCode":128}
[2022-10-01 23:35:35.037] [exthost] [error] {"message":"Git error","stdout":"","stderr":"fatal: Could not switch to '/root/.vscode-server/data/logs/20220923T031257/': No such file or directory\n","exitCode":128}
[2022-10-01 23:35:35.037] [exthost] [error] {"message":"Git error","stdout":"","stderr":"fatal: Could not switch to '/root/.vscode-server/data/logs/20220923T031257/': No such file or directory\n","exitCode":128}
[2022-10-01 23:35:35.037] [exthost] [error] {"message":"Git error","stdout":"","stderr":"fatal: Could not switch to '/root/.vscode-server/data/logs/20220923T031257/': No such file or directory\n","exitCode":128}
[2022-10-01 23:35:35.037] [exthost] [error] {"message":"Git error","stdout":"","stderr":"fatal: Could not switch to '/root/.vscode-server/data/logs/20220923T031257/': No such file or directory\n","exitCode":128}
[2022-10-01 23:35:35.037] [exthost] [error] {"message":"Git error","stdout":"","stderr":"fatal: Could not switch to '/root/.vscode-server/data/logs/20220923T031257/': No such file or directory\n","exitCode":128}
[2022-10-01 23:35:35.037] [exthost] [error] {"message":"Git error","stdout":"","stderr":"fatal: Could not switch to '/root/.vscode-server/data/logs/20220923T031257/': No such file or directory\n","exitCode":128}
[2022-10-01 23:35:35.037] [exthost] [error] {"message":"Git error","stdout":"","stderr":"fatal: Could not switch to '/root/.vscode-server/data/logs/20220923T031257/': No such file or directory\n","exitCode":128}
[2022-10-01 23:35:35.037] [exthost] [error] {"message":"Git error","stdout":"","stderr":"fatal: Could not switch to '/root/.vscode-server/data/logs/20220923T031257/': No such file or directory\n","exitCode":128}
[2022-10-01 23:35:35.037] [exthost] [error] {"message":"Git error","stdout":"","stderr":"fatal: Could not switch to '/root/.vscode-server/data/logs/20220923T031257/': No such file or directory\n","exitCode":128}
[2022-10-01 23:35:35.037] [exthost] [error] {"message":"Git error","stdout":"","stderr":"fatal: Could not switch to '/root/.vscode-server/data/logs/20220923T031257/': No such file or directory\n","exitCode":128}
[2022-10-01 23:35:35.037] [exthost] [error] {"message":"Git error","stdout":"","stderr":"fatal: Could not switch to '/root/.vscode-server/data/logs/20220923T031257/': No such file or directory\n","exitCode":128}
[2022-10-01 23:35:35.037] [exthost] [error] {"message":"Git error","stdout":"","stderr":"fatal: Could not switch to '/root/.vscode-server/data/logs/20220923T031257/': No such file or directory\n","exitCode":128}
[2022-10-01 23:35:35.037] [exthost] [error] {"message":"Git error","stdout":"","stderr":"fatal: Could not switch to '/root/.vscode-server/data/logs/20220923T031257/': No such file or directory\n","exitCode":128}
[2022-10-01 23:35:35.037] [exthost] [error] {"message":"Git error","stdout":"","stderr":"fatal: Could not switch to '/root/.vscode-server/data/logs/20220923T031257/': No such file or directory\n","exitCode":128}
[2022-10-01 23:35:35.037] [exthost] [error] {"message":"Git error","stdout":"","stderr":"fatal: Could not switch to '/root/.vscode-server/data/logs/20220923T031257/': No such file or directory\n","exitCode":128}
[2022-10-01 23:35:35.037] [exthost] [error] {"message":"Git error","stdout":"","stderr":"fatal: Could not switch to '/root/.vscode-server/data/logs/20220923T031257/': No such file or directory\n","exitCode":128}
[2022-10-01 23:35:35.037] [exthost] [error] {"message":"Git error","stdout":"","stderr":"fatal: Could not switch to '/root/.vscode-server/data/logs/20220923T031257/': No such file or directory\n","exitCode":128}
[2022-10-01 23:35:35.037] [exthost] [error] {"message":"Git error","stdout":"","stderr":"fatal: Could not switch to '/root/.vscode-server/data/logs/20220923T031257/': No such file or directory\n","exitCode":128}
[2022-10-01 23:39:13.239] [exthost] [info] Extension host terminating: received terminate message from renderer
[2022-10-01 23:39:13.240] [exthost] [info] Lock '/root/.vscode-server/data/User/workspaceStorage/e97aa1ac7cb2a0bf95ed5220ee3cb280/vscode.lock': Marking the lockfile as scheduled to be released in 6000 ms.
[2022-10-01 23:39:13.262] [exthost] [info] Extension host with pid 1658 exiting with code 0
