[2022-09-25T18:58:18.271Z] Log level: Info
[2022-09-25T18:58:18.306Z] [info] Validating found git in: git
[2022-09-25T18:58:18.566Z] [info] Using git 1.8.3.1 from git
[2022-09-25T18:58:18.767Z] > git rev-parse --show-toplevel [128ms]
[2022-09-25T18:58:18.767Z] fatal: Not a git repository (or any of the parent directories): .git
[2022-09-25T18:58:18.793Z] > git rev-parse --show-toplevel [2ms]
[2022-09-25T18:58:18.793Z] fatal: Not a git repository (or any of the parent directories): .git
[2022-09-25T18:58:18.830Z] > git rev-parse --show-toplevel [1ms]
[2022-09-25T18:58:18.830Z] fatal: Not a git repository (or any of the parent directories): .git
[2022-09-25T18:58:18.862Z] > git rev-parse --show-toplevel [1ms]
[2022-09-25T18:58:18.862Z] fatal: Not a git repository (or any of the parent directories): .git
[2022-09-25T18:58:18.907Z] > git rev-parse --show-toplevel [1ms]
[2022-09-25T18:58:18.907Z] fatal: Not a git repository (or any of the parent directories): .git
[2022-09-25T18:58:18.950Z] > git rev-parse --show-toplevel [1ms]
[2022-09-25T18:58:18.950Z] fatal: Not a git repository (or any of the parent directories): .git
[2022-09-25T18:58:18.992Z] > git rev-parse --show-toplevel [3ms]
[2022-09-25T18:58:18.992Z] fatal: Not a git repository (or any of the parent directories): .git
[2022-09-25T18:58:19.035Z] > git rev-parse --show-toplevel [2ms]
[2022-09-25T18:58:19.035Z] fatal: Not a git repository (or any of the parent directories): .git
[2022-09-25T18:58:19.088Z] > git rev-parse --show-toplevel [2ms]
[2022-09-25T18:58:19.088Z] fatal: Not a git repository (or any of the parent directories): .git
