[2022-11-09 07:43:14.652] [exthost] [info] Extension host with pid 2238 started
[2022-11-09 07:43:14.659] [exthost] [error] Error: EEXIST: file already exists, open '/root/.vscode-server/data/User/workspaceStorage/e97aa1ac7cb2a0bf95ed5220ee3cb280/vscode.lock'
[2022-11-09 07:43:14.675] [exthost] [info] Lock '/root/.vscode-server/data/User/workspaceStorage/e97aa1ac7cb2a0bf95ed5220ee3cb280/vscode.lock': Could not acquire lock, checking if the file is stale.
[2022-11-09 07:43:14.687] [exthost] [info] Lock '/root/.vscode-server/data/User/workspaceStorage/e97aa1ac7cb2a0bf95ed5220ee3cb280/vscode.lock': The lock does not look stale, elapsed: 186284 ms, giving up.
[2022-11-09 07:43:14.691] [exthost] [error] Error: EEXIST: file already exists, open '/root/.vscode-server/data/User/workspaceStorage/e97aa1ac7cb2a0bf95ed5220ee3cb280-1/vscode.lock'
[2022-11-09 07:43:14.699] [exthost] [info] Lock '/root/.vscode-server/data/User/workspaceStorage/e97aa1ac7cb2a0bf95ed5220ee3cb280-1/vscode.lock': Could not acquire lock, checking if the file is stale.
[2022-11-09 07:43:14.700] [exthost] [info] Lock '/root/.vscode-server/data/User/workspaceStorage/e97aa1ac7cb2a0bf95ed5220ee3cb280-1/vscode.lock': The pid 1654 appears to be gone.
[2022-11-09 07:43:14.700] [exthost] [info] Lock '/root/.vscode-server/data/User/workspaceStorage/e97aa1ac7cb2a0bf95ed5220ee3cb280-1/vscode.lock': Deleting a stale lock.
[2022-11-09 07:43:14.738] [exthost] [info] Lock '/root/.vscode-server/data/User/workspaceStorage/e97aa1ac7cb2a0bf95ed5220ee3cb280-1/vscode.lock': Lock acquired.
[2022-11-09 07:43:14.784] [exthost] [info] ExtensionService#_doActivateExtension vscode.debug-auto-launch, startup: true, activationEvent: '*'
[2022-11-09 07:43:14.797] [exthost] [info] ExtensionService#_doActivateExtension vscode.git-base, startup: true, activationEvent: '*', root cause: vscode.git
[2022-11-09 07:43:14.806] [exthost] [info] ExtensionService#_doActivateExtension vscode.ipynb, startup: true, activationEvent: '*'
[2022-11-09 07:43:14.932] [exthost] [info] ExtensionService#_doActivateExtension vscode.git, startup: true, activationEvent: '*'
[2022-11-09 07:43:15.081] [exthost] [info] ExtensionService#_doActivateExtension vscode.github, startup: true, activationEvent: '*'
[2022-11-09 07:43:15.286] [exthost] [info] ExtensionService#_doActivateExtension vscode.emmet, startup: false, activationEvent: 'onStartupFinished'
[2022-11-09 07:43:15.320] [exthost] [info] ExtensionService#_doActivateExtension vscode.merge-conflict, startup: false, activationEvent: 'onStartupFinished'
[2022-11-09 07:43:15.329] [exthost] [info] ExtensionService#_doActivateExtension vscode.npm, startup: false, activationEvent: 'onStartupFinished', root cause: esbenp.prettier-vscode
[2022-11-09 07:43:15.415] [exthost] [info] Eager extensions activated
[2022-11-09 07:43:16.073] [exthost] [warning] [Decorations] CAPPING events from decorations provider vscode.git 371
[2022-11-09 07:43:16.511] [exthost] [warning] [Decorations] CAPPING events from decorations provider vscode.git 372
[2022-11-09 07:43:16.581] [exthost] [info] ExtensionService#_doActivateExtension esbenp.prettier-vscode, startup: false, activationEvent: 'onStartupFinished'
[2022-11-09 07:51:44.809] [exthost] [error] {"message":"Git error","stdout":"","stderr":"fatal: Could not switch to '/root/.vscode-server/data/logs/20220923T031257/': No such file or directory\n","exitCode":128}
[2022-11-09 07:51:44.809] [exthost] [error] {"message":"Git error","stdout":"","stderr":"fatal: Could not switch to '/root/.vscode-server/data/logs/20220923T031257/': No such file or directory\n","exitCode":128}
[2022-11-09 07:51:44.809] [exthost] [error] {"message":"Git error","stdout":"","stderr":"fatal: Could not switch to '/root/.vscode-server/data/logs/20220923T031257/': No such file or directory\n","exitCode":128}
[2022-11-09 07:51:44.809] [exthost] [error] {"message":"Git error","stdout":"","stderr":"fatal: Could not switch to '/root/.vscode-server/data/logs/20220923T031257/': No such file or directory\n","exitCode":128}
[2022-11-09 07:51:44.809] [exthost] [error] {"message":"Git error","stdout":"","stderr":"fatal: Could not switch to '/root/.vscode-server/data/logs/20220923T031257/': No such file or directory\n","exitCode":128}
[2022-11-09 07:51:44.809] [exthost] [error] {"message":"Git error","stdout":"","stderr":"fatal: Could not switch to '/root/.vscode-server/data/logs/20220923T031257/': No such file or directory\n","exitCode":128}
[2022-11-09 07:51:44.809] [exthost] [error] {"message":"Git error","stdout":"","stderr":"fatal: Could not switch to '/root/.vscode-server/data/logs/20220923T031257/': No such file or directory\n","exitCode":128}
[2022-11-09 07:51:44.809] [exthost] [error] {"message":"Git error","stdout":"","stderr":"fatal: Could not switch to '/root/.vscode-server/data/logs/20220923T031257/': No such file or directory\n","exitCode":128}
[2022-11-09 07:51:44.809] [exthost] [error] {"message":"Git error","stdout":"","stderr":"fatal: Could not switch to '/root/.vscode-server/data/logs/20220923T031257/': No such file or directory\n","exitCode":128}
[2022-11-09 07:51:44.809] [exthost] [error] {"message":"Git error","stdout":"","stderr":"fatal: Could not switch to '/root/.vscode-server/data/logs/20220923T031257/': No such file or directory\n","exitCode":128}
[2022-11-09 07:51:44.809] [exthost] [error] {"message":"Git error","stdout":"","stderr":"fatal: Could not switch to '/root/.vscode-server/data/logs/20220923T031257/': No such file or directory\n","exitCode":128}
[2022-11-09 07:51:44.809] [exthost] [error] {"message":"Git error","stdout":"","stderr":"fatal: Could not switch to '/root/.vscode-server/data/logs/20220923T031257/': No such file or directory\n","exitCode":128}
[2022-11-09 07:51:44.809] [exthost] [error] {"message":"Git error","stdout":"","stderr":"fatal: Could not switch to '/root/.vscode-server/data/logs/20220923T031257/': No such file or directory\n","exitCode":128}
[2022-11-09 07:51:44.809] [exthost] [error] {"message":"Git error","stdout":"","stderr":"fatal: Could not switch to '/root/.vscode-server/data/logs/20220923T031257/': No such file or directory\n","exitCode":128}
[2022-11-09 07:51:44.809] [exthost] [error] {"message":"Git error","stdout":"","stderr":"fatal: Could not switch to '/root/.vscode-server/data/logs/20220923T031257/': No such file or directory\n","exitCode":128}
[2022-11-09 07:51:44.809] [exthost] [error] {"message":"Git error","stdout":"","stderr":"fatal: Could not switch to '/root/.vscode-server/data/logs/20220923T031257/': No such file or directory\n","exitCode":128}
[2022-11-09 07:51:44.809] [exthost] [error] {"message":"Git error","stdout":"","stderr":"fatal: Could not switch to '/root/.vscode-server/data/logs/20220923T031257/': No such file or directory\n","exitCode":128}
[2022-11-09 07:51:44.809] [exthost] [error] {"message":"Git error","stdout":"","stderr":"fatal: Could not switch to '/root/.vscode-server/data/logs/20220923T031257/': No such file or directory\n","exitCode":128}
[2022-11-09 07:51:44.809] [exthost] [error] {"message":"Git error","stdout":"","stderr":"fatal: Could not switch to '/root/.vscode-server/data/logs/20220923T031257/': No such file or directory\n","exitCode":128}
[2022-11-09 07:51:44.809] [exthost] [error] {"message":"Git error","stdout":"","stderr":"fatal: Could not switch to '/root/.vscode-server/data/logs/20220923T031257/': No such file or directory\n","exitCode":128}
[2022-11-09 07:51:44.809] [exthost] [error] {"message":"Git error","stdout":"","stderr":"fatal: Could not switch to '/root/.vscode-server/data/logs/20220923T031257/': No such file or directory\n","exitCode":128}
[2022-11-09 07:51:44.809] [exthost] [error] {"message":"Git error","stdout":"","stderr":"fatal: Could not switch to '/root/.vscode-server/data/logs/20220923T031257/': No such file or directory\n","exitCode":128}
[2022-11-09 07:51:44.809] [exthost] [error] {"message":"Git error","stdout":"","stderr":"fatal: Could not switch to '/root/.vscode-server/data/logs/20220923T031257/': No such file or directory\n","exitCode":128}
[2022-11-09 07:51:44.809] [exthost] [error] {"message":"Git error","stdout":"","stderr":"fatal: Could not switch to '/root/.vscode-server/data/logs/20220923T031257/': No such file or directory\n","exitCode":128}
[2022-11-09 07:51:44.809] [exthost] [error] {"message":"Git error","stdout":"","stderr":"fatal: Could not switch to '/root/.vscode-server/data/logs/20220923T031257/': No such file or directory\n","exitCode":128}
[2022-11-09 07:51:44.809] [exthost] [error] {"message":"Git error","stdout":"","stderr":"fatal: Could not switch to '/root/.vscode-server/data/logs/20220923T031257/': No such file or directory\n","exitCode":128}
[2022-11-09 07:51:44.809] [exthost] [error] {"message":"Git error","stdout":"","stderr":"fatal: Could not switch to '/root/.vscode-server/data/logs/20220923T031257/': No such file or directory\n","exitCode":128}
[2022-11-09 07:51:44.809] [exthost] [error] {"message":"Git error","stdout":"","stderr":"fatal: Could not switch to '/root/.vscode-server/data/logs/20220923T031257/': No such file or directory\n","exitCode":128}
[2022-11-09 07:51:44.809] [exthost] [error] {"message":"Git error","stdout":"","stderr":"fatal: Could not switch to '/root/.vscode-server/data/logs/20220923T031257/': No such file or directory\n","exitCode":128}
[2022-11-09 07:51:44.809] [exthost] [error] {"message":"Git error","stdout":"","stderr":"fatal: Could not switch to '/root/.vscode-server/data/logs/20220923T031257/': No such file or directory\n","exitCode":128}
[2022-11-09 07:51:44.809] [exthost] [error] {"message":"Git error","stdout":"","stderr":"fatal: Could not switch to '/root/.vscode-server/data/logs/20220923T031257/': No such file or directory\n","exitCode":128}
[2022-11-09 07:51:44.809] [exthost] [error] {"message":"Git error","stdout":"","stderr":"fatal: Could not switch to '/root/.vscode-server/data/logs/20220923T031257/': No such file or directory\n","exitCode":128}
[2022-11-09 07:51:44.809] [exthost] [error] {"message":"Git error","stdout":"","stderr":"fatal: Could not switch to '/root/.vscode-server/data/logs/20220923T031257/': No such file or directory\n","exitCode":128}
[2022-11-09 07:51:44.809] [exthost] [error] {"message":"Git error","stdout":"","stderr":"fatal: Could not switch to '/root/.vscode-server/data/logs/20220923T031257/': No such file or directory\n","exitCode":128}
[2022-11-09 07:51:44.809] [exthost] [error] {"message":"Git error","stdout":"","stderr":"fatal: Could not switch to '/root/.vscode-server/data/logs/20220923T031257/': No such file or directory\n","exitCode":128}
