["INFO" - 3:28:52 AM] Extension Name: esbenp.prettier-vscode.
["INFO" - 3:28:52 AM] Extension Version: 9.9.0.
["INFO" - 3:29:59 AM] Formatting file:///root/server/server.js
["INFO" - 3:29:59 AM] Using ignore file (if present) at /root/.prettierignore
["INFO" - 3:29:59 AM] File Info:
{
  "ignored": false,
  "inferredParser": "babel"
}
["INFO" - 3:29:59 AM] No local configuration (i.e. .prettierrc or .editorconfig) detected, falling back to VS Code configuration
["INFO" - 3:29:59 AM] Prettier Options:
{
  "arrowParens": "always",
  "bracketSpacing": true,
  "endOfLine": "lf",
  "htmlWhitespaceSensitivity": "css",
  "insertPragma": false,
  "singleAttributePerLine": false,
  "bracketSameLine": false,
  "jsxBracketSameLine": false,
  "jsxSingleQuote": false,
  "printWidth": 80,
  "proseWrap": "preserve",
  "quoteProps": "as-needed",
  "requirePragma": false,
  "semi": true,
  "singleQuote": false,
  "tabWidth": 2,
  "trailingComma": "es5",
  "useTabs": false,
  "vueIndentScriptAndStyle": false,
  "filepath": "/root/server/server.js",
  "parser": "babel"
}
["INFO" - 3:29:59 AM] Formatting completed in 530ms.
["INFO" - 3:36:23 AM] Formatting file:///root/server/server.js
["INFO" - 3:36:23 AM] Using ignore file (if present) at /root/.prettierignore
["INFO" - 3:36:23 AM] File Info:
{
  "ignored": false,
  "inferredParser": "babel"
}
["INFO" - 3:36:23 AM] No local configuration (i.e. .prettierrc or .editorconfig) detected, falling back to VS Code configuration
["INFO" - 3:36:23 AM] Prettier Options:
{
  "arrowParens": "always",
  "bracketSpacing": true,
  "endOfLine": "lf",
  "htmlWhitespaceSensitivity": "css",
  "insertPragma": false,
  "singleAttributePerLine": false,
  "bracketSameLine": false,
  "jsxBracketSameLine": false,
  "jsxSingleQuote": false,
  "printWidth": 80,
  "proseWrap": "preserve",
  "quoteProps": "as-needed",
  "requirePragma": false,
  "semi": true,
  "singleQuote": false,
  "tabWidth": 2,
  "trailingComma": "es5",
  "useTabs": false,
  "vueIndentScriptAndStyle": false,
  "filepath": "/root/server/server.js",
  "parser": "babel"
}
["INFO" - 3:36:23 AM] Formatting completed in 191ms.
