[2022-11-08 01:16:54.392] [exthost] [info] Extension host with pid 12934 started
[2022-11-08 01:16:54.447] [exthost] [info] Lock '/root/.vscode-server/data/User/workspaceStorage/e97aa1ac7cb2a0bf95ed5220ee3cb280/vscode.lock': Lock acquired.
[2022-11-08 01:16:54.529] [exthost] [info] ExtensionService#_doActivateExtension vscode.debug-auto-launch, startup: true, activationEvent: '*'
[2022-11-08 01:16:54.559] [exthost] [info] ExtensionService#_doActivateExtension vscode.git-base, startup: true, activationEvent: '*', root cause: vscode.git
[2022-11-08 01:16:54.566] [exthost] [info] ExtensionService#_doActivateExtension vscode.ipynb, startup: true, activationEvent: '*'
[2022-11-08 01:16:54.757] [exthost] [info] ExtensionService#_doActivateExtension vscode.git, startup: true, activationEvent: '*'
[2022-11-08 01:16:55.084] [exthost] [info] ExtensionService#_doActivateExtension vscode.github, startup: true, activationEvent: '*'
[2022-11-08 01:16:55.298] [exthost] [info] ExtensionService#_doActivateExtension vscode.emmet, startup: false, activationEvent: 'onStartupFinished'
[2022-11-08 01:16:55.324] [exthost] [info] ExtensionService#_doActivateExtension vscode.merge-conflict, startup: false, activationEvent: 'onStartupFinished'
[2022-11-08 01:16:55.335] [exthost] [info] ExtensionService#_doActivateExtension vscode.npm, startup: false, activationEvent: 'onStartupFinished', root cause: esbenp.prettier-vscode
[2022-11-08 01:16:55.404] [exthost] [info] Eager extensions activated
[2022-11-08 01:16:55.587] [exthost] [warning] [Decorations] CAPPING events from decorations provider vscode.git 252
[2022-11-08 01:16:56.136] [exthost] [warning] [Decorations] CAPPING events from decorations provider vscode.git 252
[2022-11-08 01:16:56.595] [exthost] [info] ExtensionService#_doActivateExtension esbenp.prettier-vscode, startup: false, activationEvent: 'onStartupFinished'
[2022-11-08 01:16:58.333] [exthost] [info] ExtensionService#_doActivateExtension vscode.typescript-language-features, startup: false, activationEvent: 'onLanguage:javascript'
[2022-11-08 01:17:03.128] [exthost] [warning] [Decorations] CAPPING events from decorations provider vscode.git 255
[2022-11-08 01:17:09.374] [exthost] [warning] [Decorations] CAPPING events from decorations provider vscode.git 255
[2022-11-08 01:17:15.035] [exthost] [warning] [Decorations] CAPPING events from decorations provider vscode.git 255
[2022-11-08 01:17:20.238] [exthost] [warning] [Decorations] CAPPING events from decorations provider vscode.git 255
[2022-11-08 01:17:25.469] [exthost] [warning] [Decorations] CAPPING events from decorations provider vscode.git 255
[2022-11-08 01:19:39.399] [exthost] [warning] [Decorations] CAPPING events from decorations provider vscode.git 255
[2022-11-08 01:21:26.589] [exthost] [warning] [Decorations] CAPPING events from decorations provider vscode.git 255
[2022-11-08 01:21:31.703] [exthost] [warning] [Decorations] CAPPING events from decorations provider vscode.git 255
[2022-11-08 01:21:36.820] [exthost] [warning] [Decorations] CAPPING events from decorations provider vscode.git 255
[2022-11-08 01:21:41.937] [exthost] [warning] [Decorations] CAPPING events from decorations provider vscode.git 255
[2022-11-08 01:21:47.032] [exthost] [warning] [Decorations] CAPPING events from decorations provider vscode.git 255
[2022-11-08 01:21:52.169] [exthost] [warning] [Decorations] CAPPING events from decorations provider vscode.git 255
[2022-11-08 01:21:57.286] [exthost] [warning] [Decorations] CAPPING events from decorations provider vscode.git 255
[2022-11-08 01:22:02.434] [exthost] [warning] [Decorations] CAPPING events from decorations provider vscode.git 255
[2022-11-08 01:22:07.525] [exthost] [warning] [Decorations] CAPPING events from decorations provider vscode.git 255
[2022-11-08 01:22:12.595] [exthost] [warning] [Decorations] CAPPING events from decorations provider vscode.git 255
[2022-11-08 01:22:21.719] [exthost] [warning] [Decorations] CAPPING events from decorations provider vscode.git 255
[2022-11-08 01:22:26.828] [exthost] [warning] [Decorations] CAPPING events from decorations provider vscode.git 255
[2022-11-08 01:22:31.930] [exthost] [warning] [Decorations] CAPPING events from decorations provider vscode.git 255
[2022-11-08 01:22:37.118] [exthost] [warning] [Decorations] CAPPING events from decorations provider vscode.git 255
[2022-11-08 01:22:42.224] [exthost] [warning] [Decorations] CAPPING events from decorations provider vscode.git 255
[2022-11-08 01:23:25.229] [exthost] [warning] [Decorations] CAPPING events from decorations provider vscode.git 255
[2022-11-08 01:23:30.379] [exthost] [warning] [Decorations] CAPPING events from decorations provider vscode.git 255
[2022-11-08 01:23:36.237] [exthost] [warning] [Decorations] CAPPING events from decorations provider vscode.git 255
[2022-11-08 01:23:41.371] [exthost] [warning] [Decorations] CAPPING events from decorations provider vscode.git 257
[2022-11-08 01:23:46.445] [exthost] [warning] [Decorations] CAPPING events from decorations provider vscode.git 257
[2022-11-08 01:23:51.519] [exthost] [warning] [Decorations] CAPPING events from decorations provider vscode.git 257
[2022-11-08 01:23:56.614] [exthost] [warning] [Decorations] CAPPING events from decorations provider vscode.git 257
[2022-11-08 01:24:01.724] [exthost] [warning] [Decorations] CAPPING events from decorations provider vscode.git 257
[2022-11-08 01:24:06.823] [exthost] [warning] [Decorations] CAPPING events from decorations provider vscode.git 257
[2022-11-08 01:24:32.913] [exthost] [warning] [Decorations] CAPPING events from decorations provider vscode.git 257
[2022-11-08 01:24:38.142] [exthost] [warning] [Decorations] CAPPING events from decorations provider vscode.git 257
[2022-11-08 01:24:43.273] [exthost] [warning] [Decorations] CAPPING events from decorations provider vscode.git 257
[2022-11-08 01:24:48.361] [exthost] [warning] [Decorations] CAPPING events from decorations provider vscode.git 257
[2022-11-08 01:24:53.472] [exthost] [warning] [Decorations] CAPPING events from decorations provider vscode.git 257
[2022-11-08 01:24:58.961] [exthost] [warning] [Decorations] CAPPING events from decorations provider vscode.git 257
[2022-11-08 01:25:10.391] [exthost] [warning] [Decorations] CAPPING events from decorations provider vscode.git 257
[2022-11-08 01:25:19.392] [exthost] [warning] [Decorations] CAPPING events from decorations provider vscode.git 257
[2022-11-08 01:25:30.472] [exthost] [warning] [Decorations] CAPPING events from decorations provider vscode.git 257
[2022-11-08 01:25:40.191] [exthost] [warning] [Decorations] CAPPING events from decorations provider vscode.git 258
[2022-11-08 01:25:45.356] [exthost] [warning] [Decorations] CAPPING events from decorations provider vscode.git 258
[2022-11-08 01:25:50.455] [exthost] [warning] [Decorations] CAPPING events from decorations provider vscode.git 257
[2022-11-08 01:25:55.533] [exthost] [warning] [Decorations] CAPPING events from decorations provider vscode.git 257
[2022-11-08 01:26:00.607] [exthost] [warning] [Decorations] CAPPING events from decorations provider vscode.git 257
[2022-11-08 01:26:05.348] [exthost] [info] ExtensionService#_doActivateExtension vscode.configuration-editing, startup: false, activationEvent: 'onLanguage:json'
[2022-11-08 01:26:05.375] [exthost] [info] ExtensionService#_doActivateExtension vscode.extension-editing, startup: false, activationEvent: 'onLanguage:json'
[2022-11-08 01:26:05.426] [exthost] [info] ExtensionService#_doActivateExtension vscode.json-language-features, startup: false, activationEvent: 'onLanguage:json'
[2022-11-08 01:26:05.942] [exthost] [warning] [Decorations] CAPPING events from decorations provider vscode.git 258
[2022-11-08 01:26:11.050] [exthost] [warning] [Decorations] CAPPING events from decorations provider vscode.git 260
[2022-11-08 01:26:16.150] [exthost] [warning] [Decorations] CAPPING events from decorations provider vscode.git 261
[2022-11-08 01:26:21.235] [exthost] [warning] [Decorations] CAPPING events from decorations provider vscode.git 261
[2022-11-08 01:26:27.514] [exthost] [warning] [Decorations] CAPPING events from decorations provider vscode.git 261
[2022-11-08 01:26:34.468] [exthost] [warning] [Decorations] CAPPING events from decorations provider vscode.git 261
[2022-11-08 01:26:39.554] [exthost] [warning] [Decorations] CAPPING events from decorations provider vscode.git 261
[2022-11-08 01:26:44.643] [exthost] [warning] [Decorations] CAPPING events from decorations provider vscode.git 261
[2022-11-08 01:26:49.735] [exthost] [warning] [Decorations] CAPPING events from decorations provider vscode.git 261
[2022-11-08 01:26:54.813] [exthost] [warning] [Decorations] CAPPING events from decorations provider vscode.git 261
[2022-11-08 01:26:59.910] [exthost] [warning] [Decorations] CAPPING events from decorations provider vscode.git 261
[2022-11-08 01:27:05.003] [exthost] [warning] [Decorations] CAPPING events from decorations provider vscode.git 261
[2022-11-08 01:27:10.100] [exthost] [warning] [Decorations] CAPPING events from decorations provider vscode.git 261
[2022-11-08 01:27:15.192] [exthost] [warning] [Decorations] CAPPING events from decorations provider vscode.git 261
[2022-11-08 01:27:20.305] [exthost] [warning] [Decorations] CAPPING events from decorations provider vscode.git 261
[2022-11-08 01:27:37.468] [exthost] [warning] [Decorations] CAPPING events from decorations provider vscode.git 261
[2022-11-08 01:27:42.543] [exthost] [warning] [Decorations] CAPPING events from decorations provider vscode.git 261
[2022-11-08 01:28:32.413] [exthost] [warning] [Decorations] CAPPING events from decorations provider vscode.git 261
[2022-11-08 01:28:37.513] [exthost] [warning] [Decorations] CAPPING events from decorations provider vscode.git 261
[2022-11-08 01:28:42.614] [exthost] [warning] [Decorations] CAPPING events from decorations provider vscode.git 261
[2022-11-08 01:46:01.510] [exthost] [warning] [Decorations] CAPPING events from decorations provider vscode.git 260
[2022-11-08 01:46:06.615] [exthost] [warning] [Decorations] CAPPING events from decorations provider vscode.git 260
[2022-11-08 01:46:11.733] [exthost] [warning] [Decorations] CAPPING events from decorations provider vscode.git 260
[2022-11-08 01:46:22.875] [exthost] [warning] [Decorations] CAPPING events from decorations provider vscode.git 260
[2022-11-08 02:00:53.546] [exthost] [warning] [Decorations] CAPPING events from decorations provider vscode.git 260
[2022-11-08 02:01:38.005] [exthost] [warning] [Decorations] CAPPING events from decorations provider vscode.git 262
[2022-11-08 02:11:28.212] [exthost] [warning] [Decorations] CAPPING events from decorations provider vscode.git 263
[2022-11-08 02:17:23.001] [exthost] [warning] [Decorations] CAPPING events from decorations provider vscode.git 263
[2022-11-08 02:18:05.840] [exthost] [warning] [Decorations] CAPPING events from decorations provider vscode.git 263
[2022-11-08 02:25:32.575] [exthost] [warning] [Decorations] CAPPING events from decorations provider vscode.git 263
[2022-11-08 02:51:39.512] [exthost] [warning] [Decorations] CAPPING events from decorations provider vscode.git 263
[2022-11-08 02:52:34.020] [exthost] [warning] [Decorations] CAPPING events from decorations provider vscode.git 263
[2022-11-08 05:18:17.323] [exthost] [warning] [Decorations] CAPPING events from decorations provider vscode.git 263
[2022-11-08 05:18:28.747] [exthost] [warning] [Decorations] CAPPING events from decorations provider vscode.git 263
[2022-11-08 05:18:36.123] [exthost] [warning] [Decorations] CAPPING events from decorations provider vscode.git 263
[2022-11-08 05:18:41.208] [exthost] [warning] [Decorations] CAPPING events from decorations provider vscode.git 263
[2022-11-08 05:18:49.313] [exthost] [warning] [Decorations] CAPPING events from decorations provider vscode.git 263
[2022-11-08 05:18:54.433] [exthost] [warning] [Decorations] CAPPING events from decorations provider vscode.git 263
[2022-11-08 05:18:59.527] [exthost] [warning] [Decorations] CAPPING events from decorations provider vscode.git 263
[2022-11-08 05:19:04.641] [exthost] [warning] [Decorations] CAPPING events from decorations provider vscode.git 263
[2022-11-08 05:19:09.751] [exthost] [warning] [Decorations] CAPPING events from decorations provider vscode.git 263
[2022-11-08 05:19:14.870] [exthost] [warning] [Decorations] CAPPING events from decorations provider vscode.git 263
[2022-11-08 05:19:19.954] [exthost] [warning] [Decorations] CAPPING events from decorations provider vscode.git 263
[2022-11-08 05:19:25.045] [exthost] [warning] [Decorations] CAPPING events from decorations provider vscode.git 263
[2022-11-08 05:19:30.303] [exthost] [warning] [Decorations] CAPPING events from decorations provider vscode.git 263
[2022-11-08 05:19:35.399] [exthost] [warning] [Decorations] CAPPING events from decorations provider vscode.git 263
[2022-11-08 05:19:40.555] [exthost] [warning] [Decorations] CAPPING events from decorations provider vscode.git 263
[2022-11-08 05:19:45.688] [exthost] [warning] [Decorations] CAPPING events from decorations provider vscode.git 263
[2022-11-08 05:19:50.877] [exthost] [warning] [Decorations] CAPPING events from decorations provider vscode.git 263
[2022-11-08 05:19:56.833] [exthost] [warning] [Decorations] CAPPING events from decorations provider vscode.git 263
[2022-11-08 05:20:01.953] [exthost] [warning] [Decorations] CAPPING events from decorations provider vscode.git 263
[2022-11-08 05:20:07.091] [exthost] [warning] [Decorations] CAPPING events from decorations provider vscode.git 263
[2022-11-08 05:20:12.194] [exthost] [warning] [Decorations] CAPPING events from decorations provider vscode.git 263
[2022-11-08 05:20:17.278] [exthost] [warning] [Decorations] CAPPING events from decorations provider vscode.git 263
[2022-11-08 05:20:22.359] [exthost] [warning] [Decorations] CAPPING events from decorations provider vscode.git 263
[2022-11-08 05:20:27.451] [exthost] [warning] [Decorations] CAPPING events from decorations provider vscode.git 263
[2022-11-08 05:20:42.103] [exthost] [warning] [Decorations] CAPPING events from decorations provider vscode.git 263
[2022-11-08 05:20:47.185] [exthost] [warning] [Decorations] CAPPING events from decorations provider vscode.git 263
[2022-11-08 05:20:52.272] [exthost] [warning] [Decorations] CAPPING events from decorations provider vscode.git 263
[2022-11-08 05:20:57.567] [exthost] [warning] [Decorations] CAPPING events from decorations provider vscode.git 263
[2022-11-08 05:21:02.678] [exthost] [warning] [Decorations] CAPPING events from decorations provider vscode.git 263
[2022-11-08 05:21:07.780] [exthost] [warning] [Decorations] CAPPING events from decorations provider vscode.git 263
[2022-11-08 05:21:20.214] [exthost] [warning] [Decorations] CAPPING events from decorations provider vscode.git 263
[2022-11-08 05:21:25.500] [exthost] [warning] [Decorations] CAPPING events from decorations provider vscode.git 295
[2022-11-08 05:21:56.062] [exthost] [warning] [Decorations] CAPPING events from decorations provider vscode.git 295
[2022-11-08 05:22:15.519] [exthost] [warning] [Decorations] CAPPING events from decorations provider vscode.git 295
[2022-11-08 05:22:20.644] [exthost] [warning] [Decorations] CAPPING events from decorations provider vscode.git 295
[2022-11-08 05:22:26.987] [exthost] [warning] [Decorations] CAPPING events from decorations provider vscode.git 295
[2022-11-08 05:22:32.277] [exthost] [warning] [Decorations] CAPPING events from decorations provider vscode.git 295
[2022-11-08 05:22:37.439] [exthost] [warning] [Decorations] CAPPING events from decorations provider vscode.git 263
[2022-11-08 05:22:42.520] [exthost] [warning] [Decorations] CAPPING events from decorations provider vscode.git 263
[2022-11-08 05:23:54.280] [exthost] [warning] [Decorations] CAPPING events from decorations provider vscode.git 263
[2022-11-08 05:23:59.374] [exthost] [warning] [Decorations] CAPPING events from decorations provider vscode.git 263
[2022-11-08 05:24:04.516] [exthost] [warning] [Decorations] CAPPING events from decorations provider vscode.git 263
[2022-11-08 05:24:09.641] [exthost] [warning] [Decorations] CAPPING events from decorations provider vscode.git 263
[2022-11-08 05:24:45.718] [exthost] [warning] [Decorations] CAPPING events from decorations provider vscode.git 263
[2022-11-08 05:24:50.806] [exthost] [warning] [Decorations] CAPPING events from decorations provider vscode.git 263
[2022-11-08 05:25:22.981] [exthost] [warning] [Decorations] CAPPING events from decorations provider vscode.git 263
[2022-11-08 05:25:28.083] [exthost] [warning] [Decorations] CAPPING events from decorations provider vscode.git 263
[2022-11-08 05:25:33.177] [exthost] [warning] [Decorations] CAPPING events from decorations provider vscode.git 263
[2022-11-08 05:25:38.268] [exthost] [warning] [Decorations] CAPPING events from decorations provider vscode.git 263
[2022-11-08 05:25:43.359] [exthost] [warning] [Decorations] CAPPING events from decorations provider vscode.git 263
[2022-11-08 05:25:48.484] [exthost] [warning] [Decorations] CAPPING events from decorations provider vscode.git 263
[2022-11-08 05:25:53.658] [exthost] [warning] [Decorations] CAPPING events from decorations provider vscode.git 263
[2022-11-08 05:25:58.829] [exthost] [warning] [Decorations] CAPPING events from decorations provider vscode.git 263
[2022-11-08 05:26:03.935] [exthost] [warning] [Decorations] CAPPING events from decorations provider vscode.git 263
[2022-11-08 05:26:09.040] [exthost] [warning] [Decorations] CAPPING events from decorations provider vscode.git 263
[2022-11-08 05:26:14.143] [exthost] [warning] [Decorations] CAPPING events from decorations provider vscode.git 263
[2022-11-08 05:26:19.236] [exthost] [warning] [Decorations] CAPPING events from decorations provider vscode.git 263
[2022-11-08 05:26:24.328] [exthost] [warning] [Decorations] CAPPING events from decorations provider vscode.git 263
[2022-11-08 05:26:43.369] [exthost] [warning] [Decorations] CAPPING events from decorations provider vscode.git 263
[2022-11-08 05:26:48.584] [exthost] [warning] [Decorations] CAPPING events from decorations provider vscode.git 263
[2022-11-08 05:26:53.679] [exthost] [warning] [Decorations] CAPPING events from decorations provider vscode.git 263
[2022-11-08 05:27:12.361] [exthost] [warning] [Decorations] CAPPING events from decorations provider vscode.git 263
[2022-11-08 05:27:17.462] [exthost] [warning] [Decorations] CAPPING events from decorations provider vscode.git 263
[2022-11-08 05:27:22.570] [exthost] [warning] [Decorations] CAPPING events from decorations provider vscode.git 263
[2022-11-08 05:27:27.652] [exthost] [warning] [Decorations] CAPPING events from decorations provider vscode.git 263
[2022-11-08 05:27:32.730] [exthost] [warning] [Decorations] CAPPING events from decorations provider vscode.git 263
[2022-11-08 05:27:37.897] [exthost] [warning] [Decorations] CAPPING events from decorations provider vscode.git 263
[2022-11-08 05:27:42.999] [exthost] [warning] [Decorations] CAPPING events from decorations provider vscode.git 263
[2022-11-08 05:27:58.358] [exthost] [warning] [Decorations] CAPPING events from decorations provider vscode.git 263
[2022-11-08 05:28:47.891] [exthost] [warning] [Decorations] CAPPING events from decorations provider vscode.git 263
[2022-11-08 05:28:52.992] [exthost] [warning] [Decorations] CAPPING events from decorations provider vscode.git 263
[2022-11-08 05:28:58.068] [exthost] [warning] [Decorations] CAPPING events from decorations provider vscode.git 263
[2022-11-08 05:29:03.162] [exthost] [warning] [Decorations] CAPPING events from decorations provider vscode.git 263
[2022-11-08 05:29:08.334] [exthost] [warning] [Decorations] CAPPING events from decorations provider vscode.git 263
[2022-11-08 05:29:23.004] [exthost] [warning] [Decorations] CAPPING events from decorations provider vscode.git 263
[2022-11-08 05:29:28.126] [exthost] [warning] [Decorations] CAPPING events from decorations provider vscode.git 263
[2022-11-08 05:29:33.217] [exthost] [warning] [Decorations] CAPPING events from decorations provider vscode.git 263
[2022-11-08 05:29:38.302] [exthost] [warning] [Decorations] CAPPING events from decorations provider vscode.git 263
[2022-11-08 05:29:43.399] [exthost] [warning] [Decorations] CAPPING events from decorations provider vscode.git 263
[2022-11-08 05:29:48.479] [exthost] [warning] [Decorations] CAPPING events from decorations provider vscode.git 263
[2022-11-08 05:29:53.575] [exthost] [warning] [Decorations] CAPPING events from decorations provider vscode.git 263
[2022-11-08 05:30:20.845] [exthost] [warning] [Decorations] CAPPING events from decorations provider vscode.git 263
[2022-11-08 05:30:25.925] [exthost] [warning] [Decorations] CAPPING events from decorations provider vscode.git 264
[2022-11-08 05:30:31.040] [exthost] [warning] [Decorations] CAPPING events from decorations provider vscode.git 264
[2022-11-08 05:30:36.133] [exthost] [warning] [Decorations] CAPPING events from decorations provider vscode.git 264
[2022-11-08 05:30:41.222] [exthost] [warning] [Decorations] CAPPING events from decorations provider vscode.git 264
[2022-11-08 05:30:46.310] [exthost] [warning] [Decorations] CAPPING events from decorations provider vscode.git 264
[2022-11-08 05:30:51.412] [exthost] [warning] [Decorations] CAPPING events from decorations provider vscode.git 264
[2022-11-08 05:30:56.499] [exthost] [warning] [Decorations] CAPPING events from decorations provider vscode.git 264
[2022-11-08 05:31:01.667] [exthost] [warning] [Decorations] CAPPING events from decorations provider vscode.git 264
[2022-11-08 05:31:06.824] [exthost] [warning] [Decorations] CAPPING events from decorations provider vscode.git 264
[2022-11-08 05:31:11.918] [exthost] [warning] [Decorations] CAPPING events from decorations provider vscode.git 264
[2022-11-08 05:31:17.013] [exthost] [warning] [Decorations] CAPPING events from decorations provider vscode.git 264
[2022-11-08 05:31:22.099] [exthost] [warning] [Decorations] CAPPING events from decorations provider vscode.git 264
[2022-11-08 05:31:27.179] [exthost] [warning] [Decorations] CAPPING events from decorations provider vscode.git 264
[2022-11-08 05:31:32.254] [exthost] [warning] [Decorations] CAPPING events from decorations provider vscode.git 264
[2022-11-08 05:31:45.473] [exthost] [warning] [Decorations] CAPPING events from decorations provider vscode.git 264
[2022-11-08 05:31:50.570] [exthost] [warning] [Decorations] CAPPING events from decorations provider vscode.git 264
[2022-11-08 05:31:55.655] [exthost] [warning] [Decorations] CAPPING events from decorations provider vscode.git 264
[2022-11-08 05:32:00.835] [exthost] [warning] [Decorations] CAPPING events from decorations provider vscode.git 264
[2022-11-08 05:32:05.930] [exthost] [warning] [Decorations] CAPPING events from decorations provider vscode.git 264
[2022-11-08 05:32:11.031] [exthost] [warning] [Decorations] CAPPING events from decorations provider vscode.git 264
[2022-11-08 05:32:16.138] [exthost] [warning] [Decorations] CAPPING events from decorations provider vscode.git 264
[2022-11-08 05:32:21.250] [exthost] [warning] [Decorations] CAPPING events from decorations provider vscode.git 264
[2022-11-08 05:32:26.339] [exthost] [warning] [Decorations] CAPPING events from decorations provider vscode.git 264
[2022-11-08 05:32:31.429] [exthost] [warning] [Decorations] CAPPING events from decorations provider vscode.git 264
[2022-11-08 05:32:36.511] [exthost] [warning] [Decorations] CAPPING events from decorations provider vscode.git 264
[2022-11-08 05:32:41.604] [exthost] [warning] [Decorations] CAPPING events from decorations provider vscode.git 264
[2022-11-08 05:32:46.720] [exthost] [warning] [Decorations] CAPPING events from decorations provider vscode.git 264
[2022-11-08 05:32:51.819] [exthost] [warning] [Decorations] CAPPING events from decorations provider vscode.git 264
[2022-11-08 05:32:56.910] [exthost] [warning] [Decorations] CAPPING events from decorations provider vscode.git 264
[2022-11-08 05:33:02.002] [exthost] [warning] [Decorations] CAPPING events from decorations provider vscode.git 264
[2022-11-08 05:33:07.131] [exthost] [warning] [Decorations] CAPPING events from decorations provider vscode.git 264
[2022-11-08 05:33:12.570] [exthost] [warning] [Decorations] CAPPING events from decorations provider vscode.git 264
[2022-11-08 05:33:17.662] [exthost] [warning] [Decorations] CAPPING events from decorations provider vscode.git 264
[2022-11-08 05:33:22.760] [exthost] [warning] [Decorations] CAPPING events from decorations provider vscode.git 264
[2022-11-08 05:33:27.851] [exthost] [warning] [Decorations] CAPPING events from decorations provider vscode.git 264
[2022-11-08 05:33:34.814] [exthost] [warning] [Decorations] CAPPING events from decorations provider vscode.git 264
[2022-11-08 05:33:39.913] [exthost] [warning] [Decorations] CAPPING events from decorations provider vscode.git 264
[2022-11-08 05:33:45.185] [exthost] [warning] [Decorations] CAPPING events from decorations provider vscode.git 264
[2022-11-08 05:33:50.291] [exthost] [warning] [Decorations] CAPPING events from decorations provider vscode.git 264
[2022-11-08 05:33:55.399] [exthost] [warning] [Decorations] CAPPING events from decorations provider vscode.git 264
[2022-11-08 05:34:18.496] [exthost] [warning] [Decorations] CAPPING events from decorations provider vscode.git 264
[2022-11-08 05:34:23.595] [exthost] [warning] [Decorations] CAPPING events from decorations provider vscode.git 264
[2022-11-08 05:34:28.693] [exthost] [warning] [Decorations] CAPPING events from decorations provider vscode.git 264
[2022-11-08 05:34:33.777] [exthost] [warning] [Decorations] CAPPING events from decorations provider vscode.git 264
[2022-11-08 05:34:38.864] [exthost] [warning] [Decorations] CAPPING events from decorations provider vscode.git 264
[2022-11-08 05:34:43.962] [exthost] [warning] [Decorations] CAPPING events from decorations provider vscode.git 264
[2022-11-08 05:34:49.060] [exthost] [warning] [Decorations] CAPPING events from decorations provider vscode.git 264
[2022-11-08 05:34:54.139] [exthost] [warning] [Decorations] CAPPING events from decorations provider vscode.git 264
[2022-11-08 05:34:59.229] [exthost] [warning] [Decorations] CAPPING events from decorations provider vscode.git 264
[2022-11-08 05:35:04.342] [exthost] [warning] [Decorations] CAPPING events from decorations provider vscode.git 264
[2022-11-08 05:35:22.871] [exthost] [warning] [Decorations] CAPPING events from decorations provider vscode.git 264
[2022-11-08 05:35:28.100] [exthost] [warning] [Decorations] CAPPING events from decorations provider vscode.git 264
[2022-11-08 05:35:35.945] [exthost] [warning] [Decorations] CAPPING events from decorations provider vscode.git 264
[2022-11-08 05:35:41.150] [exthost] [warning] [Decorations] CAPPING events from decorations provider vscode.git 273
[2022-11-08 05:35:46.340] [exthost] [warning] [Decorations] CAPPING events from decorations provider vscode.git 2573
[2022-11-08 05:35:51.516] [exthost] [warning] [Decorations] CAPPING events from decorations provider vscode.git 2573
[2022-11-08 05:35:56.842] [exthost] [warning] [Decorations] CAPPING events from decorations provider vscode.git 2573
[2022-11-08 05:36:02.192] [exthost] [warning] [Decorations] CAPPING events from decorations provider vscode.git 2573
[2022-11-08 05:36:18.657] [exthost] [warning] [Decorations] CAPPING events from decorations provider vscode.git 2573
[2022-11-08 05:36:23.827] [exthost] [warning] [Decorations] CAPPING events from decorations provider vscode.git 2573
[2022-11-08 05:36:28.990] [exthost] [warning] [Decorations] CAPPING events from decorations provider vscode.git 2574
[2022-11-08 05:36:34.321] [exthost] [warning] [Decorations] CAPPING events from decorations provider vscode.git 2574
[2022-11-08 05:36:39.656] [exthost] [warning] [Decorations] CAPPING events from decorations provider vscode.git 2574
[2022-11-08 05:36:45.009] [exthost] [warning] [Decorations] CAPPING events from decorations provider vscode.git 2574
[2022-11-08 05:36:50.187] [exthost] [warning] [Decorations] CAPPING events from decorations provider vscode.git 2574
[2022-11-08 05:37:32.689] [exthost] [warning] [Decorations] CAPPING events from decorations provider vscode.git 2574
[2022-11-08 05:37:37.871] [exthost] [warning] [Decorations] CAPPING events from decorations provider vscode.git 2574
[2022-11-08 05:37:43.040] [exthost] [warning] [Decorations] CAPPING events from decorations provider vscode.git 2574
[2022-11-08 05:37:48.344] [exthost] [warning] [Decorations] CAPPING events from decorations provider vscode.git 2574
[2022-11-08 05:38:25.648] [exthost] [warning] [Decorations] CAPPING events from decorations provider vscode.git 2574
[2022-11-08 05:38:30.746] [exthost] [warning] [Decorations] CAPPING events from decorations provider vscode.git 2574
[2022-11-08 05:38:35.866] [exthost] [warning] [Decorations] CAPPING events from decorations provider vscode.git 264
[2022-11-08 05:38:40.978] [exthost] [warning] [Decorations] CAPPING events from decorations provider vscode.git 264
[2022-11-08 05:38:46.073] [exthost] [warning] [Decorations] CAPPING events from decorations provider vscode.git 264
[2022-11-08 05:38:51.167] [exthost] [warning] [Decorations] CAPPING events from decorations provider vscode.git 264
[2022-11-08 05:38:56.277] [exthost] [warning] [Decorations] CAPPING events from decorations provider vscode.git 264
[2022-11-08 05:39:01.504] [exthost] [warning] [Decorations] CAPPING events from decorations provider vscode.git 264
[2022-11-08 05:39:29.249] [exthost] [warning] [Decorations] CAPPING events from decorations provider vscode.git 264
[2022-11-08 05:39:34.343] [exthost] [warning] [Decorations] CAPPING events from decorations provider vscode.git 264
[2022-11-08 05:39:39.472] [exthost] [warning] [Decorations] CAPPING events from decorations provider vscode.git 264
