[2022-11-09T07:12:09.801Z] Log level: Info
[2022-11-09T07:12:09.825Z] [info] Validating found git in: git
[2022-11-09T07:12:09.882Z] [info] Using git 1.8.3.1 from git
[2022-11-09T07:12:10.021Z] > git rev-parse --show-toplevel [113ms]
[2022-11-09T07:12:10.039Z] > git rev-parse --git-dir --git-common-dir [2ms]
[2022-11-09T07:12:10.051Z] [info] Open repository: /root
[2022-11-09T07:12:10.191Z] > git status -z -uall [124ms]
[2022-11-09T07:12:10.285Z] > git symbolic-ref --short HEAD [7ms]
[2022-11-09T07:12:10.370Z] > git for-each-ref --format=%(refname)%00%(upstream:short)%00%(objectname) refs/heads/master refs/remotes/master [57ms]
[2022-11-09T07:12:10.527Z] > git show --textconv :db.sql [28ms]
[2022-11-09T07:12:10.527Z] > git ls-files --stage -- /root/db.sql [2ms]
[2022-11-09T07:12:10.538Z] > git rev-list --left-right --count master...origin/master [130ms]
[2022-11-09T07:12:10.559Z] > git remote --verbose [3ms]
[2022-11-09T07:12:10.560Z] > git for-each-ref --sort -committerdate --format %(refname) %(objectname) %(*objectname) [13ms]
[2022-11-09T07:12:10.561Z] > git cat-file -s 32056239f7bcf08209d4bfd1fb91b6f202ee062b [24ms]
[2022-11-09T07:12:10.606Z] > git config --get commit.template [0ms]
[2022-11-09T07:12:10.653Z] > git status -z -uall [31ms]
[2022-11-09T07:12:10.907Z] > git symbolic-ref --short HEAD [231ms]
[2022-11-09T07:12:10.933Z] > git for-each-ref --format=%(refname)%00%(upstream:short)%00%(objectname) refs/heads/master refs/remotes/master [15ms]
[2022-11-09T07:12:10.947Z] > git rev-list --left-right --count master...origin/master [2ms]
[2022-11-09T07:12:10.969Z] > git check-ignore -v -z --stdin [39ms]
[2022-11-09T07:12:10.972Z] > git remote --verbose [5ms]
[2022-11-09T07:12:10.972Z] > git for-each-ref --sort -committerdate --format %(refname) %(objectname) %(*objectname) [14ms]
[2022-11-09T07:12:11.009Z] > git config --get commit.template [1ms]
[2022-11-09T07:30:02.882Z] > git check-ignore -v -z --stdin [5ms]
[2022-11-09T07:30:08.000Z] > git show --textconv :.npmrc [25ms]
[2022-11-09T07:30:08.000Z] > git ls-files --stage -- /root/.npmrc [5ms]
[2022-11-09T07:30:10.485Z] > git show --textconv :db.sql [13ms]
[2022-11-09T07:30:10.486Z] > git ls-files --stage -- /root/db.sql [2ms]
[2022-11-09T07:30:10.497Z] > git cat-file -s 32056239f7bcf08209d4bfd1fb91b6f202ee062b [2ms]
