[2022-09-27 20:03:08.194] [exthost] [info] Extension host with pid 1710 started
[2022-09-27 20:03:08.213] [exthost] [error] Error: EEXIST: file already exists, open '/root/.vscode-server/data/User/workspaceStorage/e97aa1ac7cb2a0bf95ed5220ee3cb280/vscode.lock'
[2022-09-27 20:03:08.234] [exthost] [info] Lock '/root/.vscode-server/data/User/workspaceStorage/e97aa1ac7cb2a0bf95ed5220ee3cb280/vscode.lock': Could not acquire lock, checking if the file is stale.
[2022-09-27 20:03:08.246] [exthost] [info] Lock '/root/.vscode-server/data/User/workspaceStorage/e97aa1ac7cb2a0bf95ed5220ee3cb280/vscode.lock': The pid 6140 appears to be gone.
[2022-09-27 20:03:08.246] [exthost] [info] Lock '/root/.vscode-server/data/User/workspaceStorage/e97aa1ac7cb2a0bf95ed5220ee3cb280/vscode.lock': Deleting a stale lock.
[2022-09-27 20:03:08.274] [exthost] [info] Lock '/root/.vscode-server/data/User/workspaceStorage/e97aa1ac7cb2a0bf95ed5220ee3cb280/vscode.lock': Lock acquired.
[2022-09-27 20:03:08.381] [exthost] [info] ExtensionService#_doActivateExtension vscode.typescript-language-features, startup: false, activationEvent: 'onLanguage:javascript'
[2022-09-27 20:03:08.495] [exthost] [info] ExtensionService#_doActivateExtension vscode.debug-auto-launch, startup: true, activationEvent: '*'
[2022-09-27 20:03:08.504] [exthost] [info] ExtensionService#_doActivateExtension vscode.git-base, startup: true, activationEvent: '*', root cause: vscode.git
[2022-09-27 20:03:08.513] [exthost] [info] ExtensionService#_doActivateExtension vscode.ipynb, startup: true, activationEvent: '*'
[2022-09-27 20:03:09.603] [exthost] [info] ExtensionService#_doActivateExtension vscode.git, startup: true, activationEvent: '*'
[2022-09-27 20:03:10.354] [exthost] [info] ExtensionService#_doActivateExtension vscode.github, startup: true, activationEvent: '*'
[2022-09-27 20:03:11.114] [exthost] [info] ExtensionService#_doActivateExtension vscode.emmet, startup: false, activationEvent: 'onStartupFinished'
[2022-09-27 20:03:11.223] [exthost] [info] ExtensionService#_doActivateExtension vscode.merge-conflict, startup: false, activationEvent: 'onStartupFinished'
[2022-09-27 20:03:11.239] [exthost] [info] Eager extensions activated
[2022-09-27 20:03:22.097] [exthost] [info] ExtensionService#_doActivateExtension vscode.debug-server-ready, startup: false, activationEvent: 'onDebugResolve'
[2022-09-27 20:03:22.141] [exthost] [info] ExtensionService#_doActivateExtension ms-vscode.js-debug, startup: false, activationEvent: 'onDebugResolve:pwa-node'
[2022-09-27 23:10:02.176] [exthost] [info] Extension host terminating: renderer disconnected for too long (1)
[2022-09-27 23:10:02.178] [exthost] [info] Lock '/root/.vscode-server/data/User/workspaceStorage/e97aa1ac7cb2a0bf95ed5220ee3cb280/vscode.lock': Marking the lockfile as scheduled to be released in 6000 ms.
[2022-09-27 23:10:02.234] [exthost] [info] Extension host with pid 1710 exiting with code 0
