[2022-10-01T23:32:16.064Z] Log level: Info
[2022-10-01T23:32:16.093Z] [info] Validating found git in: git
[2022-10-01T23:32:16.219Z] [info] Using git 1.8.3.1 from git
[2022-10-01T23:32:16.366Z] > git rev-parse --show-toplevel [93ms]
[2022-10-01T23:32:16.466Z] > git rev-parse --git-dir --git-common-dir [2ms]
[2022-10-01T23:32:16.474Z] [info] Open repository: /root
[2022-10-01T23:32:16.801Z] > git status -z -uall [256ms]
[2022-10-01T23:32:16.837Z] > git symbolic-ref --short HEAD [2ms]
[2022-10-01T23:32:16.958Z] > git for-each-ref --format=%(refname)%00%(upstream:short)%00%(objectname) refs/heads/master refs/remotes/master [47ms]
[2022-10-01T23:32:17.101Z] > git rev-list --left-right --count master...origin/master [78ms]
[2022-10-01T23:32:17.227Z] > git remote --verbose [2ms]
[2022-10-01T23:32:17.228Z] > git for-each-ref --sort -committerdate --format %(refname) %(objectname) %(*objectname) [77ms]
[2022-10-01T23:32:17.485Z] > git config --get commit.template [95ms]
[2022-10-01T23:32:17.776Z] > git status -z -uall [136ms]
[2022-10-01T23:32:17.827Z] > git check-ignore -v -z --stdin [115ms]
[2022-10-01T23:32:17.829Z] > git symbolic-ref --short HEAD [4ms]
[2022-10-01T23:32:17.902Z] > git for-each-ref --format=%(refname)%00%(upstream:short)%00%(objectname) refs/heads/master refs/remotes/master [2ms]
[2022-10-01T23:32:17.960Z] > git rev-list --left-right --count master...origin/master [2ms]
[2022-10-01T23:32:18.106Z] > git remote --verbose [2ms]
[2022-10-01T23:32:18.107Z] > git for-each-ref --sort -committerdate --format %(refname) %(objectname) %(*objectname) [87ms]
[2022-10-01T23:32:18.433Z] > git config --get commit.template [4ms]
[2022-10-01T23:32:18.611Z] > git show --textconv :server/server.js [46ms]
[2022-10-01T23:32:18.611Z] > git ls-files --stage -- /root/server/server.js [3ms]
[2022-10-01T23:32:18.690Z] > git cat-file -s a2f904dae0d51db43e5b62356777a9de709e5179 [5ms]
[2022-10-01T23:32:19.955Z] > git ls-files --stage -- /root/server/server.js [1ms]
[2022-10-01T23:32:19.977Z] > git cat-file -s a2f904dae0d51db43e5b62356777a9de709e5179 [0ms]
[2022-10-01T23:32:20.037Z] > git status -z -uall [1ms]
[2022-10-01T23:32:20.074Z] > git symbolic-ref --short HEAD [0ms]
[2022-10-01T23:32:20.140Z] > git for-each-ref --format=%(refname)%00%(upstream:short)%00%(objectname) refs/heads/master refs/remotes/master [0ms]
[2022-10-01T23:32:20.237Z] > git show --textconv :server/server.js [1ms]
[2022-10-01T23:32:20.237Z] > git rev-list --left-right --count master...origin/master [45ms]
[2022-10-01T23:32:20.290Z] > git remote --verbose [1ms]
[2022-10-01T23:32:20.291Z] > git for-each-ref --sort -committerdate --format %(refname) %(objectname) %(*objectname) [19ms]
[2022-10-01T23:32:20.398Z] > git config --get commit.template [2ms]
[2022-10-01T23:32:26.056Z] > git status -z -uall [9ms]
[2022-10-01T23:32:26.066Z] > git symbolic-ref --short HEAD [2ms]
[2022-10-01T23:32:26.074Z] > git for-each-ref --format=%(refname)%00%(upstream:short)%00%(objectname) refs/heads/master refs/remotes/master [1ms]
[2022-10-01T23:32:26.081Z] > git rev-list --left-right --count master...origin/master [0ms]
[2022-10-01T23:32:26.096Z] > git remote --verbose [1ms]
[2022-10-01T23:32:26.096Z] > git for-each-ref --sort -committerdate --format %(refname) %(objectname) %(*objectname) [8ms]
[2022-10-01T23:32:26.109Z] > git config --get commit.template [0ms]
[2022-10-01T23:32:31.136Z] > git status -z -uall [9ms]
[2022-10-01T23:32:31.149Z] > git symbolic-ref --short HEAD [2ms]
[2022-10-01T23:32:31.162Z] > git for-each-ref --format=%(refname)%00%(upstream:short)%00%(objectname) refs/heads/master refs/remotes/master [1ms]
[2022-10-01T23:32:31.176Z] > git rev-list --left-right --count master...origin/master [2ms]
[2022-10-01T23:32:31.202Z] > git remote --verbose [2ms]
[2022-10-01T23:32:31.202Z] > git for-each-ref --sort -committerdate --format %(refname) %(objectname) %(*objectname) [15ms]
[2022-10-01T23:32:31.226Z] > git config --get commit.template [2ms]
[2022-10-01T23:33:47.423Z] > git status -z -uall [18ms]
[2022-10-01T23:33:47.430Z] > git symbolic-ref --short HEAD [1ms]
[2022-10-01T23:33:47.440Z] > git for-each-ref --format=%(refname)%00%(upstream:short)%00%(objectname) refs/heads/master refs/remotes/master [3ms]
[2022-10-01T23:33:47.449Z] > git rev-list --left-right --count master...origin/master [3ms]
[2022-10-01T23:33:47.460Z] > git remote --verbose [1ms]
[2022-10-01T23:33:47.460Z] > git for-each-ref --sort -committerdate --format %(refname) %(objectname) %(*objectname) [6ms]
[2022-10-01T23:33:47.471Z] > git config --get commit.template [1ms]
[2022-10-01T23:33:52.483Z] > git status -z -uall [0ms]
[2022-10-01T23:33:52.490Z] > git symbolic-ref --short HEAD [1ms]
[2022-10-01T23:33:52.496Z] > git for-each-ref --format=%(refname)%00%(upstream:short)%00%(objectname) refs/heads/master refs/remotes/master [1ms]
[2022-10-01T23:33:52.503Z] > git rev-list --left-right --count master...origin/master [1ms]
[2022-10-01T23:33:52.518Z] > git remote --verbose [4ms]
[2022-10-01T23:33:52.518Z] > git for-each-ref --sort -committerdate --format %(refname) %(objectname) %(*objectname) [9ms]
[2022-10-01T23:33:52.539Z] > git config --get commit.template [1ms]
[2022-10-01T23:33:57.556Z] > git status -z -uall [3ms]
[2022-10-01T23:33:57.562Z] > git symbolic-ref --short HEAD [1ms]
[2022-10-01T23:33:57.569Z] > git for-each-ref --format=%(refname)%00%(upstream:short)%00%(objectname) refs/heads/master refs/remotes/master [0ms]
[2022-10-01T23:33:57.577Z] > git rev-list --left-right --count master...origin/master [1ms]
[2022-10-01T23:33:57.590Z] > git remote --verbose [1ms]
[2022-10-01T23:33:57.591Z] > git for-each-ref --sort -committerdate --format %(refname) %(objectname) %(*objectname) [7ms]
[2022-10-01T23:33:57.602Z] > git config --get commit.template [1ms]
[2022-10-01T23:34:02.709Z] > git status -z -uall [16ms]
[2022-10-01T23:34:02.736Z] > git symbolic-ref --short HEAD [1ms]
[2022-10-01T23:34:02.745Z] > git for-each-ref --format=%(refname)%00%(upstream:short)%00%(objectname) refs/heads/master refs/remotes/master [1ms]
[2022-10-01T23:34:02.754Z] > git rev-list --left-right --count master...origin/master [1ms]
[2022-10-01T23:34:02.770Z] > git remote --verbose [2ms]
[2022-10-01T23:34:02.770Z] > git for-each-ref --sort -committerdate --format %(refname) %(objectname) %(*objectname) [9ms]
[2022-10-01T23:34:02.785Z] > git config --get commit.template [1ms]
[2022-10-01T23:34:07.800Z] > git status -z -uall [1ms]
[2022-10-01T23:34:07.807Z] > git symbolic-ref --short HEAD [0ms]
[2022-10-01T23:34:07.814Z] > git for-each-ref --format=%(refname)%00%(upstream:short)%00%(objectname) refs/heads/master refs/remotes/master [0ms]
[2022-10-01T23:34:07.821Z] > git rev-list --left-right --count master...origin/master [0ms]
[2022-10-01T23:34:07.835Z] > git remote --verbose [2ms]
[2022-10-01T23:34:07.835Z] > git for-each-ref --sort -committerdate --format %(refname) %(objectname) %(*objectname) [8ms]
[2022-10-01T23:34:07.846Z] > git config --get commit.template [0ms]
[2022-10-01T23:34:12.864Z] > git status -z -uall [3ms]
[2022-10-01T23:34:12.875Z] > git symbolic-ref --short HEAD [1ms]
[2022-10-01T23:34:12.882Z] > git for-each-ref --format=%(refname)%00%(upstream:short)%00%(objectname) refs/heads/master refs/remotes/master [1ms]
[2022-10-01T23:34:12.889Z] > git rev-list --left-right --count master...origin/master [1ms]
[2022-10-01T23:34:12.903Z] > git remote --verbose [1ms]
[2022-10-01T23:34:12.904Z] > git for-each-ref --sort -committerdate --format %(refname) %(objectname) %(*objectname) [9ms]
[2022-10-01T23:34:12.917Z] > git config --get commit.template [1ms]
[2022-10-01T23:34:17.933Z] > git status -z -uall [2ms]
[2022-10-01T23:34:17.944Z] > git symbolic-ref --short HEAD [0ms]
[2022-10-01T23:34:17.953Z] > git for-each-ref --format=%(refname)%00%(upstream:short)%00%(objectname) refs/heads/master refs/remotes/master [1ms]
[2022-10-01T23:34:17.960Z] > git rev-list --left-right --count master...origin/master [0ms]
[2022-10-01T23:34:17.973Z] > git remote --verbose [1ms]
[2022-10-01T23:34:17.973Z] > git for-each-ref --sort -committerdate --format %(refname) %(objectname) %(*objectname) [6ms]
[2022-10-01T23:34:17.984Z] > git config --get commit.template [1ms]
[2022-10-01T23:34:22.999Z] > git status -z -uall [1ms]
[2022-10-01T23:34:23.006Z] > git symbolic-ref --short HEAD [0ms]
[2022-10-01T23:34:23.051Z] > git for-each-ref --format=%(refname)%00%(upstream:short)%00%(objectname) refs/heads/master refs/remotes/master [1ms]
[2022-10-01T23:34:23.069Z] > git rev-list --left-right --count master...origin/master [1ms]
[2022-10-01T23:34:23.084Z] > git remote --verbose [1ms]
[2022-10-01T23:34:23.084Z] > git for-each-ref --sort -committerdate --format %(refname) %(objectname) %(*objectname) [7ms]
[2022-10-01T23:34:23.100Z] > git config --get commit.template [0ms]
[2022-10-01T23:34:24.386Z] > git ls-files --stage -- /root/server/server.js [1ms]
[2022-10-01T23:34:24.396Z] > git cat-file -s a2f904dae0d51db43e5b62356777a9de709e5179 [3ms]
[2022-10-01T23:34:24.443Z] > git show --textconv :server/server.js [1ms]
[2022-10-01T23:34:28.292Z] > git status -z -uall [3ms]
[2022-10-01T23:34:28.300Z] > git symbolic-ref --short HEAD [1ms]
[2022-10-01T23:34:28.308Z] > git for-each-ref --format=%(refname)%00%(upstream:short)%00%(objectname) refs/heads/master refs/remotes/master [0ms]
[2022-10-01T23:34:28.317Z] > git rev-list --left-right --count master...origin/master [2ms]
[2022-10-01T23:34:28.332Z] > git remote --verbose [1ms]
[2022-10-01T23:34:28.332Z] > git for-each-ref --sort -committerdate --format %(refname) %(objectname) %(*objectname) [7ms]
[2022-10-01T23:34:28.343Z] > git config --get commit.template [1ms]
[2022-10-01T23:34:29.628Z] > git ls-files --stage -- /root/server/server.js [1ms]
[2022-10-01T23:34:29.637Z] > git cat-file -s a2f904dae0d51db43e5b62356777a9de709e5179 [1ms]
[2022-10-01T23:34:29.685Z] > git show --textconv :server/server.js [1ms]
[2022-10-01T23:34:38.287Z] > git status -z -uall [1ms]
[2022-10-01T23:34:38.294Z] > git symbolic-ref --short HEAD [0ms]
[2022-10-01T23:34:38.301Z] > git for-each-ref --format=%(refname)%00%(upstream:short)%00%(objectname) refs/heads/master refs/remotes/master [1ms]
[2022-10-01T23:34:38.308Z] > git rev-list --left-right --count master...origin/master [1ms]
[2022-10-01T23:34:38.318Z] > git remote --verbose [0ms]
[2022-10-01T23:34:38.319Z] > git for-each-ref --sort -committerdate --format %(refname) %(objectname) %(*objectname) [6ms]
[2022-10-01T23:34:38.328Z] > git config --get commit.template [0ms]
[2022-10-01T23:34:49.811Z] > git status -z -uall [3ms]
[2022-10-01T23:34:49.820Z] > git symbolic-ref --short HEAD [1ms]
[2022-10-01T23:34:49.828Z] > git for-each-ref --format=%(refname)%00%(upstream:short)%00%(objectname) refs/heads/master refs/remotes/master [1ms]
[2022-10-01T23:34:49.840Z] > git rev-list --left-right --count master...origin/master [1ms]
[2022-10-01T23:34:49.859Z] > git remote --verbose [1ms]
[2022-10-01T23:34:49.860Z] > git for-each-ref --sort -committerdate --format %(refname) %(objectname) %(*objectname) [12ms]
[2022-10-01T23:34:49.874Z] > git config --get commit.template [1ms]
[2022-10-01T23:34:54.890Z] > git status -z -uall [1ms]
[2022-10-01T23:34:54.897Z] > git symbolic-ref --short HEAD [0ms]
[2022-10-01T23:34:54.905Z] > git for-each-ref --format=%(refname)%00%(upstream:short)%00%(objectname) refs/heads/master refs/remotes/master [1ms]
[2022-10-01T23:34:54.912Z] > git rev-list --left-right --count master...origin/master [0ms]
[2022-10-01T23:34:54.925Z] > git remote --verbose [1ms]
[2022-10-01T23:34:54.925Z] > git for-each-ref --sort -committerdate --format %(refname) %(objectname) %(*objectname) [6ms]
[2022-10-01T23:34:54.935Z] > git config --get commit.template [1ms]
[2022-10-01T23:34:56.171Z] > git ls-files --stage -- /root/server/server.js [1ms]
[2022-10-01T23:34:56.180Z] > git cat-file -s a2f904dae0d51db43e5b62356777a9de709e5179 [2ms]
[2022-10-01T23:34:56.237Z] > git show --textconv :server/server.js [1ms]
[2022-10-01T23:34:59.949Z] > git status -z -uall [1ms]
[2022-10-01T23:34:59.956Z] > git symbolic-ref --short HEAD [1ms]
[2022-10-01T23:34:59.963Z] > git for-each-ref --format=%(refname)%00%(upstream:short)%00%(objectname) refs/heads/master refs/remotes/master [1ms]
[2022-10-01T23:34:59.972Z] > git rev-list --left-right --count master...origin/master [1ms]
[2022-10-01T23:34:59.986Z] > git remote --verbose [0ms]
[2022-10-01T23:34:59.986Z] > git for-each-ref --sort -committerdate --format %(refname) %(objectname) %(*objectname) [7ms]
[2022-10-01T23:34:59.996Z] > git config --get commit.template [1ms]
[2022-10-01T23:35:32.157Z] > git status -z -uall [0ms]
[2022-10-01T23:35:32.165Z] > git symbolic-ref --short HEAD [1ms]
[2022-10-01T23:35:32.172Z] > git for-each-ref --format=%(refname)%00%(upstream:short)%00%(objectname) refs/heads/master refs/remotes/master [1ms]
[2022-10-01T23:35:32.179Z] > git rev-list --left-right --count master...origin/master [0ms]
[2022-10-01T23:35:32.193Z] > git remote --verbose [1ms]
[2022-10-01T23:35:32.193Z] > git for-each-ref --sort -committerdate --format %(refname) %(objectname) %(*objectname) [7ms]
[2022-10-01T23:35:32.204Z] > git config --get commit.template [0ms]
[2022-10-01T23:35:35.033Z] > git check-ignore -v -z --stdin [10ms]
[2022-10-01T23:35:59.265Z] > git status -z -uall [3ms]
[2022-10-01T23:35:59.283Z] > git symbolic-ref --short HEAD [1ms]
[2022-10-01T23:35:59.290Z] > git for-each-ref --format=%(refname)%00%(upstream:short)%00%(objectname) refs/heads/master refs/remotes/master [1ms]
[2022-10-01T23:35:59.298Z] > git rev-list --left-right --count master...origin/master [1ms]
[2022-10-01T23:35:59.312Z] > git remote --verbose [1ms]
[2022-10-01T23:35:59.313Z] > git for-each-ref --sort -committerdate --format %(refname) %(objectname) %(*objectname) [8ms]
[2022-10-01T23:35:59.325Z] > git config --get commit.template [1ms]
[2022-10-01T23:36:04.340Z] > git status -z -uall [1ms]
[2022-10-01T23:36:04.347Z] > git symbolic-ref --short HEAD [0ms]
[2022-10-01T23:36:04.355Z] > git for-each-ref --format=%(refname)%00%(upstream:short)%00%(objectname) refs/heads/master refs/remotes/master [1ms]
[2022-10-01T23:36:04.362Z] > git rev-list --left-right --count master...origin/master [1ms]
[2022-10-01T23:36:04.374Z] > git remote --verbose [1ms]
[2022-10-01T23:36:04.375Z] > git for-each-ref --sort -committerdate --format %(refname) %(objectname) %(*objectname) [7ms]
[2022-10-01T23:36:04.384Z] > git config --get commit.template [0ms]
[2022-10-01T23:36:09.398Z] > git status -z -uall [0ms]
[2022-10-01T23:36:09.407Z] > git symbolic-ref --short HEAD [1ms]
[2022-10-01T23:36:09.414Z] > git for-each-ref --format=%(refname)%00%(upstream:short)%00%(objectname) refs/heads/master refs/remotes/master [1ms]
[2022-10-01T23:36:09.420Z] > git rev-list --left-right --count master...origin/master [1ms]
[2022-10-01T23:36:09.433Z] > git remote --verbose [1ms]
[2022-10-01T23:36:09.433Z] > git for-each-ref --sort -committerdate --format %(refname) %(objectname) %(*objectname) [6ms]
[2022-10-01T23:36:09.442Z] > git config --get commit.template [0ms]
[2022-10-01T23:36:14.460Z] > git status -z -uall [9ms]
[2022-10-01T23:36:14.469Z] > git symbolic-ref --short HEAD [1ms]
[2022-10-01T23:36:14.477Z] > git for-each-ref --format=%(refname)%00%(upstream:short)%00%(objectname) refs/heads/master refs/remotes/master [1ms]
[2022-10-01T23:36:14.486Z] > git rev-list --left-right --count master...origin/master [1ms]
[2022-10-01T23:36:14.502Z] > git remote --verbose [1ms]
[2022-10-01T23:36:14.503Z] > git for-each-ref --sort -committerdate --format %(refname) %(objectname) %(*objectname) [8ms]
[2022-10-01T23:36:14.516Z] > git config --get commit.template [0ms]
[2022-10-01T23:36:19.535Z] > git status -z -uall [4ms]
[2022-10-01T23:36:19.542Z] > git symbolic-ref --short HEAD [0ms]
[2022-10-01T23:36:19.549Z] > git for-each-ref --format=%(refname)%00%(upstream:short)%00%(objectname) refs/heads/master refs/remotes/master [0ms]
[2022-10-01T23:36:19.556Z] > git rev-list --left-right --count master...origin/master [0ms]
[2022-10-01T23:36:19.569Z] > git remote --verbose [1ms]
[2022-10-01T23:36:19.569Z] > git for-each-ref --sort -committerdate --format %(refname) %(objectname) %(*objectname) [6ms]
[2022-10-01T23:36:19.581Z] > git config --get commit.template [1ms]
[2022-10-01T23:36:24.601Z] > git status -z -uall [4ms]
[2022-10-01T23:36:24.610Z] > git symbolic-ref --short HEAD [1ms]
[2022-10-01T23:36:24.618Z] > git for-each-ref --format=%(refname)%00%(upstream:short)%00%(objectname) refs/heads/master refs/remotes/master [0ms]
[2022-10-01T23:36:24.627Z] > git rev-list --left-right --count master...origin/master [1ms]
[2022-10-01T23:36:24.642Z] > git remote --verbose [1ms]
[2022-10-01T23:36:24.642Z] > git for-each-ref --sort -committerdate --format %(refname) %(objectname) %(*objectname) [8ms]
[2022-10-01T23:36:24.659Z] > git config --get commit.template [0ms]
[2022-10-01T23:36:29.678Z] > git status -z -uall [3ms]
[2022-10-01T23:36:29.687Z] > git symbolic-ref --short HEAD [1ms]
[2022-10-01T23:36:29.695Z] > git for-each-ref --format=%(refname)%00%(upstream:short)%00%(objectname) refs/heads/master refs/remotes/master [0ms]
[2022-10-01T23:36:29.706Z] > git rev-list --left-right --count master...origin/master [2ms]
[2022-10-01T23:36:29.728Z] > git remote --verbose [1ms]
[2022-10-01T23:36:29.730Z] > git for-each-ref --sort -committerdate --format %(refname) %(objectname) %(*objectname) [9ms]
[2022-10-01T23:36:29.750Z] > git config --get commit.template [0ms]
[2022-10-01T23:36:34.765Z] > git status -z -uall [1ms]
[2022-10-01T23:36:34.772Z] > git symbolic-ref --short HEAD [1ms]
[2022-10-01T23:36:34.778Z] > git for-each-ref --format=%(refname)%00%(upstream:short)%00%(objectname) refs/heads/master refs/remotes/master [0ms]
[2022-10-01T23:36:34.785Z] > git rev-list --left-right --count master...origin/master [1ms]
[2022-10-01T23:36:34.798Z] > git remote --verbose [1ms]
[2022-10-01T23:36:34.798Z] > git for-each-ref --sort -committerdate --format %(refname) %(objectname) %(*objectname) [7ms]
[2022-10-01T23:36:34.808Z] > git config --get commit.template [0ms]
[2022-10-01T23:36:39.821Z] > git status -z -uall [0ms]
[2022-10-01T23:36:39.828Z] > git symbolic-ref --short HEAD [1ms]
[2022-10-01T23:36:39.835Z] > git for-each-ref --format=%(refname)%00%(upstream:short)%00%(objectname) refs/heads/master refs/remotes/master [1ms]
[2022-10-01T23:36:39.843Z] > git rev-list --left-right --count master...origin/master [2ms]
[2022-10-01T23:36:39.860Z] > git remote --verbose [1ms]
[2022-10-01T23:36:39.861Z] > git for-each-ref --sort -committerdate --format %(refname) %(objectname) %(*objectname) [8ms]
[2022-10-01T23:36:39.870Z] > git config --get commit.template [1ms]
[2022-10-01T23:36:44.892Z] > git status -z -uall [5ms]
[2022-10-01T23:36:44.901Z] > git symbolic-ref --short HEAD [1ms]
[2022-10-01T23:36:44.911Z] > git for-each-ref --format=%(refname)%00%(upstream:short)%00%(objectname) refs/heads/master refs/remotes/master [1ms]
[2022-10-01T23:36:44.921Z] > git rev-list --left-right --count master...origin/master [1ms]
[2022-10-01T23:36:44.939Z] > git remote --verbose [1ms]
[2022-10-01T23:36:44.940Z] > git for-each-ref --sort -committerdate --format %(refname) %(objectname) %(*objectname) [10ms]
[2022-10-01T23:36:44.963Z] > git config --get commit.template [1ms]
[2022-10-01T23:36:51.542Z] > git status -z -uall [0ms]
[2022-10-01T23:36:51.550Z] > git symbolic-ref --short HEAD [1ms]
[2022-10-01T23:36:51.557Z] > git for-each-ref --format=%(refname)%00%(upstream:short)%00%(objectname) refs/heads/master refs/remotes/master [1ms]
[2022-10-01T23:36:51.564Z] > git rev-list --left-right --count master...origin/master [1ms]
[2022-10-01T23:36:51.577Z] > git remote --verbose [1ms]
[2022-10-01T23:36:51.578Z] > git for-each-ref --sort -committerdate --format %(refname) %(objectname) %(*objectname) [8ms]
[2022-10-01T23:36:51.588Z] > git config --get commit.template [1ms]
[2022-10-01T23:36:56.606Z] > git status -z -uall [3ms]
[2022-10-01T23:36:56.615Z] > git symbolic-ref --short HEAD [0ms]
[2022-10-01T23:36:56.622Z] > git for-each-ref --format=%(refname)%00%(upstream:short)%00%(objectname) refs/heads/master refs/remotes/master [0ms]
[2022-10-01T23:36:56.630Z] > git rev-list --left-right --count master...origin/master [1ms]
[2022-10-01T23:36:56.642Z] > git remote --verbose [1ms]
[2022-10-01T23:36:56.643Z] > git for-each-ref --sort -committerdate --format %(refname) %(objectname) %(*objectname) [7ms]
[2022-10-01T23:36:56.654Z] > git config --get commit.template [0ms]
[2022-10-01T23:37:01.668Z] > git status -z -uall [0ms]
[2022-10-01T23:37:01.677Z] > git symbolic-ref --short HEAD [2ms]
[2022-10-01T23:37:01.684Z] > git for-each-ref --format=%(refname)%00%(upstream:short)%00%(objectname) refs/heads/master refs/remotes/master [0ms]
[2022-10-01T23:37:01.691Z] > git rev-list --left-right --count master...origin/master [1ms]
[2022-10-01T23:37:01.704Z] > git remote --verbose [1ms]
[2022-10-01T23:37:01.704Z] > git for-each-ref --sort -committerdate --format %(refname) %(objectname) %(*objectname) [7ms]
[2022-10-01T23:37:01.714Z] > git config --get commit.template [0ms]
[2022-10-01T23:37:06.728Z] > git status -z -uall [1ms]
[2022-10-01T23:37:06.735Z] > git symbolic-ref --short HEAD [0ms]
[2022-10-01T23:37:06.742Z] > git for-each-ref --format=%(refname)%00%(upstream:short)%00%(objectname) refs/heads/master refs/remotes/master [1ms]
[2022-10-01T23:37:06.749Z] > git rev-list --left-right --count master...origin/master [1ms]
[2022-10-01T23:37:06.763Z] > git remote --verbose [1ms]
[2022-10-01T23:37:06.764Z] > git for-each-ref --sort -committerdate --format %(refname) %(objectname) %(*objectname) [9ms]
[2022-10-01T23:37:06.779Z] > git config --get commit.template [1ms]
[2022-10-01T23:39:13.051Z] > git status -z -uall [2ms]
[2022-10-01T23:39:13.058Z] > git symbolic-ref --short HEAD [1ms]
[2022-10-01T23:39:13.065Z] > git for-each-ref --format=%(refname)%00%(upstream:short)%00%(objectname) refs/heads/master refs/remotes/master [1ms]
[2022-10-01T23:39:13.073Z] > git rev-list --left-right --count master...origin/master [1ms]
[2022-10-01T23:39:13.087Z] > git remote --verbose [1ms]
[2022-10-01T23:39:13.088Z] > git for-each-ref --sort -committerdate --format %(refname) %(objectname) %(*objectname) [8ms]
[2022-10-01T23:39:13.099Z] > git config --get commit.template [1ms]
