[2022-10-02T21:17:43.978Z] Log level: Info
[2022-10-02T21:17:44.010Z] [info] Validating found git in: git
[2022-10-02T21:17:44.122Z] [info] Using git 1.8.3.1 from git
[2022-10-02T21:17:44.269Z] > git rev-parse --show-toplevel [87ms]
[2022-10-02T21:17:44.331Z] > git rev-parse --git-dir --git-common-dir [2ms]
[2022-10-02T21:17:44.339Z] [info] Open repository: /root
[2022-10-02T21:17:44.420Z] > git status -z -uall [8ms]
[2022-10-02T21:17:44.465Z] > git symbolic-ref --short HEAD [2ms]
[2022-10-02T21:17:44.510Z] > git for-each-ref --format=%(refname)%00%(upstream:short)%00%(objectname) refs/heads/master refs/remotes/master [1ms]
[2022-10-02T21:17:44.612Z] > git rev-list --left-right --count master...origin/master [1ms]
[2022-10-02T21:17:44.760Z] > git remote --verbose [3ms]
[2022-10-02T21:17:44.761Z] > git for-each-ref --sort -committerdate --format %(refname) %(objectname) %(*objectname) [84ms]
[2022-10-02T21:17:45.231Z] > git config --get commit.template [270ms]
[2022-10-02T21:17:45.302Z] > git status -z -uall [2ms]
[2022-10-02T21:17:45.376Z] > git symbolic-ref --short HEAD [1ms]
[2022-10-02T21:17:45.467Z] > git for-each-ref --format=%(refname)%00%(upstream:short)%00%(objectname) refs/heads/master refs/remotes/master [45ms]
[2022-10-02T21:17:45.546Z] > git rev-list --left-right --count master...origin/master [2ms]
[2022-10-02T21:17:45.679Z] > git remote --verbose [2ms]
[2022-10-02T21:17:45.679Z] > git for-each-ref --sort -committerdate --format %(refname) %(objectname) %(*objectname) [71ms]
[2022-10-02T21:17:45.780Z] > git config --get commit.template [4ms]
[2022-10-02T21:17:46.665Z] > git show --textconv :server/server.js [45ms]
[2022-10-02T21:17:46.665Z] > git ls-files --stage -- /root/server/server.js [1ms]
[2022-10-02T21:17:46.726Z] > git cat-file -s a2f904dae0d51db43e5b62356777a9de709e5179 [2ms]
[2022-10-02T21:17:46.909Z] > git check-ignore -v -z --stdin [5ms]
[2022-10-02T21:17:47.567Z] > git ls-files --stage -- /root/server/server.js [1ms]
[2022-10-02T21:17:47.613Z] > git cat-file -s a2f904dae0d51db43e5b62356777a9de709e5179 [1ms]
[2022-10-02T21:17:47.703Z] > git show --textconv :server/server.js [1ms]
[2022-10-02T21:17:50.971Z] > git status -z -uall [14ms]
[2022-10-02T21:17:50.993Z] > git symbolic-ref --short HEAD [0ms]
[2022-10-02T21:17:51.014Z] > git for-each-ref --format=%(refname)%00%(upstream:short)%00%(objectname) refs/heads/master refs/remotes/master [1ms]
[2022-10-02T21:17:51.023Z] > git rev-list --left-right --count master...origin/master [1ms]
[2022-10-02T21:17:51.055Z] > git remote --verbose [3ms]
[2022-10-02T21:17:51.056Z] > git for-each-ref --sort -committerdate --format %(refname) %(objectname) %(*objectname) [14ms]
[2022-10-02T21:17:51.069Z] > git config --get commit.template [0ms]
[2022-10-02T21:17:56.088Z] > git status -z -uall [10ms]
[2022-10-02T21:17:56.096Z] > git symbolic-ref --short HEAD [0ms]
[2022-10-02T21:17:56.105Z] > git for-each-ref --format=%(refname)%00%(upstream:short)%00%(objectname) refs/heads/master refs/remotes/master [0ms]
[2022-10-02T21:17:56.114Z] > git rev-list --left-right --count master...origin/master [1ms]
[2022-10-02T21:17:56.132Z] > git remote --verbose [1ms]
[2022-10-02T21:17:56.133Z] > git for-each-ref --sort -committerdate --format %(refname) %(objectname) %(*objectname) [10ms]
[2022-10-02T21:17:56.243Z] > git config --get commit.template [27ms]
[2022-10-02T21:18:01.259Z] > git status -z -uall [1ms]
[2022-10-02T21:18:01.267Z] > git symbolic-ref --short HEAD [0ms]
[2022-10-02T21:18:01.276Z] > git for-each-ref --format=%(refname)%00%(upstream:short)%00%(objectname) refs/heads/master refs/remotes/master [1ms]
[2022-10-02T21:18:01.287Z] > git rev-list --left-right --count master...origin/master [4ms]
[2022-10-02T21:18:01.302Z] > git remote --verbose [1ms]
[2022-10-02T21:18:01.303Z] > git for-each-ref --sort -committerdate --format %(refname) %(objectname) %(*objectname) [8ms]
[2022-10-02T21:18:01.338Z] > git config --get commit.template [12ms]
[2022-10-02T21:18:06.353Z] > git status -z -uall [1ms]
[2022-10-02T21:18:06.362Z] > git symbolic-ref --short HEAD [1ms]
[2022-10-02T21:18:06.369Z] > git for-each-ref --format=%(refname)%00%(upstream:short)%00%(objectname) refs/heads/master refs/remotes/master [1ms]
[2022-10-02T21:18:06.377Z] > git rev-list --left-right --count master...origin/master [1ms]
[2022-10-02T21:18:06.390Z] > git remote --verbose [1ms]
[2022-10-02T21:18:06.391Z] > git for-each-ref --sort -committerdate --format %(refname) %(objectname) %(*objectname) [8ms]
[2022-10-02T21:18:06.412Z] > git config --get commit.template [0ms]
[2022-10-02T21:19:18.471Z] > git status -z -uall [1ms]
[2022-10-02T21:19:18.479Z] > git symbolic-ref --short HEAD [1ms]
[2022-10-02T21:19:18.486Z] > git for-each-ref --format=%(refname)%00%(upstream:short)%00%(objectname) refs/heads/master refs/remotes/master [1ms]
[2022-10-02T21:19:18.493Z] > git rev-list --left-right --count master...origin/master [1ms]
[2022-10-02T21:19:18.506Z] > git remote --verbose [2ms]
[2022-10-02T21:19:18.506Z] > git for-each-ref --sort -committerdate --format %(refname) %(objectname) %(*objectname) [7ms]
[2022-10-02T21:19:18.522Z] > git config --get commit.template [1ms]
[2022-10-02T21:19:25.456Z] > git status -z -uall [4ms]
[2022-10-02T21:19:25.466Z] > git symbolic-ref --short HEAD [1ms]
[2022-10-02T21:19:25.476Z] > git for-each-ref --format=%(refname)%00%(upstream:short)%00%(objectname) refs/heads/master refs/remotes/master [1ms]
[2022-10-02T21:19:25.485Z] > git rev-list --left-right --count master...origin/master [1ms]
[2022-10-02T21:19:25.501Z] > git remote --verbose [1ms]
[2022-10-02T21:19:25.502Z] > git for-each-ref --sort -committerdate --format %(refname) %(objectname) %(*objectname) [9ms]
[2022-10-02T21:19:25.530Z] > git config --get commit.template [1ms]
[2022-10-02T21:19:30.550Z] > git status -z -uall [3ms]
[2022-10-02T21:19:30.557Z] > git symbolic-ref --short HEAD [1ms]
[2022-10-02T21:19:30.566Z] > git for-each-ref --format=%(refname)%00%(upstream:short)%00%(objectname) refs/heads/master refs/remotes/master [1ms]
[2022-10-02T21:19:30.575Z] > git rev-list --left-right --count master...origin/master [1ms]
[2022-10-02T21:19:30.591Z] > git remote --verbose [1ms]
[2022-10-02T21:19:30.591Z] > git for-each-ref --sort -committerdate --format %(refname) %(objectname) %(*objectname) [10ms]
[2022-10-02T21:19:30.603Z] > git config --get commit.template [1ms]
[2022-10-02T21:19:35.624Z] > git status -z -uall [5ms]
[2022-10-02T21:19:35.633Z] > git symbolic-ref --short HEAD [1ms]
[2022-10-02T21:19:35.642Z] > git for-each-ref --format=%(refname)%00%(upstream:short)%00%(objectname) refs/heads/master refs/remotes/master [1ms]
[2022-10-02T21:19:35.651Z] > git rev-list --left-right --count master...origin/master [2ms]
[2022-10-02T21:19:35.670Z] > git remote --verbose [1ms]
[2022-10-02T21:19:35.671Z] > git for-each-ref --sort -committerdate --format %(refname) %(objectname) %(*objectname) [7ms]
[2022-10-02T21:19:35.681Z] > git config --get commit.template [1ms]
[2022-10-02T21:19:45.041Z] > git status -z -uall [0ms]
[2022-10-02T21:19:45.049Z] > git symbolic-ref --short HEAD [1ms]
[2022-10-02T21:19:45.057Z] > git for-each-ref --format=%(refname)%00%(upstream:short)%00%(objectname) refs/heads/master refs/remotes/master [1ms]
[2022-10-02T21:19:45.070Z] > git rev-list --left-right --count master...origin/master [1ms]
[2022-10-02T21:19:45.085Z] > git remote --verbose [2ms]
[2022-10-02T21:19:45.086Z] > git for-each-ref --sort -committerdate --format %(refname) %(objectname) %(*objectname) [9ms]
[2022-10-02T21:19:45.101Z] > git config --get commit.template [1ms]
[2022-10-02T21:19:50.185Z] > git status -z -uall [33ms]
[2022-10-02T21:19:50.205Z] > git symbolic-ref --short HEAD [1ms]
[2022-10-02T21:19:50.231Z] > git for-each-ref --format=%(refname)%00%(upstream:short)%00%(objectname) refs/heads/master refs/remotes/master [2ms]
[2022-10-02T21:19:50.275Z] > git rev-list --left-right --count master...origin/master [1ms]
[2022-10-02T21:19:50.328Z] > git remote --verbose [1ms]
[2022-10-02T21:19:50.329Z] > git for-each-ref --sort -committerdate --format %(refname) %(objectname) %(*objectname) [12ms]
[2022-10-02T21:19:50.343Z] > git config --get commit.template [0ms]
[2022-10-02T21:19:55.359Z] > git status -z -uall [0ms]
[2022-10-02T21:19:55.368Z] > git symbolic-ref --short HEAD [2ms]
[2022-10-02T21:19:55.376Z] > git for-each-ref --format=%(refname)%00%(upstream:short)%00%(objectname) refs/heads/master refs/remotes/master [1ms]
[2022-10-02T21:19:55.383Z] > git rev-list --left-right --count master...origin/master [1ms]
[2022-10-02T21:19:55.397Z] > git remote --verbose [1ms]
[2022-10-02T21:19:55.398Z] > git for-each-ref --sort -committerdate --format %(refname) %(objectname) %(*objectname) [7ms]
[2022-10-02T21:19:55.408Z] > git config --get commit.template [1ms]
[2022-10-02T21:20:00.427Z] > git status -z -uall [6ms]
[2022-10-02T21:20:00.434Z] > git symbolic-ref --short HEAD [0ms]
[2022-10-02T21:20:00.443Z] > git for-each-ref --format=%(refname)%00%(upstream:short)%00%(objectname) refs/heads/master refs/remotes/master [1ms]
[2022-10-02T21:20:00.451Z] > git rev-list --left-right --count master...origin/master [1ms]
[2022-10-02T21:20:00.465Z] > git remote --verbose [1ms]
[2022-10-02T21:20:00.467Z] > git for-each-ref --sort -committerdate --format %(refname) %(objectname) %(*objectname) [9ms]
[2022-10-02T21:20:00.479Z] > git config --get commit.template [1ms]
[2022-10-02T21:20:19.691Z] > git status -z -uall [1ms]
[2022-10-02T21:20:19.699Z] > git symbolic-ref --short HEAD [1ms]
[2022-10-02T21:20:19.706Z] > git for-each-ref --format=%(refname)%00%(upstream:short)%00%(objectname) refs/heads/master refs/remotes/master [0ms]
[2022-10-02T21:20:19.713Z] > git rev-list --left-right --count master...origin/master [0ms]
[2022-10-02T21:20:19.729Z] > git remote --verbose [1ms]
[2022-10-02T21:20:19.729Z] > git for-each-ref --sort -committerdate --format %(refname) %(objectname) %(*objectname) [8ms]
[2022-10-02T21:20:19.741Z] > git config --get commit.template [1ms]
[2022-10-02T21:20:52.757Z] > git status -z -uall [0ms]
[2022-10-02T21:20:52.765Z] > git symbolic-ref --short HEAD [1ms]
[2022-10-02T21:20:52.772Z] > git for-each-ref --format=%(refname)%00%(upstream:short)%00%(objectname) refs/heads/master refs/remotes/master [0ms]
[2022-10-02T21:20:52.780Z] > git rev-list --left-right --count master...origin/master [1ms]
[2022-10-02T21:20:52.795Z] > git remote --verbose [1ms]
[2022-10-02T21:20:52.795Z] > git for-each-ref --sort -committerdate --format %(refname) %(objectname) %(*objectname) [9ms]
[2022-10-02T21:20:52.809Z] > git config --get commit.template [1ms]
[2022-10-02T21:20:57.826Z] > git status -z -uall [0ms]
[2022-10-02T21:20:57.836Z] > git symbolic-ref --short HEAD [0ms]
[2022-10-02T21:20:57.845Z] > git for-each-ref --format=%(refname)%00%(upstream:short)%00%(objectname) refs/heads/master refs/remotes/master [0ms]
[2022-10-02T21:20:57.857Z] > git rev-list --left-right --count master...origin/master [1ms]
[2022-10-02T21:20:57.873Z] > git remote --verbose [1ms]
[2022-10-02T21:20:57.874Z] > git for-each-ref --sort -committerdate --format %(refname) %(objectname) %(*objectname) [9ms]
[2022-10-02T21:20:57.896Z] > git config --get commit.template [1ms]
[2022-10-02T21:21:02.916Z] > git status -z -uall [4ms]
[2022-10-02T21:21:02.925Z] > git symbolic-ref --short HEAD [1ms]
[2022-10-02T21:21:02.934Z] > git for-each-ref --format=%(refname)%00%(upstream:short)%00%(objectname) refs/heads/master refs/remotes/master [0ms]
[2022-10-02T21:21:02.944Z] > git rev-list --left-right --count master...origin/master [1ms]
[2022-10-02T21:21:02.960Z] > git remote --verbose [1ms]
[2022-10-02T21:21:02.961Z] > git for-each-ref --sort -committerdate --format %(refname) %(objectname) %(*objectname) [9ms]
[2022-10-02T21:21:02.973Z] > git config --get commit.template [1ms]
[2022-10-02T21:21:07.993Z] > git status -z -uall [4ms]
[2022-10-02T21:21:08.002Z] > git symbolic-ref --short HEAD [0ms]
[2022-10-02T21:21:08.013Z] > git for-each-ref --format=%(refname)%00%(upstream:short)%00%(objectname) refs/heads/master refs/remotes/master [0ms]
[2022-10-02T21:21:08.024Z] > git rev-list --left-right --count master...origin/master [2ms]
[2022-10-02T21:21:08.042Z] > git remote --verbose [2ms]
[2022-10-02T21:21:08.043Z] > git for-each-ref --sort -committerdate --format %(refname) %(objectname) %(*objectname) [11ms]
[2022-10-02T21:21:08.056Z] > git config --get commit.template [1ms]
[2022-10-02T21:21:13.071Z] > git status -z -uall [1ms]
[2022-10-02T21:21:13.079Z] > git symbolic-ref --short HEAD [1ms]
[2022-10-02T21:21:13.086Z] > git for-each-ref --format=%(refname)%00%(upstream:short)%00%(objectname) refs/heads/master refs/remotes/master [0ms]
[2022-10-02T21:21:13.094Z] > git rev-list --left-right --count master...origin/master [1ms]
[2022-10-02T21:21:13.107Z] > git remote --verbose [0ms]
[2022-10-02T21:21:13.108Z] > git for-each-ref --sort -committerdate --format %(refname) %(objectname) %(*objectname) [8ms]
[2022-10-02T21:21:13.123Z] > git config --get commit.template [1ms]
[2022-10-02T21:21:18.137Z] > git status -z -uall [1ms]
[2022-10-02T21:21:18.145Z] > git symbolic-ref --short HEAD [0ms]
[2022-10-02T21:21:18.154Z] > git for-each-ref --format=%(refname)%00%(upstream:short)%00%(objectname) refs/heads/master refs/remotes/master [1ms]
[2022-10-02T21:21:18.162Z] > git rev-list --left-right --count master...origin/master [1ms]
[2022-10-02T21:21:18.176Z] > git remote --verbose [1ms]
[2022-10-02T21:21:18.176Z] > git for-each-ref --sort -committerdate --format %(refname) %(objectname) %(*objectname) [7ms]
[2022-10-02T21:21:18.198Z] > git config --get commit.template [0ms]
[2022-10-02T21:21:23.245Z] > git status -z -uall [0ms]
[2022-10-02T21:21:23.276Z] > git symbolic-ref --short HEAD [9ms]
[2022-10-02T21:21:23.307Z] > git for-each-ref --format=%(refname)%00%(upstream:short)%00%(objectname) refs/heads/master refs/remotes/master [1ms]
[2022-10-02T21:21:23.323Z] > git rev-list --left-right --count master...origin/master [1ms]
[2022-10-02T21:21:23.340Z] > git remote --verbose [2ms]
[2022-10-02T21:21:23.340Z] > git for-each-ref --sort -committerdate --format %(refname) %(objectname) %(*objectname) [8ms]
[2022-10-02T21:21:23.362Z] > git config --get commit.template [1ms]
[2022-10-02T21:21:28.645Z] > git status -z -uall [1ms]
[2022-10-02T21:21:28.653Z] > git symbolic-ref --short HEAD [1ms]
[2022-10-02T21:21:28.662Z] > git for-each-ref --format=%(refname)%00%(upstream:short)%00%(objectname) refs/heads/master refs/remotes/master [1ms]
[2022-10-02T21:21:28.669Z] > git rev-list --left-right --count master...origin/master [0ms]
[2022-10-02T21:21:28.685Z] > git remote --verbose [1ms]
[2022-10-02T21:21:28.685Z] > git for-each-ref --sort -committerdate --format %(refname) %(objectname) %(*objectname) [7ms]
[2022-10-02T21:21:28.706Z] > git config --get commit.template [0ms]
[2022-10-02T21:21:33.720Z] > git status -z -uall [1ms]
[2022-10-02T21:21:33.727Z] > git symbolic-ref --short HEAD [1ms]
[2022-10-02T21:21:33.734Z] > git for-each-ref --format=%(refname)%00%(upstream:short)%00%(objectname) refs/heads/master refs/remotes/master [0ms]
[2022-10-02T21:21:33.742Z] > git rev-list --left-right --count master...origin/master [1ms]
[2022-10-02T21:21:33.755Z] > git remote --verbose [1ms]
[2022-10-02T21:21:33.755Z] > git for-each-ref --sort -committerdate --format %(refname) %(objectname) %(*objectname) [7ms]
[2022-10-02T21:21:33.766Z] > git config --get commit.template [0ms]
[2022-10-02T21:22:19.966Z] > git status -z -uall [3ms]
[2022-10-02T21:22:19.975Z] > git symbolic-ref --short HEAD [1ms]
[2022-10-02T21:22:19.984Z] > git for-each-ref --format=%(refname)%00%(upstream:short)%00%(objectname) refs/heads/master refs/remotes/master [1ms]
[2022-10-02T21:22:19.992Z] > git rev-list --left-right --count master...origin/master [1ms]
[2022-10-02T21:22:20.008Z] > git remote --verbose [1ms]
[2022-10-02T21:22:20.008Z] > git for-each-ref --sort -committerdate --format %(refname) %(objectname) %(*objectname) [9ms]
[2022-10-02T21:22:20.019Z] > git config --get commit.template [1ms]
[2022-10-02T21:22:25.035Z] > git status -z -uall [0ms]
[2022-10-02T21:22:25.043Z] > git symbolic-ref --short HEAD [1ms]
[2022-10-02T21:22:25.051Z] > git for-each-ref --format=%(refname)%00%(upstream:short)%00%(objectname) refs/heads/master refs/remotes/master [1ms]
[2022-10-02T21:22:25.059Z] > git rev-list --left-right --count master...origin/master [1ms]
[2022-10-02T21:22:25.074Z] > git remote --verbose [1ms]
[2022-10-02T21:22:25.074Z] > git for-each-ref --sort -committerdate --format %(refname) %(objectname) %(*objectname) [8ms]
[2022-10-02T21:22:25.086Z] > git config --get commit.template [0ms]
[2022-10-02T21:22:30.228Z] > git status -z -uall [62ms]
[2022-10-02T21:22:30.295Z] > git symbolic-ref --short HEAD [1ms]
[2022-10-02T21:22:30.329Z] > git for-each-ref --format=%(refname)%00%(upstream:short)%00%(objectname) refs/heads/master refs/remotes/master [1ms]
[2022-10-02T21:22:30.362Z] > git rev-list --left-right --count master...origin/master [1ms]
[2022-10-02T21:22:30.428Z] > git remote --verbose [2ms]
[2022-10-02T21:22:30.428Z] > git for-each-ref --sort -committerdate --format %(refname) %(objectname) %(*objectname) [30ms]
[2022-10-02T21:22:30.461Z] > git config --get commit.template [4ms]
[2022-10-02T21:22:35.490Z] > git status -z -uall [1ms]
[2022-10-02T21:22:35.501Z] > git symbolic-ref --short HEAD [1ms]
[2022-10-02T21:22:35.509Z] > git for-each-ref --format=%(refname)%00%(upstream:short)%00%(objectname) refs/heads/master refs/remotes/master [1ms]
[2022-10-02T21:22:35.517Z] > git rev-list --left-right --count master...origin/master [1ms]
[2022-10-02T21:22:35.534Z] > git remote --verbose [1ms]
[2022-10-02T21:22:35.535Z] > git for-each-ref --sort -committerdate --format %(refname) %(objectname) %(*objectname) [10ms]
[2022-10-02T21:22:35.546Z] > git config --get commit.template [0ms]
[2022-10-02T21:24:11.058Z] > git status -z -uall [1ms]
[2022-10-02T21:24:11.067Z] > git symbolic-ref --short HEAD [0ms]
[2022-10-02T21:24:11.077Z] > git for-each-ref --format=%(refname)%00%(upstream:short)%00%(objectname) refs/heads/master refs/remotes/master [1ms]
[2022-10-02T21:24:11.086Z] > git rev-list --left-right --count master...origin/master [0ms]
[2022-10-02T21:24:11.102Z] > git remote --verbose [1ms]
[2022-10-02T21:24:11.103Z] > git for-each-ref --sort -committerdate --format %(refname) %(objectname) %(*objectname) [8ms]
[2022-10-02T21:24:11.117Z] > git config --get commit.template [0ms]
[2022-10-02T21:24:16.133Z] > git status -z -uall [1ms]
[2022-10-02T21:24:16.142Z] > git symbolic-ref --short HEAD [1ms]
[2022-10-02T21:24:16.151Z] > git for-each-ref --format=%(refname)%00%(upstream:short)%00%(objectname) refs/heads/master refs/remotes/master [1ms]
[2022-10-02T21:24:16.160Z] > git rev-list --left-right --count master...origin/master [0ms]
[2022-10-02T21:24:16.180Z] > git remote --verbose [4ms]
[2022-10-02T21:24:16.180Z] > git for-each-ref --sort -committerdate --format %(refname) %(objectname) %(*objectname) [12ms]
[2022-10-02T21:24:16.193Z] > git config --get commit.template [0ms]
[2022-10-02T21:24:21.215Z] > git status -z -uall [6ms]
[2022-10-02T21:24:21.226Z] > git symbolic-ref --short HEAD [1ms]
[2022-10-02T21:24:21.236Z] > git for-each-ref --format=%(refname)%00%(upstream:short)%00%(objectname) refs/heads/master refs/remotes/master [1ms]
[2022-10-02T21:24:21.250Z] > git rev-list --left-right --count master...origin/master [1ms]
[2022-10-02T21:24:21.269Z] > git remote --verbose [1ms]
[2022-10-02T21:24:21.270Z] > git for-each-ref --sort -committerdate --format %(refname) %(objectname) %(*objectname) [11ms]
[2022-10-02T21:24:21.284Z] > git config --get commit.template [1ms]
[2022-10-02T21:24:30.568Z] > git status -z -uall [1ms]
[2022-10-02T21:24:30.577Z] > git symbolic-ref --short HEAD [1ms]
[2022-10-02T21:24:30.586Z] > git for-each-ref --format=%(refname)%00%(upstream:short)%00%(objectname) refs/heads/master refs/remotes/master [1ms]
[2022-10-02T21:24:30.594Z] > git rev-list --left-right --count master...origin/master [0ms]
[2022-10-02T21:24:30.612Z] > git remote --verbose [1ms]
[2022-10-02T21:24:30.612Z] > git for-each-ref --sort -committerdate --format %(refname) %(objectname) %(*objectname) [9ms]
[2022-10-02T21:24:30.623Z] > git config --get commit.template [1ms]
[2022-10-02T21:24:35.638Z] > git status -z -uall [1ms]
[2022-10-02T21:24:35.646Z] > git symbolic-ref --short HEAD [1ms]
[2022-10-02T21:24:35.654Z] > git for-each-ref --format=%(refname)%00%(upstream:short)%00%(objectname) refs/heads/master refs/remotes/master [0ms]
[2022-10-02T21:24:35.662Z] > git rev-list --left-right --count master...origin/master [0ms]
[2022-10-02T21:24:35.679Z] > git remote --verbose [1ms]
[2022-10-02T21:24:35.679Z] > git for-each-ref --sort -committerdate --format %(refname) %(objectname) %(*objectname) [8ms]
[2022-10-02T21:24:35.691Z] > git config --get commit.template [0ms]
[2022-10-02T21:24:40.705Z] > git status -z -uall [0ms]
[2022-10-02T21:24:40.714Z] > git symbolic-ref --short HEAD [1ms]
[2022-10-02T21:24:40.722Z] > git for-each-ref --format=%(refname)%00%(upstream:short)%00%(objectname) refs/heads/master refs/remotes/master [0ms]
[2022-10-02T21:24:40.731Z] > git rev-list --left-right --count master...origin/master [1ms]
[2022-10-02T21:24:40.745Z] > git remote --verbose [0ms]
[2022-10-02T21:24:40.746Z] > git for-each-ref --sort -committerdate --format %(refname) %(objectname) %(*objectname) [8ms]
[2022-10-02T21:24:40.763Z] > git config --get commit.template [1ms]
[2022-10-02T21:24:49.799Z] > git status -z -uall [1ms]
[2022-10-02T21:24:49.808Z] > git symbolic-ref --short HEAD [1ms]
[2022-10-02T21:24:49.816Z] > git for-each-ref --format=%(refname)%00%(upstream:short)%00%(objectname) refs/heads/master refs/remotes/master [0ms]
[2022-10-02T21:24:49.825Z] > git rev-list --left-right --count master...origin/master [1ms]
[2022-10-02T21:24:49.844Z] > git remote --verbose [1ms]
[2022-10-02T21:24:49.844Z] > git for-each-ref --sort -committerdate --format %(refname) %(objectname) %(*objectname) [10ms]
[2022-10-02T21:24:49.861Z] > git config --get commit.template [1ms]
[2022-10-02T21:25:43.828Z] > git status -z -uall [2ms]
[2022-10-02T21:25:43.836Z] > git symbolic-ref --short HEAD [0ms]
[2022-10-02T21:25:43.845Z] > git for-each-ref --format=%(refname)%00%(upstream:short)%00%(objectname) refs/heads/master refs/remotes/master [1ms]
[2022-10-02T21:25:43.855Z] > git rev-list --left-right --count master...origin/master [1ms]
[2022-10-02T21:25:43.870Z] > git remote --verbose [1ms]
[2022-10-02T21:25:43.871Z] > git for-each-ref --sort -committerdate --format %(refname) %(objectname) %(*objectname) [10ms]
[2022-10-02T21:25:43.881Z] > git config --get commit.template [1ms]
[2022-10-02T21:25:48.897Z] > git status -z -uall [1ms]
[2022-10-02T21:25:48.905Z] > git symbolic-ref --short HEAD [0ms]
[2022-10-02T21:25:48.913Z] > git for-each-ref --format=%(refname)%00%(upstream:short)%00%(objectname) refs/heads/master refs/remotes/master [1ms]
[2022-10-02T21:25:48.922Z] > git rev-list --left-right --count master...origin/master [2ms]
[2022-10-02T21:25:48.942Z] > git remote --verbose [3ms]
[2022-10-02T21:25:48.942Z] > git for-each-ref --sort -committerdate --format %(refname) %(objectname) %(*objectname) [8ms]
[2022-10-02T21:25:48.956Z] > git config --get commit.template [1ms]
[2022-10-02T21:25:53.985Z] > git status -z -uall [1ms]
[2022-10-02T21:25:54.012Z] > git symbolic-ref --short HEAD [0ms]
[2022-10-02T21:25:54.032Z] > git for-each-ref --format=%(refname)%00%(upstream:short)%00%(objectname) refs/heads/master refs/remotes/master [0ms]
[2022-10-02T21:25:54.141Z] > git rev-list --left-right --count master...origin/master [1ms]
[2022-10-02T21:25:54.272Z] > git remote --verbose [2ms]
[2022-10-02T21:25:54.272Z] > git for-each-ref --sort -committerdate --format %(refname) %(objectname) %(*objectname) [67ms]
[2022-10-02T21:25:54.318Z] > git config --get commit.template [2ms]
[2022-10-02T21:25:59.335Z] > git status -z -uall [0ms]
[2022-10-02T21:25:59.343Z] > git symbolic-ref --short HEAD [0ms]
[2022-10-02T21:25:59.351Z] > git for-each-ref --format=%(refname)%00%(upstream:short)%00%(objectname) refs/heads/master refs/remotes/master [1ms]
[2022-10-02T21:25:59.359Z] > git rev-list --left-right --count master...origin/master [0ms]
[2022-10-02T21:25:59.374Z] > git remote --verbose [1ms]
[2022-10-02T21:25:59.374Z] > git for-each-ref --sort -committerdate --format %(refname) %(objectname) %(*objectname) [7ms]
[2022-10-02T21:25:59.385Z] > git config --get commit.template [0ms]
[2022-10-02T21:26:04.408Z] > git status -z -uall [10ms]
[2022-10-02T21:26:04.417Z] > git symbolic-ref --short HEAD [1ms]
[2022-10-02T21:26:04.425Z] > git for-each-ref --format=%(refname)%00%(upstream:short)%00%(objectname) refs/heads/master refs/remotes/master [1ms]
[2022-10-02T21:26:04.433Z] > git rev-list --left-right --count master...origin/master [1ms]
[2022-10-02T21:26:04.448Z] > git remote --verbose [1ms]
[2022-10-02T21:26:04.448Z] > git for-each-ref --sort -committerdate --format %(refname) %(objectname) %(*objectname) [7ms]
[2022-10-02T21:26:04.459Z] > git config --get commit.template [1ms]
[2022-10-02T21:26:09.504Z] > git status -z -uall [1ms]
[2022-10-02T21:26:09.525Z] > git symbolic-ref --short HEAD [1ms]
[2022-10-02T21:26:09.545Z] > git for-each-ref --format=%(refname)%00%(upstream:short)%00%(objectname) refs/heads/master refs/remotes/master [1ms]
[2022-10-02T21:26:09.576Z] > git rev-list --left-right --count master...origin/master [2ms]
[2022-10-02T21:26:09.611Z] > git remote --verbose [6ms]
[2022-10-02T21:26:09.612Z] > git for-each-ref --sort -committerdate --format %(refname) %(objectname) %(*objectname) [13ms]
[2022-10-02T21:26:09.646Z] > git config --get commit.template [3ms]
[2022-10-02T21:26:14.664Z] > git status -z -uall [3ms]
[2022-10-02T21:26:14.673Z] > git symbolic-ref --short HEAD [1ms]
[2022-10-02T21:26:14.681Z] > git for-each-ref --format=%(refname)%00%(upstream:short)%00%(objectname) refs/heads/master refs/remotes/master [1ms]
[2022-10-02T21:26:14.690Z] > git rev-list --left-right --count master...origin/master [1ms]
[2022-10-02T21:26:14.707Z] > git remote --verbose [1ms]
[2022-10-02T21:26:14.708Z] > git for-each-ref --sort -committerdate --format %(refname) %(objectname) %(*objectname) [9ms]
[2022-10-02T21:26:14.737Z] > git config --get commit.template [1ms]
[2022-10-02T21:27:44.355Z] > git status -z -uall [0ms]
[2022-10-02T21:27:44.364Z] > git symbolic-ref --short HEAD [1ms]
[2022-10-02T21:27:44.371Z] > git for-each-ref --format=%(refname)%00%(upstream:short)%00%(objectname) refs/heads/master refs/remotes/master [1ms]
[2022-10-02T21:27:44.378Z] > git rev-list --left-right --count master...origin/master [0ms]
[2022-10-02T21:27:44.391Z] > git remote --verbose [1ms]
[2022-10-02T21:27:44.391Z] > git for-each-ref --sort -committerdate --format %(refname) %(objectname) %(*objectname) [6ms]
[2022-10-02T21:27:44.400Z] > git config --get commit.template [0ms]
[2022-10-02T21:27:49.419Z] > git status -z -uall [3ms]
[2022-10-02T21:27:49.428Z] > git symbolic-ref --short HEAD [1ms]
[2022-10-02T21:27:49.437Z] > git for-each-ref --format=%(refname)%00%(upstream:short)%00%(objectname) refs/heads/master refs/remotes/master [0ms]
[2022-10-02T21:27:49.447Z] > git rev-list --left-right --count master...origin/master [0ms]
[2022-10-02T21:27:49.465Z] > git remote --verbose [1ms]
[2022-10-02T21:27:49.466Z] > git for-each-ref --sort -committerdate --format %(refname) %(objectname) %(*objectname) [10ms]
[2022-10-02T21:27:49.490Z] > git config --get commit.template [1ms]
[2022-10-02T21:27:54.509Z] > git status -z -uall [3ms]
[2022-10-02T21:27:54.520Z] > git symbolic-ref --short HEAD [1ms]
[2022-10-02T21:27:54.531Z] > git for-each-ref --format=%(refname)%00%(upstream:short)%00%(objectname) refs/heads/master refs/remotes/master [2ms]
[2022-10-02T21:27:54.541Z] > git rev-list --left-right --count master...origin/master [1ms]
[2022-10-02T21:27:54.560Z] > git remote --verbose [1ms]
[2022-10-02T21:27:54.561Z] > git for-each-ref --sort -committerdate --format %(refname) %(objectname) %(*objectname) [10ms]
[2022-10-02T21:27:54.575Z] > git config --get commit.template [1ms]
[2022-10-02T21:29:02.770Z] > git status -z -uall [2ms]
[2022-10-02T21:29:02.777Z] > git symbolic-ref --short HEAD [1ms]
[2022-10-02T21:29:02.785Z] > git for-each-ref --format=%(refname)%00%(upstream:short)%00%(objectname) refs/heads/master refs/remotes/master [1ms]
[2022-10-02T21:29:02.792Z] > git rev-list --left-right --count master...origin/master [1ms]
[2022-10-02T21:29:02.807Z] > git remote --verbose [1ms]
[2022-10-02T21:29:02.807Z] > git for-each-ref --sort -committerdate --format %(refname) %(objectname) %(*objectname) [7ms]
[2022-10-02T21:29:02.818Z] > git config --get commit.template [1ms]
[2022-10-02T21:29:07.832Z] > git status -z -uall [0ms]
[2022-10-02T21:29:07.840Z] > git symbolic-ref --short HEAD [0ms]
[2022-10-02T21:29:07.849Z] > git for-each-ref --format=%(refname)%00%(upstream:short)%00%(objectname) refs/heads/master refs/remotes/master [0ms]
[2022-10-02T21:29:07.859Z] > git rev-list --left-right --count master...origin/master [1ms]
[2022-10-02T21:29:07.876Z] > git remote --verbose [1ms]
[2022-10-02T21:29:07.876Z] > git for-each-ref --sort -committerdate --format %(refname) %(objectname) %(*objectname) [9ms]
[2022-10-02T21:29:07.890Z] > git config --get commit.template [0ms]
[2022-10-02T21:29:12.904Z] > git status -z -uall [0ms]
[2022-10-02T21:29:12.911Z] > git symbolic-ref --short HEAD [0ms]
[2022-10-02T21:29:12.918Z] > git for-each-ref --format=%(refname)%00%(upstream:short)%00%(objectname) refs/heads/master refs/remotes/master [0ms]
[2022-10-02T21:29:12.926Z] > git rev-list --left-right --count master...origin/master [1ms]
[2022-10-02T21:29:12.940Z] > git remote --verbose [1ms]
[2022-10-02T21:29:12.940Z] > git for-each-ref --sort -committerdate --format %(refname) %(objectname) %(*objectname) [6ms]
[2022-10-02T21:29:12.950Z] > git config --get commit.template [0ms]
[2022-10-02T21:30:54.742Z] > git status -z -uall [1ms]
[2022-10-02T21:30:54.749Z] > git symbolic-ref --short HEAD [1ms]
[2022-10-02T21:30:54.756Z] > git for-each-ref --format=%(refname)%00%(upstream:short)%00%(objectname) refs/heads/master refs/remotes/master [0ms]
[2022-10-02T21:30:54.763Z] > git rev-list --left-right --count master...origin/master [1ms]
[2022-10-02T21:30:54.778Z] > git remote --verbose [1ms]
[2022-10-02T21:30:54.779Z] > git for-each-ref --sort -committerdate --format %(refname) %(objectname) %(*objectname) [10ms]
[2022-10-02T21:30:54.791Z] > git config --get commit.template [0ms]
[2022-10-02T21:31:39.898Z] > git status -z -uall [6ms]
[2022-10-02T21:31:39.905Z] > git symbolic-ref --short HEAD [0ms]
[2022-10-02T21:31:39.915Z] > git for-each-ref --format=%(refname)%00%(upstream:short)%00%(objectname) refs/heads/master refs/remotes/master [1ms]
[2022-10-02T21:31:39.923Z] > git rev-list --left-right --count master...origin/master [1ms]
[2022-10-02T21:31:39.937Z] > git remote --verbose [0ms]
[2022-10-02T21:31:39.938Z] > git for-each-ref --sort -committerdate --format %(refname) %(objectname) %(*objectname) [8ms]
[2022-10-02T21:31:39.949Z] > git config --get commit.template [1ms]
[2022-10-02T21:31:44.962Z] > git status -z -uall [1ms]
[2022-10-02T21:31:44.969Z] > git symbolic-ref --short HEAD [1ms]
[2022-10-02T21:31:44.976Z] > git for-each-ref --format=%(refname)%00%(upstream:short)%00%(objectname) refs/heads/master refs/remotes/master [1ms]
[2022-10-02T21:31:44.983Z] > git rev-list --left-right --count master...origin/master [1ms]
[2022-10-02T21:31:44.995Z] > git remote --verbose [1ms]
[2022-10-02T21:31:44.995Z] > git for-each-ref --sort -committerdate --format %(refname) %(objectname) %(*objectname) [6ms]
[2022-10-02T21:31:45.007Z] > git config --get commit.template [1ms]
[2022-10-02T21:31:50.021Z] > git status -z -uall [1ms]
[2022-10-02T21:31:50.029Z] > git symbolic-ref --short HEAD [1ms]
[2022-10-02T21:31:50.036Z] > git for-each-ref --format=%(refname)%00%(upstream:short)%00%(objectname) refs/heads/master refs/remotes/master [1ms]
[2022-10-02T21:31:50.044Z] > git rev-list --left-right --count master...origin/master [1ms]
[2022-10-02T21:31:50.062Z] > git remote --verbose [1ms]
[2022-10-02T21:31:50.062Z] > git for-each-ref --sort -committerdate --format %(refname) %(objectname) %(*objectname) [10ms]
[2022-10-02T21:31:50.073Z] > git config --get commit.template [0ms]
[2022-10-02T21:31:55.130Z] > git status -z -uall [0ms]
[2022-10-02T21:31:55.167Z] > git symbolic-ref --short HEAD [1ms]
[2022-10-02T21:31:55.195Z] > git for-each-ref --format=%(refname)%00%(upstream:short)%00%(objectname) refs/heads/master refs/remotes/master [1ms]
[2022-10-02T21:31:55.225Z] > git rev-list --left-right --count master...origin/master [2ms]
[2022-10-02T21:31:55.282Z] > git remote --verbose [1ms]
[2022-10-02T21:31:55.283Z] > git for-each-ref --sort -committerdate --format %(refname) %(objectname) %(*objectname) [13ms]
[2022-10-02T21:31:55.296Z] > git config --get commit.template [1ms]
[2022-10-02T21:32:00.317Z] > git status -z -uall [5ms]
[2022-10-02T21:32:00.327Z] > git symbolic-ref --short HEAD [1ms]
[2022-10-02T21:32:00.336Z] > git for-each-ref --format=%(refname)%00%(upstream:short)%00%(objectname) refs/heads/master refs/remotes/master [1ms]
[2022-10-02T21:32:00.346Z] > git rev-list --left-right --count master...origin/master [1ms]
[2022-10-02T21:32:00.364Z] > git remote --verbose [1ms]
[2022-10-02T21:32:00.364Z] > git for-each-ref --sort -committerdate --format %(refname) %(objectname) %(*objectname) [9ms]
[2022-10-02T21:32:00.378Z] > git config --get commit.template [1ms]
[2022-10-02T21:32:05.415Z] > git status -z -uall [0ms]
[2022-10-02T21:32:05.423Z] > git symbolic-ref --short HEAD [1ms]
[2022-10-02T21:32:05.441Z] > git for-each-ref --format=%(refname)%00%(upstream:short)%00%(objectname) refs/heads/master refs/remotes/master [1ms]
[2022-10-02T21:32:05.459Z] > git rev-list --left-right --count master...origin/master [1ms]
[2022-10-02T21:32:05.496Z] > git remote --verbose [1ms]
[2022-10-02T21:32:05.497Z] > git for-each-ref --sort -committerdate --format %(refname) %(objectname) %(*objectname) [21ms]
[2022-10-02T21:32:05.546Z] > git config --get commit.template [1ms]
[2022-10-02T21:32:39.054Z] > git status -z -uall [4ms]
[2022-10-02T21:32:39.063Z] > git symbolic-ref --short HEAD [1ms]
[2022-10-02T21:32:39.072Z] > git for-each-ref --format=%(refname)%00%(upstream:short)%00%(objectname) refs/heads/master refs/remotes/master [1ms]
[2022-10-02T21:32:39.083Z] > git rev-list --left-right --count master...origin/master [1ms]
[2022-10-02T21:32:39.100Z] > git remote --verbose [1ms]
[2022-10-02T21:32:39.101Z] > git for-each-ref --sort -committerdate --format %(refname) %(objectname) %(*objectname) [9ms]
[2022-10-02T21:32:39.114Z] > git config --get commit.template [1ms]
[2022-10-02T21:32:44.129Z] > git status -z -uall [1ms]
[2022-10-02T21:32:44.137Z] > git symbolic-ref --short HEAD [0ms]
[2022-10-02T21:32:44.146Z] > git for-each-ref --format=%(refname)%00%(upstream:short)%00%(objectname) refs/heads/master refs/remotes/master [1ms]
[2022-10-02T21:32:44.154Z] > git rev-list --left-right --count master...origin/master [1ms]
[2022-10-02T21:32:44.172Z] > git remote --verbose [4ms]
[2022-10-02T21:32:44.172Z] > git for-each-ref --sort -committerdate --format %(refname) %(objectname) %(*objectname) [11ms]
[2022-10-02T21:32:44.184Z] > git config --get commit.template [1ms]
[2022-10-02T21:32:49.203Z] > git status -z -uall [0ms]
[2022-10-02T21:32:49.211Z] > git symbolic-ref --short HEAD [0ms]
[2022-10-02T21:32:49.219Z] > git for-each-ref --format=%(refname)%00%(upstream:short)%00%(objectname) refs/heads/master refs/remotes/master [1ms]
[2022-10-02T21:32:49.226Z] > git rev-list --left-right --count master...origin/master [1ms]
[2022-10-02T21:32:49.239Z] > git remote --verbose [1ms]
[2022-10-02T21:32:49.240Z] > git for-each-ref --sort -committerdate --format %(refname) %(objectname) %(*objectname) [7ms]
[2022-10-02T21:32:49.252Z] > git config --get commit.template [1ms]
[2022-10-02T21:32:54.267Z] > git status -z -uall [0ms]
[2022-10-02T21:32:54.274Z] > git symbolic-ref --short HEAD [0ms]
[2022-10-02T21:32:54.281Z] > git for-each-ref --format=%(refname)%00%(upstream:short)%00%(objectname) refs/heads/master refs/remotes/master [0ms]
[2022-10-02T21:32:54.289Z] > git rev-list --left-right --count master...origin/master [0ms]
[2022-10-02T21:32:54.301Z] > git remote --verbose [1ms]
[2022-10-02T21:32:54.301Z] > git for-each-ref --sort -committerdate --format %(refname) %(objectname) %(*objectname) [6ms]
[2022-10-02T21:32:54.315Z] > git config --get commit.template [2ms]
[2022-10-02T21:32:59.330Z] > git status -z -uall [1ms]
[2022-10-02T21:32:59.337Z] > git symbolic-ref --short HEAD [1ms]
[2022-10-02T21:32:59.344Z] > git for-each-ref --format=%(refname)%00%(upstream:short)%00%(objectname) refs/heads/master refs/remotes/master [0ms]
[2022-10-02T21:32:59.352Z] > git rev-list --left-right --count master...origin/master [1ms]
[2022-10-02T21:32:59.365Z] > git remote --verbose [1ms]
[2022-10-02T21:32:59.365Z] > git for-each-ref --sort -committerdate --format %(refname) %(objectname) %(*objectname) [6ms]
[2022-10-02T21:32:59.374Z] > git config --get commit.template [0ms]
[2022-10-02T21:33:04.389Z] > git status -z -uall [1ms]
[2022-10-02T21:33:04.397Z] > git symbolic-ref --short HEAD [1ms]
[2022-10-02T21:33:04.405Z] > git for-each-ref --format=%(refname)%00%(upstream:short)%00%(objectname) refs/heads/master refs/remotes/master [1ms]
[2022-10-02T21:33:04.412Z] > git rev-list --left-right --count master...origin/master [1ms]
[2022-10-02T21:33:04.424Z] > git remote --verbose [0ms]
[2022-10-02T21:33:04.425Z] > git for-each-ref --sort -committerdate --format %(refname) %(objectname) %(*objectname) [7ms]
[2022-10-02T21:33:04.434Z] > git config --get commit.template [0ms]
[2022-10-02T21:33:09.449Z] > git status -z -uall [0ms]
[2022-10-02T21:33:09.457Z] > git symbolic-ref --short HEAD [1ms]
[2022-10-02T21:33:09.463Z] > git for-each-ref --format=%(refname)%00%(upstream:short)%00%(objectname) refs/heads/master refs/remotes/master [0ms]
[2022-10-02T21:33:09.470Z] > git rev-list --left-right --count master...origin/master [1ms]
[2022-10-02T21:33:09.483Z] > git remote --verbose [1ms]
[2022-10-02T21:33:09.483Z] > git for-each-ref --sort -committerdate --format %(refname) %(objectname) %(*objectname) [7ms]
[2022-10-02T21:33:09.498Z] > git config --get commit.template [0ms]
[2022-10-02T21:33:14.512Z] > git status -z -uall [0ms]
[2022-10-02T21:33:14.519Z] > git symbolic-ref --short HEAD [0ms]
[2022-10-02T21:33:14.526Z] > git for-each-ref --format=%(refname)%00%(upstream:short)%00%(objectname) refs/heads/master refs/remotes/master [1ms]
[2022-10-02T21:33:14.533Z] > git rev-list --left-right --count master...origin/master [1ms]
[2022-10-02T21:33:14.544Z] > git remote --verbose [0ms]
[2022-10-02T21:33:14.545Z] > git for-each-ref --sort -committerdate --format %(refname) %(objectname) %(*objectname) [6ms]
[2022-10-02T21:33:14.555Z] > git config --get commit.template [1ms]
[2022-10-02T21:33:19.568Z] > git status -z -uall [0ms]
[2022-10-02T21:33:19.575Z] > git symbolic-ref --short HEAD [1ms]
[2022-10-02T21:33:19.581Z] > git for-each-ref --format=%(refname)%00%(upstream:short)%00%(objectname) refs/heads/master refs/remotes/master [0ms]
[2022-10-02T21:33:19.588Z] > git rev-list --left-right --count master...origin/master [0ms]
[2022-10-02T21:33:19.600Z] > git remote --verbose [0ms]
[2022-10-02T21:33:19.600Z] > git for-each-ref --sort -committerdate --format %(refname) %(objectname) %(*objectname) [6ms]
[2022-10-02T21:33:19.610Z] > git config --get commit.template [0ms]
[2022-10-02T21:33:24.626Z] > git status -z -uall [1ms]
[2022-10-02T21:33:24.632Z] > git symbolic-ref --short HEAD [0ms]
[2022-10-02T21:33:24.639Z] > git for-each-ref --format=%(refname)%00%(upstream:short)%00%(objectname) refs/heads/master refs/remotes/master [1ms]
[2022-10-02T21:33:24.646Z] > git rev-list --left-right --count master...origin/master [1ms]
[2022-10-02T21:33:24.657Z] > git remote --verbose [1ms]
[2022-10-02T21:33:24.657Z] > git for-each-ref --sort -committerdate --format %(refname) %(objectname) %(*objectname) [6ms]
[2022-10-02T21:33:24.672Z] > git config --get commit.template [0ms]
[2022-10-02T21:33:29.687Z] > git status -z -uall [0ms]
[2022-10-02T21:33:29.694Z] > git symbolic-ref --short HEAD [0ms]
[2022-10-02T21:33:29.702Z] > git for-each-ref --format=%(refname)%00%(upstream:short)%00%(objectname) refs/heads/master refs/remotes/master [1ms]
[2022-10-02T21:33:29.710Z] > git rev-list --left-right --count master...origin/master [1ms]
[2022-10-02T21:33:29.725Z] > git remote --verbose [1ms]
[2022-10-02T21:33:29.725Z] > git for-each-ref --sort -committerdate --format %(refname) %(objectname) %(*objectname) [7ms]
[2022-10-02T21:33:29.736Z] > git config --get commit.template [1ms]
[2022-10-02T21:36:22.079Z] > git status -z -uall [1ms]
[2022-10-02T21:36:22.085Z] > git symbolic-ref --short HEAD [0ms]
[2022-10-02T21:36:22.092Z] > git for-each-ref --format=%(refname)%00%(upstream:short)%00%(objectname) refs/heads/master refs/remotes/master [0ms]
[2022-10-02T21:36:22.099Z] > git rev-list --left-right --count master...origin/master [1ms]
[2022-10-02T21:36:22.113Z] > git remote --verbose [1ms]
[2022-10-02T21:36:22.113Z] > git for-each-ref --sort -committerdate --format %(refname) %(objectname) %(*objectname) [8ms]
[2022-10-02T21:36:22.125Z] > git config --get commit.template [0ms]
[2022-10-02T21:36:27.138Z] > git status -z -uall [1ms]
[2022-10-02T21:36:27.144Z] > git symbolic-ref --short HEAD [0ms]
[2022-10-02T21:36:27.151Z] > git for-each-ref --format=%(refname)%00%(upstream:short)%00%(objectname) refs/heads/master refs/remotes/master [1ms]
[2022-10-02T21:36:27.157Z] > git rev-list --left-right --count master...origin/master [1ms]
[2022-10-02T21:36:27.170Z] > git remote --verbose [1ms]
[2022-10-02T21:36:27.170Z] > git for-each-ref --sort -committerdate --format %(refname) %(objectname) %(*objectname) [7ms]
[2022-10-02T21:36:27.179Z] > git config --get commit.template [0ms]
[2022-10-02T21:36:32.193Z] > git status -z -uall [1ms]
[2022-10-02T21:36:32.203Z] > git symbolic-ref --short HEAD [3ms]
[2022-10-02T21:36:32.213Z] > git for-each-ref --format=%(refname)%00%(upstream:short)%00%(objectname) refs/heads/master refs/remotes/master [1ms]
[2022-10-02T21:36:32.222Z] > git rev-list --left-right --count master...origin/master [1ms]
[2022-10-02T21:36:32.240Z] > git remote --verbose [1ms]
[2022-10-02T21:36:32.240Z] > git for-each-ref --sort -committerdate --format %(refname) %(objectname) %(*objectname) [9ms]
[2022-10-02T21:36:32.253Z] > git config --get commit.template [1ms]
[2022-10-02T21:36:37.272Z] > git status -z -uall [3ms]
[2022-10-02T21:36:37.280Z] > git symbolic-ref --short HEAD [0ms]
[2022-10-02T21:36:37.289Z] > git for-each-ref --format=%(refname)%00%(upstream:short)%00%(objectname) refs/heads/master refs/remotes/master [0ms]
[2022-10-02T21:36:37.298Z] > git rev-list --left-right --count master...origin/master [1ms]
[2022-10-02T21:36:37.318Z] > git remote --verbose [2ms]
[2022-10-02T21:36:37.318Z] > git for-each-ref --sort -committerdate --format %(refname) %(objectname) %(*objectname) [11ms]
[2022-10-02T21:36:37.331Z] > git config --get commit.template [0ms]
[2022-10-02T21:36:42.345Z] > git status -z -uall [1ms]
[2022-10-02T21:36:42.352Z] > git symbolic-ref --short HEAD [1ms]
[2022-10-02T21:36:42.360Z] > git for-each-ref --format=%(refname)%00%(upstream:short)%00%(objectname) refs/heads/master refs/remotes/master [1ms]
[2022-10-02T21:36:42.366Z] > git rev-list --left-right --count master...origin/master [0ms]
[2022-10-02T21:36:42.378Z] > git remote --verbose [1ms]
[2022-10-02T21:36:42.378Z] > git for-each-ref --sort -committerdate --format %(refname) %(objectname) %(*objectname) [6ms]
[2022-10-02T21:36:42.389Z] > git config --get commit.template [1ms]
[2022-10-02T21:36:47.402Z] > git status -z -uall [1ms]
[2022-10-02T21:36:47.409Z] > git symbolic-ref --short HEAD [0ms]
[2022-10-02T21:36:47.416Z] > git for-each-ref --format=%(refname)%00%(upstream:short)%00%(objectname) refs/heads/master refs/remotes/master [1ms]
[2022-10-02T21:36:47.423Z] > git rev-list --left-right --count master...origin/master [1ms]
[2022-10-02T21:36:47.435Z] > git remote --verbose [1ms]
[2022-10-02T21:36:47.435Z] > git for-each-ref --sort -committerdate --format %(refname) %(objectname) %(*objectname) [6ms]
[2022-10-02T21:36:47.447Z] > git config --get commit.template [1ms]
[2022-10-02T21:36:52.460Z] > git status -z -uall [0ms]
[2022-10-02T21:36:52.467Z] > git symbolic-ref --short HEAD [1ms]
[2022-10-02T21:36:52.474Z] > git for-each-ref --format=%(refname)%00%(upstream:short)%00%(objectname) refs/heads/master refs/remotes/master [1ms]
[2022-10-02T21:36:52.481Z] > git rev-list --left-right --count master...origin/master [1ms]
[2022-10-02T21:36:52.494Z] > git remote --verbose [0ms]
[2022-10-02T21:36:52.495Z] > git for-each-ref --sort -committerdate --format %(refname) %(objectname) %(*objectname) [7ms]
[2022-10-02T21:36:52.505Z] > git config --get commit.template [0ms]
[2022-10-02T21:38:30.516Z] > git status -z -uall [1ms]
[2022-10-02T21:38:30.524Z] > git symbolic-ref --short HEAD [1ms]
[2022-10-02T21:38:30.531Z] > git for-each-ref --format=%(refname)%00%(upstream:short)%00%(objectname) refs/heads/master refs/remotes/master [0ms]
[2022-10-02T21:38:30.538Z] > git rev-list --left-right --count master...origin/master [1ms]
[2022-10-02T21:38:30.550Z] > git remote --verbose [1ms]
[2022-10-02T21:38:30.550Z] > git for-each-ref --sort -committerdate --format %(refname) %(objectname) %(*objectname) [6ms]
[2022-10-02T21:38:30.561Z] > git config --get commit.template [0ms]
[2022-10-02T21:38:35.575Z] > git status -z -uall [0ms]
[2022-10-02T21:38:35.583Z] > git symbolic-ref --short HEAD [1ms]
[2022-10-02T21:38:35.590Z] > git for-each-ref --format=%(refname)%00%(upstream:short)%00%(objectname) refs/heads/master refs/remotes/master [1ms]
[2022-10-02T21:38:35.597Z] > git rev-list --left-right --count master...origin/master [0ms]
[2022-10-02T21:38:35.611Z] > git remote --verbose [1ms]
[2022-10-02T21:38:35.611Z] > git for-each-ref --sort -committerdate --format %(refname) %(objectname) %(*objectname) [7ms]
[2022-10-02T21:38:35.623Z] > git config --get commit.template [0ms]
[2022-10-02T21:38:40.636Z] > git status -z -uall [0ms]
[2022-10-02T21:38:40.643Z] > git symbolic-ref --short HEAD [1ms]
[2022-10-02T21:38:40.650Z] > git for-each-ref --format=%(refname)%00%(upstream:short)%00%(objectname) refs/heads/master refs/remotes/master [1ms]
[2022-10-02T21:38:40.656Z] > git rev-list --left-right --count master...origin/master [0ms]
[2022-10-02T21:38:40.669Z] > git remote --verbose [1ms]
[2022-10-02T21:38:40.669Z] > git for-each-ref --sort -committerdate --format %(refname) %(objectname) %(*objectname) [7ms]
[2022-10-02T21:38:40.681Z] > git config --get commit.template [1ms]
[2022-10-02T21:40:07.467Z] > git status -z -uall [8ms]
[2022-10-02T21:40:07.476Z] > git symbolic-ref --short HEAD [0ms]
[2022-10-02T21:40:07.489Z] > git for-each-ref --format=%(refname)%00%(upstream:short)%00%(objectname) refs/heads/master refs/remotes/master [1ms]
[2022-10-02T21:40:07.499Z] > git rev-list --left-right --count master...origin/master [1ms]
[2022-10-02T21:40:07.516Z] > git remote --verbose [1ms]
[2022-10-02T21:40:07.517Z] > git for-each-ref --sort -committerdate --format %(refname) %(objectname) %(*objectname) [10ms]
[2022-10-02T21:40:07.532Z] > git config --get commit.template [1ms]
[2022-10-02T21:40:12.547Z] > git status -z -uall [1ms]
[2022-10-02T21:40:12.554Z] > git symbolic-ref --short HEAD [1ms]
[2022-10-02T21:40:12.562Z] > git for-each-ref --format=%(refname)%00%(upstream:short)%00%(objectname) refs/heads/master refs/remotes/master [1ms]
[2022-10-02T21:40:12.570Z] > git rev-list --left-right --count master...origin/master [0ms]
[2022-10-02T21:40:12.586Z] > git remote --verbose [1ms]
[2022-10-02T21:40:12.586Z] > git for-each-ref --sort -committerdate --format %(refname) %(objectname) %(*objectname) [7ms]
[2022-10-02T21:40:12.598Z] > git config --get commit.template [1ms]
[2022-10-02T21:40:17.612Z] > git status -z -uall [0ms]
[2022-10-02T21:40:17.620Z] > git symbolic-ref --short HEAD [1ms]
[2022-10-02T21:40:17.626Z] > git for-each-ref --format=%(refname)%00%(upstream:short)%00%(objectname) refs/heads/master refs/remotes/master [0ms]
[2022-10-02T21:40:17.633Z] > git rev-list --left-right --count master...origin/master [0ms]
[2022-10-02T21:40:17.646Z] > git remote --verbose [1ms]
[2022-10-02T21:40:17.646Z] > git for-each-ref --sort -committerdate --format %(refname) %(objectname) %(*objectname) [6ms]
[2022-10-02T21:40:17.656Z] > git config --get commit.template [1ms]
[2022-10-02T21:40:22.668Z] > git status -z -uall [1ms]
[2022-10-02T21:40:22.675Z] > git symbolic-ref --short HEAD [1ms]
[2022-10-02T21:40:22.682Z] > git for-each-ref --format=%(refname)%00%(upstream:short)%00%(objectname) refs/heads/master refs/remotes/master [1ms]
[2022-10-02T21:40:22.688Z] > git rev-list --left-right --count master...origin/master [0ms]
[2022-10-02T21:40:22.700Z] > git remote --verbose [1ms]
[2022-10-02T21:40:22.700Z] > git for-each-ref --sort -committerdate --format %(refname) %(objectname) %(*objectname) [6ms]
[2022-10-02T21:40:22.710Z] > git config --get commit.template [0ms]
[2022-10-02T21:40:27.727Z] > git status -z -uall [2ms]
[2022-10-02T21:40:27.735Z] > git symbolic-ref --short HEAD [1ms]
[2022-10-02T21:40:27.743Z] > git for-each-ref --format=%(refname)%00%(upstream:short)%00%(objectname) refs/heads/master refs/remotes/master [1ms]
[2022-10-02T21:40:27.751Z] > git rev-list --left-right --count master...origin/master [1ms]
[2022-10-02T21:40:27.768Z] > git remote --verbose [1ms]
[2022-10-02T21:40:27.768Z] > git for-each-ref --sort -committerdate --format %(refname) %(objectname) %(*objectname) [9ms]
[2022-10-02T21:40:27.782Z] > git config --get commit.template [0ms]
[2022-10-02T21:40:37.060Z] > git status -z -uall [0ms]
[2022-10-02T21:40:37.067Z] > git symbolic-ref --short HEAD [0ms]
[2022-10-02T21:40:37.074Z] > git for-each-ref --format=%(refname)%00%(upstream:short)%00%(objectname) refs/heads/master refs/remotes/master [0ms]
[2022-10-02T21:40:37.081Z] > git rev-list --left-right --count master...origin/master [0ms]
[2022-10-02T21:40:37.097Z] > git remote --verbose [1ms]
[2022-10-02T21:40:37.098Z] > git for-each-ref --sort -committerdate --format %(refname) %(objectname) %(*objectname) [8ms]
[2022-10-02T21:40:37.113Z] > git config --get commit.template [0ms]
[2022-10-02T21:41:28.613Z] > git status -z -uall [0ms]
[2022-10-02T21:41:28.622Z] > git symbolic-ref --short HEAD [1ms]
[2022-10-02T21:41:28.629Z] > git for-each-ref --format=%(refname)%00%(upstream:short)%00%(objectname) refs/heads/master refs/remotes/master [0ms]
[2022-10-02T21:41:28.636Z] > git rev-list --left-right --count master...origin/master [1ms]
[2022-10-02T21:41:28.650Z] > git remote --verbose [1ms]
[2022-10-02T21:41:28.650Z] > git for-each-ref --sort -committerdate --format %(refname) %(objectname) %(*objectname) [7ms]
[2022-10-02T21:41:28.660Z] > git config --get commit.template [0ms]
[2022-10-02T21:41:33.675Z] > git status -z -uall [1ms]
[2022-10-02T21:41:33.682Z] > git symbolic-ref --short HEAD [0ms]
[2022-10-02T21:41:33.690Z] > git for-each-ref --format=%(refname)%00%(upstream:short)%00%(objectname) refs/heads/master refs/remotes/master [0ms]
[2022-10-02T21:41:33.697Z] > git rev-list --left-right --count master...origin/master [0ms]
[2022-10-02T21:41:33.708Z] > git remote --verbose [0ms]
[2022-10-02T21:41:33.709Z] > git for-each-ref --sort -committerdate --format %(refname) %(objectname) %(*objectname) [6ms]
[2022-10-02T21:41:33.719Z] > git config --get commit.template [0ms]
[2022-10-02T21:41:38.733Z] > git status -z -uall [0ms]
[2022-10-02T21:41:38.741Z] > git symbolic-ref --short HEAD [0ms]
[2022-10-02T21:41:38.751Z] > git for-each-ref --format=%(refname)%00%(upstream:short)%00%(objectname) refs/heads/master refs/remotes/master [0ms]
[2022-10-02T21:41:38.761Z] > git rev-list --left-right --count master...origin/master [0ms]
[2022-10-02T21:41:38.780Z] > git remote --verbose [1ms]
[2022-10-02T21:41:38.780Z] > git for-each-ref --sort -committerdate --format %(refname) %(objectname) %(*objectname) [9ms]
[2022-10-02T21:41:38.795Z] > git config --get commit.template [2ms]
[2022-10-02T21:42:38.643Z] > git status -z -uall [1ms]
[2022-10-02T21:42:38.650Z] > git symbolic-ref --short HEAD [1ms]
[2022-10-02T21:42:38.656Z] > git for-each-ref --format=%(refname)%00%(upstream:short)%00%(objectname) refs/heads/master refs/remotes/master [1ms]
[2022-10-02T21:42:38.663Z] > git rev-list --left-right --count master...origin/master [1ms]
[2022-10-02T21:42:38.677Z] > git remote --verbose [1ms]
[2022-10-02T21:42:38.677Z] > git for-each-ref --sort -committerdate --format %(refname) %(objectname) %(*objectname) [7ms]
[2022-10-02T21:42:38.687Z] > git config --get commit.template [1ms]
[2022-10-02T21:42:43.707Z] > git status -z -uall [4ms]
[2022-10-02T21:42:43.716Z] > git symbolic-ref --short HEAD [1ms]
[2022-10-02T21:42:43.725Z] > git for-each-ref --format=%(refname)%00%(upstream:short)%00%(objectname) refs/heads/master refs/remotes/master [1ms]
[2022-10-02T21:42:43.733Z] > git rev-list --left-right --count master...origin/master [1ms]
[2022-10-02T21:42:43.746Z] > git remote --verbose [1ms]
[2022-10-02T21:42:43.747Z] > git for-each-ref --sort -committerdate --format %(refname) %(objectname) %(*objectname) [8ms]
[2022-10-02T21:42:43.759Z] > git config --get commit.template [0ms]
[2022-10-02T21:42:48.772Z] > git status -z -uall [0ms]
[2022-10-02T21:42:48.781Z] > git symbolic-ref --short HEAD [1ms]
[2022-10-02T21:42:48.787Z] > git for-each-ref --format=%(refname)%00%(upstream:short)%00%(objectname) refs/heads/master refs/remotes/master [0ms]
[2022-10-02T21:42:48.794Z] > git rev-list --left-right --count master...origin/master [1ms]
[2022-10-02T21:42:48.806Z] > git remote --verbose [0ms]
[2022-10-02T21:42:48.807Z] > git for-each-ref --sort -committerdate --format %(refname) %(objectname) %(*objectname) [7ms]
[2022-10-02T21:42:48.818Z] > git config --get commit.template [1ms]
[2022-10-02T21:42:53.832Z] > git status -z -uall [1ms]
[2022-10-02T21:42:53.839Z] > git symbolic-ref --short HEAD [1ms]
[2022-10-02T21:42:53.845Z] > git for-each-ref --format=%(refname)%00%(upstream:short)%00%(objectname) refs/heads/master refs/remotes/master [0ms]
[2022-10-02T21:42:53.853Z] > git rev-list --left-right --count master...origin/master [1ms]
[2022-10-02T21:42:53.867Z] > git remote --verbose [1ms]
[2022-10-02T21:42:53.867Z] > git for-each-ref --sort -committerdate --format %(refname) %(objectname) %(*objectname) [8ms]
[2022-10-02T21:42:53.884Z] > git config --get commit.template [1ms]
