[2022-11-09T03:49:17.695Z] Log level: Info
[2022-11-09T03:49:17.710Z] [info] Validating found git in: git
[2022-11-09T03:49:17.789Z] [info] Using git 1.8.3.1 from git
[2022-11-09T03:49:17.950Z] > git rev-parse --show-toplevel [129ms]
[2022-11-09T03:49:17.965Z] > git rev-parse --git-dir --git-common-dir [1ms]
[2022-11-09T03:49:17.983Z] [info] Open repository: /root
[2022-11-09T03:49:18.049Z] > git status -z -uall [33ms]
[2022-11-09T03:49:18.059Z] > git symbolic-ref --short HEAD [1ms]
[2022-11-09T03:49:18.075Z] > git for-each-ref --format=%(refname)%00%(upstream:short)%00%(objectname) refs/heads/master refs/remotes/master [2ms]
[2022-11-09T03:49:18.106Z] > git rev-list --left-right --count master...origin/master [1ms]
[2022-11-09T03:49:18.142Z] > git remote --verbose [2ms]
[2022-11-09T03:49:18.143Z] > git for-each-ref --sort -committerdate --format %(refname) %(objectname) %(*objectname) [16ms]
[2022-11-09T03:49:18.416Z] > git config --get commit.template [2ms]
[2022-11-09T03:49:18.459Z] > git status -z -uall [1ms]
[2022-11-09T03:49:18.505Z] > git symbolic-ref --short HEAD [2ms]
[2022-11-09T03:49:18.529Z] > git for-each-ref --format=%(refname)%00%(upstream:short)%00%(objectname) refs/heads/master refs/remotes/master [1ms]
[2022-11-09T03:49:18.591Z] > git rev-list --left-right --count master...origin/master [38ms]
[2022-11-09T03:49:18.644Z] > git remote --verbose [2ms]
[2022-11-09T03:49:18.645Z] > git for-each-ref --sort -committerdate --format %(refname) %(objectname) %(*objectname) [24ms]
[2022-11-09T03:49:18.707Z] > git config --get commit.template [2ms]
[2022-11-09T03:49:19.126Z] > git show --textconv :db.sql [16ms]
[2022-11-09T03:49:19.126Z] > git ls-files --stage -- /root/db.sql [3ms]
[2022-11-09T03:49:19.138Z] > git cat-file -s 32056239f7bcf08209d4bfd1fb91b6f202ee062b [2ms]
[2022-11-09T03:49:19.534Z] > git check-ignore -v -z --stdin [4ms]
[2022-11-09T06:29:49.657Z] > git check-ignore -v -z --stdin [6ms]
[2022-11-09T07:02:40.665Z] > git show --textconv :server/server.js [47ms]
[2022-11-09T07:02:40.665Z] > git ls-files --stage -- /root/server/server.js [1ms]
[2022-11-09T07:02:40.700Z] > git cat-file -s 45392b4b64a215dd3c335cc95ea799758bddb401 [2ms]
[2022-11-09T07:02:41.294Z] > git check-ignore -v -z --stdin [14ms]
[2022-11-09T07:03:36.182Z] > git show --textconv :server/config.js [30ms]
[2022-11-09T07:03:36.184Z] > git ls-files --stage -- /root/server/config.js [21ms]
[2022-11-09T07:03:40.103Z] > git show --textconv :db.sql [13ms]
[2022-11-09T07:03:40.104Z] > git ls-files --stage -- /root/db.sql [2ms]
[2022-11-09T07:03:40.117Z] > git cat-file -s 32056239f7bcf08209d4bfd1fb91b6f202ee062b [3ms]
[2022-11-09T07:03:44.213Z] > git show --textconv :server/server.js [9ms]
[2022-11-09T07:03:44.213Z] > git ls-files --stage -- /root/server/server.js [1ms]
[2022-11-09T07:03:44.223Z] > git cat-file -s 45392b4b64a215dd3c335cc95ea799758bddb401 [1ms]
[2022-11-09T07:04:47.828Z] > git show --textconv :db.sql [11ms]
[2022-11-09T07:04:47.828Z] > git ls-files --stage -- /root/db.sql [1ms]
[2022-11-09T07:04:47.839Z] > git cat-file -s 32056239f7bcf08209d4bfd1fb91b6f202ee062b [2ms]
[2022-11-09T07:04:51.799Z] > git show --textconv :.gitignore [74ms]
[2022-11-09T07:04:51.799Z] > git ls-files --stage -- /root/.gitignore [1ms]
[2022-11-09T07:04:51.872Z] > git cat-file -s c1d65d54eb1bdffa7b0dfa221f542878aef7c9c0 [2ms]
[2022-11-09T07:04:52.490Z] > git show --textconv :server/config.js [9ms]
[2022-11-09T07:04:52.491Z] > git ls-files --stage -- /root/server/config.js [1ms]
[2022-11-09T07:04:53.703Z] > git show --textconv :server/my-function.js [66ms]
[2022-11-09T07:04:53.704Z] > git ls-files --stage -- /root/server/my-function.js [2ms]
[2022-11-09T07:04:53.732Z] > git cat-file -s ec59996f291e25dd5ed81122d82c954e1e292633 [3ms]
[2022-11-09T07:04:55.326Z] > git show --textconv :server/server.js [70ms]
[2022-11-09T07:04:55.326Z] > git ls-files --stage -- /root/server/server.js [2ms]
[2022-11-09T07:04:55.363Z] > git cat-file -s 45392b4b64a215dd3c335cc95ea799758bddb401 [1ms]
[2022-11-09T07:09:16.392Z] > git show --textconv :db.sql [11ms]
[2022-11-09T07:09:16.393Z] > git ls-files --stage -- /root/db.sql [1ms]
[2022-11-09T07:09:16.403Z] > git cat-file -s 32056239f7bcf08209d4bfd1fb91b6f202ee062b [2ms]
[2022-11-09T07:10:30.912Z] > git check-ignore -v -z --stdin [6ms]
[2022-11-09T07:10:53.762Z] > git check-ignore -v -z --stdin [8ms]
[2022-11-09T07:10:54.013Z] > git show --textconv :server/trialproject/public/index.html [32ms]
[2022-11-09T07:10:54.013Z] > git ls-files --stage -- /root/server/trialproject/public/index.html [2ms]
[2022-11-09T07:10:55.671Z] > git check-ignore -v -z --stdin [3ms]
[2022-11-09T07:10:57.929Z] > git show --textconv :db.sql [14ms]
[2022-11-09T07:10:57.929Z] > git ls-files --stage -- /root/db.sql [1ms]
[2022-11-09T07:10:57.941Z] > git cat-file -s 32056239f7bcf08209d4bfd1fb91b6f202ee062b [2ms]
[2022-11-09T07:11:07.574Z] > git check-ignore -v -z --stdin [4ms]
[2022-11-09T07:11:11.757Z] > git show --textconv :server/trialproject/src/controllers/index.ts [15ms]
[2022-11-09T07:11:11.757Z] > git ls-files --stage -- /root/server/trialproject/src/controllers/index.ts [3ms]
[2022-11-09T07:11:13.393Z] > git show --textconv :db.sql [12ms]
[2022-11-09T07:11:13.393Z] > git ls-files --stage -- /root/db.sql [1ms]
[2022-11-09T07:11:13.407Z] > git cat-file -s 32056239f7bcf08209d4bfd1fb91b6f202ee062b [1ms]
