[Info  - 21:05:23.70] Starting TS Server
[Info  - 21:05:23.70] Using tsserver from: /root/.vscode-server/bin/e7f30e38c5a4efafeec8ad52861eb772a9ee4dfb/extensions/node_modules/typescript/lib/tsserver.js
[Info  - 21:05:23.72] <syntax> Forking...
[Info  - 21:05:23.115] <syntax> Starting...
[Info  - 21:05:23.116] <semantic> Forking...
[Info  - 21:05:23.149] <semantic> Starting...
[Error  - 21:51:48.303] TSServer exited. Code: null. Signal: SIGKILL
[Info  - 21:51:48.308] Starting TS Server
[Info  - 21:51:48.308] Using tsserver from: /root/.vscode-server/bin/e7f30e38c5a4efafeec8ad52861eb772a9ee4dfb/extensions/node_modules/typescript/lib/tsserver.js
[Info  - 21:51:48.310] <syntax> Forking...
[Info  - 21:51:48.322] <syntax> Starting...
[Info  - 21:51:48.323] <semantic> Forking...
[Info  - 21:51:48.330] <semantic> Starting...
[Error  - 22:18:06.164] TSServer exited. Code: null. Signal: SIGKILL
[Info  - 22:18:06.244] Starting TS Server
[Info  - 22:18:06.244] Using tsserver from: /root/.vscode-server/bin/e7f30e38c5a4efafeec8ad52861eb772a9ee4dfb/extensions/node_modules/typescript/lib/tsserver.js
[Info  - 22:18:06.245] <syntax> Forking...
[Info  - 22:18:06.274] <syntax> Starting...
[Info  - 22:18:06.275] <semantic> Forking...
[Info  - 22:18:06.287] <semantic> Starting...
[Error  - 23:17:54.907] TSServer exited. Code: null. Signal: SIGKILL
[Info  - 23:17:54.911] Starting TS Server
[Info  - 23:17:54.911] Using tsserver from: /root/.vscode-server/bin/e7f30e38c5a4efafeec8ad52861eb772a9ee4dfb/extensions/node_modules/typescript/lib/tsserver.js
[Info  - 23:17:54.911] <syntax> Forking...
[Info  - 23:17:54.932] <syntax> Starting...
[Info  - 23:17:54.933] <semantic> Forking...
[Info  - 23:17:54.942] <semantic> Starting...
